TpTrace Verbose: 0 : 18224, 1, 2023/01/08, 22:27:47.925, 19391720701909, datacollector.dll, Version: 17.4.0-release-20221019-01
TpTrace Information: 0 : 18224, 1, 2023/01/08, 22:27:47.934, 19391720796057, datacollector.dll, DataCollectorMain.Run: Starting data collector run with args: --port,60355,--parentprocessid,2060,--diag,C:\Users\Tarik\Documents\GitHub\vvs-zad1posljednji\WhiteBox\bin\Debug\net5.0\fine-code-coverage\coverage-tool-output\diagnostics.datacollector.23-01-08_22-27-47_68541_1.log,--tracelevel,4
TpTrace Information: 0 : 18224, 1, 2023/01/08, 22:27:47.934, 19391720798889, datacollector.dll, DataCollector: Monitoring parent process with id: '2060'
TpTrace Information: 0 : 18224, 1, 2023/01/08, 22:27:47.943, 19391720885898, datacollector.dll, Trying to connect to server on socket : 127.0.0.1:60355 
TpTrace Verbose: 0 : 18224, 1, 2023/01/08, 22:27:47.956, 19391721011047, datacollector.dll, SocketCommunicationManager : SetupClientAsync : Attempting to connect to the server.
TpTrace Information: 0 : 18224, 8, 2023/01/08, 22:27:47.970, 19391721158114, datacollector.dll, Connected to the server successfully 
TpTrace Information: 0 : 18224, 8, 2023/01/08, 22:27:47.970, 19391721159687, datacollector.dll, Using the buffer size of 16384 bytes
TpTrace Information: 0 : 18224, 1, 2023/01/08, 22:27:48.189, 19391723345371, datacollector.dll, DataCollector: Start Request Processing.
TpTrace Verbose: 0 : 18224, 1, 2023/01/08, 22:27:48.189, 19391723348208, datacollector.dll, SocketCommunicationManager.WaitForServerConnection took: 0 ms, with 90000 ms timeout, and finished with True.
TpTrace Information: 0 : 18224, 1, 2023/01/08, 22:27:48.190, 19391723351803, datacollector.dll, DataCollectionRequestHandler.ProcessRequests: Datacollector received message: (DataCollection.BeforeTestRunStart) -> {"MessageType":"DataCollection.BeforeTestRunStart","Payload":{"SettingsXml":"<RunSettings><RunConfiguration><ResultsDirectory>C:\\Users\\Tarik\\Documents\\GitHub\\vvs-zad1posljednji\\WhiteBox\\bin\\Debug\\net5.0\\fine-code-coverage\\coverage-tool-output</ResultsDirectory><TargetPlatform>X64</TargetPlatform><TargetFrameworkVersion>.NETCoreApp,Version=v5.0</TargetFrameworkVersion><DesignMode>False</DesignMode><CollectSourceInformation>False</CollectSourceInformation><TestAdaptersPaths>C:\\Program Files\\dotnet\\sdk\\7.0.100\\Extensions</TestAdaptersPaths></RunConfiguration><LoggerRunSettings><Loggers><Logger friendlyName=\"blame\" enabled=\"True\" /><Logger friendlyName=\"Console\" uri=\"logger://microsoft/TestPlatform/ConsoleLogger/v1\" assemblyQualifiedName=\"Microsoft.VisualStudio.TestPlatform.CommandLine.Internal.ConsoleLogger, vstest.console, Version=15.0.0.0, Culture=neutral, PublicKeyToken=b03f5f7f11d50a3a\" codeBase=\"C:\\Program Files\\dotnet\\sdk\\7.0.100\\vstest.console.dll\" enabled=\"True\" /></Loggers></LoggerRunSettings><DataCollectionRunSettings><DataCollectors><DataCollector friendlyName=\"blame\" enabled=\"True\"><Configuration><ResultsDirectory>C:\\Users\\Tarik\\Documents\\GitHub\\vvs-zad1posljednji\\WhiteBox\\bin\\Debug\\net5.0\\fine-code-coverage\\coverage-tool-output</ResultsDirectory></Configuration></DataCollector></DataCollectors></DataCollectionRunSettings></RunSettings>","Sources":["C:\\Users\\Tarik\\Documents\\GitHub\\vvs-zad1posljednji\\WhiteBox\\bin\\Debug\\net5.0\\fine-code-coverage\\build-output\\WhiteBox.dll"],"IsTelemetryOptedIn":false}}
TpTrace Verbose: 0 : 18224, 1, 2023/01/08, 22:27:48.256, 19391724017681, datacollector.dll, TestPluginCache: Update extensions started. Skip filter = False
TpTrace Verbose: 0 : 18224, 1, 2023/01/08, 22:27:48.257, 19391724027804, datacollector.dll, TestPluginCache: Using directories for assembly resolution 'C:\Program Files\dotnet\sdk\7.0.100\Extensions'.
TpTrace Verbose: 0 : 18224, 1, 2023/01/08, 22:27:48.257, 19391724028803, datacollector.dll, TestPluginCache: Updated the available extensions to 'C:\Program Files\dotnet\sdk\7.0.100\Extensions\Microsoft.TestPlatform.Extensions.BlameDataCollector.dll,C:\Program Files\dotnet\sdk\7.0.100\Extensions\Microsoft.TestPlatform.Extensions.EventLogCollector.dll'.
TpTrace Verbose: 0 : 18224, 1, 2023/01/08, 22:27:48.268, 19391724137460, datacollector.dll, TestPluginCache.DiscoverTestExtensions: finding test extensions in assemblies ends with: Collector.dll TPluginInfo: Microsoft.VisualStudio.TestPlatform.Common.DataCollector.DataCollectorConfig TExtension: Microsoft.VisualStudio.TestPlatform.ObjectModel.DataCollection.DataCollector
TpTrace Verbose: 0 : 18224, 1, 2023/01/08, 22:27:48.268, 19391724140119, datacollector.dll, TestPluginCache.GetExtensionPaths: Filtered extension paths: C:\Program Files\dotnet\sdk\7.0.100\Extensions\Microsoft.TestPlatform.Extensions.BlameDataCollector.dll
C:\Program Files\dotnet\sdk\7.0.100\Extensions\Microsoft.TestPlatform.Extensions.EventLogCollector.dll
TpTrace Verbose: 0 : 18224, 1, 2023/01/08, 22:27:48.268, 19391724140684, datacollector.dll, TestPluginCache.GetExtensionPaths: Added default extension paths: 
TpTrace Verbose: 0 : 18224, 1, 2023/01/08, 22:27:48.269, 19391724141047, datacollector.dll, TestPluginCache.GetExtensionPaths: Added unfilterableExtensionPaths: 
TpTrace Information: 0 : 18224, 1, 2023/01/08, 22:27:48.270, 19391724157047, datacollector.dll, AssemblyResolver.ctor: Creating AssemblyResolver with searchDirectories C:\Program Files\dotnet\sdk\7.0.100\Extensions,C:\Program Files\dotnet\sdk\7.0.100
TpTrace Verbose: 0 : 18224, 1, 2023/01/08, 22:27:48.272, 19391724179622, datacollector.dll, TestPluginCache.DiscoverTestExtensions: Discovering the extensions using extension path.
TpTrace Verbose: 0 : 18224, 1, 2023/01/08, 22:27:48.273, 19391724182511, datacollector.dll, TestPluginCache.GetExtensionPaths: Filtered extension paths: C:\Program Files\dotnet\sdk\7.0.100\Extensions\Microsoft.TestPlatform.Extensions.BlameDataCollector.dll
C:\Program Files\dotnet\sdk\7.0.100\Extensions\Microsoft.TestPlatform.Extensions.EventLogCollector.dll
TpTrace Verbose: 0 : 18224, 1, 2023/01/08, 22:27:48.273, 19391724183240, datacollector.dll, TestPluginCache.GetExtensionPaths: Added default extension paths: 
TpTrace Verbose: 0 : 18224, 1, 2023/01/08, 22:27:48.273, 19391724183555, datacollector.dll, TestPluginCache.GetExtensionPaths: Added unfilterableExtensionPaths: 
TpTrace Verbose: 0 : 18224, 1, 2023/01/08, 22:27:48.273, 19391724184151, datacollector.dll, TestPluginCache.DiscoverTestExtensions: Discovering the extensions using allExtensionPaths: C:\Program Files\dotnet\sdk\7.0.100\Extensions\Microsoft.TestPlatform.Extensions.BlameDataCollector.dll
C:\Program Files\dotnet\sdk\7.0.100\Extensions\Microsoft.TestPlatform.Extensions.EventLogCollector.dll
TpTrace Information: 0 : 18224, 1, 2023/01/08, 22:27:48.273, 19391724185355, datacollector.dll, AssemblyResolver.AddSearchDirectories: Adding more searchDirectories C:\Program Files\dotnet\sdk\7.0.100\Extensions,C:\Program Files\dotnet\sdk\7.0.100
TpTrace Information: 0 : 18224, 1, 2023/01/08, 22:27:48.273, 19391724186004, datacollector.dll, AssemblyResolver.AddSearchDirectories: Adding more searchDirectories C:\Program Files\dotnet\sdk\7.0.100\Extensions,C:\Program Files\dotnet\sdk\7.0.100
TpTrace Information: 0 : 18224, 1, 2023/01/08, 22:27:48.274, 19391724191186, datacollector.dll, AssemblyResolver.OnResolve: Microsoft.TestPlatform.Extensions.BlameDataCollector: Resolving assembly.
TpTrace Information: 0 : 18224, 1, 2023/01/08, 22:27:48.274, 19391724192099, datacollector.dll, AssemblyResolver.OnResolve: Microsoft.TestPlatform.Extensions.BlameDataCollector: Searching in: 'C:\Program Files\dotnet\sdk\7.0.100\Extensions'.
TpTrace Information: 0 : 18224, 1, 2023/01/08, 22:27:48.292, 19391724375653, datacollector.dll, AssemblyResolver.OnResolve: Microsoft.TestPlatform.Extensions.BlameDataCollector: Loading assembly 'C:\Program Files\dotnet\sdk\7.0.100\Extensions\Microsoft.TestPlatform.Extensions.BlameDataCollector.dll'.
TpTrace Information: 0 : 18224, 1, 2023/01/08, 22:27:48.295, 19391724400945, datacollector.dll, AssemblyResolver.OnResolve: Resolved assembly: Microsoft.TestPlatform.Extensions.BlameDataCollector, from path: C:\Program Files\dotnet\sdk\7.0.100\Extensions\Microsoft.TestPlatform.Extensions.BlameDataCollector.dll
TpTrace Verbose: 0 : 18224, 1, 2023/01/08, 22:27:48.297, 19391724422919, datacollector.dll, MetadataReaderExtensionsHelper: Discovering extensions inside assembly 'Microsoft.TestPlatform.Extensions.BlameDataCollector, Version=15.0.0.0, Culture=neutral, PublicKeyToken=b03f5f7f11d50a3a' file path 'C:\Program Files\dotnet\sdk\7.0.100\Extensions\Microsoft.TestPlatform.Extensions.BlameDataCollector.dll'
TpTrace Error: 0 : 18224, 1, 2023/01/08, 22:27:48.303, 19391724490603, datacollector.dll, The type "Microsoft.TestPlatform.Extensions.BlameDataCollector.BlameCollector" defined in "Microsoft.TestPlatform.Extensions.BlameDataCollector.dll" does not have ExtensionUri attribute.
TpTrace Information: 0 : 18224, 1, 2023/01/08, 22:27:48.305, 19391724506395, datacollector.dll, GetTestExtensionFromType: Register extension with identifier data 'datacollector://microsoft/TestPlatform/Extensions/Blame/v1' and type 'Microsoft.TestPlatform.Extensions.BlameDataCollector.BlameCollector, Microsoft.TestPlatform.Extensions.BlameDataCollector, Version=15.0.0.0, Culture=neutral, PublicKeyToken=b03f5f7f11d50a3a' inside file 'C:\Program Files\dotnet\sdk\7.0.100\Extensions\Microsoft.TestPlatform.Extensions.BlameDataCollector.dll'
TpTrace Information: 0 : 18224, 1, 2023/01/08, 22:27:48.305, 19391724508557, datacollector.dll, AssemblyResolver.OnResolve: Microsoft.TestPlatform.Extensions.EventLogCollector: Resolving assembly.
TpTrace Information: 0 : 18224, 1, 2023/01/08, 22:27:48.305, 19391724508983, datacollector.dll, AssemblyResolver.OnResolve: Microsoft.TestPlatform.Extensions.EventLogCollector: Searching in: 'C:\Program Files\dotnet\sdk\7.0.100\Extensions'.
TpTrace Information: 0 : 18224, 1, 2023/01/08, 22:27:48.306, 19391724518670, datacollector.dll, AssemblyResolver.OnResolve: Microsoft.TestPlatform.Extensions.EventLogCollector: Loading assembly 'C:\Program Files\dotnet\sdk\7.0.100\Extensions\Microsoft.TestPlatform.Extensions.EventLogCollector.dll'.
TpTrace Information: 0 : 18224, 1, 2023/01/08, 22:27:48.307, 19391724529467, datacollector.dll, AssemblyResolver.OnResolve: Resolved assembly: Microsoft.TestPlatform.Extensions.EventLogCollector, from path: C:\Program Files\dotnet\sdk\7.0.100\Extensions\Microsoft.TestPlatform.Extensions.EventLogCollector.dll
TpTrace Verbose: 0 : 18224, 1, 2023/01/08, 22:27:48.308, 19391724531538, datacollector.dll, MetadataReaderExtensionsHelper: Discovering extensions inside assembly 'Microsoft.TestPlatform.Extensions.EventLogCollector, Version=15.0.0.0, Culture=neutral, PublicKeyToken=b03f5f7f11d50a3a' file path 'C:\Program Files\dotnet\sdk\7.0.100\Extensions\Microsoft.TestPlatform.Extensions.EventLogCollector.dll'
TpTrace Error: 0 : 18224, 1, 2023/01/08, 22:27:48.315, 19391724605333, datacollector.dll, The type "Microsoft.TestPlatform.Extensions.EventLogCollector.EventLogDataCollector" defined in "Microsoft.TestPlatform.Extensions.EventLogCollector.dll" does not have ExtensionUri attribute.
TpTrace Information: 0 : 18224, 1, 2023/01/08, 22:27:48.315, 19391724610074, datacollector.dll, GetTestExtensionFromType: Register extension with identifier data 'datacollector://microsoft/EventLog/2.0' and type 'Microsoft.TestPlatform.Extensions.EventLogCollector.EventLogDataCollector, Microsoft.TestPlatform.Extensions.EventLogCollector, Version=15.0.0.0, Culture=neutral, PublicKeyToken=b03f5f7f11d50a3a' inside file 'C:\Program Files\dotnet\sdk\7.0.100\Extensions\Microsoft.TestPlatform.Extensions.EventLogCollector.dll'
TpTrace Verbose: 0 : 18224, 1, 2023/01/08, 22:27:48.316, 19391724618132, datacollector.dll, TestPluginCache: Discovered the extensions using extension path 'C:\Program Files\dotnet\sdk\7.0.100\Extensions\Microsoft.TestPlatform.Extensions.BlameDataCollector.dll,C:\Program Files\dotnet\sdk\7.0.100\Extensions\Microsoft.TestPlatform.Extensions.EventLogCollector.dll'.
TpTrace Verbose: 0 : 18224, 1, 2023/01/08, 22:27:48.316, 19391724619939, datacollector.dll, TestPluginCache: Discoverers are ''.
TpTrace Verbose: 0 : 18224, 1, 2023/01/08, 22:27:48.316, 19391724620494, datacollector.dll, TestPluginCache: Executors are ''.
TpTrace Verbose: 0 : 18224, 1, 2023/01/08, 22:27:48.317, 19391724621152, datacollector.dll, TestPluginCache: Executors2 are ''.
TpTrace Verbose: 0 : 18224, 1, 2023/01/08, 22:27:48.317, 19391724621689, datacollector.dll, TestPluginCache: Setting providers are ''.
TpTrace Verbose: 0 : 18224, 1, 2023/01/08, 22:27:48.317, 19391724622241, datacollector.dll, TestPluginCache: Loggers are ''.
TpTrace Verbose: 0 : 18224, 1, 2023/01/08, 22:27:48.317, 19391724622740, datacollector.dll, TestPluginCache: TestHosts are ''.
TpTrace Verbose: 0 : 18224, 1, 2023/01/08, 22:27:48.317, 19391724626399, datacollector.dll, TestPluginCache: DataCollectors are 'datacollector://microsoft/TestPlatform/Extensions/Blame/v1,datacollector://microsoft/EventLog/2.0'.
TpTrace Information: 0 : 18224, 1, 2023/01/08, 22:27:48.321, 19391724662801, datacollector.dll, TestPluginManager.CreateTestExtension: Attempting to load test extension: Microsoft.TestPlatform.Extensions.BlameDataCollector.BlameCollector
TpTrace Verbose: 0 : 18224, 1, 2023/01/08, 22:27:48.331, 19391724764576, datacollector.dll, MulticastDelegateUtilities.SafeInvoke: DataCollectionEvents.SessionStart: Invoking callbacks was skipped because there are no subscribers.
TpTrace Information: 0 : 18224, 1, 2023/01/08, 22:27:48.332, 19391724772196, datacollector.dll, Listening on Endpoint : 127.0.0.1:60357
TpTrace Information: 0 : 18224, 1, 2023/01/08, 22:27:48.353, 19391724981588, datacollector.dll, DataCollectionRequestHandler.ProcessRequests : DataCollection started.
TpTrace Information: 0 : 18224, 1, 2023/01/08, 22:27:48.396, 19391725418234, datacollector.dll, DataCollectionRequestHandler.ProcessRequests: Datacollector received message: (DataCollection.TestHostLaunched) -> {"MessageType":"DataCollection.TestHostLaunched","Payload":{"ProcessId":16704}}
TpTrace Verbose: 0 : 18224, 1, 2023/01/08, 22:27:48.400, 19391725458054, datacollector.dll, MulticastDelegateUtilities.SafeInvoke: DataCollectionEvents.TestHostLaunched: Invoking callback 1/1 for Microsoft.TestPlatform.Extensions.BlameDataCollector.BlameCollector., took 0 ms.
TpTrace Information: 0 : 18224, 6, 2023/01/08, 22:27:48.805, 19391729504084, datacollector.dll, Using the buffer size of 16384 bytes
TpTrace Verbose: 0 : 18224, 8, 2023/01/08, 22:27:48.805, 19391729504257, datacollector.dll, SocketCommunicationManager.WaitForClientConnection took: 467 ms, with 90000 ms timeout, and finished with True.
TpTrace Information: 0 : 18224, 6, 2023/01/08, 22:27:48.805, 19391729505923, datacollector.dll, Accepted Client request and set the flag
TpTrace Information: 0 : 18224, 8, 2023/01/08, 22:27:49.753, 19391738987144, datacollector.dll, DataCollectionTestCaseEventHandler: Test case starting.
TpTrace Information: 0 : 18224, 8, 2023/01/08, 22:27:49.846, 19391739915717, datacollector.dll, BlameCollector.EventsTestCaseStart: Test Case Start
TpTrace Verbose: 0 : 18224, 8, 2023/01/08, 22:27:49.846, 19391739918937, datacollector.dll, MulticastDelegateUtilities.SafeInvoke: DataCollectionEvents.TestCaseStart: Invoking callback 1/1 for Microsoft.TestPlatform.Extensions.BlameDataCollector.BlameCollector., took 0 ms.
TpTrace Information: 0 : 18224, 8, 2023/01/08, 22:27:49.847, 19391739921651, datacollector.dll, DataCollectionTestCaseEventHandler: Test case 'TestPut1 - a76fd3d7-91ea-3eb0-0d37-419def2fad52' started.
TpTrace Information: 0 : 18224, 8, 2023/01/08, 22:27:49.905, 19391740501290, datacollector.dll, DataCollectionTestCaseEventHandler: Test case completing.
TpTrace Information: 0 : 18224, 8, 2023/01/08, 22:27:49.912, 19391740573305, datacollector.dll, BlameCollector.EventsTestCaseEnd: Test Case End
TpTrace Verbose: 0 : 18224, 8, 2023/01/08, 22:27:49.913, 19391740580976, datacollector.dll, MulticastDelegateUtilities.SafeInvoke: DataCollectionEvents.TestCaseEnd: Invoking callback 1/1 for Microsoft.TestPlatform.Extensions.BlameDataCollector.BlameCollector., took 0 ms.
TpTrace Information: 0 : 18224, 8, 2023/01/08, 22:27:49.920, 19391740658421, datacollector.dll, DataCollectionTestCaseEventHandler: Test case 'TestPut1 - a76fd3d7-91ea-3eb0-0d37-419def2fad52' completed
TpTrace Information: 0 : 18224, 8, 2023/01/08, 22:27:49.945, 19391740903588, datacollector.dll, DataCollectionTestCaseEventHandler: Test case starting.
TpTrace Information: 0 : 18224, 8, 2023/01/08, 22:27:49.948, 19391740935623, datacollector.dll, BlameCollector.EventsTestCaseStart: Test Case Start
TpTrace Verbose: 0 : 18224, 8, 2023/01/08, 22:27:49.948, 19391740937369, datacollector.dll, MulticastDelegateUtilities.SafeInvoke: DataCollectionEvents.TestCaseStart: Invoking callback 1/1 for Microsoft.TestPlatform.Extensions.BlameDataCollector.BlameCollector., took 0 ms.
TpTrace Information: 0 : 18224, 8, 2023/01/08, 22:27:49.948, 19391740940323, datacollector.dll, DataCollectionTestCaseEventHandler: Test case 'TestPut2 - 95677495-d7ea-15c4-0527-86599c71575a' started.
TpTrace Information: 0 : 18224, 8, 2023/01/08, 22:27:49.951, 19391740961941, datacollector.dll, DataCollectionTestCaseEventHandler: Test case completing.
TpTrace Information: 0 : 18224, 8, 2023/01/08, 22:27:49.952, 19391740977864, datacollector.dll, BlameCollector.EventsTestCaseEnd: Test Case End
TpTrace Verbose: 0 : 18224, 8, 2023/01/08, 22:27:49.952, 19391740979738, datacollector.dll, MulticastDelegateUtilities.SafeInvoke: DataCollectionEvents.TestCaseEnd: Invoking callback 1/1 for Microsoft.TestPlatform.Extensions.BlameDataCollector.BlameCollector., took 0 ms.
TpTrace Information: 0 : 18224, 8, 2023/01/08, 22:27:49.953, 19391740984064, datacollector.dll, DataCollectionTestCaseEventHandler: Test case 'TestPut2 - 95677495-d7ea-15c4-0527-86599c71575a' completed
TpTrace Information: 0 : 18224, 8, 2023/01/08, 22:27:49.954, 19391740996726, datacollector.dll, DataCollectionTestCaseEventHandler: Test case starting.
TpTrace Information: 0 : 18224, 8, 2023/01/08, 22:27:49.955, 19391741010204, datacollector.dll, BlameCollector.EventsTestCaseStart: Test Case Start
TpTrace Verbose: 0 : 18224, 8, 2023/01/08, 22:27:49.956, 19391741011847, datacollector.dll, MulticastDelegateUtilities.SafeInvoke: DataCollectionEvents.TestCaseStart: Invoking callback 1/1 for Microsoft.TestPlatform.Extensions.BlameDataCollector.BlameCollector., took 0 ms.
TpTrace Information: 0 : 18224, 8, 2023/01/08, 22:27:49.956, 19391741014044, datacollector.dll, DataCollectionTestCaseEventHandler: Test case 'TestPut3 - 484ac8c0-e5cb-3be6-fa4e-c3ea767c427c' started.
TpTrace Information: 0 : 18224, 8, 2023/01/08, 22:27:49.957, 19391741029509, datacollector.dll, DataCollectionTestCaseEventHandler: Test case completing.
TpTrace Information: 0 : 18224, 8, 2023/01/08, 22:27:49.959, 19391741042936, datacollector.dll, BlameCollector.EventsTestCaseEnd: Test Case End
TpTrace Verbose: 0 : 18224, 8, 2023/01/08, 22:27:49.959, 19391741045018, datacollector.dll, MulticastDelegateUtilities.SafeInvoke: DataCollectionEvents.TestCaseEnd: Invoking callback 1/1 for Microsoft.TestPlatform.Extensions.BlameDataCollector.BlameCollector., took 0 ms.
TpTrace Information: 0 : 18224, 8, 2023/01/08, 22:27:49.959, 19391741047792, datacollector.dll, DataCollectionTestCaseEventHandler: Test case 'TestPut3 - 484ac8c0-e5cb-3be6-fa4e-c3ea767c427c' completed
TpTrace Information: 0 : 18224, 8, 2023/01/08, 22:27:49.961, 19391741062544, datacollector.dll, DataCollectionTestCaseEventHandler: Test case starting.
TpTrace Information: 0 : 18224, 8, 2023/01/08, 22:27:49.962, 19391741073102, datacollector.dll, BlameCollector.EventsTestCaseStart: Test Case Start
TpTrace Verbose: 0 : 18224, 8, 2023/01/08, 22:27:49.962, 19391741074680, datacollector.dll, MulticastDelegateUtilities.SafeInvoke: DataCollectionEvents.TestCaseStart: Invoking callback 1/1 for Microsoft.TestPlatform.Extensions.BlameDataCollector.BlameCollector., took 0 ms.
TpTrace Information: 0 : 18224, 8, 2023/01/08, 22:27:49.962, 19391741076710, datacollector.dll, DataCollectionTestCaseEventHandler: Test case 'TestPut4 - bad917c2-00c1-3ef4-a267-f9ffa359e655' started.
TpTrace Information: 0 : 18224, 8, 2023/01/08, 22:27:49.966, 19391741120185, datacollector.dll, DataCollectionTestCaseEventHandler: Test case completing.
TpTrace Information: 0 : 18224, 8, 2023/01/08, 22:27:49.968, 19391741131487, datacollector.dll, BlameCollector.EventsTestCaseEnd: Test Case End
TpTrace Verbose: 0 : 18224, 8, 2023/01/08, 22:27:49.968, 19391741132457, datacollector.dll, MulticastDelegateUtilities.SafeInvoke: DataCollectionEvents.TestCaseEnd: Invoking callback 1/1 for Microsoft.TestPlatform.Extensions.BlameDataCollector.BlameCollector., took 0 ms.
TpTrace Information: 0 : 18224, 8, 2023/01/08, 22:27:49.968, 19391741134052, datacollector.dll, DataCollectionTestCaseEventHandler: Test case 'TestPut4 - bad917c2-00c1-3ef4-a267-f9ffa359e655' completed
TpTrace Information: 0 : 18224, 8, 2023/01/08, 22:27:49.969, 19391741146134, datacollector.dll, DataCollectionTestCaseEventHandler: Test case starting.
TpTrace Information: 0 : 18224, 8, 2023/01/08, 22:27:49.970, 19391741158622, datacollector.dll, BlameCollector.EventsTestCaseStart: Test Case Start
TpTrace Verbose: 0 : 18224, 8, 2023/01/08, 22:27:49.970, 19391741160499, datacollector.dll, MulticastDelegateUtilities.SafeInvoke: DataCollectionEvents.TestCaseStart: Invoking callback 1/1 for Microsoft.TestPlatform.Extensions.BlameDataCollector.BlameCollector., took 0 ms.
TpTrace Information: 0 : 18224, 8, 2023/01/08, 22:27:49.971, 19391741162841, datacollector.dll, DataCollectionTestCaseEventHandler: Test case 'TestPut5 - 742d842c-98f9-b20c-92c5-74b9b9cb35a6' started.
TpTrace Information: 0 : 18224, 8, 2023/01/08, 22:27:49.972, 19391741177869, datacollector.dll, DataCollectionTestCaseEventHandler: Test case completing.
TpTrace Information: 0 : 18224, 8, 2023/01/08, 22:27:49.974, 19391741193280, datacollector.dll, BlameCollector.EventsTestCaseEnd: Test Case End
TpTrace Verbose: 0 : 18224, 8, 2023/01/08, 22:27:49.974, 19391741194804, datacollector.dll, MulticastDelegateUtilities.SafeInvoke: DataCollectionEvents.TestCaseEnd: Invoking callback 1/1 for Microsoft.TestPlatform.Extensions.BlameDataCollector.BlameCollector., took 0 ms.
TpTrace Information: 0 : 18224, 8, 2023/01/08, 22:27:49.974, 19391741197184, datacollector.dll, DataCollectionTestCaseEventHandler: Test case 'TestPut5 - 742d842c-98f9-b20c-92c5-74b9b9cb35a6' completed
TpTrace Information: 0 : 18224, 8, 2023/01/08, 22:27:49.976, 19391741211817, datacollector.dll, DataCollectionTestCaseEventHandler: Test case starting.
TpTrace Information: 0 : 18224, 8, 2023/01/08, 22:27:49.977, 19391741227840, datacollector.dll, BlameCollector.EventsTestCaseStart: Test Case Start
TpTrace Verbose: 0 : 18224, 8, 2023/01/08, 22:27:49.977, 19391741229589, datacollector.dll, MulticastDelegateUtilities.SafeInvoke: DataCollectionEvents.TestCaseStart: Invoking callback 1/1 for Microsoft.TestPlatform.Extensions.BlameDataCollector.BlameCollector., took 0 ms.
TpTrace Information: 0 : 18224, 8, 2023/01/08, 22:27:49.978, 19391741232767, datacollector.dll, DataCollectionTestCaseEventHandler: Test case 'TestPut6 - efcfc538-5792-5a63-f429-15720abe553a' started.
TpTrace Information: 0 : 18224, 8, 2023/01/08, 22:27:49.981, 19391741267617, datacollector.dll, DataCollectionTestCaseEventHandler: Test case completing.
TpTrace Information: 0 : 18224, 8, 2023/01/08, 22:27:49.982, 19391741279933, datacollector.dll, BlameCollector.EventsTestCaseEnd: Test Case End
TpTrace Verbose: 0 : 18224, 8, 2023/01/08, 22:27:49.983, 19391741281871, datacollector.dll, MulticastDelegateUtilities.SafeInvoke: DataCollectionEvents.TestCaseEnd: Invoking callback 1/1 for Microsoft.TestPlatform.Extensions.BlameDataCollector.BlameCollector., took 0 ms.
TpTrace Information: 0 : 18224, 8, 2023/01/08, 22:27:49.983, 19391741284122, datacollector.dll, DataCollectionTestCaseEventHandler: Test case 'TestPut6 - efcfc538-5792-5a63-f429-15720abe553a' completed
TpTrace Information: 0 : 18224, 8, 2023/01/08, 22:27:49.984, 19391741294200, datacollector.dll, DataCollectionTestCaseEventHandler: Test case starting.
TpTrace Information: 0 : 18224, 8, 2023/01/08, 22:27:49.985, 19391741308260, datacollector.dll, BlameCollector.EventsTestCaseStart: Test Case Start
TpTrace Verbose: 0 : 18224, 8, 2023/01/08, 22:27:49.985, 19391741309910, datacollector.dll, MulticastDelegateUtilities.SafeInvoke: DataCollectionEvents.TestCaseStart: Invoking callback 1/1 for Microsoft.TestPlatform.Extensions.BlameDataCollector.BlameCollector., took 0 ms.
TpTrace Information: 0 : 18224, 8, 2023/01/08, 22:27:49.986, 19391741311765, datacollector.dll, DataCollectionTestCaseEventHandler: Test case 'TestPut7 - d1dffd49-02f7-2678-efb1-6be2ddd387fc' started.
TpTrace Information: 0 : 18224, 8, 2023/01/08, 22:27:49.987, 19391741324418, datacollector.dll, DataCollectionTestCaseEventHandler: Test case completing.
TpTrace Information: 0 : 18224, 8, 2023/01/08, 22:27:49.988, 19391741336699, datacollector.dll, BlameCollector.EventsTestCaseEnd: Test Case End
TpTrace Verbose: 0 : 18224, 8, 2023/01/08, 22:27:49.988, 19391741339043, datacollector.dll, MulticastDelegateUtilities.SafeInvoke: DataCollectionEvents.TestCaseEnd: Invoking callback 1/1 for Microsoft.TestPlatform.Extensions.BlameDataCollector.BlameCollector., took 0 ms.
TpTrace Information: 0 : 18224, 8, 2023/01/08, 22:27:49.989, 19391741341415, datacollector.dll, DataCollectionTestCaseEventHandler: Test case 'TestPut7 - d1dffd49-02f7-2678-efb1-6be2ddd387fc' completed
TpTrace Information: 0 : 18224, 8, 2023/01/08, 22:27:49.990, 19391741353338, datacollector.dll, DataCollectionTestCaseEventHandler: Test case starting.
TpTrace Information: 0 : 18224, 8, 2023/01/08, 22:27:49.991, 19391741370386, datacollector.dll, BlameCollector.EventsTestCaseStart: Test Case Start
TpTrace Verbose: 0 : 18224, 8, 2023/01/08, 22:27:49.992, 19391741372332, datacollector.dll, MulticastDelegateUtilities.SafeInvoke: DataCollectionEvents.TestCaseStart: Invoking callback 1/1 for Microsoft.TestPlatform.Extensions.BlameDataCollector.BlameCollector., took 0 ms.
TpTrace Information: 0 : 18224, 8, 2023/01/08, 22:27:49.992, 19391741374204, datacollector.dll, DataCollectionTestCaseEventHandler: Test case 'TestPut8 - 9f761f09-e524-12e1-cc1f-5340739c547f' started.
TpTrace Information: 0 : 18224, 8, 2023/01/08, 22:27:49.993, 19391741390782, datacollector.dll, DataCollectionTestCaseEventHandler: Test case completing.
TpTrace Information: 0 : 18224, 8, 2023/01/08, 22:27:49.995, 19391741404805, datacollector.dll, BlameCollector.EventsTestCaseEnd: Test Case End
TpTrace Verbose: 0 : 18224, 8, 2023/01/08, 22:27:49.995, 19391741406222, datacollector.dll, MulticastDelegateUtilities.SafeInvoke: DataCollectionEvents.TestCaseEnd: Invoking callback 1/1 for Microsoft.TestPlatform.Extensions.BlameDataCollector.BlameCollector., took 0 ms.
TpTrace Information: 0 : 18224, 8, 2023/01/08, 22:27:49.995, 19391741407869, datacollector.dll, DataCollectionTestCaseEventHandler: Test case 'TestPut8 - 9f761f09-e524-12e1-cc1f-5340739c547f' completed
TpTrace Information: 0 : 18224, 8, 2023/01/08, 22:27:49.996, 19391741418916, datacollector.dll, DataCollectionTestCaseEventHandler: Test case starting.
TpTrace Information: 0 : 18224, 8, 2023/01/08, 22:27:49.997, 19391741429105, datacollector.dll, BlameCollector.EventsTestCaseStart: Test Case Start
TpTrace Verbose: 0 : 18224, 8, 2023/01/08, 22:27:49.997, 19391741429976, datacollector.dll, MulticastDelegateUtilities.SafeInvoke: DataCollectionEvents.TestCaseStart: Invoking callback 1/1 for Microsoft.TestPlatform.Extensions.BlameDataCollector.BlameCollector., took 0 ms.
TpTrace Information: 0 : 18224, 8, 2023/01/08, 22:27:49.998, 19391741431200, datacollector.dll, DataCollectionTestCaseEventHandler: Test case 'TestPut9 - 16fc0aa6-a9ce-a95a-8077-c9de2ec32b04' started.
TpTrace Information: 0 : 18224, 8, 2023/01/08, 22:27:49.999, 19391741447921, datacollector.dll, DataCollectionTestCaseEventHandler: Test case completing.
TpTrace Information: 0 : 18224, 8, 2023/01/08, 22:27:50.001, 19391741461891, datacollector.dll, BlameCollector.EventsTestCaseEnd: Test Case End
TpTrace Verbose: 0 : 18224, 8, 2023/01/08, 22:27:50.001, 19391741464266, datacollector.dll, MulticastDelegateUtilities.SafeInvoke: DataCollectionEvents.TestCaseEnd: Invoking callback 1/1 for Microsoft.TestPlatform.Extensions.BlameDataCollector.BlameCollector., took 0 ms.
TpTrace Information: 0 : 18224, 8, 2023/01/08, 22:27:50.001, 19391741466971, datacollector.dll, DataCollectionTestCaseEventHandler: Test case 'TestPut9 - 16fc0aa6-a9ce-a95a-8077-c9de2ec32b04' completed
TpTrace Information: 0 : 18224, 8, 2023/01/08, 22:27:50.052, 19391741977031, datacollector.dll, DataCollectionTestCaseEventHandler: Test case starting.
TpTrace Information: 0 : 18224, 8, 2023/01/08, 22:27:50.053, 19391741987819, datacollector.dll, BlameCollector.EventsTestCaseStart: Test Case Start
TpTrace Verbose: 0 : 18224, 8, 2023/01/08, 22:27:50.053, 19391741988985, datacollector.dll, MulticastDelegateUtilities.SafeInvoke: DataCollectionEvents.TestCaseStart: Invoking callback 1/1 for Microsoft.TestPlatform.Extensions.BlameDataCollector.BlameCollector., took 0 ms.
TpTrace Information: 0 : 18224, 8, 2023/01/08, 22:27:50.053, 19391741990622, datacollector.dll, DataCollectionTestCaseEventHandler: Test case 'TestPut10 - 922dac21-969d-aac1-ac34-dbf01c257e19' started.
TpTrace Information: 0 : 18224, 8, 2023/01/08, 22:27:50.056, 19391742012858, datacollector.dll, DataCollectionTestCaseEventHandler: Test case completing.
TpTrace Information: 0 : 18224, 8, 2023/01/08, 22:27:50.057, 19391742025558, datacollector.dll, BlameCollector.EventsTestCaseEnd: Test Case End
TpTrace Verbose: 0 : 18224, 8, 2023/01/08, 22:27:50.057, 19391742026935, datacollector.dll, MulticastDelegateUtilities.SafeInvoke: DataCollectionEvents.TestCaseEnd: Invoking callback 1/1 for Microsoft.TestPlatform.Extensions.BlameDataCollector.BlameCollector., took 0 ms.
TpTrace Information: 0 : 18224, 8, 2023/01/08, 22:27:50.057, 19391742029013, datacollector.dll, DataCollectionTestCaseEventHandler: Test case 'TestPut10 - 922dac21-969d-aac1-ac34-dbf01c257e19' completed
TpTrace Information: 0 : 18224, 8, 2023/01/08, 22:27:50.069, 19391742143174, datacollector.dll, DataCollectionTestCaseEventHandler: Test session ended
TpTrace Information: 0 : 18224, 1, 2023/01/08, 22:27:50.196, 19391743416729, datacollector.dll, DataCollectionRequestHandler.ProcessRequests: Datacollector received message: (DataCollection.AfterTestRunEnd) -> {"MessageType":"DataCollection.AfterTestRunEnd","Payload":false}
TpTrace Information: 0 : 18224, 1, 2023/01/08, 22:27:50.197, 19391743428087, datacollector.dll, Blame Collector: Session End
TpTrace Information: 0 : 18224, 1, 2023/01/08, 22:27:50.197, 19391743429268, datacollector.dll, BlameCollector.CollectDumpAndAbortTesthost: Custom path to dump directory was provided via VSTEST_DUMP_PATH. Skipping attachment upload, the caller is responsible for collecting and uploading the dumps themselves.
TpTrace Verbose: 0 : 18224, 1, 2023/01/08, 22:27:50.197, 19391743430156, datacollector.dll, MulticastDelegateUtilities.SafeInvoke: DataCollectionEvents.SessionEnd: Invoking callback 1/1 for Microsoft.TestPlatform.Extensions.BlameDataCollector.BlameCollector., took 0 ms.
TpTrace Information: 0 : 18224, 1, 2023/01/08, 22:27:50.198, 19391743439015, datacollector.dll, DataCollectionManager.CleanupPlugins: CleanupPlugins called
TpTrace Verbose: 0 : 18224, 1, 2023/01/08, 22:27:50.198, 19391743439993, datacollector.dll, DataCollectionManager.CleanupPlugins: Cleaning up 1 plugins
TpTrace Verbose: 0 : 18224, 1, 2023/01/08, 22:27:50.199, 19391743441508, datacollector.dll, dataCollectorInfo.DisposeDataCollector: calling Dispose() on Microsoft.TestPlatform.Extensions.BlameDataCollector.BlameCollector
TpTrace Information: 0 : 18224, 1, 2023/01/08, 22:27:50.199, 19391743442526, datacollector.dll, DataCollectionManager.CleanupPlugins: CleanupPlugins finished
TpTrace Information: 0 : 18224, 1, 2023/01/08, 22:27:50.206, 19391743516837, datacollector.dll, DataCollectionRequestHandler.ProcessRequests : Session End message received from server. Closing the connection.
TpTrace Information: 0 : 18224, 1, 2023/01/08, 22:27:50.207, 19391743523177, datacollector.dll, Closing the connection !
TpTrace Information: 0 : 18224, 1, 2023/01/08, 22:27:50.207, 19391743524739, datacollector.dll, DataCollectionRequestHandler.ProcessRequests : DataCollection completed
TpTrace Information: 0 : 18224, 1, 2023/01/08, 22:27:50.207, 19391743526165, datacollector.dll, Program.Main: exiting datacollector process.
