TpTrace Verbose: 0 : 23888, 1, 2023/01/08, 19:36:04.317, 5488770029194, datacollector.dll, Version: 17.4.0-release-20221019-01
TpTrace Information: 0 : 23888, 1, 2023/01/08, 19:36:04.322, 5488770076728, datacollector.dll, DataCollectorMain.Run: Starting data collector run with args: --port,55998,--parentprocessid,23032,--diag,C:\Users\bobici\Source\Repos\vvs-zad1azma2\WhiteBox\bin\Debug\net5.0\fine-code-coverage\coverage-tool-output\diagnostics.datacollector.23-01-08_19-36-04_19479_1.log,--tracelevel,4
TpTrace Information: 0 : 23888, 1, 2023/01/08, 19:36:04.322, 5488770078102, datacollector.dll, DataCollector: Monitoring parent process with id: '23032'
TpTrace Information: 0 : 23888, 1, 2023/01/08, 19:36:04.327, 5488770128786, datacollector.dll, Trying to connect to server on socket : 127.0.0.1:55998 
TpTrace Verbose: 0 : 23888, 1, 2023/01/08, 19:36:04.335, 5488770207186, datacollector.dll, SocketCommunicationManager : SetupClientAsync : Attempting to connect to the server.
TpTrace Information: 0 : 23888, 6, 2023/01/08, 19:36:04.342, 5488770280164, datacollector.dll, Connected to the server successfully 
TpTrace Information: 0 : 23888, 6, 2023/01/08, 19:36:04.342, 5488770280858, datacollector.dll, Using the buffer size of 16384 bytes
TpTrace Information: 0 : 23888, 1, 2023/01/08, 19:36:04.410, 5488770961231, datacollector.dll, DataCollector: Start Request Processing.
TpTrace Verbose: 0 : 23888, 1, 2023/01/08, 19:36:04.410, 5488770963043, datacollector.dll, SocketCommunicationManager.WaitForServerConnection took: 0 ms, with 90000 ms timeout, and finished with True.
TpTrace Information: 0 : 23888, 1, 2023/01/08, 19:36:04.410, 5488770965586, datacollector.dll, DataCollectionRequestHandler.ProcessRequests: Datacollector received message: (DataCollection.BeforeTestRunStart) -> {"MessageType":"DataCollection.BeforeTestRunStart","Payload":{"SettingsXml":"<RunSettings><RunConfiguration><ResultsDirectory>C:\\Users\\bobici\\Source\\Repos\\vvs-zad1azma2\\WhiteBox\\bin\\Debug\\net5.0\\fine-code-coverage\\coverage-tool-output</ResultsDirectory><TargetPlatform>X64</TargetPlatform><TargetFrameworkVersion>.NETCoreApp,Version=v5.0</TargetFrameworkVersion><DesignMode>False</DesignMode><CollectSourceInformation>False</CollectSourceInformation><TestAdaptersPaths>C:\\Program Files\\dotnet\\sdk\\7.0.101\\Extensions</TestAdaptersPaths></RunConfiguration><LoggerRunSettings><Loggers><Logger friendlyName=\"blame\" enabled=\"True\" /><Logger friendlyName=\"Console\" uri=\"logger://microsoft/TestPlatform/ConsoleLogger/v1\" assemblyQualifiedName=\"Microsoft.VisualStudio.TestPlatform.CommandLine.Internal.ConsoleLogger, vstest.console, Version=15.0.0.0, Culture=neutral, PublicKeyToken=b03f5f7f11d50a3a\" codeBase=\"C:\\Program Files\\dotnet\\sdk\\7.0.101\\vstest.console.dll\" enabled=\"True\" /></Loggers></LoggerRunSettings><DataCollectionRunSettings><DataCollectors><DataCollector friendlyName=\"blame\" enabled=\"True\"><Configuration><ResultsDirectory>C:\\Users\\bobici\\Source\\Repos\\vvs-zad1azma2\\WhiteBox\\bin\\Debug\\net5.0\\fine-code-coverage\\coverage-tool-output</ResultsDirectory></Configuration></DataCollector></DataCollectors></DataCollectionRunSettings></RunSettings>","Sources":["C:\\Users\\bobici\\Source\\Repos\\vvs-zad1azma2\\WhiteBox\\bin\\Debug\\net5.0\\fine-code-coverage\\build-output\\WhiteBox.dll"],"IsTelemetryOptedIn":false}}
TpTrace Verbose: 0 : 23888, 1, 2023/01/08, 19:36:04.457, 5488771426538, datacollector.dll, TestPluginCache: Update extensions started. Skip filter = False
TpTrace Verbose: 0 : 23888, 1, 2023/01/08, 19:36:04.457, 5488771435183, datacollector.dll, TestPluginCache: Using directories for assembly resolution 'C:\Program Files\dotnet\sdk\7.0.101\Extensions'.
TpTrace Verbose: 0 : 23888, 1, 2023/01/08, 19:36:04.458, 5488771436211, datacollector.dll, TestPluginCache: Updated the available extensions to 'C:\Program Files\dotnet\sdk\7.0.101\Extensions\Microsoft.TestPlatform.Extensions.BlameDataCollector.dll,C:\Program Files\dotnet\sdk\7.0.101\Extensions\Microsoft.TestPlatform.Extensions.EventLogCollector.dll'.
TpTrace Verbose: 0 : 23888, 1, 2023/01/08, 19:36:04.520, 5488772058413, datacollector.dll, TestPluginCache.DiscoverTestExtensions: finding test extensions in assemblies ends with: Collector.dll TPluginInfo: Microsoft.VisualStudio.TestPlatform.Common.DataCollector.DataCollectorConfig TExtension: Microsoft.VisualStudio.TestPlatform.ObjectModel.DataCollection.DataCollector
TpTrace Verbose: 0 : 23888, 1, 2023/01/08, 19:36:04.520, 5488772060562, datacollector.dll, TestPluginCache.GetExtensionPaths: Filtered extension paths: C:\Program Files\dotnet\sdk\7.0.101\Extensions\Microsoft.TestPlatform.Extensions.BlameDataCollector.dll
C:\Program Files\dotnet\sdk\7.0.101\Extensions\Microsoft.TestPlatform.Extensions.EventLogCollector.dll
TpTrace Verbose: 0 : 23888, 1, 2023/01/08, 19:36:04.520, 5488772061238, datacollector.dll, TestPluginCache.GetExtensionPaths: Added default extension paths: 
TpTrace Verbose: 0 : 23888, 1, 2023/01/08, 19:36:04.520, 5488772061799, datacollector.dll, TestPluginCache.GetExtensionPaths: Added unfilterableExtensionPaths: 
TpTrace Information: 0 : 23888, 1, 2023/01/08, 19:36:04.521, 5488772068644, datacollector.dll, AssemblyResolver.ctor: Creating AssemblyResolver with searchDirectories C:\Program Files\dotnet\sdk\7.0.101\Extensions,C:\Program Files\dotnet\sdk\7.0.101
TpTrace Verbose: 0 : 23888, 1, 2023/01/08, 19:36:04.522, 5488772081111, datacollector.dll, TestPluginCache.DiscoverTestExtensions: Discovering the extensions using extension path.
TpTrace Verbose: 0 : 23888, 1, 2023/01/08, 19:36:04.522, 5488772083062, datacollector.dll, TestPluginCache.GetExtensionPaths: Filtered extension paths: C:\Program Files\dotnet\sdk\7.0.101\Extensions\Microsoft.TestPlatform.Extensions.BlameDataCollector.dll
C:\Program Files\dotnet\sdk\7.0.101\Extensions\Microsoft.TestPlatform.Extensions.EventLogCollector.dll
TpTrace Verbose: 0 : 23888, 1, 2023/01/08, 19:36:04.522, 5488772083703, datacollector.dll, TestPluginCache.GetExtensionPaths: Added default extension paths: 
TpTrace Verbose: 0 : 23888, 1, 2023/01/08, 19:36:04.522, 5488772084271, datacollector.dll, TestPluginCache.GetExtensionPaths: Added unfilterableExtensionPaths: 
TpTrace Verbose: 0 : 23888, 1, 2023/01/08, 19:36:04.522, 5488772084899, datacollector.dll, TestPluginCache.DiscoverTestExtensions: Discovering the extensions using allExtensionPaths: C:\Program Files\dotnet\sdk\7.0.101\Extensions\Microsoft.TestPlatform.Extensions.BlameDataCollector.dll
C:\Program Files\dotnet\sdk\7.0.101\Extensions\Microsoft.TestPlatform.Extensions.EventLogCollector.dll
TpTrace Information: 0 : 23888, 1, 2023/01/08, 19:36:04.522, 5488772085999, datacollector.dll, AssemblyResolver.AddSearchDirectories: Adding more searchDirectories C:\Program Files\dotnet\sdk\7.0.101\Extensions,C:\Program Files\dotnet\sdk\7.0.101
TpTrace Information: 0 : 23888, 1, 2023/01/08, 19:36:04.523, 5488772086771, datacollector.dll, AssemblyResolver.AddSearchDirectories: Adding more searchDirectories C:\Program Files\dotnet\sdk\7.0.101\Extensions,C:\Program Files\dotnet\sdk\7.0.101
TpTrace Information: 0 : 23888, 1, 2023/01/08, 19:36:04.523, 5488772091597, datacollector.dll, AssemblyResolver.OnResolve: Microsoft.TestPlatform.Extensions.BlameDataCollector: Resolving assembly.
TpTrace Information: 0 : 23888, 1, 2023/01/08, 19:36:04.523, 5488772092321, datacollector.dll, AssemblyResolver.OnResolve: Microsoft.TestPlatform.Extensions.BlameDataCollector: Searching in: 'C:\Program Files\dotnet\sdk\7.0.101\Extensions'.
TpTrace Information: 0 : 23888, 1, 2023/01/08, 19:36:04.531, 5488772174815, datacollector.dll, AssemblyResolver.OnResolve: Microsoft.TestPlatform.Extensions.BlameDataCollector: Loading assembly 'C:\Program Files\dotnet\sdk\7.0.101\Extensions\Microsoft.TestPlatform.Extensions.BlameDataCollector.dll'.
TpTrace Information: 0 : 23888, 1, 2023/01/08, 19:36:04.532, 5488772182510, datacollector.dll, AssemblyResolver.OnResolve: Resolved assembly: Microsoft.TestPlatform.Extensions.BlameDataCollector, from path: C:\Program Files\dotnet\sdk\7.0.101\Extensions\Microsoft.TestPlatform.Extensions.BlameDataCollector.dll
TpTrace Verbose: 0 : 23888, 1, 2023/01/08, 19:36:04.533, 5488772194543, datacollector.dll, MetadataReaderExtensionsHelper: Discovering extensions inside assembly 'Microsoft.TestPlatform.Extensions.BlameDataCollector, Version=15.0.0.0, Culture=neutral, PublicKeyToken=b03f5f7f11d50a3a' file path 'C:\Program Files\dotnet\sdk\7.0.101\Extensions\Microsoft.TestPlatform.Extensions.BlameDataCollector.dll'
TpTrace Error: 0 : 23888, 1, 2023/01/08, 19:36:04.537, 5488772227093, datacollector.dll, The type "Microsoft.TestPlatform.Extensions.BlameDataCollector.BlameCollector" defined in "Microsoft.TestPlatform.Extensions.BlameDataCollector.dll" does not have ExtensionUri attribute.
TpTrace Information: 0 : 23888, 1, 2023/01/08, 19:36:04.538, 5488772238279, datacollector.dll, GetTestExtensionFromType: Register extension with identifier data 'datacollector://microsoft/TestPlatform/Extensions/Blame/v1' and type 'Microsoft.TestPlatform.Extensions.BlameDataCollector.BlameCollector, Microsoft.TestPlatform.Extensions.BlameDataCollector, Version=15.0.0.0, Culture=neutral, PublicKeyToken=b03f5f7f11d50a3a' inside file 'C:\Program Files\dotnet\sdk\7.0.101\Extensions\Microsoft.TestPlatform.Extensions.BlameDataCollector.dll'
TpTrace Information: 0 : 23888, 1, 2023/01/08, 19:36:04.538, 5488772239552, datacollector.dll, AssemblyResolver.OnResolve: Microsoft.TestPlatform.Extensions.EventLogCollector: Resolving assembly.
TpTrace Information: 0 : 23888, 1, 2023/01/08, 19:36:04.538, 5488772240057, datacollector.dll, AssemblyResolver.OnResolve: Microsoft.TestPlatform.Extensions.EventLogCollector: Searching in: 'C:\Program Files\dotnet\sdk\7.0.101\Extensions'.
TpTrace Information: 0 : 23888, 1, 2023/01/08, 19:36:04.539, 5488772246369, datacollector.dll, AssemblyResolver.OnResolve: Microsoft.TestPlatform.Extensions.EventLogCollector: Loading assembly 'C:\Program Files\dotnet\sdk\7.0.101\Extensions\Microsoft.TestPlatform.Extensions.EventLogCollector.dll'.
TpTrace Information: 0 : 23888, 1, 2023/01/08, 19:36:04.539, 5488772252959, datacollector.dll, AssemblyResolver.OnResolve: Resolved assembly: Microsoft.TestPlatform.Extensions.EventLogCollector, from path: C:\Program Files\dotnet\sdk\7.0.101\Extensions\Microsoft.TestPlatform.Extensions.EventLogCollector.dll
TpTrace Verbose: 0 : 23888, 1, 2023/01/08, 19:36:04.539, 5488772253942, datacollector.dll, MetadataReaderExtensionsHelper: Discovering extensions inside assembly 'Microsoft.TestPlatform.Extensions.EventLogCollector, Version=15.0.0.0, Culture=neutral, PublicKeyToken=b03f5f7f11d50a3a' file path 'C:\Program Files\dotnet\sdk\7.0.101\Extensions\Microsoft.TestPlatform.Extensions.EventLogCollector.dll'
TpTrace Error: 0 : 23888, 1, 2023/01/08, 19:36:04.542, 5488772285019, datacollector.dll, The type "Microsoft.TestPlatform.Extensions.EventLogCollector.EventLogDataCollector" defined in "Microsoft.TestPlatform.Extensions.EventLogCollector.dll" does not have ExtensionUri attribute.
TpTrace Information: 0 : 23888, 1, 2023/01/08, 19:36:04.543, 5488772286513, datacollector.dll, GetTestExtensionFromType: Register extension with identifier data 'datacollector://microsoft/EventLog/2.0' and type 'Microsoft.TestPlatform.Extensions.EventLogCollector.EventLogDataCollector, Microsoft.TestPlatform.Extensions.EventLogCollector, Version=15.0.0.0, Culture=neutral, PublicKeyToken=b03f5f7f11d50a3a' inside file 'C:\Program Files\dotnet\sdk\7.0.101\Extensions\Microsoft.TestPlatform.Extensions.EventLogCollector.dll'
TpTrace Verbose: 0 : 23888, 1, 2023/01/08, 19:36:04.543, 5488772288905, datacollector.dll, TestPluginCache: Discovered the extensions using extension path 'C:\Program Files\dotnet\sdk\7.0.101\Extensions\Microsoft.TestPlatform.Extensions.BlameDataCollector.dll,C:\Program Files\dotnet\sdk\7.0.101\Extensions\Microsoft.TestPlatform.Extensions.EventLogCollector.dll'.
TpTrace Verbose: 0 : 23888, 1, 2023/01/08, 19:36:04.543, 5488772289343, datacollector.dll, TestPluginCache: Discoverers are ''.
TpTrace Verbose: 0 : 23888, 1, 2023/01/08, 19:36:04.543, 5488772289599, datacollector.dll, TestPluginCache: Executors are ''.
TpTrace Verbose: 0 : 23888, 1, 2023/01/08, 19:36:04.543, 5488772289872, datacollector.dll, TestPluginCache: Executors2 are ''.
TpTrace Verbose: 0 : 23888, 1, 2023/01/08, 19:36:04.543, 5488772290174, datacollector.dll, TestPluginCache: Setting providers are ''.
TpTrace Verbose: 0 : 23888, 1, 2023/01/08, 19:36:04.543, 5488772290406, datacollector.dll, TestPluginCache: Loggers are ''.
TpTrace Verbose: 0 : 23888, 1, 2023/01/08, 19:36:04.543, 5488772290628, datacollector.dll, TestPluginCache: TestHosts are ''.
TpTrace Verbose: 0 : 23888, 1, 2023/01/08, 19:36:04.543, 5488772292120, datacollector.dll, TestPluginCache: DataCollectors are 'datacollector://microsoft/TestPlatform/Extensions/Blame/v1,datacollector://microsoft/EventLog/2.0'.
TpTrace Information: 0 : 23888, 1, 2023/01/08, 19:36:04.544, 5488772303121, datacollector.dll, TestPluginManager.CreateTestExtension: Attempting to load test extension: Microsoft.TestPlatform.Extensions.BlameDataCollector.BlameCollector
TpTrace Verbose: 0 : 23888, 1, 2023/01/08, 19:36:04.548, 5488772344668, datacollector.dll, MulticastDelegateUtilities.SafeInvoke: DataCollectionEvents.SessionStart: Invoking callbacks was skipped because there are no subscribers.
TpTrace Information: 0 : 23888, 1, 2023/01/08, 19:36:04.549, 5488772349606, datacollector.dll, Listening on Endpoint : 127.0.0.1:56000
TpTrace Information: 0 : 23888, 1, 2023/01/08, 19:36:04.555, 5488772414348, datacollector.dll, DataCollectionRequestHandler.ProcessRequests : DataCollection started.
TpTrace Information: 0 : 23888, 1, 2023/01/08, 19:36:04.572, 5488772578357, datacollector.dll, DataCollectionRequestHandler.ProcessRequests: Datacollector received message: (DataCollection.TestHostLaunched) -> {"MessageType":"DataCollection.TestHostLaunched","Payload":{"ProcessId":32920}}
TpTrace Verbose: 0 : 23888, 1, 2023/01/08, 19:36:04.574, 5488772597009, datacollector.dll, MulticastDelegateUtilities.SafeInvoke: DataCollectionEvents.TestHostLaunched: Invoking callback 1/1 for Microsoft.TestPlatform.Extensions.BlameDataCollector.BlameCollector., took 0 ms.
TpTrace Information: 0 : 23888, 8, 2023/01/08, 19:36:04.762, 5488774484985, datacollector.dll, Using the buffer size of 16384 bytes
TpTrace Information: 0 : 23888, 8, 2023/01/08, 19:36:04.762, 5488774485746, datacollector.dll, Accepted Client request and set the flag
TpTrace Verbose: 0 : 23888, 6, 2023/01/08, 19:36:04.762, 5488774485329, datacollector.dll, SocketCommunicationManager.WaitForClientConnection took: 210 ms, with 90000 ms timeout, and finished with True.
TpTrace Information: 0 : 23888, 6, 2023/01/08, 19:36:05.154, 5488778400702, datacollector.dll, DataCollectionTestCaseEventHandler: Test case starting.
TpTrace Information: 0 : 23888, 6, 2023/01/08, 19:36:05.183, 5488778692272, datacollector.dll, BlameCollector.EventsTestCaseStart: Test Case Start
TpTrace Verbose: 0 : 23888, 6, 2023/01/08, 19:36:05.183, 5488778694184, datacollector.dll, MulticastDelegateUtilities.SafeInvoke: DataCollectionEvents.TestCaseStart: Invoking callback 1/1 for Microsoft.TestPlatform.Extensions.BlameDataCollector.BlameCollector., took 0 ms.
TpTrace Information: 0 : 23888, 6, 2023/01/08, 19:36:05.183, 5488778695940, datacollector.dll, DataCollectionTestCaseEventHandler: Test case 'TestPut1 - bcad68e0-02e5-5ee3-bd07-47e5d3a60195' started.
TpTrace Information: 0 : 23888, 6, 2023/01/08, 19:36:05.223, 5488779086696, datacollector.dll, DataCollectionTestCaseEventHandler: Test case completing.
TpTrace Information: 0 : 23888, 6, 2023/01/08, 19:36:05.226, 5488779117547, datacollector.dll, BlameCollector.EventsTestCaseEnd: Test Case End
TpTrace Verbose: 0 : 23888, 6, 2023/01/08, 19:36:05.226, 5488779119792, datacollector.dll, MulticastDelegateUtilities.SafeInvoke: DataCollectionEvents.TestCaseEnd: Invoking callback 1/1 for Microsoft.TestPlatform.Extensions.BlameDataCollector.BlameCollector., took 0 ms.
TpTrace Information: 0 : 23888, 6, 2023/01/08, 19:36:05.228, 5488779139335, datacollector.dll, DataCollectionTestCaseEventHandler: Test case 'TestPut1 - bcad68e0-02e5-5ee3-bd07-47e5d3a60195' completed
TpTrace Information: 0 : 23888, 6, 2023/01/08, 19:36:05.237, 5488779230837, datacollector.dll, DataCollectionTestCaseEventHandler: Test case starting.
TpTrace Information: 0 : 23888, 6, 2023/01/08, 19:36:05.238, 5488779238708, datacollector.dll, BlameCollector.EventsTestCaseStart: Test Case Start
TpTrace Verbose: 0 : 23888, 6, 2023/01/08, 19:36:05.238, 5488779239398, datacollector.dll, MulticastDelegateUtilities.SafeInvoke: DataCollectionEvents.TestCaseStart: Invoking callback 1/1 for Microsoft.TestPlatform.Extensions.BlameDataCollector.BlameCollector., took 0 ms.
TpTrace Information: 0 : 23888, 6, 2023/01/08, 19:36:05.238, 5488779240635, datacollector.dll, DataCollectionTestCaseEventHandler: Test case 'TestPut2 - 536ddc99-6e85-8b7e-0268-75c1748467d7' started.
TpTrace Information: 0 : 23888, 6, 2023/01/08, 19:36:05.239, 5488779249787, datacollector.dll, DataCollectionTestCaseEventHandler: Test case completing.
TpTrace Information: 0 : 23888, 6, 2023/01/08, 19:36:05.240, 5488779258208, datacollector.dll, BlameCollector.EventsTestCaseEnd: Test Case End
TpTrace Verbose: 0 : 23888, 6, 2023/01/08, 19:36:05.240, 5488779259102, datacollector.dll, MulticastDelegateUtilities.SafeInvoke: DataCollectionEvents.TestCaseEnd: Invoking callback 1/1 for Microsoft.TestPlatform.Extensions.BlameDataCollector.BlameCollector., took 0 ms.
TpTrace Information: 0 : 23888, 6, 2023/01/08, 19:36:05.240, 5488779260584, datacollector.dll, DataCollectionTestCaseEventHandler: Test case 'TestPut2 - 536ddc99-6e85-8b7e-0268-75c1748467d7' completed
TpTrace Information: 0 : 23888, 6, 2023/01/08, 19:36:05.245, 5488779311808, datacollector.dll, DataCollectionTestCaseEventHandler: Test session ended
TpTrace Information: 0 : 23888, 1, 2023/01/08, 19:36:05.300, 5488779862037, datacollector.dll, DataCollectionRequestHandler.ProcessRequests: Datacollector received message: (DataCollection.AfterTestRunEnd) -> {"MessageType":"DataCollection.AfterTestRunEnd","Payload":false}
TpTrace Information: 0 : 23888, 1, 2023/01/08, 19:36:05.301, 5488779869979, datacollector.dll, Blame Collector: Session End
TpTrace Information: 0 : 23888, 1, 2023/01/08, 19:36:05.301, 5488779870716, datacollector.dll, BlameCollector.CollectDumpAndAbortTesthost: Custom path to dump directory was provided via VSTEST_DUMP_PATH. Skipping attachment upload, the caller is responsible for collecting and uploading the dumps themselves.
TpTrace Verbose: 0 : 23888, 1, 2023/01/08, 19:36:05.301, 5488779871338, datacollector.dll, MulticastDelegateUtilities.SafeInvoke: DataCollectionEvents.SessionEnd: Invoking callback 1/1 for Microsoft.TestPlatform.Extensions.BlameDataCollector.BlameCollector., took 0 ms.
TpTrace Information: 0 : 23888, 1, 2023/01/08, 19:36:05.302, 5488779876615, datacollector.dll, DataCollectionManager.CleanupPlugins: CleanupPlugins called
TpTrace Verbose: 0 : 23888, 1, 2023/01/08, 19:36:05.302, 5488779877087, datacollector.dll, DataCollectionManager.CleanupPlugins: Cleaning up 1 plugins
TpTrace Verbose: 0 : 23888, 1, 2023/01/08, 19:36:05.302, 5488779878305, datacollector.dll, dataCollectorInfo.DisposeDataCollector: calling Dispose() on Microsoft.TestPlatform.Extensions.BlameDataCollector.BlameCollector
TpTrace Information: 0 : 23888, 1, 2023/01/08, 19:36:05.302, 5488779878890, datacollector.dll, DataCollectionManager.CleanupPlugins: CleanupPlugins finished
TpTrace Information: 0 : 23888, 1, 2023/01/08, 19:36:05.306, 5488779922193, datacollector.dll, DataCollectionRequestHandler.ProcessRequests : Session End message received from server. Closing the connection.
TpTrace Information: 0 : 23888, 1, 2023/01/08, 19:36:05.306, 5488779924109, datacollector.dll, Closing the connection !
TpTrace Information: 0 : 23888, 1, 2023/01/08, 19:36:05.306, 5488779924509, datacollector.dll, DataCollectionRequestHandler.ProcessRequests : DataCollection completed
TpTrace Information: 0 : 23888, 1, 2023/01/08, 19:36:05.306, 5488779924817, datacollector.dll, Program.Main: exiting datacollector process.
