TpTrace Verbose: 0 : 1600, 1, 2023/01/08, 21:28:03.583, 4699660694564, datacollector.dll, Version: 17.4.0-release-20221019-01
TpTrace Information: 0 : 1600, 1, 2023/01/08, 21:28:03.589, 4699660754264, datacollector.dll, DataCollectorMain.Run: Starting data collector run with args: --port,63979,--parentprocessid,5964,--diag,C:\Users\Benjamin\Source\Repos\vvs-zad1\WhiteBox\bin\Debug\net5.0\fine-code-coverage\coverage-tool-output\diagnostics.datacollector.23-01-08_21-28-03_45094_1.log,--tracelevel,4
TpTrace Information: 0 : 1600, 1, 2023/01/08, 21:28:03.590, 4699660755900, datacollector.dll, DataCollector: Monitoring parent process with id: '5964'
TpTrace Information: 0 : 1600, 1, 2023/01/08, 21:28:03.595, 4699660810800, datacollector.dll, Trying to connect to server on socket : 127.0.0.1:63979 
TpTrace Verbose: 0 : 1600, 1, 2023/01/08, 21:28:03.603, 4699660888943, datacollector.dll, SocketCommunicationManager : SetupClientAsync : Attempting to connect to the server.
TpTrace Information: 0 : 1600, 6, 2023/01/08, 21:28:03.610, 4699660956896, datacollector.dll, Connected to the server successfully 
TpTrace Information: 0 : 1600, 6, 2023/01/08, 21:28:03.610, 4699660957725, datacollector.dll, Using the buffer size of 16384 bytes
TpTrace Information: 0 : 1600, 1, 2023/01/08, 21:28:03.681, 4699661668456, datacollector.dll, DataCollector: Start Request Processing.
TpTrace Verbose: 0 : 1600, 1, 2023/01/08, 21:28:03.681, 4699661670248, datacollector.dll, SocketCommunicationManager.WaitForServerConnection took: 0 ms, with 90000 ms timeout, and finished with True.
TpTrace Information: 0 : 1600, 1, 2023/01/08, 21:28:03.681, 4699661672587, datacollector.dll, DataCollectionRequestHandler.ProcessRequests: Datacollector received message: (DataCollection.BeforeTestRunStart) -> {"MessageType":"DataCollection.BeforeTestRunStart","Payload":{"SettingsXml":"<RunSettings><RunConfiguration><ResultsDirectory>C:\\Users\\Benjamin\\Source\\Repos\\vvs-zad1\\WhiteBox\\bin\\Debug\\net5.0\\fine-code-coverage\\coverage-tool-output</ResultsDirectory><TargetPlatform>X64</TargetPlatform><TargetFrameworkVersion>.NETCoreApp,Version=v5.0</TargetFrameworkVersion><DesignMode>False</DesignMode><CollectSourceInformation>False</CollectSourceInformation><TestAdaptersPaths>C:\\Program Files\\dotnet\\sdk\\7.0.100\\Extensions</TestAdaptersPaths></RunConfiguration><LoggerRunSettings><Loggers><Logger friendlyName=\"blame\" enabled=\"True\" /><Logger friendlyName=\"Console\" uri=\"logger://microsoft/TestPlatform/ConsoleLogger/v1\" assemblyQualifiedName=\"Microsoft.VisualStudio.TestPlatform.CommandLine.Internal.ConsoleLogger, vstest.console, Version=15.0.0.0, Culture=neutral, PublicKeyToken=b03f5f7f11d50a3a\" codeBase=\"C:\\Program Files\\dotnet\\sdk\\7.0.100\\vstest.console.dll\" enabled=\"True\" /></Loggers></LoggerRunSettings><DataCollectionRunSettings><DataCollectors><DataCollector friendlyName=\"blame\" enabled=\"True\"><Configuration><ResultsDirectory>C:\\Users\\Benjamin\\Source\\Repos\\vvs-zad1\\WhiteBox\\bin\\Debug\\net5.0\\fine-code-coverage\\coverage-tool-output</ResultsDirectory></Configuration></DataCollector></DataCollectors></DataCollectionRunSettings></RunSettings>","Sources":["C:\\Users\\Benjamin\\Source\\Repos\\vvs-zad1\\WhiteBox\\bin\\Debug\\net5.0\\fine-code-coverage\\build-output\\WhiteBox.dll"],"IsTelemetryOptedIn":false}}
TpTrace Verbose: 0 : 1600, 1, 2023/01/08, 21:28:03.717, 4699662026652, datacollector.dll, TestPluginCache: Update extensions started. Skip filter = False
TpTrace Verbose: 0 : 1600, 1, 2023/01/08, 21:28:03.717, 4699662033713, datacollector.dll, TestPluginCache: Using directories for assembly resolution 'C:\Program Files\dotnet\sdk\7.0.100\Extensions'.
TpTrace Verbose: 0 : 1600, 1, 2023/01/08, 21:28:03.717, 4699662034434, datacollector.dll, TestPluginCache: Updated the available extensions to 'C:\Program Files\dotnet\sdk\7.0.100\Extensions\Microsoft.TestPlatform.Extensions.BlameDataCollector.dll,C:\Program Files\dotnet\sdk\7.0.100\Extensions\Microsoft.TestPlatform.Extensions.EventLogCollector.dll'.
TpTrace Verbose: 0 : 1600, 1, 2023/01/08, 21:28:03.724, 4699662096728, datacollector.dll, TestPluginCache.DiscoverTestExtensions: finding test extensions in assemblies ends with: Collector.dll TPluginInfo: Microsoft.VisualStudio.TestPlatform.Common.DataCollector.DataCollectorConfig TExtension: Microsoft.VisualStudio.TestPlatform.ObjectModel.DataCollection.DataCollector
TpTrace Verbose: 0 : 1600, 1, 2023/01/08, 21:28:03.724, 4699662098707, datacollector.dll, TestPluginCache.GetExtensionPaths: Filtered extension paths: C:\Program Files\dotnet\sdk\7.0.100\Extensions\Microsoft.TestPlatform.Extensions.BlameDataCollector.dll
C:\Program Files\dotnet\sdk\7.0.100\Extensions\Microsoft.TestPlatform.Extensions.EventLogCollector.dll
TpTrace Verbose: 0 : 1600, 1, 2023/01/08, 21:28:03.724, 4699662099135, datacollector.dll, TestPluginCache.GetExtensionPaths: Added default extension paths: 
TpTrace Verbose: 0 : 1600, 1, 2023/01/08, 21:28:03.724, 4699662099388, datacollector.dll, TestPluginCache.GetExtensionPaths: Added unfilterableExtensionPaths: 
TpTrace Information: 0 : 1600, 1, 2023/01/08, 21:28:03.725, 4699662104869, datacollector.dll, AssemblyResolver.ctor: Creating AssemblyResolver with searchDirectories C:\Program Files\dotnet\sdk\7.0.100\Extensions,C:\Program Files\dotnet\sdk\7.0.100
TpTrace Verbose: 0 : 1600, 1, 2023/01/08, 21:28:03.725, 4699662114452, datacollector.dll, TestPluginCache.DiscoverTestExtensions: Discovering the extensions using extension path.
TpTrace Verbose: 0 : 1600, 1, 2023/01/08, 21:28:03.726, 4699662115763, datacollector.dll, TestPluginCache.GetExtensionPaths: Filtered extension paths: C:\Program Files\dotnet\sdk\7.0.100\Extensions\Microsoft.TestPlatform.Extensions.BlameDataCollector.dll
C:\Program Files\dotnet\sdk\7.0.100\Extensions\Microsoft.TestPlatform.Extensions.EventLogCollector.dll
TpTrace Verbose: 0 : 1600, 1, 2023/01/08, 21:28:03.726, 4699662116198, datacollector.dll, TestPluginCache.GetExtensionPaths: Added default extension paths: 
TpTrace Verbose: 0 : 1600, 1, 2023/01/08, 21:28:03.726, 4699662116439, datacollector.dll, TestPluginCache.GetExtensionPaths: Added unfilterableExtensionPaths: 
TpTrace Verbose: 0 : 1600, 1, 2023/01/08, 21:28:03.726, 4699662116834, datacollector.dll, TestPluginCache.DiscoverTestExtensions: Discovering the extensions using allExtensionPaths: C:\Program Files\dotnet\sdk\7.0.100\Extensions\Microsoft.TestPlatform.Extensions.BlameDataCollector.dll
C:\Program Files\dotnet\sdk\7.0.100\Extensions\Microsoft.TestPlatform.Extensions.EventLogCollector.dll
TpTrace Information: 0 : 1600, 1, 2023/01/08, 21:28:03.726, 4699662117447, datacollector.dll, AssemblyResolver.AddSearchDirectories: Adding more searchDirectories C:\Program Files\dotnet\sdk\7.0.100\Extensions,C:\Program Files\dotnet\sdk\7.0.100
TpTrace Information: 0 : 1600, 1, 2023/01/08, 21:28:03.726, 4699662117852, datacollector.dll, AssemblyResolver.AddSearchDirectories: Adding more searchDirectories C:\Program Files\dotnet\sdk\7.0.100\Extensions,C:\Program Files\dotnet\sdk\7.0.100
TpTrace Information: 0 : 1600, 1, 2023/01/08, 21:28:03.726, 4699662121089, datacollector.dll, AssemblyResolver.OnResolve: Microsoft.TestPlatform.Extensions.BlameDataCollector: Resolving assembly.
TpTrace Information: 0 : 1600, 1, 2023/01/08, 21:28:03.726, 4699662121718, datacollector.dll, AssemblyResolver.OnResolve: Microsoft.TestPlatform.Extensions.BlameDataCollector: Searching in: 'C:\Program Files\dotnet\sdk\7.0.100\Extensions'.
TpTrace Information: 0 : 1600, 1, 2023/01/08, 21:28:03.733, 4699662187805, datacollector.dll, AssemblyResolver.OnResolve: Microsoft.TestPlatform.Extensions.BlameDataCollector: Loading assembly 'C:\Program Files\dotnet\sdk\7.0.100\Extensions\Microsoft.TestPlatform.Extensions.BlameDataCollector.dll'.
TpTrace Information: 0 : 1600, 1, 2023/01/08, 21:28:03.733, 4699662194014, datacollector.dll, AssemblyResolver.OnResolve: Resolved assembly: Microsoft.TestPlatform.Extensions.BlameDataCollector, from path: C:\Program Files\dotnet\sdk\7.0.100\Extensions\Microsoft.TestPlatform.Extensions.BlameDataCollector.dll
TpTrace Verbose: 0 : 1600, 1, 2023/01/08, 21:28:03.734, 4699662202643, datacollector.dll, MetadataReaderExtensionsHelper: Discovering extensions inside assembly 'Microsoft.TestPlatform.Extensions.BlameDataCollector, Version=15.0.0.0, Culture=neutral, PublicKeyToken=b03f5f7f11d50a3a' file path 'C:\Program Files\dotnet\sdk\7.0.100\Extensions\Microsoft.TestPlatform.Extensions.BlameDataCollector.dll'
TpTrace Error: 0 : 1600, 1, 2023/01/08, 21:28:03.737, 4699662229737, datacollector.dll, The type "Microsoft.TestPlatform.Extensions.BlameDataCollector.BlameCollector" defined in "Microsoft.TestPlatform.Extensions.BlameDataCollector.dll" does not have ExtensionUri attribute.
TpTrace Information: 0 : 1600, 1, 2023/01/08, 21:28:03.738, 4699662237572, datacollector.dll, GetTestExtensionFromType: Register extension with identifier data 'datacollector://microsoft/TestPlatform/Extensions/Blame/v1' and type 'Microsoft.TestPlatform.Extensions.BlameDataCollector.BlameCollector, Microsoft.TestPlatform.Extensions.BlameDataCollector, Version=15.0.0.0, Culture=neutral, PublicKeyToken=b03f5f7f11d50a3a' inside file 'C:\Program Files\dotnet\sdk\7.0.100\Extensions\Microsoft.TestPlatform.Extensions.BlameDataCollector.dll'
TpTrace Information: 0 : 1600, 1, 2023/01/08, 21:28:03.738, 4699662238573, datacollector.dll, AssemblyResolver.OnResolve: Microsoft.TestPlatform.Extensions.EventLogCollector: Resolving assembly.
TpTrace Information: 0 : 1600, 1, 2023/01/08, 21:28:03.738, 4699662238914, datacollector.dll, AssemblyResolver.OnResolve: Microsoft.TestPlatform.Extensions.EventLogCollector: Searching in: 'C:\Program Files\dotnet\sdk\7.0.100\Extensions'.
TpTrace Information: 0 : 1600, 1, 2023/01/08, 21:28:03.738, 4699662244182, datacollector.dll, AssemblyResolver.OnResolve: Microsoft.TestPlatform.Extensions.EventLogCollector: Loading assembly 'C:\Program Files\dotnet\sdk\7.0.100\Extensions\Microsoft.TestPlatform.Extensions.EventLogCollector.dll'.
TpTrace Information: 0 : 1600, 1, 2023/01/08, 21:28:03.739, 4699662248644, datacollector.dll, AssemblyResolver.OnResolve: Resolved assembly: Microsoft.TestPlatform.Extensions.EventLogCollector, from path: C:\Program Files\dotnet\sdk\7.0.100\Extensions\Microsoft.TestPlatform.Extensions.EventLogCollector.dll
TpTrace Verbose: 0 : 1600, 1, 2023/01/08, 21:28:03.739, 4699662249311, datacollector.dll, MetadataReaderExtensionsHelper: Discovering extensions inside assembly 'Microsoft.TestPlatform.Extensions.EventLogCollector, Version=15.0.0.0, Culture=neutral, PublicKeyToken=b03f5f7f11d50a3a' file path 'C:\Program Files\dotnet\sdk\7.0.100\Extensions\Microsoft.TestPlatform.Extensions.EventLogCollector.dll'
TpTrace Error: 0 : 1600, 1, 2023/01/08, 21:28:03.741, 4699662269894, datacollector.dll, The type "Microsoft.TestPlatform.Extensions.EventLogCollector.EventLogDataCollector" defined in "Microsoft.TestPlatform.Extensions.EventLogCollector.dll" does not have ExtensionUri attribute.
TpTrace Information: 0 : 1600, 1, 2023/01/08, 21:28:03.741, 4699662271018, datacollector.dll, GetTestExtensionFromType: Register extension with identifier data 'datacollector://microsoft/EventLog/2.0' and type 'Microsoft.TestPlatform.Extensions.EventLogCollector.EventLogDataCollector, Microsoft.TestPlatform.Extensions.EventLogCollector, Version=15.0.0.0, Culture=neutral, PublicKeyToken=b03f5f7f11d50a3a' inside file 'C:\Program Files\dotnet\sdk\7.0.100\Extensions\Microsoft.TestPlatform.Extensions.EventLogCollector.dll'
TpTrace Verbose: 0 : 1600, 1, 2023/01/08, 21:28:03.741, 4699662272941, datacollector.dll, TestPluginCache: Discovered the extensions using extension path 'C:\Program Files\dotnet\sdk\7.0.100\Extensions\Microsoft.TestPlatform.Extensions.BlameDataCollector.dll,C:\Program Files\dotnet\sdk\7.0.100\Extensions\Microsoft.TestPlatform.Extensions.EventLogCollector.dll'.
TpTrace Verbose: 0 : 1600, 1, 2023/01/08, 21:28:03.741, 4699662273379, datacollector.dll, TestPluginCache: Discoverers are ''.
TpTrace Verbose: 0 : 1600, 1, 2023/01/08, 21:28:03.741, 4699662273626, datacollector.dll, TestPluginCache: Executors are ''.
TpTrace Verbose: 0 : 1600, 1, 2023/01/08, 21:28:03.741, 4699662273892, datacollector.dll, TestPluginCache: Executors2 are ''.
TpTrace Verbose: 0 : 1600, 1, 2023/01/08, 21:28:03.741, 4699662274139, datacollector.dll, TestPluginCache: Setting providers are ''.
TpTrace Verbose: 0 : 1600, 1, 2023/01/08, 21:28:03.741, 4699662274376, datacollector.dll, TestPluginCache: Loggers are ''.
TpTrace Verbose: 0 : 1600, 1, 2023/01/08, 21:28:03.741, 4699662274593, datacollector.dll, TestPluginCache: TestHosts are ''.
TpTrace Verbose: 0 : 1600, 1, 2023/01/08, 21:28:03.742, 4699662276053, datacollector.dll, TestPluginCache: DataCollectors are 'datacollector://microsoft/TestPlatform/Extensions/Blame/v1,datacollector://microsoft/EventLog/2.0'.
TpTrace Information: 0 : 1600, 1, 2023/01/08, 21:28:03.743, 4699662286824, datacollector.dll, TestPluginManager.CreateTestExtension: Attempting to load test extension: Microsoft.TestPlatform.Extensions.BlameDataCollector.BlameCollector
TpTrace Verbose: 0 : 1600, 1, 2023/01/08, 21:28:03.747, 4699662324769, datacollector.dll, MulticastDelegateUtilities.SafeInvoke: DataCollectionEvents.SessionStart: Invoking callbacks was skipped because there are no subscribers.
TpTrace Information: 0 : 1600, 1, 2023/01/08, 21:28:03.747, 4699662328636, datacollector.dll, Listening on Endpoint : 127.0.0.1:63981
TpTrace Information: 0 : 1600, 1, 2023/01/08, 21:28:03.754, 4699662399067, datacollector.dll, DataCollectionRequestHandler.ProcessRequests : DataCollection started.
TpTrace Information: 0 : 1600, 1, 2023/01/08, 21:28:03.765, 4699662507834, datacollector.dll, DataCollectionRequestHandler.ProcessRequests: Datacollector received message: (DataCollection.TestHostLaunched) -> {"MessageType":"DataCollection.TestHostLaunched","Payload":{"ProcessId":5280}}
TpTrace Verbose: 0 : 1600, 1, 2023/01/08, 21:28:03.766, 4699662520005, datacollector.dll, MulticastDelegateUtilities.SafeInvoke: DataCollectionEvents.TestHostLaunched: Invoking callback 1/1 for Microsoft.TestPlatform.Extensions.BlameDataCollector.BlameCollector., took 0 ms.
TpTrace Verbose: 0 : 1600, 6, 2023/01/08, 21:28:03.922, 4699664080676, datacollector.dll, SocketCommunicationManager.WaitForClientConnection took: 172 ms, with 90000 ms timeout, and finished with True.
TpTrace Information: 0 : 1600, 8, 2023/01/08, 21:28:03.922, 4699664080639, datacollector.dll, Using the buffer size of 16384 bytes
TpTrace Information: 0 : 1600, 8, 2023/01/08, 21:28:03.922, 4699664081932, datacollector.dll, Accepted Client request and set the flag
TpTrace Information: 0 : 1600, 6, 2023/01/08, 21:28:04.265, 4699667504766, datacollector.dll, DataCollectionTestCaseEventHandler: Test case starting.
TpTrace Information: 0 : 1600, 6, 2023/01/08, 21:28:04.293, 4699667784763, datacollector.dll, BlameCollector.EventsTestCaseStart: Test Case Start
TpTrace Verbose: 0 : 1600, 6, 2023/01/08, 21:28:04.293, 4699667786497, datacollector.dll, MulticastDelegateUtilities.SafeInvoke: DataCollectionEvents.TestCaseStart: Invoking callback 1/1 for Microsoft.TestPlatform.Extensions.BlameDataCollector.BlameCollector., took 0 ms.
TpTrace Information: 0 : 1600, 6, 2023/01/08, 21:28:04.293, 4699667788383, datacollector.dll, DataCollectionTestCaseEventHandler: Test case 'TestPut1 - a76fd3d7-91ea-3eb0-0d37-419def2fad52' started.
TpTrace Information: 0 : 1600, 6, 2023/01/08, 21:28:04.325, 4699668109079, datacollector.dll, DataCollectionTestCaseEventHandler: Test case completing.
TpTrace Information: 0 : 1600, 6, 2023/01/08, 21:28:04.328, 4699668140238, datacollector.dll, BlameCollector.EventsTestCaseEnd: Test Case End
TpTrace Verbose: 0 : 1600, 6, 2023/01/08, 21:28:04.328, 4699668142293, datacollector.dll, MulticastDelegateUtilities.SafeInvoke: DataCollectionEvents.TestCaseEnd: Invoking callback 1/1 for Microsoft.TestPlatform.Extensions.BlameDataCollector.BlameCollector., took 0 ms.
TpTrace Information: 0 : 1600, 6, 2023/01/08, 21:28:04.330, 4699668163609, datacollector.dll, DataCollectionTestCaseEventHandler: Test case 'TestPut1 - a76fd3d7-91ea-3eb0-0d37-419def2fad52' completed
TpTrace Information: 0 : 1600, 6, 2023/01/08, 21:28:04.342, 4699668277088, datacollector.dll, DataCollectionTestCaseEventHandler: Test case starting.
TpTrace Information: 0 : 1600, 6, 2023/01/08, 21:28:04.343, 4699668285859, datacollector.dll, BlameCollector.EventsTestCaseStart: Test Case Start
TpTrace Verbose: 0 : 1600, 6, 2023/01/08, 21:28:04.343, 4699668286645, datacollector.dll, MulticastDelegateUtilities.SafeInvoke: DataCollectionEvents.TestCaseStart: Invoking callback 1/1 for Microsoft.TestPlatform.Extensions.BlameDataCollector.BlameCollector., took 0 ms.
TpTrace Information: 0 : 1600, 6, 2023/01/08, 21:28:04.343, 4699668288011, datacollector.dll, DataCollectionTestCaseEventHandler: Test case 'TestPut2 - 95677495-d7ea-15c4-0527-86599c71575a' started.
TpTrace Information: 0 : 1600, 6, 2023/01/08, 21:28:04.344, 4699668296273, datacollector.dll, DataCollectionTestCaseEventHandler: Test case completing.
TpTrace Information: 0 : 1600, 6, 2023/01/08, 21:28:04.344, 4699668303768, datacollector.dll, BlameCollector.EventsTestCaseEnd: Test Case End
TpTrace Verbose: 0 : 1600, 6, 2023/01/08, 21:28:04.344, 4699668304389, datacollector.dll, MulticastDelegateUtilities.SafeInvoke: DataCollectionEvents.TestCaseEnd: Invoking callback 1/1 for Microsoft.TestPlatform.Extensions.BlameDataCollector.BlameCollector., took 0 ms.
TpTrace Information: 0 : 1600, 6, 2023/01/08, 21:28:04.345, 4699668305685, datacollector.dll, DataCollectionTestCaseEventHandler: Test case 'TestPut2 - 95677495-d7ea-15c4-0527-86599c71575a' completed
TpTrace Information: 0 : 1600, 6, 2023/01/08, 21:28:04.345, 4699668311017, datacollector.dll, DataCollectionTestCaseEventHandler: Test case starting.
TpTrace Information: 0 : 1600, 6, 2023/01/08, 21:28:04.346, 4699668315687, datacollector.dll, BlameCollector.EventsTestCaseStart: Test Case Start
TpTrace Verbose: 0 : 1600, 6, 2023/01/08, 21:28:04.346, 4699668316198, datacollector.dll, MulticastDelegateUtilities.SafeInvoke: DataCollectionEvents.TestCaseStart: Invoking callback 1/1 for Microsoft.TestPlatform.Extensions.BlameDataCollector.BlameCollector., took 0 ms.
TpTrace Information: 0 : 1600, 6, 2023/01/08, 21:28:04.346, 4699668316855, datacollector.dll, DataCollectionTestCaseEventHandler: Test case 'TestPut3 - 484ac8c0-e5cb-3be6-fa4e-c3ea767c427c' started.
TpTrace Information: 0 : 1600, 6, 2023/01/08, 21:28:04.346, 4699668322728, datacollector.dll, DataCollectionTestCaseEventHandler: Test case completing.
TpTrace Information: 0 : 1600, 6, 2023/01/08, 21:28:04.347, 4699668327460, datacollector.dll, BlameCollector.EventsTestCaseEnd: Test Case End
TpTrace Verbose: 0 : 1600, 6, 2023/01/08, 21:28:04.347, 4699668327933, datacollector.dll, MulticastDelegateUtilities.SafeInvoke: DataCollectionEvents.TestCaseEnd: Invoking callback 1/1 for Microsoft.TestPlatform.Extensions.BlameDataCollector.BlameCollector., took 0 ms.
TpTrace Information: 0 : 1600, 6, 2023/01/08, 21:28:04.347, 4699668328669, datacollector.dll, DataCollectionTestCaseEventHandler: Test case 'TestPut3 - 484ac8c0-e5cb-3be6-fa4e-c3ea767c427c' completed
TpTrace Information: 0 : 1600, 6, 2023/01/08, 21:28:04.347, 4699668333145, datacollector.dll, DataCollectionTestCaseEventHandler: Test case starting.
TpTrace Information: 0 : 1600, 6, 2023/01/08, 21:28:04.348, 4699668337677, datacollector.dll, BlameCollector.EventsTestCaseStart: Test Case Start
TpTrace Verbose: 0 : 1600, 6, 2023/01/08, 21:28:04.348, 4699668338235, datacollector.dll, MulticastDelegateUtilities.SafeInvoke: DataCollectionEvents.TestCaseStart: Invoking callback 1/1 for Microsoft.TestPlatform.Extensions.BlameDataCollector.BlameCollector., took 0 ms.
TpTrace Information: 0 : 1600, 6, 2023/01/08, 21:28:04.348, 4699668338882, datacollector.dll, DataCollectionTestCaseEventHandler: Test case 'TestPut4 - bad917c2-00c1-3ef4-a267-f9ffa359e655' started.
TpTrace Information: 0 : 1600, 6, 2023/01/08, 21:28:04.349, 4699668351876, datacollector.dll, DataCollectionTestCaseEventHandler: Test case completing.
TpTrace Information: 0 : 1600, 6, 2023/01/08, 21:28:04.350, 4699668357164, datacollector.dll, BlameCollector.EventsTestCaseEnd: Test Case End
TpTrace Verbose: 0 : 1600, 6, 2023/01/08, 21:28:04.350, 4699668357877, datacollector.dll, MulticastDelegateUtilities.SafeInvoke: DataCollectionEvents.TestCaseEnd: Invoking callback 1/1 for Microsoft.TestPlatform.Extensions.BlameDataCollector.BlameCollector., took 0 ms.
TpTrace Information: 0 : 1600, 6, 2023/01/08, 21:28:04.350, 4699668358699, datacollector.dll, DataCollectionTestCaseEventHandler: Test case 'TestPut4 - bad917c2-00c1-3ef4-a267-f9ffa359e655' completed
TpTrace Information: 0 : 1600, 6, 2023/01/08, 21:28:04.350, 4699668363383, datacollector.dll, DataCollectionTestCaseEventHandler: Test case starting.
TpTrace Information: 0 : 1600, 6, 2023/01/08, 21:28:04.351, 4699668367984, datacollector.dll, BlameCollector.EventsTestCaseStart: Test Case Start
TpTrace Verbose: 0 : 1600, 6, 2023/01/08, 21:28:04.351, 4699668368507, datacollector.dll, MulticastDelegateUtilities.SafeInvoke: DataCollectionEvents.TestCaseStart: Invoking callback 1/1 for Microsoft.TestPlatform.Extensions.BlameDataCollector.BlameCollector., took 0 ms.
TpTrace Information: 0 : 1600, 6, 2023/01/08, 21:28:04.351, 4699668369722, datacollector.dll, DataCollectionTestCaseEventHandler: Test case 'TestPut5 - 742d842c-98f9-b20c-92c5-74b9b9cb35a6' started.
TpTrace Information: 0 : 1600, 6, 2023/01/08, 21:28:04.352, 4699668376695, datacollector.dll, DataCollectionTestCaseEventHandler: Test case completing.
TpTrace Information: 0 : 1600, 6, 2023/01/08, 21:28:04.352, 4699668383589, datacollector.dll, BlameCollector.EventsTestCaseEnd: Test Case End
TpTrace Verbose: 0 : 1600, 6, 2023/01/08, 21:28:04.352, 4699668384362, datacollector.dll, MulticastDelegateUtilities.SafeInvoke: DataCollectionEvents.TestCaseEnd: Invoking callback 1/1 for Microsoft.TestPlatform.Extensions.BlameDataCollector.BlameCollector., took 0 ms.
TpTrace Information: 0 : 1600, 6, 2023/01/08, 21:28:04.353, 4699668385286, datacollector.dll, DataCollectionTestCaseEventHandler: Test case 'TestPut5 - 742d842c-98f9-b20c-92c5-74b9b9cb35a6' completed
TpTrace Information: 0 : 1600, 6, 2023/01/08, 21:28:04.353, 4699668390242, datacollector.dll, DataCollectionTestCaseEventHandler: Test case starting.
TpTrace Information: 0 : 1600, 6, 2023/01/08, 21:28:04.354, 4699668395075, datacollector.dll, BlameCollector.EventsTestCaseStart: Test Case Start
TpTrace Verbose: 0 : 1600, 6, 2023/01/08, 21:28:04.354, 4699668395587, datacollector.dll, MulticastDelegateUtilities.SafeInvoke: DataCollectionEvents.TestCaseStart: Invoking callback 1/1 for Microsoft.TestPlatform.Extensions.BlameDataCollector.BlameCollector., took 0 ms.
TpTrace Information: 0 : 1600, 6, 2023/01/08, 21:28:04.354, 4699668396312, datacollector.dll, DataCollectionTestCaseEventHandler: Test case 'TestPut6 - efcfc538-5792-5a63-f429-15720abe553a' started.
TpTrace Information: 0 : 1600, 6, 2023/01/08, 21:28:04.355, 4699668406909, datacollector.dll, DataCollectionTestCaseEventHandler: Test case completing.
TpTrace Information: 0 : 1600, 6, 2023/01/08, 21:28:04.355, 4699668412081, datacollector.dll, BlameCollector.EventsTestCaseEnd: Test Case End
TpTrace Verbose: 0 : 1600, 6, 2023/01/08, 21:28:04.355, 4699668412613, datacollector.dll, MulticastDelegateUtilities.SafeInvoke: DataCollectionEvents.TestCaseEnd: Invoking callback 1/1 for Microsoft.TestPlatform.Extensions.BlameDataCollector.BlameCollector., took 0 ms.
TpTrace Information: 0 : 1600, 6, 2023/01/08, 21:28:04.355, 4699668413585, datacollector.dll, DataCollectionTestCaseEventHandler: Test case 'TestPut6 - efcfc538-5792-5a63-f429-15720abe553a' completed
TpTrace Information: 0 : 1600, 6, 2023/01/08, 21:28:04.356, 4699668418865, datacollector.dll, DataCollectionTestCaseEventHandler: Test case starting.
TpTrace Information: 0 : 1600, 6, 2023/01/08, 21:28:04.357, 4699668424711, datacollector.dll, BlameCollector.EventsTestCaseStart: Test Case Start
TpTrace Verbose: 0 : 1600, 6, 2023/01/08, 21:28:04.357, 4699668425381, datacollector.dll, MulticastDelegateUtilities.SafeInvoke: DataCollectionEvents.TestCaseStart: Invoking callback 1/1 for Microsoft.TestPlatform.Extensions.BlameDataCollector.BlameCollector., took 0 ms.
TpTrace Information: 0 : 1600, 6, 2023/01/08, 21:28:04.357, 4699668426434, datacollector.dll, DataCollectionTestCaseEventHandler: Test case 'TestPut7 - d1dffd49-02f7-2678-efb1-6be2ddd387fc' started.
TpTrace Information: 0 : 1600, 6, 2023/01/08, 21:28:04.357, 4699668433763, datacollector.dll, DataCollectionTestCaseEventHandler: Test case completing.
TpTrace Information: 0 : 1600, 6, 2023/01/08, 21:28:04.358, 4699668440198, datacollector.dll, BlameCollector.EventsTestCaseEnd: Test Case End
TpTrace Verbose: 0 : 1600, 6, 2023/01/08, 21:28:04.358, 4699668440802, datacollector.dll, MulticastDelegateUtilities.SafeInvoke: DataCollectionEvents.TestCaseEnd: Invoking callback 1/1 for Microsoft.TestPlatform.Extensions.BlameDataCollector.BlameCollector., took 0 ms.
TpTrace Information: 0 : 1600, 6, 2023/01/08, 21:28:04.358, 4699668441838, datacollector.dll, DataCollectionTestCaseEventHandler: Test case 'TestPut7 - d1dffd49-02f7-2678-efb1-6be2ddd387fc' completed
TpTrace Information: 0 : 1600, 6, 2023/01/08, 21:28:04.359, 4699668447450, datacollector.dll, DataCollectionTestCaseEventHandler: Test case starting.
TpTrace Information: 0 : 1600, 6, 2023/01/08, 21:28:04.359, 4699668452784, datacollector.dll, BlameCollector.EventsTestCaseStart: Test Case Start
TpTrace Verbose: 0 : 1600, 6, 2023/01/08, 21:28:04.359, 4699668453865, datacollector.dll, MulticastDelegateUtilities.SafeInvoke: DataCollectionEvents.TestCaseStart: Invoking callback 1/1 for Microsoft.TestPlatform.Extensions.BlameDataCollector.BlameCollector., took 0 ms.
TpTrace Information: 0 : 1600, 6, 2023/01/08, 21:28:04.360, 4699668454782, datacollector.dll, DataCollectionTestCaseEventHandler: Test case 'TestPut8 - 9f761f09-e524-12e1-cc1f-5340739c547f' started.
TpTrace Information: 0 : 1600, 6, 2023/01/08, 21:28:04.360, 4699668463564, datacollector.dll, DataCollectionTestCaseEventHandler: Test case completing.
TpTrace Information: 0 : 1600, 6, 2023/01/08, 21:28:04.361, 4699668469618, datacollector.dll, BlameCollector.EventsTestCaseEnd: Test Case End
TpTrace Verbose: 0 : 1600, 6, 2023/01/08, 21:28:04.361, 4699668470171, datacollector.dll, MulticastDelegateUtilities.SafeInvoke: DataCollectionEvents.TestCaseEnd: Invoking callback 1/1 for Microsoft.TestPlatform.Extensions.BlameDataCollector.BlameCollector., took 0 ms.
TpTrace Information: 0 : 1600, 6, 2023/01/08, 21:28:04.361, 4699668471101, datacollector.dll, DataCollectionTestCaseEventHandler: Test case 'TestPut8 - 9f761f09-e524-12e1-cc1f-5340739c547f' completed
TpTrace Information: 0 : 1600, 6, 2023/01/08, 21:28:04.366, 4699668521342, datacollector.dll, DataCollectionTestCaseEventHandler: Test session ended
TpTrace Information: 0 : 1600, 1, 2023/01/08, 21:28:04.426, 4699669124275, datacollector.dll, DataCollectionRequestHandler.ProcessRequests: Datacollector received message: (DataCollection.AfterTestRunEnd) -> {"MessageType":"DataCollection.AfterTestRunEnd","Payload":false}
TpTrace Information: 0 : 1600, 1, 2023/01/08, 21:28:04.427, 4699669131761, datacollector.dll, Blame Collector: Session End
TpTrace Information: 0 : 1600, 1, 2023/01/08, 21:28:04.427, 4699669132267, datacollector.dll, BlameCollector.CollectDumpAndAbortTesthost: Custom path to dump directory was provided via VSTEST_DUMP_PATH. Skipping attachment upload, the caller is responsible for collecting and uploading the dumps themselves.
TpTrace Verbose: 0 : 1600, 1, 2023/01/08, 21:28:04.427, 4699669132924, datacollector.dll, MulticastDelegateUtilities.SafeInvoke: DataCollectionEvents.SessionEnd: Invoking callback 1/1 for Microsoft.TestPlatform.Extensions.BlameDataCollector.BlameCollector., took 0 ms.
TpTrace Information: 0 : 1600, 1, 2023/01/08, 21:28:04.428, 4699669138379, datacollector.dll, DataCollectionManager.CleanupPlugins: CleanupPlugins called
TpTrace Verbose: 0 : 1600, 1, 2023/01/08, 21:28:04.428, 4699669138870, datacollector.dll, DataCollectionManager.CleanupPlugins: Cleaning up 1 plugins
TpTrace Verbose: 0 : 1600, 1, 2023/01/08, 21:28:04.428, 4699669140160, datacollector.dll, dataCollectorInfo.DisposeDataCollector: calling Dispose() on Microsoft.TestPlatform.Extensions.BlameDataCollector.BlameCollector
TpTrace Information: 0 : 1600, 1, 2023/01/08, 21:28:04.428, 4699669140785, datacollector.dll, DataCollectionManager.CleanupPlugins: CleanupPlugins finished
TpTrace Information: 0 : 1600, 1, 2023/01/08, 21:28:04.436, 4699669222239, datacollector.dll, DataCollectionRequestHandler.ProcessRequests : Session End message received from server. Closing the connection.
TpTrace Information: 0 : 1600, 1, 2023/01/08, 21:28:04.436, 4699669224228, datacollector.dll, Closing the connection !
TpTrace Information: 0 : 1600, 1, 2023/01/08, 21:28:04.436, 4699669224656, datacollector.dll, DataCollectionRequestHandler.ProcessRequests : DataCollection completed
TpTrace Information: 0 : 1600, 1, 2023/01/08, 21:28:04.437, 4699669224921, datacollector.dll, Program.Main: exiting datacollector process.
