TpTrace Verbose: 0 : 32920, 1, 2023/01/08, 19:36:04.735, 5488774208077, testhost.dll, Version: 17.3.2 Current process architecture: X64
TpTrace Verbose: 0 : 32920, 1, 2023/01/08, 19:36:04.736, 5488774225686, testhost.dll, Runtime location: C:\Program Files\dotnet\shared\Microsoft.NETCore.App\5.0.17
TpTrace Information: 0 : 32920, 1, 2023/01/08, 19:36:04.738, 5488774238372, testhost.dll, DefaultEngineInvoker.Invoke: Testhost process started with args :[--port, 56001],[--endpoint, 127.0.0.1:056001],[--role, client],[--parentprocessid, 23032],[--diag, C:\Users\bobici\Source\Repos\vvs-zad1azma2\WhiteBox\bin\Debug\net5.0\fine-code-coverage\coverage-tool-output\diagnostics.host.23-01-08_19-36-04_56194_7.log],[--tracelevel, 4],[--datacollectionport, 56000],[--telemetryoptedin, false]
TpTrace Information: 0 : 32920, 1, 2023/01/08, 19:36:04.739, 5488774249302, testhost.dll, Setting up debug trace listener.
TpTrace Verbose: 0 : 32920, 1, 2023/01/08, 19:36:04.739, 5488774250690, testhost.dll, TestPlatformTraceListener.Setup: Replacing listener System.Diagnostics.DefaultTraceListener with TestHostTraceListener.
TpTrace Verbose: 0 : 32920, 1, 2023/01/08, 19:36:04.739, 5488774251047, testhost.dll, TestPlatformTraceListener.Setup: Added test platform trace listener.
TpTrace Information: 0 : 32920, 1, 2023/01/08, 19:36:04.739, 5488774254212, testhost.dll, DefaultEngineInvoker.SetParentProcessExitCallback: Monitoring parent process with id: '23032'
TpTrace Information: 0 : 32920, 1, 2023/01/08, 19:36:04.742, 5488774280337, testhost.dll, DefaultEngineInvoker.GetConnectionInfo: Initialize communication on endpoint address: '127.0.0.1:056001'
TpTrace Information: 0 : 32920, 1, 2023/01/08, 19:36:04.752, 5488774384177, testhost.dll, SocketClient.Start: connecting to server endpoint: 127.0.0.1:056001
TpTrace Information: 0 : 32920, 1, 2023/01/08, 19:36:04.758, 5488774444967, testhost.dll, DefaultEngineInvoker.ConnectToDatacollector: Connecting to datacollector, port: 56000
TpTrace Information: 0 : 32920, 6, 2023/01/08, 19:36:04.759, 5488774450841, testhost.dll, SocketClient.OnServerConnected: connected to server endpoint: 127.0.0.1:056001
TpTrace Information: 0 : 32920, 1, 2023/01/08, 19:36:04.761, 5488774467291, testhost.dll, Trying to connect to server on socket : 127.0.0.1:56000 
TpTrace Verbose: 0 : 32920, 1, 2023/01/08, 19:36:04.761, 5488774469655, testhost.dll, SocketCommunicationManager : SetupClientAsync : Attempting to connect to the server.
TpTrace Verbose: 0 : 32920, 6, 2023/01/08, 19:36:04.762, 5488774478871, testhost.dll, MulticastDelegateUtilities.SafeInvoke: SocketClient: ServerConnected: Invoking callback 1/1 for Microsoft.VisualStudio.TestPlatform.CommunicationUtilities.TestRequestHandler.<InitializeCommunication>b__31_0, took 0 ms.
TpTrace Verbose: 0 : 32920, 6, 2023/01/08, 19:36:04.762, 5488774479640, testhost.dll, Connected to server, and starting MessageLoopAsync
TpTrace Information: 0 : 32920, 10, 2023/01/08, 19:36:04.762, 5488774480589, testhost.dll, Connected to the server successfully 
TpTrace Information: 0 : 32920, 10, 2023/01/08, 19:36:04.762, 5488774481055, testhost.dll, Using the buffer size of 16384 bytes
TpTrace Verbose: 0 : 32920, 1, 2023/01/08, 19:36:04.762, 5488774482049, testhost.dll, SocketCommunicationManager.WaitForServerConnection took: 0 ms, with 90000 ms timeout, and finished with True.
TpTrace Information: 0 : 32920, 1, 2023/01/08, 19:36:04.762, 5488774483013, testhost.dll, DefaultEngineInvoker.Invoke: Start Request Processing.
TpTrace Information: 0 : 32920, 11, 2023/01/08, 19:36:04.763, 5488774488831, testhost.dll, DefaultEngineInvoker.StartProcessingAsync: Connected to vstest.console, Starting process requests.
TpTrace Verbose: 0 : 32920, 6, 2023/01/08, 19:36:04.764, 5488774498872, testhost.dll, TcpClientExtensions.MessageLoopAsync: Polling on remoteEndPoint: [::ffff:127.0.0.1]:56001 localEndPoint: [::ffff:127.0.0.1]:56002
TpTrace Verbose: 0 : 32920, 6, 2023/01/08, 19:36:04.764, 5488774501111, testhost.dll, TcpClientExtensions.MessageLoopAsync: NotifyDataAvailable remoteEndPoint: [::ffff:127.0.0.1]:56001 localEndPoint: [::ffff:127.0.0.1]:56002
TpTrace Information: 0 : 32920, 6, 2023/01/08, 19:36:04.767, 5488774531088, testhost.dll, TestRequestHandler.OnMessageReceived: received message: (ProtocolVersion) -> {"MessageType":"ProtocolVersion","Payload":7}
TpTrace Verbose: 0 : 32920, 6, 2023/01/08, 19:36:04.877, 5488775635759, testhost.dll, TestRequestHandler.SendData: sending data from testhost: {"Version":7,"MessageType":"TestSession.Message","Payload":{"MessageLevel":0,"Message":"Logging TestHost Diagnostics in file: C:\\Users\\bobici\\Source\\Repos\\vvs-zad1azma2\\WhiteBox\\bin\\Debug\\net5.0\\fine-code-coverage\\coverage-tool-output\\diagnostics.host.23-01-08_19-36-04_56194_7.log"}}
TpTrace Verbose: 0 : 32920, 6, 2023/01/08, 19:36:04.878, 5488775637421, testhost.dll, MulticastDelegateUtilities.SafeInvoke: LengthPrefixCommunicationChannel: MessageReceived: Invoking callback 1/1 for Microsoft.VisualStudio.TestPlatform.CommunicationUtilities.TestRequestHandler.OnMessageReceived, took 112 ms.
TpTrace Verbose: 0 : 32920, 6, 2023/01/08, 19:36:04.878, 5488775637850, testhost.dll, TcpClientExtensions.MessageLoopAsync: Polling on remoteEndPoint: [::ffff:127.0.0.1]:56001 localEndPoint: [::ffff:127.0.0.1]:56002
TpTrace Verbose: 0 : 32920, 6, 2023/01/08, 19:36:04.878, 5488775638782, testhost.dll, TcpClientExtensions.MessageLoopAsync: NotifyDataAvailable remoteEndPoint: [::ffff:127.0.0.1]:56001 localEndPoint: [::ffff:127.0.0.1]:56002
TpTrace Information: 0 : 32920, 6, 2023/01/08, 19:36:04.878, 5488775639522, testhost.dll, TestRequestHandler.OnMessageReceived: received message: (TestExecution.Initialize) -> {"Version":7,"MessageType":"TestExecution.Initialize","Payload":["C:\\Users\\bobici\\Source\\Repos\\vvs-zad1azma2\\WhiteBox\\bin\\Debug\\net5.0\\fine-code-coverage\\build-output\\Microsoft.VisualStudio.TestPlatform.MSTest.TestAdapter.dll"]}
TpTrace Verbose: 0 : 32920, 6, 2023/01/08, 19:36:04.884, 5488775705140, testhost.dll, MulticastDelegateUtilities.SafeInvoke: LengthPrefixCommunicationChannel: MessageReceived: Invoking callback 1/1 for Microsoft.VisualStudio.TestPlatform.CommunicationUtilities.TestRequestHandler.OnMessageReceived, took 6 ms.
TpTrace Verbose: 0 : 32920, 6, 2023/01/08, 19:36:04.884, 5488775705955, testhost.dll, TcpClientExtensions.MessageLoopAsync: Polling on remoteEndPoint: [::ffff:127.0.0.1]:56001 localEndPoint: [::ffff:127.0.0.1]:56002
TpTrace Information: 0 : 32920, 4, 2023/01/08, 19:36:04.885, 5488775709276, testhost.dll, TestRequestHandler.OnMessageReceived: Running job 'TestExecution.Initialize'.
TpTrace Verbose: 0 : 32920, 4, 2023/01/08, 19:36:04.887, 5488775726931, testhost.dll, TestExecutorService: Loading the extensions
TpTrace Verbose: 0 : 32920, 4, 2023/01/08, 19:36:04.888, 5488775739473, testhost.dll, TestPluginCache.DiscoverTestExtensions: finding test extensions in assemblies ends with: TestAdapter.dll TPluginInfo: Microsoft.VisualStudio.TestPlatform.Common.ExtensionFramework.Utilities.TestExecutorPluginInformation TExtension: Microsoft.VisualStudio.TestPlatform.ObjectModel.Adapter.ITestExecutor
TpTrace Verbose: 0 : 32920, 4, 2023/01/08, 19:36:04.889, 5488775746390, testhost.dll, TestPluginCache.GetExtensionPaths: Filtered extension paths: 
TpTrace Verbose: 0 : 32920, 4, 2023/01/08, 19:36:04.889, 5488775749400, testhost.dll, TestPluginCache.GetExtensionPaths: Added default extension paths: C:\Users\bobici\Source\Repos\vvs-zad1azma2\WhiteBox\bin\Debug\net5.0\fine-code-coverage\build-output\Microsoft.VisualStudio.TestPlatform.MSTest.TestAdapter.dll
TpTrace Verbose: 0 : 32920, 4, 2023/01/08, 19:36:04.889, 5488775749798, testhost.dll, TestPluginCache.GetExtensionPaths: Added unfilterableExtensionPaths: 
TpTrace Information: 0 : 32920, 4, 2023/01/08, 19:36:04.890, 5488775762656, testhost.dll, AssemblyResolver.ctor: Creating AssemblyResolver with searchDirectories C:\Users\bobici\Source\Repos\vvs-zad1azma2\WhiteBox\bin\Debug\net5.0\fine-code-coverage\build-output
TpTrace Verbose: 0 : 32920, 4, 2023/01/08, 19:36:04.892, 5488775778932, testhost.dll, TestPluginCache.DiscoverTestExtensions: Discovering the extensions using extension path.
TpTrace Verbose: 0 : 32920, 4, 2023/01/08, 19:36:04.892, 5488775780572, testhost.dll, TestPluginCache.GetExtensionPaths: Filtered extension paths: 
TpTrace Verbose: 0 : 32920, 4, 2023/01/08, 19:36:04.892, 5488775780969, testhost.dll, TestPluginCache.GetExtensionPaths: Added default extension paths: C:\Users\bobici\Source\Repos\vvs-zad1azma2\WhiteBox\bin\Debug\net5.0\fine-code-coverage\build-output\Microsoft.VisualStudio.TestPlatform.MSTest.TestAdapter.dll
TpTrace Verbose: 0 : 32920, 4, 2023/01/08, 19:36:04.892, 5488775781252, testhost.dll, TestPluginCache.GetExtensionPaths: Added unfilterableExtensionPaths: 
TpTrace Verbose: 0 : 32920, 4, 2023/01/08, 19:36:04.892, 5488775781713, testhost.dll, TestPluginCache.DiscoverTestExtensions: Discovering the extensions using allExtensionPaths: C:\Users\bobici\Source\Repos\vvs-zad1azma2\WhiteBox\bin\Debug\net5.0\fine-code-coverage\build-output\Microsoft.VisualStudio.TestPlatform.MSTest.TestAdapter.dll
TpTrace Information: 0 : 32920, 4, 2023/01/08, 19:36:04.893, 5488775788619, testhost.dll, AssemblyResolver.AddSearchDirectories: Adding more searchDirectories C:\Users\bobici\Source\Repos\vvs-zad1azma2\WhiteBox\bin\Debug\net5.0\fine-code-coverage\build-output
TpTrace Information: 0 : 32920, 4, 2023/01/08, 19:36:04.896, 5488775816339, testhost.dll, AssemblyResolver.OnResolve: Microsoft.VisualStudio.TestPlatform.MSTest.TestAdapter: Resolving assembly.
TpTrace Information: 0 : 32920, 4, 2023/01/08, 19:36:04.896, 5488775816967, testhost.dll, AssemblyResolver.OnResolve: Microsoft.VisualStudio.TestPlatform.MSTest.TestAdapter: Searching in: 'C:\Users\bobici\Source\Repos\vvs-zad1azma2\WhiteBox\bin\Debug\net5.0\fine-code-coverage\build-output'.
TpTrace Information: 0 : 32920, 4, 2023/01/08, 19:36:04.896, 5488775823818, testhost.dll, AssemblyResolver.OnResolve: Microsoft.VisualStudio.TestPlatform.MSTest.TestAdapter: Loading assembly 'C:\Users\bobici\Source\Repos\vvs-zad1azma2\WhiteBox\bin\Debug\net5.0\fine-code-coverage\build-output\Microsoft.VisualStudio.TestPlatform.MSTest.TestAdapter.dll'.
TpTrace Information: 0 : 32920, 4, 2023/01/08, 19:36:04.935, 5488776215339, testhost.dll, AssemblyResolver.OnResolve: Resolved assembly: Microsoft.VisualStudio.TestPlatform.MSTest.TestAdapter, from path: C:\Users\bobici\Source\Repos\vvs-zad1azma2\WhiteBox\bin\Debug\net5.0\fine-code-coverage\build-output\Microsoft.VisualStudio.TestPlatform.MSTest.TestAdapter.dll
TpTrace Verbose: 0 : 32920, 4, 2023/01/08, 19:36:04.945, 5488776306952, testhost.dll, MetadataReaderExtensionsHelper: Discovering extensions inside assembly 'Microsoft.VisualStudio.TestPlatform.MSTest.TestAdapter, Version=14.0.0.0, Culture=neutral, PublicKeyToken=b03f5f7f11d50a3a' file path 'C:\Users\bobici\Source\Repos\vvs-zad1azma2\WhiteBox\bin\Debug\net5.0\fine-code-coverage\build-output\Microsoft.VisualStudio.TestPlatform.MSTest.TestAdapter.dll'
TpTrace Verbose: 0 : 32920, 6, 2023/01/08, 19:36:04.945, 5488776313417, testhost.dll, TcpClientExtensions.MessageLoopAsync: NotifyDataAvailable remoteEndPoint: [::ffff:127.0.0.1]:56001 localEndPoint: [::ffff:127.0.0.1]:56002
TpTrace Information: 0 : 32920, 6, 2023/01/08, 19:36:04.945, 5488776314972, testhost.dll, TestRequestHandler.OnMessageReceived: received message: (TestExecution.StartWithSources) -> {"Version":7,"MessageType":"TestExecution.StartWithSources","Payload":{"AdapterSourceMap":{"_none_":["C:\\Users\\bobici\\Source\\Repos\\vvs-zad1azma2\\WhiteBox\\bin\\Debug\\net5.0\\fine-code-coverage\\build-output\\WhiteBox.dll"]},"RunSettings":"<RunSettings>\r\n  <RunConfiguration>\r\n    <ResultsDirectory>C:\\Users\\bobici\\Source\\Repos\\vvs-zad1azma2\\WhiteBox\\bin\\Debug\\net5.0\\fine-code-coverage\\coverage-tool-output</ResultsDirectory>\r\n    <TargetFrameworkVersion>.NETCoreApp,Version=v5.0</TargetFrameworkVersion>\r\n    <DesignMode>False</DesignMode>\r\n    <CollectSourceInformation>False</CollectSourceInformation>\r\n  </RunConfiguration>\r\n  <LoggerRunSettings>\r\n    <Loggers>\r\n      <Logger friendlyName=\"blame\" enabled=\"True\" />\r\n      <Logger friendlyName=\"Console\" uri=\"logger://microsoft/TestPlatform/ConsoleLogger/v1\" assemblyQualifiedName=\"Microsoft.VisualStudio.TestPlatform.CommandLine.Internal.ConsoleLogger, vstest.console, Version=15.0.0.0, Culture=neutral, PublicKeyToken=b03f5f7f11d50a3a\" codeBase=\"C:\\Program Files\\dotnet\\sdk\\7.0.101\\vstest.console.dll\" enabled=\"True\" />\r\n    </Loggers>\r\n  </LoggerRunSettings>\r\n  <DataCollectionRunSettings>\r\n    <DataCollectors>\r\n      <DataCollector friendlyName=\"blame\" enabled=\"True\">\r\n        <Configuration>\r\n          <ResultsDirectory>C:\\Users\\bobici\\Source\\Repos\\vvs-zad1azma2\\WhiteBox\\bin\\Debug\\net5.0\\fine-code-coverage\\coverage-tool-output</ResultsDirectory>\r\n        </Configuration>\r\n      </DataCollector>\r\n    </DataCollectors>\r\n  </DataCollectionRunSettings>\r\n</RunSettings>","TestExecutionContext":{"FrequencyOfRunStatsChangeEvent":10,"RunStatsChangeEventTimeout":"00:00:01.5000000","InIsolation":false,"KeepAlive":false,"AreTestCaseLevelEventsRequired":false,"IsDebug":false,"TestCaseFilter":null,"FilterOptions":null},"Package":null}}
TpTrace Information: 0 : 32920, 4, 2023/01/08, 19:36:04.953, 5488776391369, testhost.dll, GetTestExtensionFromType: Register extension with identifier data 'executor://MSTestAdapter/v2' and type 'Microsoft.VisualStudio.TestPlatform.MSTest.TestAdapter.MSTestExecutor, Microsoft.VisualStudio.TestPlatform.MSTest.TestAdapter, Version=14.0.0.0, Culture=neutral, PublicKeyToken=b03f5f7f11d50a3a' inside file 'C:\Users\bobici\Source\Repos\vvs-zad1azma2\WhiteBox\bin\Debug\net5.0\fine-code-coverage\build-output\Microsoft.VisualStudio.TestPlatform.MSTest.TestAdapter.dll'
TpTrace Verbose: 0 : 32920, 4, 2023/01/08, 19:36:04.955, 5488776410917, testhost.dll, TestPluginCache: Discovered the extensions using extension path ''.
TpTrace Verbose: 0 : 32920, 4, 2023/01/08, 19:36:04.955, 5488776416062, testhost.dll, TestPluginCache: Discoverers are ''.
TpTrace Verbose: 0 : 32920, 4, 2023/01/08, 19:36:04.956, 5488776416660, testhost.dll, TestPluginCache: Executors are 'executor://MSTestAdapter/v2'.
TpTrace Verbose: 0 : 32920, 4, 2023/01/08, 19:36:04.956, 5488776417200, testhost.dll, TestPluginCache: Executors2 are ''.
TpTrace Verbose: 0 : 32920, 4, 2023/01/08, 19:36:04.956, 5488776417782, testhost.dll, TestPluginCache: Setting providers are ''.
TpTrace Verbose: 0 : 32920, 4, 2023/01/08, 19:36:04.956, 5488776418402, testhost.dll, TestPluginCache: Loggers are ''.
TpTrace Verbose: 0 : 32920, 4, 2023/01/08, 19:36:04.956, 5488776418974, testhost.dll, TestPluginCache: TestHosts are ''.
TpTrace Verbose: 0 : 32920, 4, 2023/01/08, 19:36:04.956, 5488776419450, testhost.dll, TestPluginCache: DataCollectors are ''.
TpTrace Verbose: 0 : 32920, 4, 2023/01/08, 19:36:04.958, 5488776441311, testhost.dll, TestPluginCache.DiscoverTestExtensions: finding test extensions in assemblies ends with: TestAdapter.dll TPluginInfo: Microsoft.VisualStudio.TestPlatform.Common.ExtensionFramework.Utilities.TestExecutorPluginInformation2 TExtension: Microsoft.VisualStudio.TestPlatform.ObjectModel.Adapter.ITestExecutor2
TpTrace Verbose: 0 : 32920, 4, 2023/01/08, 19:36:04.958, 5488776443319, testhost.dll, TestPluginCache.GetExtensionPaths: Filtered extension paths: 
TpTrace Verbose: 0 : 32920, 4, 2023/01/08, 19:36:04.958, 5488776443704, testhost.dll, TestPluginCache.GetExtensionPaths: Added default extension paths: C:\Users\bobici\Source\Repos\vvs-zad1azma2\WhiteBox\bin\Debug\net5.0\fine-code-coverage\build-output\Microsoft.VisualStudio.TestPlatform.MSTest.TestAdapter.dll
TpTrace Verbose: 0 : 32920, 4, 2023/01/08, 19:36:04.958, 5488776443966, testhost.dll, TestPluginCache.GetExtensionPaths: Added unfilterableExtensionPaths: 
TpTrace Information: 0 : 32920, 4, 2023/01/08, 19:36:04.958, 5488776445482, testhost.dll, AssemblyResolver.AddSearchDirectories: Adding more searchDirectories C:\Users\bobici\Source\Repos\vvs-zad1azma2\WhiteBox\bin\Debug\net5.0\fine-code-coverage\build-output
TpTrace Verbose: 0 : 32920, 4, 2023/01/08, 19:36:04.958, 5488776445877, testhost.dll, TestPluginCache.DiscoverTestExtensions: Discovering the extensions using extension path.
TpTrace Verbose: 0 : 32920, 4, 2023/01/08, 19:36:04.959, 5488776446196, testhost.dll, TestPluginCache.GetExtensionPaths: Filtered extension paths: 
TpTrace Verbose: 0 : 32920, 4, 2023/01/08, 19:36:04.959, 5488776446457, testhost.dll, TestPluginCache.GetExtensionPaths: Added default extension paths: C:\Users\bobici\Source\Repos\vvs-zad1azma2\WhiteBox\bin\Debug\net5.0\fine-code-coverage\build-output\Microsoft.VisualStudio.TestPlatform.MSTest.TestAdapter.dll
TpTrace Verbose: 0 : 32920, 4, 2023/01/08, 19:36:04.959, 5488776446752, testhost.dll, TestPluginCache.GetExtensionPaths: Added unfilterableExtensionPaths: 
TpTrace Verbose: 0 : 32920, 4, 2023/01/08, 19:36:04.959, 5488776447000, testhost.dll, TestPluginCache.DiscoverTestExtensions: Discovering the extensions using allExtensionPaths: C:\Users\bobici\Source\Repos\vvs-zad1azma2\WhiteBox\bin\Debug\net5.0\fine-code-coverage\build-output\Microsoft.VisualStudio.TestPlatform.MSTest.TestAdapter.dll
TpTrace Information: 0 : 32920, 4, 2023/01/08, 19:36:04.959, 5488776447321, testhost.dll, AssemblyResolver.AddSearchDirectories: Adding more searchDirectories C:\Users\bobici\Source\Repos\vvs-zad1azma2\WhiteBox\bin\Debug\net5.0\fine-code-coverage\build-output
TpTrace Verbose: 0 : 32920, 4, 2023/01/08, 19:36:04.959, 5488776447911, testhost.dll, MetadataReaderExtensionsHelper: Discovering extensions inside assembly 'Microsoft.VisualStudio.TestPlatform.MSTest.TestAdapter, Version=14.0.0.0, Culture=neutral, PublicKeyToken=b03f5f7f11d50a3a' file path 'C:\Users\bobici\Source\Repos\vvs-zad1azma2\WhiteBox\bin\Debug\net5.0\fine-code-coverage\build-output\Microsoft.VisualStudio.TestPlatform.MSTest.TestAdapter.dll'
TpTrace Verbose: 0 : 32920, 4, 2023/01/08, 19:36:04.959, 5488776452294, testhost.dll, TestPluginCache: Discovered the extensions using extension path ''.
TpTrace Verbose: 0 : 32920, 4, 2023/01/08, 19:36:04.959, 5488776452684, testhost.dll, TestPluginCache: Discoverers are ''.
TpTrace Verbose: 0 : 32920, 4, 2023/01/08, 19:36:04.959, 5488776452983, testhost.dll, TestPluginCache: Executors are 'executor://MSTestAdapter/v2'.
TpTrace Verbose: 0 : 32920, 4, 2023/01/08, 19:36:04.959, 5488776453484, testhost.dll, TestPluginCache: Executors2 are ''.
TpTrace Verbose: 0 : 32920, 4, 2023/01/08, 19:36:04.959, 5488776453760, testhost.dll, TestPluginCache: Setting providers are ''.
TpTrace Verbose: 0 : 32920, 4, 2023/01/08, 19:36:04.959, 5488776453983, testhost.dll, TestPluginCache: Loggers are ''.
TpTrace Verbose: 0 : 32920, 4, 2023/01/08, 19:36:04.959, 5488776454205, testhost.dll, TestPluginCache: TestHosts are ''.
TpTrace Verbose: 0 : 32920, 4, 2023/01/08, 19:36:04.959, 5488776454424, testhost.dll, TestPluginCache: DataCollectors are ''.
TpTrace Information: 0 : 32920, 4, 2023/01/08, 19:36:04.963, 5488776492008, testhost.dll, TestPluginManager.CreateTestExtension: Attempting to load test extension: Microsoft.VisualStudio.TestPlatform.MSTest.TestAdapter.MSTestExecutor
TpTrace Verbose: 0 : 32920, 6, 2023/01/08, 19:36:04.969, 5488776549806, testhost.dll, MulticastDelegateUtilities.SafeInvoke: LengthPrefixCommunicationChannel: MessageReceived: Invoking callback 1/1 for Microsoft.VisualStudio.TestPlatform.CommunicationUtilities.TestRequestHandler.OnMessageReceived, took 23 ms.
TpTrace Verbose: 0 : 32920, 6, 2023/01/08, 19:36:04.969, 5488776550731, testhost.dll, TcpClientExtensions.MessageLoopAsync: Polling on remoteEndPoint: [::ffff:127.0.0.1]:56001 localEndPoint: [::ffff:127.0.0.1]:56002
TpTrace Verbose: 0 : 32920, 4, 2023/01/08, 19:36:04.969, 5488776551121, testhost.dll, TestExecutorExtensionManager: Loading executor Microsoft.VisualStudio.TestPlatform.MSTest.TestAdapter.MSTestExecutor
TpTrace Verbose: 0 : 32920, 4, 2023/01/08, 19:36:04.969, 5488776551588, testhost.dll, TestExecutorService: Loaded the executors
TpTrace Verbose: 0 : 32920, 4, 2023/01/08, 19:36:04.970, 5488776557801, testhost.dll, TestPluginCache.DiscoverTestExtensions: finding test extensions in assemblies ends with: TestAdapter.dll TPluginInfo: Microsoft.VisualStudio.TestPlatform.Common.ExtensionFramework.Utilities.TestSettingsProviderPluginInformation TExtension: Microsoft.VisualStudio.TestPlatform.ObjectModel.Adapter.ISettingsProvider
TpTrace Verbose: 0 : 32920, 4, 2023/01/08, 19:36:04.970, 5488776558599, testhost.dll, TestPluginCache.GetExtensionPaths: Filtered extension paths: 
TpTrace Verbose: 0 : 32920, 4, 2023/01/08, 19:36:04.970, 5488776558955, testhost.dll, TestPluginCache.GetExtensionPaths: Added default extension paths: C:\Users\bobici\Source\Repos\vvs-zad1azma2\WhiteBox\bin\Debug\net5.0\fine-code-coverage\build-output\Microsoft.VisualStudio.TestPlatform.MSTest.TestAdapter.dll
TpTrace Verbose: 0 : 32920, 4, 2023/01/08, 19:36:04.970, 5488776559210, testhost.dll, TestPluginCache.GetExtensionPaths: Added unfilterableExtensionPaths: 
TpTrace Information: 0 : 32920, 4, 2023/01/08, 19:36:04.970, 5488776560388, testhost.dll, AssemblyResolver.AddSearchDirectories: Adding more searchDirectories C:\Users\bobici\Source\Repos\vvs-zad1azma2\WhiteBox\bin\Debug\net5.0\fine-code-coverage\build-output
TpTrace Verbose: 0 : 32920, 4, 2023/01/08, 19:36:04.970, 5488776560717, testhost.dll, TestPluginCache.DiscoverTestExtensions: Discovering the extensions using extension path.
TpTrace Verbose: 0 : 32920, 4, 2023/01/08, 19:36:04.970, 5488776560972, testhost.dll, TestPluginCache.GetExtensionPaths: Filtered extension paths: 
TpTrace Verbose: 0 : 32920, 4, 2023/01/08, 19:36:04.970, 5488776561290, testhost.dll, TestPluginCache.GetExtensionPaths: Added default extension paths: C:\Users\bobici\Source\Repos\vvs-zad1azma2\WhiteBox\bin\Debug\net5.0\fine-code-coverage\build-output\Microsoft.VisualStudio.TestPlatform.MSTest.TestAdapter.dll
TpTrace Verbose: 0 : 32920, 4, 2023/01/08, 19:36:04.970, 5488776561540, testhost.dll, TestPluginCache.GetExtensionPaths: Added unfilterableExtensionPaths: 
TpTrace Verbose: 0 : 32920, 4, 2023/01/08, 19:36:04.970, 5488776561787, testhost.dll, TestPluginCache.DiscoverTestExtensions: Discovering the extensions using allExtensionPaths: C:\Users\bobici\Source\Repos\vvs-zad1azma2\WhiteBox\bin\Debug\net5.0\fine-code-coverage\build-output\Microsoft.VisualStudio.TestPlatform.MSTest.TestAdapter.dll
TpTrace Information: 0 : 32920, 4, 2023/01/08, 19:36:04.970, 5488776562104, testhost.dll, AssemblyResolver.AddSearchDirectories: Adding more searchDirectories C:\Users\bobici\Source\Repos\vvs-zad1azma2\WhiteBox\bin\Debug\net5.0\fine-code-coverage\build-output
TpTrace Verbose: 0 : 32920, 4, 2023/01/08, 19:36:04.970, 5488776562716, testhost.dll, MetadataReaderExtensionsHelper: Discovering extensions inside assembly 'Microsoft.VisualStudio.TestPlatform.MSTest.TestAdapter, Version=14.0.0.0, Culture=neutral, PublicKeyToken=b03f5f7f11d50a3a' file path 'C:\Users\bobici\Source\Repos\vvs-zad1azma2\WhiteBox\bin\Debug\net5.0\fine-code-coverage\build-output\Microsoft.VisualStudio.TestPlatform.MSTest.TestAdapter.dll'
TpTrace Verbose: 0 : 32920, 4, 2023/01/08, 19:36:04.971, 5488776566353, testhost.dll, TestPluginCache: Discovered the extensions using extension path ''.
TpTrace Verbose: 0 : 32920, 4, 2023/01/08, 19:36:04.971, 5488776566700, testhost.dll, TestPluginCache: Discoverers are ''.
TpTrace Verbose: 0 : 32920, 4, 2023/01/08, 19:36:04.971, 5488776566994, testhost.dll, TestPluginCache: Executors are 'executor://MSTestAdapter/v2'.
TpTrace Verbose: 0 : 32920, 4, 2023/01/08, 19:36:04.971, 5488776567229, testhost.dll, TestPluginCache: Executors2 are ''.
TpTrace Verbose: 0 : 32920, 4, 2023/01/08, 19:36:04.971, 5488776567519, testhost.dll, TestPluginCache: Setting providers are ''.
TpTrace Verbose: 0 : 32920, 4, 2023/01/08, 19:36:04.971, 5488776567755, testhost.dll, TestPluginCache: Loggers are ''.
TpTrace Verbose: 0 : 32920, 4, 2023/01/08, 19:36:04.971, 5488776567976, testhost.dll, TestPluginCache: TestHosts are ''.
TpTrace Verbose: 0 : 32920, 4, 2023/01/08, 19:36:04.971, 5488776568191, testhost.dll, TestPluginCache: DataCollectors are ''.
TpTrace Verbose: 0 : 32920, 4, 2023/01/08, 19:36:04.971, 5488776575309, testhost.dll, TestExecutorService: Loaded the settings providers
TpTrace Information: 0 : 32920, 4, 2023/01/08, 19:36:04.971, 5488776575817, testhost.dll, TestExecutorService: Loaded the extensions
TpTrace Information: 0 : 32920, 4, 2023/01/08, 19:36:04.972, 5488776579593, testhost.dll, TestRequestHandler.OnMessageReceived: Running job 'TestExecution.StartWithSources'.
TpTrace Verbose: 0 : 32920, 4, 2023/01/08, 19:36:05.038, 5488777243390, testhost.dll, MulticastDelegateUtilities.SafeInvoke: TestCaseEventsHandler.RaiseSessionStart: Invoking callbacks was skipped because there are no subscribers.
TpTrace Information: 0 : 32920, 4, 2023/01/08, 19:36:05.043, 5488777289649, testhost.dll, TestDiscoveryManager: Discovering tests from sources C:\Users\bobici\Source\Repos\vvs-zad1azma2\WhiteBox\bin\Debug\net5.0\fine-code-coverage\build-output\WhiteBox.dll
TpTrace Verbose: 0 : 32920, 4, 2023/01/08, 19:36:05.044, 5488777305279, testhost.dll, TestPluginCache.DiscoverTestExtensions: finding test extensions in assemblies ends with: TestAdapter.dll TPluginInfo: Microsoft.VisualStudio.TestPlatform.Common.ExtensionFramework.Utilities.TestDiscovererPluginInformation TExtension: Microsoft.VisualStudio.TestPlatform.ObjectModel.Adapter.ITestDiscoverer
TpTrace Verbose: 0 : 32920, 4, 2023/01/08, 19:36:05.044, 5488777306038, testhost.dll, TestPluginCache.GetExtensionPaths: Filtered extension paths: 
TpTrace Verbose: 0 : 32920, 4, 2023/01/08, 19:36:05.045, 5488777306376, testhost.dll, TestPluginCache.GetExtensionPaths: Added default extension paths: C:\Users\bobici\Source\Repos\vvs-zad1azma2\WhiteBox\bin\Debug\net5.0\fine-code-coverage\build-output\Microsoft.VisualStudio.TestPlatform.MSTest.TestAdapter.dll
TpTrace Verbose: 0 : 32920, 4, 2023/01/08, 19:36:05.045, 5488777306687, testhost.dll, TestPluginCache.GetExtensionPaths: Added unfilterableExtensionPaths: 
TpTrace Information: 0 : 32920, 4, 2023/01/08, 19:36:05.045, 5488777307650, testhost.dll, AssemblyResolver.AddSearchDirectories: Adding more searchDirectories C:\Users\bobici\Source\Repos\vvs-zad1azma2\WhiteBox\bin\Debug\net5.0\fine-code-coverage\build-output
TpTrace Verbose: 0 : 32920, 4, 2023/01/08, 19:36:05.045, 5488777307985, testhost.dll, TestPluginCache.DiscoverTestExtensions: Discovering the extensions using extension path.
TpTrace Verbose: 0 : 32920, 4, 2023/01/08, 19:36:05.045, 5488777308300, testhost.dll, TestPluginCache.GetExtensionPaths: Filtered extension paths: 
TpTrace Verbose: 0 : 32920, 4, 2023/01/08, 19:36:05.045, 5488777308539, testhost.dll, TestPluginCache.GetExtensionPaths: Added default extension paths: C:\Users\bobici\Source\Repos\vvs-zad1azma2\WhiteBox\bin\Debug\net5.0\fine-code-coverage\build-output\Microsoft.VisualStudio.TestPlatform.MSTest.TestAdapter.dll
TpTrace Verbose: 0 : 32920, 4, 2023/01/08, 19:36:05.045, 5488777308774, testhost.dll, TestPluginCache.GetExtensionPaths: Added unfilterableExtensionPaths: 
TpTrace Verbose: 0 : 32920, 4, 2023/01/08, 19:36:05.045, 5488777309017, testhost.dll, TestPluginCache.DiscoverTestExtensions: Discovering the extensions using allExtensionPaths: C:\Users\bobici\Source\Repos\vvs-zad1azma2\WhiteBox\bin\Debug\net5.0\fine-code-coverage\build-output\Microsoft.VisualStudio.TestPlatform.MSTest.TestAdapter.dll
TpTrace Information: 0 : 32920, 4, 2023/01/08, 19:36:05.045, 5488777309412, testhost.dll, AssemblyResolver.AddSearchDirectories: Adding more searchDirectories C:\Users\bobici\Source\Repos\vvs-zad1azma2\WhiteBox\bin\Debug\net5.0\fine-code-coverage\build-output
TpTrace Verbose: 0 : 32920, 4, 2023/01/08, 19:36:05.045, 5488777310108, testhost.dll, MetadataReaderExtensionsHelper: Discovering extensions inside assembly 'Microsoft.VisualStudio.TestPlatform.MSTest.TestAdapter, Version=14.0.0.0, Culture=neutral, PublicKeyToken=b03f5f7f11d50a3a' file path 'C:\Users\bobici\Source\Repos\vvs-zad1azma2\WhiteBox\bin\Debug\net5.0\fine-code-coverage\build-output\Microsoft.VisualStudio.TestPlatform.MSTest.TestAdapter.dll'
TpTrace Information: 0 : 32920, 4, 2023/01/08, 19:36:05.047, 5488777327306, testhost.dll, GetTestExtensionFromType: Register extension with identifier data 'Microsoft.VisualStudio.TestPlatform.MSTest.TestAdapter.MSTestDiscoverer, Microsoft.VisualStudio.TestPlatform.MSTest.TestAdapter, Version=14.0.0.0, Culture=neutral, PublicKeyToken=b03f5f7f11d50a3a' and type 'Microsoft.VisualStudio.TestPlatform.MSTest.TestAdapter.MSTestDiscoverer, Microsoft.VisualStudio.TestPlatform.MSTest.TestAdapter, Version=14.0.0.0, Culture=neutral, PublicKeyToken=b03f5f7f11d50a3a' inside file 'C:\Users\bobici\Source\Repos\vvs-zad1azma2\WhiteBox\bin\Debug\net5.0\fine-code-coverage\build-output\Microsoft.VisualStudio.TestPlatform.MSTest.TestAdapter.dll'
TpTrace Verbose: 0 : 32920, 4, 2023/01/08, 19:36:05.047, 5488777328473, testhost.dll, TestPluginCache: Discovered the extensions using extension path ''.
TpTrace Verbose: 0 : 32920, 4, 2023/01/08, 19:36:05.047, 5488777328937, testhost.dll, TestPluginCache: Discoverers are 'Microsoft.VisualStudio.TestPlatform.MSTest.TestAdapter.MSTestDiscoverer, Microsoft.VisualStudio.TestPlatform.MSTest.TestAdapter, Version=14.0.0.0, Culture=neutral, PublicKeyToken=b03f5f7f11d50a3a'.
TpTrace Verbose: 0 : 32920, 4, 2023/01/08, 19:36:05.047, 5488777329229, testhost.dll, TestPluginCache: Executors are 'executor://MSTestAdapter/v2'.
TpTrace Verbose: 0 : 32920, 4, 2023/01/08, 19:36:05.047, 5488777329471, testhost.dll, TestPluginCache: Executors2 are ''.
TpTrace Verbose: 0 : 32920, 4, 2023/01/08, 19:36:05.047, 5488777329700, testhost.dll, TestPluginCache: Setting providers are ''.
TpTrace Verbose: 0 : 32920, 4, 2023/01/08, 19:36:05.047, 5488777329923, testhost.dll, TestPluginCache: Loggers are ''.
TpTrace Verbose: 0 : 32920, 4, 2023/01/08, 19:36:05.047, 5488777330211, testhost.dll, TestPluginCache: TestHosts are ''.
TpTrace Verbose: 0 : 32920, 4, 2023/01/08, 19:36:05.047, 5488777330443, testhost.dll, TestPluginCache: DataCollectors are ''.
TpTrace Verbose: 0 : 32920, 4, 2023/01/08, 19:36:05.052, 5488777379951, testhost.dll, BaseRunTests.RunTestInternalWithExecutors: Running tests for executor://MSTestAdapter/v2
TpTrace Information: 0 : 32920, 4, 2023/01/08, 19:36:05.052, 5488777383813, testhost.dll, AssemblyResolver.OnResolve: Microsoft.VisualStudio.TestPlatform.MSTestAdapter.PlatformServices.Interface: Resolving assembly.
TpTrace Information: 0 : 32920, 4, 2023/01/08, 19:36:05.052, 5488777384338, testhost.dll, AssemblyResolver.OnResolve: Microsoft.VisualStudio.TestPlatform.MSTestAdapter.PlatformServices.Interface: Searching in: 'C:\Users\bobici\Source\Repos\vvs-zad1azma2\WhiteBox\bin\Debug\net5.0\fine-code-coverage\build-output'.
TpTrace Information: 0 : 32920, 4, 2023/01/08, 19:36:05.053, 5488777386592, testhost.dll, AssemblyResolver.OnResolve: Microsoft.VisualStudio.TestPlatform.MSTestAdapter.PlatformServices.Interface: Loading assembly 'C:\Users\bobici\Source\Repos\vvs-zad1azma2\WhiteBox\bin\Debug\net5.0\fine-code-coverage\build-output\Microsoft.VisualStudio.TestPlatform.MSTestAdapter.PlatformServices.Interface.dll'.
TpTrace Information: 0 : 32920, 4, 2023/01/08, 19:36:05.053, 5488777391347, testhost.dll, AssemblyResolver.OnResolve: Resolved assembly: Microsoft.VisualStudio.TestPlatform.MSTestAdapter.PlatformServices.Interface, from path: C:\Users\bobici\Source\Repos\vvs-zad1azma2\WhiteBox\bin\Debug\net5.0\fine-code-coverage\build-output\Microsoft.VisualStudio.TestPlatform.MSTestAdapter.PlatformServices.Interface.dll
TpTrace Information: 0 : 32920, 4, 2023/01/08, 19:36:05.054, 5488777402464, testhost.dll, AssemblyResolver.OnResolve: Microsoft.VisualStudio.TestPlatform.MSTestAdapter.PlatformServices: Resolving assembly.
TpTrace Information: 0 : 32920, 4, 2023/01/08, 19:36:05.054, 5488777403208, testhost.dll, AssemblyResolver.OnResolve: Microsoft.VisualStudio.TestPlatform.MSTestAdapter.PlatformServices: Searching in: 'C:\Users\bobici\Source\Repos\vvs-zad1azma2\WhiteBox\bin\Debug\net5.0\fine-code-coverage\build-output'.
TpTrace Information: 0 : 32920, 4, 2023/01/08, 19:36:05.054, 5488777405247, testhost.dll, AssemblyResolver.OnResolve: Microsoft.VisualStudio.TestPlatform.MSTestAdapter.PlatformServices: Loading assembly 'C:\Users\bobici\Source\Repos\vvs-zad1azma2\WhiteBox\bin\Debug\net5.0\fine-code-coverage\build-output\Microsoft.VisualStudio.TestPlatform.MSTestAdapter.PlatformServices.dll'.
TpTrace Information: 0 : 32920, 4, 2023/01/08, 19:36:05.055, 5488777411219, testhost.dll, AssemblyResolver.OnResolve: Resolved assembly: Microsoft.VisualStudio.TestPlatform.MSTestAdapter.PlatformServices, from path: C:\Users\bobici\Source\Repos\vvs-zad1azma2\WhiteBox\bin\Debug\net5.0\fine-code-coverage\build-output\Microsoft.VisualStudio.TestPlatform.MSTestAdapter.PlatformServices.dll
TpTrace Information: 0 : 32920, 4, 2023/01/08, 19:36:05.055, 5488777414082, testhost.dll, MSTest - MSTestExecutor.RunTests: Running tests from sources.
TpTrace Information: 0 : 32920, 4, 2023/01/08, 19:36:05.057, 5488777435388, testhost.dll, MSTest - CollectSourceInformation value Found : False 
TpTrace Information: 0 : 32920, 4, 2023/01/08, 19:36:05.073, 5488777587173, testhost.dll, MSTest - DictionaryHelper.ConcatWithOverwrites: The source is null or empty, returning the overwrite dictionary.
TpTrace Information: 0 : 32920, 4, 2023/01/08, 19:36:05.076, 5488777625016, testhost.dll, MSTest - DictionaryHelper.ConcatWithOverwrites: The source is null or empty, returning the overwrite dictionary.
TpTrace Information: 0 : 32920, 4, 2023/01/08, 19:36:05.080, 5488777661216, testhost.dll, AssemblyResolver.OnResolve: Microsoft.TestPlatform.AdapterUtilities: Resolving assembly.
TpTrace Information: 0 : 32920, 4, 2023/01/08, 19:36:05.080, 5488777661910, testhost.dll, AssemblyResolver.OnResolve: Microsoft.TestPlatform.AdapterUtilities: Searching in: 'C:\Users\bobici\Source\Repos\vvs-zad1azma2\WhiteBox\bin\Debug\net5.0\fine-code-coverage\build-output'.
TpTrace Information: 0 : 32920, 4, 2023/01/08, 19:36:05.080, 5488777663863, testhost.dll, AssemblyResolver.OnResolve: Microsoft.TestPlatform.AdapterUtilities: Loading assembly 'C:\Users\bobici\Source\Repos\vvs-zad1azma2\WhiteBox\bin\Debug\net5.0\fine-code-coverage\build-output\Microsoft.TestPlatform.AdapterUtilities.dll'.
TpTrace Information: 0 : 32920, 4, 2023/01/08, 19:36:05.081, 5488777668212, testhost.dll, AssemblyResolver.OnResolve: Resolved assembly: Microsoft.TestPlatform.AdapterUtilities, from path: C:\Users\bobici\Source\Repos\vvs-zad1azma2\WhiteBox\bin\Debug\net5.0\fine-code-coverage\build-output\Microsoft.TestPlatform.AdapterUtilities.dll
TpTrace Information: 0 : 32920, 4, 2023/01/08, 19:36:05.098, 5488777845790, testhost.dll, MSTest - DictionaryHelper.ConcatWithOverwrites: The source is null or empty, returning the overwrite dictionary.
TpTrace Information: 0 : 32920, 4, 2023/01/08, 19:36:05.099, 5488777847499, testhost.dll, MSTest - MSTestDiscoverer: Found 2 tests from source C:\Users\bobici\Source\Repos\vvs-zad1azma2\WhiteBox\bin\Debug\net5.0\fine-code-coverage\build-output\WhiteBox.dll
TpTrace Information: 0 : 32920, 4, 2023/01/08, 19:36:05.113, 5488777995483, testhost.dll, AssemblyResolver.OnResolve: Microsoft.VisualStudio.TestPlatform.MSTestAdapter.PlatformServices.resources: Resolving assembly.
TpTrace Information: 0 : 32920, 4, 2023/01/08, 19:36:05.114, 5488777999338, testhost.dll, AssemblyResolver.OnResolve: Microsoft.VisualStudio.TestPlatform.MSTestAdapter.PlatformServices.resources: Searching in: 'C:\Users\bobici\Source\Repos\vvs-zad1azma2\WhiteBox\bin\Debug\net5.0\fine-code-coverage\build-output'.
TpTrace Information: 0 : 32920, 4, 2023/01/08, 19:36:05.114, 5488778002086, testhost.dll, AssemblyResolver.OnResolve: Microsoft.VisualStudio.TestPlatform.MSTestAdapter.PlatformServices.resources: Assembly path does not exist: 'C:\Users\bobici\Source\Repos\vvs-zad1azma2\WhiteBox\bin\Debug\net5.0\fine-code-coverage\build-output\Microsoft.VisualStudio.TestPlatform.MSTestAdapter.PlatformServices.resources.dll', returning.
TpTrace Information: 0 : 32920, 4, 2023/01/08, 19:36:05.114, 5488778002779, testhost.dll, AssemblyResolver.OnResolve: Microsoft.VisualStudio.TestPlatform.MSTestAdapter.PlatformServices.resources: Assembly path does not exist: 'C:\Users\bobici\Source\Repos\vvs-zad1azma2\WhiteBox\bin\Debug\net5.0\fine-code-coverage\build-output\Microsoft.VisualStudio.TestPlatform.MSTestAdapter.PlatformServices.resources.exe', returning.
TpTrace Information: 0 : 32920, 4, 2023/01/08, 19:36:05.114, 5488778003510, testhost.dll, AssemblyResolver.OnResolve: Microsoft.VisualStudio.TestPlatform.MSTestAdapter.PlatformServices.resources: Failed to load assembly.
TpTrace Information: 0 : 32920, 4, 2023/01/08, 19:36:05.115, 5488778006293, testhost.dll, AssemblyResolver.OnResolve: Microsoft.VisualStudio.TestPlatform.MSTestAdapter.PlatformServices.resources: Resolving assembly.
TpTrace Information: 0 : 32920, 4, 2023/01/08, 19:36:05.115, 5488778006659, testhost.dll, AssemblyResolver.OnResolve: Microsoft.VisualStudio.TestPlatform.MSTestAdapter.PlatformServices.resources: Resolved from cache.
TpTrace Information: 0 : 32920, 4, 2023/01/08, 19:36:05.122, 5488778081377, testhost.dll, MSTest - Created unit-test runner C:\Users\bobici\Source\Repos\vvs-zad1azma2\WhiteBox\bin\Debug\net5.0\fine-code-coverage\build-output\WhiteBox.dll
TpTrace Verbose: 0 : 32920, 4, 2023/01/08, 19:36:05.128, 5488778143712, testhost.dll, TestExecutionRecorder.RecordStart: Starting test: WhiteBox.UnitTest1.TestPut1.
TpTrace Verbose: 0 : 32920, 4, 2023/01/08, 19:36:05.184, 5488778696563, testhost.dll, MulticastDelegateUtilities.SafeInvoke: TestCaseEventsHandler.RaiseTestCaseStart: Invoking callback 1/1 for Microsoft.VisualStudio.TestPlatform.CrossPlatEngine.DataCollection.ProxyOutOfProcDataCollectionManager.TriggerTestCaseStart, took 52 ms.
TpTrace Information: 0 : 32920, 4, 2023/01/08, 19:36:05.186, 5488778721491, testhost.dll, MSTest - Executing test TestPut1
TpTrace Information: 0 : 32920, 4, 2023/01/08, 19:36:05.214, 5488778999036, testhost.dll, MSTest - Executed test TestPut1
TpTrace Verbose: 0 : 32920, 4, 2023/01/08, 19:36:05.218, 5488779045375, testhost.dll, TestExecutionRecorder.RecordEnd: test: WhiteBox.UnitTest1.TestPut1 execution completed.
TpTrace Verbose: 0 : 32920, 4, 2023/01/08, 19:36:05.232, 5488779177841, testhost.dll, MulticastDelegateUtilities.SafeInvoke: TestCaseEventsHandler.RaiseTestCaseEnd: Invoking callback 1/1 for Microsoft.VisualStudio.TestPlatform.CrossPlatEngine.DataCollection.ProxyOutOfProcDataCollectionManager.TriggerTestCaseEnd, took 12 ms.
TpTrace Verbose: 0 : 32920, 4, 2023/01/08, 19:36:05.233, 5488779186900, testhost.dll, TestExecutionRecorder.RecordResult: Received result for test: WhiteBox.UnitTest1.TestPut1.
TpTrace Verbose: 0 : 32920, 4, 2023/01/08, 19:36:05.234, 5488779200838, testhost.dll, MulticastDelegateUtilities.SafeInvoke: TestCaseEventsHandler.RaiseTestCaseEnd: Invoking callback 1/1 for Microsoft.VisualStudio.TestPlatform.CrossPlatEngine.DataCollection.ProxyOutOfProcDataCollectionManager.TriggerSendTestResult, took 1 ms.
TpTrace Warning: 0 : 32920, 4, 2023/01/08, 19:36:05.236, 5488779225394, testhost.dll, TestRunCache: InProgressTests is null
TpTrace Warning: 0 : 32920, 4, 2023/01/08, 19:36:05.237, 5488779226679, testhost.dll, TestRunCache: No test found corresponding to testResult 'TestPut1' in inProgress list.
TpTrace Verbose: 0 : 32920, 4, 2023/01/08, 19:36:05.237, 5488779227393, testhost.dll, TestExecutionRecorder.RecordStart: Starting test: WhiteBox.UnitTest1.TestPut2.
TpTrace Verbose: 0 : 32920, 4, 2023/01/08, 19:36:05.238, 5488779241070, testhost.dll, MulticastDelegateUtilities.SafeInvoke: TestCaseEventsHandler.RaiseTestCaseStart: Invoking callback 1/1 for Microsoft.VisualStudio.TestPlatform.CrossPlatEngine.DataCollection.ProxyOutOfProcDataCollectionManager.TriggerTestCaseStart, took 1 ms.
TpTrace Information: 0 : 32920, 4, 2023/01/08, 19:36:05.238, 5488779241617, testhost.dll, MSTest - Executing test TestPut2
TpTrace Information: 0 : 32920, 4, 2023/01/08, 19:36:05.239, 5488779246461, testhost.dll, MSTest - Executed test TestPut2
TpTrace Verbose: 0 : 32920, 4, 2023/01/08, 19:36:05.239, 5488779246983, testhost.dll, TestExecutionRecorder.RecordEnd: test: WhiteBox.UnitTest1.TestPut2 execution completed.
TpTrace Verbose: 0 : 32920, 4, 2023/01/08, 19:36:05.240, 5488779261541, testhost.dll, MulticastDelegateUtilities.SafeInvoke: TestCaseEventsHandler.RaiseTestCaseEnd: Invoking callback 1/1 for Microsoft.VisualStudio.TestPlatform.CrossPlatEngine.DataCollection.ProxyOutOfProcDataCollectionManager.TriggerTestCaseEnd, took 1 ms.
TpTrace Verbose: 0 : 32920, 4, 2023/01/08, 19:36:05.240, 5488779262806, testhost.dll, TestExecutionRecorder.RecordResult: Received result for test: WhiteBox.UnitTest1.TestPut2.
TpTrace Verbose: 0 : 32920, 4, 2023/01/08, 19:36:05.240, 5488779263479, testhost.dll, MulticastDelegateUtilities.SafeInvoke: TestCaseEventsHandler.RaiseTestCaseEnd: Invoking callback 1/1 for Microsoft.VisualStudio.TestPlatform.CrossPlatEngine.DataCollection.ProxyOutOfProcDataCollectionManager.TriggerSendTestResult, took 0 ms.
TpTrace Warning: 0 : 32920, 4, 2023/01/08, 19:36:05.240, 5488779263872, testhost.dll, TestRunCache: InProgressTests is null
TpTrace Warning: 0 : 32920, 4, 2023/01/08, 19:36:05.240, 5488779264122, testhost.dll, TestRunCache: No test found corresponding to testResult 'TestPut2' in inProgress list.
TpTrace Information: 0 : 32920, 4, 2023/01/08, 19:36:05.240, 5488779265757, testhost.dll, MSTest - Executing cleanup methods.
TpTrace Information: 0 : 32920, 4, 2023/01/08, 19:36:05.242, 5488779277245, testhost.dll, MSTest - Executed cleanup methods.
TpTrace Information: 0 : 32920, 4, 2023/01/08, 19:36:05.242, 5488779277936, testhost.dll, MSTest - Executed tests belonging to source C:\Users\bobici\Source\Repos\vvs-zad1azma2\WhiteBox\bin\Debug\net5.0\fine-code-coverage\build-output\WhiteBox.dll
TpTrace Information: 0 : 32920, 4, 2023/01/08, 19:36:05.242, 5488779279806, testhost.dll, Deleting deployment directory C:\Users\bobici\Source\Repos\vvs-zad1azma2\WhiteBox\bin\Debug\net5.0\fine-code-coverage\coverage-tool-output\Deploy_bobici 2023-01-08 19_36_05
TpTrace Information: 0 : 32920, 4, 2023/01/08, 19:36:05.244, 5488779297802, testhost.dll, Deleted deployment directory C:\Users\bobici\Source\Repos\vvs-zad1azma2\WhiteBox\bin\Debug\net5.0\fine-code-coverage\coverage-tool-output\Deploy_bobici 2023-01-08 19_36_05
TpTrace Verbose: 0 : 32920, 4, 2023/01/08, 19:36:05.244, 5488779301758, testhost.dll, BaseRunTests.RunTestInternalWithExecutors: Completed running tests for executor://MSTestAdapter/v2
TpTrace Verbose: 0 : 32920, 4, 2023/01/08, 19:36:05.245, 5488779311080, testhost.dll, MulticastDelegateUtilities.SafeInvoke: TestCaseEventsHandler.RaiseSessionEnd: Invoking callback 1/1 for Microsoft.VisualStudio.TestPlatform.CrossPlatEngine.DataCollection.ProxyOutOfProcDataCollectionManager.TriggerTestSessionEnd, took 0 ms.
TpTrace Information: 0 : 32920, 4, 2023/01/08, 19:36:05.248, 5488779341558, testhost.dll, Sending test run complete
TpTrace Verbose: 0 : 32920, 4, 2023/01/08, 19:36:05.277, 5488779635367, testhost.dll, TestRequestHandler.SendData: sending data from testhost: {"Version":7,"MessageType":"TestExecution.Completed","Payload":{"TestRunCompleteArgs":{"TestRunStatistics":{"ExecutedTests":2,"Stats":{"Passed":2}},"IsCanceled":false,"IsAborted":false,"Error":null,"AttachmentSets":[],"InvokedDataCollectors":[],"ElapsedTimeInRunningTests":"00:00:00.1957652","Metrics":{},"DiscoveredExtensions":{"TestDiscoverers":["Microsoft.VisualStudio.TestPlatform.MSTest.TestAdapter.MSTestDiscoverer, Microsoft.VisualStudio.TestPlatform.MSTest.TestAdapter, Version=14.0.0.0, Culture=neutral, PublicKeyToken=b03f5f7f11d50a3a"],"TestExecutors":["executor://MSTestAdapter/v2"],"TestExecutors2":[],"TestSettingsProviders":[]}},"LastRunTests":{"NewTestResults":[{"TestCase":{"Id":"bcad68e0-02e5-5ee3-bd07-47e5d3a60195","FullyQualifiedName":"WhiteBox.UnitTest1.TestPut1","DisplayName":"TestPut1","ExecutorUri":"executor://MSTestAdapter/v2","Source":"C:\\Users\\bobici\\Source\\Repos\\vvs-zad1azma2\\WhiteBox\\bin\\Debug\\net5.0\\fine-code-coverage\\build-output\\WhiteBox.dll","CodeFilePath":null,"LineNumber":-1,"Properties":[{"Key":{"Id":"TestCase.ManagedType","Label":"ManagedType","Category":"","Description":"","Attributes":1,"ValueType":"System.String"},"Value":"WhiteBox.UnitTest1"},{"Key":{"Id":"TestCase.ManagedMethod","Label":"ManagedMethod","Category":"","Description":"","Attributes":1,"ValueType":"System.String"},"Value":"TestPut1"},{"Key":{"Id":"MSTestDiscoverer.TestClassName","Label":"ClassName","Category":"","Description":"","Attributes":1,"ValueType":"System.String"},"Value":"WhiteBox.UnitTest1"},{"Key":{"Id":"TestCase.Hierarchy","Label":"Hierarchy","Category":"","Description":"","Attributes":2,"ValueType":"System.String[]"},"Value":["WhiteBox","UnitTest1"]},{"Key":{"Id":"TestObject.Traits","Label":"Traits","Category":"","Description":"","Attributes":5,"ValueType":"System.Collections.Generic.KeyValuePair`2[[System.String],[System.String]][]"},"Value":[]}]},"Attachments":[],"Outcome":1,"ErrorMessage":null,"ErrorStackTrace":null,"DisplayName":"TestPut1","Messages":[],"ComputerName":null,"Duration":"00:00:00.0142923","StartTime":"2023-01-08T19:36:05.1864735+01:00","EndTime":"2023-01-08T19:36:05.2143934+01:00","Properties":[{"Key":{"Id":"ExecutionId","Label":"ExecutionId","Category":"","Description":"","Attributes":1,"ValueType":"System.Guid"},"Value":"00000000-0000-0000-0000-000000000000"},{"Key":{"Id":"ParentExecId","Label":"ParentExecId","Category":"","Description":"","Attributes":1,"ValueType":"System.Guid"},"Value":"00000000-0000-0000-0000-000000000000"},{"Key":{"Id":"InnerResultsCount","Label":"InnerResultsCount","Category":"","Description":"","Attributes":1,"ValueType":"System.Int32"},"Value":0}]},{"TestCase":{"Id":"536ddc99-6e85-8b7e-0268-75c1748467d7","FullyQualifiedName":"WhiteBox.UnitTest1.TestPut2","DisplayName":"TestPut2","ExecutorUri":"executor://MSTestAdapter/v2","Source":"C:\\Users\\bobici\\Source\\Repos\\vvs-zad1azma2\\WhiteBox\\bin\\Debug\\net5.0\\fine-code-coverage\\build-output\\WhiteBox.dll","CodeFilePath":null,"LineNumber":-1,"Properties":[{"Key":{"Id":"TestCase.ManagedType","Label":"ManagedType","Category":"","Description":"","Attributes":1,"ValueType":"System.String"},"Value":"WhiteBox.UnitTest1"},{"Key":{"Id":"TestCase.ManagedMethod","Label":"ManagedMethod","Category":"","Description":"","Attributes":1,"ValueType":"System.String"},"Value":"TestPut2"},{"Key":{"Id":"MSTestDiscoverer.TestClassName","Label":"ClassName","Category":"","Description":"","Attributes":1,"ValueType":"System.String"},"Value":"WhiteBox.UnitTest1"},{"Key":{"Id":"TestCase.Hierarchy","Label":"Hierarchy","Category":"","Description":"","Attributes":2,"ValueType":"System.String[]"},"Value":["WhiteBox","UnitTest1"]},{"Key":{"Id":"TestObject.Traits","Label":"Traits","Category":"","Description":"","Attributes":5,"ValueType":"System.Collections.Generic.KeyValuePair`2[[System.String],[System.String]][]"},"Value":[]}]},"Attachments":[],"Outcome":1,"ErrorMessage":null,"ErrorStackTrace":null,"DisplayName":"TestPut2","Messages":[],"ComputerName":null,"Duration":"00:00:00.0002041","StartTime":"2023-01-08T19:36:05.2385466+01:00","EndTime":"2023-01-08T19:36:05.2390736+01:00","Properties":[{"Key":{"Id":"ExecutionId","Label":"ExecutionId","Category":"","Description":"","Attributes":1,"ValueType":"System.Guid"},"Value":"00000000-0000-0000-0000-000000000000"},{"Key":{"Id":"ParentExecId","Label":"ParentExecId","Category":"","Description":"","Attributes":1,"ValueType":"System.Guid"},"Value":"00000000-0000-0000-0000-000000000000"},{"Key":{"Id":"InnerResultsCount","Label":"InnerResultsCount","Category":"","Description":"","Attributes":1,"ValueType":"System.Int32"},"Value":0}]}],"TestRunStatistics":{"ExecutedTests":2,"Stats":{"Passed":2}},"ActiveTests":[]},"RunAttachments":[],"ExecutorUris":["executor://mstestadapter/v2"]}}
TpTrace Verbose: 0 : 32920, 4, 2023/01/08, 19:36:05.278, 5488779639142, testhost.dll, BaseRunTests.RunTests: Run is complete.
TpTrace Verbose: 0 : 32920, 6, 2023/01/08, 19:36:05.278, 5488779643945, testhost.dll, TcpClientExtensions.MessageLoopAsync: NotifyDataAvailable remoteEndPoint: [::ffff:127.0.0.1]:56001 localEndPoint: [::ffff:127.0.0.1]:56002
TpTrace Information: 0 : 32920, 6, 2023/01/08, 19:36:05.278, 5488779644710, testhost.dll, TestRequestHandler.OnMessageReceived: received message: (TestSession.Terminate) -> {"MessageType":"TestSession.Terminate","Payload":null}
TpTrace Information: 0 : 32920, 6, 2023/01/08, 19:36:05.278, 5488779645092, testhost.dll, Session End message received from server. Closing the connection.
TpTrace Information: 0 : 32920, 6, 2023/01/08, 19:36:05.279, 5488779647783, testhost.dll, SocketClient.Stop: Stop communication from server endpoint: 127.0.0.1:056001
TpTrace Information: 0 : 32920, 6, 2023/01/08, 19:36:05.279, 5488779648269, testhost.dll, SocketClient: Stop: Cancellation requested. Stopping message loop.
TpTrace Verbose: 0 : 32920, 6, 2023/01/08, 19:36:05.279, 5488779650006, testhost.dll, LengthPrefixCommunicationChannel.Dispose: Dispose reader and writer.
TpTrace Information: 0 : 32920, 6, 2023/01/08, 19:36:05.279, 5488779650549, testhost.dll, Closing the connection !
TpTrace Verbose: 0 : 32920, 6, 2023/01/08, 19:36:05.279, 5488779651048, testhost.dll, MulticastDelegateUtilities.SafeInvoke: LengthPrefixCommunicationChannel: MessageReceived: Invoking callback 1/1 for Microsoft.VisualStudio.TestPlatform.CommunicationUtilities.TestRequestHandler.OnMessageReceived, took 0 ms.
TpTrace Information: 0 : 32920, 6, 2023/01/08, 19:36:05.279, 5488779653381, testhost.dll, SocketClient.PrivateStop: Stop communication from server endpoint: 127.0.0.1:056001, error:
TpTrace Information: 0 : 32920, 1, 2023/01/08, 19:36:05.279, 5488779655446, testhost.dll, Closing the connection!
TpTrace Verbose: 0 : 32920, 6, 2023/01/08, 19:36:05.279, 5488779655470, testhost.dll, LengthPrefixCommunicationChannel.Dispose: Dispose reader and writer.
TpTrace Information: 0 : 32920, 1, 2023/01/08, 19:36:05.279, 5488779655962, testhost.dll, SocketClient.Stop: Stop communication from server endpoint: 127.0.0.1:056001
TpTrace Verbose: 0 : 32920, 6, 2023/01/08, 19:36:05.280, 5488779656359, testhost.dll, TcpClientExtensions.MessageLoopAsync: exiting MessageLoopAsync remoteEndPoint: [::ffff:127.0.0.1]:56001 localEndPoint: [::ffff:127.0.0.1]:56002
TpTrace Verbose: 0 : 32920, 1, 2023/01/08, 19:36:05.280, 5488779656642, testhost.dll, LengthPrefixCommunicationChannel.Dispose: Dispose reader and writer.
TpTrace Information: 0 : 32920, 1, 2023/01/08, 19:36:05.280, 5488779658136, testhost.dll, Testhost process exiting.
