TpTrace Verbose: 0 : 5280, 1, 2023/01/08, 21:28:03.895, 4699663811409, testhost.dll, Version: 17.3.2 Current process architecture: X64
TpTrace Verbose: 0 : 5280, 1, 2023/01/08, 21:28:03.897, 4699663828685, testhost.dll, Runtime location: C:\Program Files\dotnet\shared\Microsoft.NETCore.App\5.0.17
TpTrace Information: 0 : 5280, 1, 2023/01/08, 21:28:03.898, 4699663841421, testhost.dll, DefaultEngineInvoker.Invoke: Testhost process started with args :[--port, 63982],[--endpoint, 127.0.0.1:063982],[--role, client],[--parentprocessid, 5964],[--diag, C:\Users\Benjamin\Source\Repos\vvs-zad1\WhiteBox\bin\Debug\net5.0\fine-code-coverage\coverage-tool-output\diagnostics.host.23-01-08_21-28-03_76010_7.log],[--tracelevel, 4],[--datacollectionport, 63981],[--telemetryoptedin, false]
TpTrace Information: 0 : 5280, 1, 2023/01/08, 21:28:03.899, 4699663852215, testhost.dll, Setting up debug trace listener.
TpTrace Verbose: 0 : 5280, 1, 2023/01/08, 21:28:03.899, 4699663853512, testhost.dll, TestPlatformTraceListener.Setup: Replacing listener System.Diagnostics.DefaultTraceListener with TestHostTraceListener.
TpTrace Verbose: 0 : 5280, 1, 2023/01/08, 21:28:03.899, 4699663853918, testhost.dll, TestPlatformTraceListener.Setup: Added test platform trace listener.
TpTrace Information: 0 : 5280, 1, 2023/01/08, 21:28:03.900, 4699663857078, testhost.dll, DefaultEngineInvoker.SetParentProcessExitCallback: Monitoring parent process with id: '5964'
TpTrace Information: 0 : 5280, 1, 2023/01/08, 21:28:03.902, 4699663884416, testhost.dll, DefaultEngineInvoker.GetConnectionInfo: Initialize communication on endpoint address: '127.0.0.1:063982'
TpTrace Information: 0 : 5280, 1, 2023/01/08, 21:28:03.913, 4699663986004, testhost.dll, SocketClient.Start: connecting to server endpoint: 127.0.0.1:063982
TpTrace Information: 0 : 5280, 1, 2023/01/08, 21:28:03.918, 4699664035727, testhost.dll, DefaultEngineInvoker.ConnectToDatacollector: Connecting to datacollector, port: 63981
TpTrace Information: 0 : 5280, 8, 2023/01/08, 21:28:03.919, 4699664046089, testhost.dll, SocketClient.OnServerConnected: connected to server endpoint: 127.0.0.1:063982
TpTrace Information: 0 : 5280, 1, 2023/01/08, 21:28:03.920, 4699664063709, testhost.dll, Trying to connect to server on socket : 127.0.0.1:63981 
TpTrace Verbose: 0 : 5280, 1, 2023/01/08, 21:28:03.921, 4699664066502, testhost.dll, SocketCommunicationManager : SetupClientAsync : Attempting to connect to the server.
TpTrace Information: 0 : 5280, 10, 2023/01/08, 21:28:03.922, 4699664077170, testhost.dll, Connected to the server successfully 
TpTrace Information: 0 : 5280, 10, 2023/01/08, 21:28:03.922, 4699664077780, testhost.dll, Using the buffer size of 16384 bytes
TpTrace Verbose: 0 : 5280, 8, 2023/01/08, 21:28:03.922, 4699664077648, testhost.dll, MulticastDelegateUtilities.SafeInvoke: SocketClient: ServerConnected: Invoking callback 1/1 for Microsoft.VisualStudio.TestPlatform.CommunicationUtilities.TestRequestHandler.<InitializeCommunication>b__31_0, took 0 ms.
TpTrace Verbose: 0 : 5280, 8, 2023/01/08, 21:28:03.922, 4699664078446, testhost.dll, Connected to server, and starting MessageLoopAsync
TpTrace Verbose: 0 : 5280, 1, 2023/01/08, 21:28:03.922, 4699664078764, testhost.dll, SocketCommunicationManager.WaitForServerConnection took: 0 ms, with 90000 ms timeout, and finished with True.
TpTrace Information: 0 : 5280, 1, 2023/01/08, 21:28:03.922, 4699664079727, testhost.dll, DefaultEngineInvoker.Invoke: Start Request Processing.
TpTrace Information: 0 : 5280, 11, 2023/01/08, 21:28:03.923, 4699664085115, testhost.dll, DefaultEngineInvoker.StartProcessingAsync: Connected to vstest.console, Starting process requests.
TpTrace Verbose: 0 : 5280, 8, 2023/01/08, 21:28:03.924, 4699664098677, testhost.dll, TcpClientExtensions.MessageLoopAsync: Polling on remoteEndPoint: [::ffff:127.0.0.1]:63982 localEndPoint: [::ffff:127.0.0.1]:63983
TpTrace Verbose: 0 : 5280, 8, 2023/01/08, 21:28:03.924, 4699664101083, testhost.dll, TcpClientExtensions.MessageLoopAsync: NotifyDataAvailable remoteEndPoint: [::ffff:127.0.0.1]:63982 localEndPoint: [::ffff:127.0.0.1]:63983
TpTrace Information: 0 : 5280, 8, 2023/01/08, 21:28:03.927, 4699664131485, testhost.dll, TestRequestHandler.OnMessageReceived: received message: (ProtocolVersion) -> {"MessageType":"ProtocolVersion","Payload":7}
TpTrace Verbose: 0 : 5280, 8, 2023/01/08, 21:28:04.042, 4699665279978, testhost.dll, TestRequestHandler.SendData: sending data from testhost: {"Version":7,"MessageType":"TestSession.Message","Payload":{"MessageLevel":0,"Message":"Logging TestHost Diagnostics in file: C:\\Users\\Benjamin\\Source\\Repos\\vvs-zad1\\WhiteBox\\bin\\Debug\\net5.0\\fine-code-coverage\\coverage-tool-output\\diagnostics.host.23-01-08_21-28-03_76010_7.log"}}
TpTrace Verbose: 0 : 5280, 8, 2023/01/08, 21:28:04.042, 4699665281406, testhost.dll, MulticastDelegateUtilities.SafeInvoke: LengthPrefixCommunicationChannel: MessageReceived: Invoking callback 1/1 for Microsoft.VisualStudio.TestPlatform.CommunicationUtilities.TestRequestHandler.OnMessageReceived, took 116 ms.
TpTrace Verbose: 0 : 5280, 8, 2023/01/08, 21:28:04.042, 4699665281844, testhost.dll, TcpClientExtensions.MessageLoopAsync: Polling on remoteEndPoint: [::ffff:127.0.0.1]:63982 localEndPoint: [::ffff:127.0.0.1]:63983
TpTrace Verbose: 0 : 5280, 8, 2023/01/08, 21:28:04.042, 4699665282185, testhost.dll, TcpClientExtensions.MessageLoopAsync: NotifyDataAvailable remoteEndPoint: [::ffff:127.0.0.1]:63982 localEndPoint: [::ffff:127.0.0.1]:63983
TpTrace Information: 0 : 5280, 8, 2023/01/08, 21:28:04.042, 4699665282767, testhost.dll, TestRequestHandler.OnMessageReceived: received message: (TestExecution.Initialize) -> {"Version":7,"MessageType":"TestExecution.Initialize","Payload":["C:\\Users\\Benjamin\\Source\\Repos\\vvs-zad1\\WhiteBox\\bin\\Debug\\net5.0\\fine-code-coverage\\build-output\\Microsoft.VisualStudio.TestPlatform.MSTest.TestAdapter.dll"]}
TpTrace Verbose: 0 : 5280, 8, 2023/01/08, 21:28:04.049, 4699665351838, testhost.dll, MulticastDelegateUtilities.SafeInvoke: LengthPrefixCommunicationChannel: MessageReceived: Invoking callback 1/1 for Microsoft.VisualStudio.TestPlatform.CommunicationUtilities.TestRequestHandler.OnMessageReceived, took 6 ms.
TpTrace Verbose: 0 : 5280, 8, 2023/01/08, 21:28:04.049, 4699665352525, testhost.dll, TcpClientExtensions.MessageLoopAsync: Polling on remoteEndPoint: [::ffff:127.0.0.1]:63982 localEndPoint: [::ffff:127.0.0.1]:63983
TpTrace Verbose: 0 : 5280, 8, 2023/01/08, 21:28:04.049, 4699665352953, testhost.dll, TcpClientExtensions.MessageLoopAsync: NotifyDataAvailable remoteEndPoint: [::ffff:127.0.0.1]:63982 localEndPoint: [::ffff:127.0.0.1]:63983
TpTrace Information: 0 : 5280, 8, 2023/01/08, 21:28:04.049, 4699665353711, testhost.dll, TestRequestHandler.OnMessageReceived: received message: (TestExecution.StartWithSources) -> {"Version":7,"MessageType":"TestExecution.StartWithSources","Payload":{"AdapterSourceMap":{"_none_":["C:\\Users\\Benjamin\\Source\\Repos\\vvs-zad1\\WhiteBox\\bin\\Debug\\net5.0\\fine-code-coverage\\build-output\\WhiteBox.dll"]},"RunSettings":"<RunSettings>\r\n  <RunConfiguration>\r\n    <ResultsDirectory>C:\\Users\\Benjamin\\Source\\Repos\\vvs-zad1\\WhiteBox\\bin\\Debug\\net5.0\\fine-code-coverage\\coverage-tool-output</ResultsDirectory>\r\n    <TargetFrameworkVersion>.NETCoreApp,Version=v5.0</TargetFrameworkVersion>\r\n    <DesignMode>False</DesignMode>\r\n    <CollectSourceInformation>False</CollectSourceInformation>\r\n  </RunConfiguration>\r\n  <LoggerRunSettings>\r\n    <Loggers>\r\n      <Logger friendlyName=\"blame\" enabled=\"True\" />\r\n      <Logger friendlyName=\"Console\" uri=\"logger://microsoft/TestPlatform/ConsoleLogger/v1\" assemblyQualifiedName=\"Microsoft.VisualStudio.TestPlatform.CommandLine.Internal.ConsoleLogger, vstest.console, Version=15.0.0.0, Culture=neutral, PublicKeyToken=b03f5f7f11d50a3a\" codeBase=\"C:\\Program Files\\dotnet\\sdk\\7.0.100\\vstest.console.dll\" enabled=\"True\" />\r\n    </Loggers>\r\n  </LoggerRunSettings>\r\n  <DataCollectionRunSettings>\r\n    <DataCollectors>\r\n      <DataCollector friendlyName=\"blame\" enabled=\"True\">\r\n        <Configuration>\r\n          <ResultsDirectory>C:\\Users\\Benjamin\\Source\\Repos\\vvs-zad1\\WhiteBox\\bin\\Debug\\net5.0\\fine-code-coverage\\coverage-tool-output</ResultsDirectory>\r\n        </Configuration>\r\n      </DataCollector>\r\n    </DataCollectors>\r\n  </DataCollectionRunSettings>\r\n</RunSettings>","TestExecutionContext":{"FrequencyOfRunStatsChangeEvent":10,"RunStatsChangeEventTimeout":"00:00:01.5000000","InIsolation":false,"KeepAlive":false,"AreTestCaseLevelEventsRequired":false,"IsDebug":false,"TestCaseFilter":null,"FilterOptions":null},"Package":null}}
TpTrace Information: 0 : 5280, 4, 2023/01/08, 21:28:04.050, 4699665355437, testhost.dll, TestRequestHandler.OnMessageReceived: Running job 'TestExecution.Initialize'.
TpTrace Verbose: 0 : 5280, 4, 2023/01/08, 21:28:04.051, 4699665373774, testhost.dll, TestExecutorService: Loading the extensions
TpTrace Verbose: 0 : 5280, 4, 2023/01/08, 21:28:04.053, 4699665387940, testhost.dll, TestPluginCache.DiscoverTestExtensions: finding test extensions in assemblies ends with: TestAdapter.dll TPluginInfo: Microsoft.VisualStudio.TestPlatform.Common.ExtensionFramework.Utilities.TestExecutorPluginInformation TExtension: Microsoft.VisualStudio.TestPlatform.ObjectModel.Adapter.ITestExecutor
TpTrace Verbose: 0 : 5280, 4, 2023/01/08, 21:28:04.054, 4699665395644, testhost.dll, TestPluginCache.GetExtensionPaths: Filtered extension paths: 
TpTrace Verbose: 0 : 5280, 4, 2023/01/08, 21:28:04.054, 4699665398576, testhost.dll, TestPluginCache.GetExtensionPaths: Added default extension paths: C:\Users\Benjamin\Source\Repos\vvs-zad1\WhiteBox\bin\Debug\net5.0\fine-code-coverage\build-output\Microsoft.VisualStudio.TestPlatform.MSTest.TestAdapter.dll
TpTrace Verbose: 0 : 5280, 4, 2023/01/08, 21:28:04.054, 4699665398973, testhost.dll, TestPluginCache.GetExtensionPaths: Added unfilterableExtensionPaths: 
TpTrace Information: 0 : 5280, 4, 2023/01/08, 21:28:04.055, 4699665411722, testhost.dll, AssemblyResolver.ctor: Creating AssemblyResolver with searchDirectories C:\Users\Benjamin\Source\Repos\vvs-zad1\WhiteBox\bin\Debug\net5.0\fine-code-coverage\build-output
TpTrace Verbose: 0 : 5280, 4, 2023/01/08, 21:28:04.056, 4699665423871, testhost.dll, TestPluginCache.DiscoverTestExtensions: Discovering the extensions using extension path.
TpTrace Verbose: 0 : 5280, 4, 2023/01/08, 21:28:04.056, 4699665424673, testhost.dll, TestPluginCache.GetExtensionPaths: Filtered extension paths: 
TpTrace Verbose: 0 : 5280, 4, 2023/01/08, 21:28:04.057, 4699665424993, testhost.dll, TestPluginCache.GetExtensionPaths: Added default extension paths: C:\Users\Benjamin\Source\Repos\vvs-zad1\WhiteBox\bin\Debug\net5.0\fine-code-coverage\build-output\Microsoft.VisualStudio.TestPlatform.MSTest.TestAdapter.dll
TpTrace Verbose: 0 : 5280, 4, 2023/01/08, 21:28:04.057, 4699665425332, testhost.dll, TestPluginCache.GetExtensionPaths: Added unfilterableExtensionPaths: 
TpTrace Verbose: 0 : 5280, 4, 2023/01/08, 21:28:04.057, 4699665425809, testhost.dll, TestPluginCache.DiscoverTestExtensions: Discovering the extensions using allExtensionPaths: C:\Users\Benjamin\Source\Repos\vvs-zad1\WhiteBox\bin\Debug\net5.0\fine-code-coverage\build-output\Microsoft.VisualStudio.TestPlatform.MSTest.TestAdapter.dll
TpTrace Information: 0 : 5280, 4, 2023/01/08, 21:28:04.057, 4699665433476, testhost.dll, AssemblyResolver.AddSearchDirectories: Adding more searchDirectories C:\Users\Benjamin\Source\Repos\vvs-zad1\WhiteBox\bin\Debug\net5.0\fine-code-coverage\build-output
TpTrace Information: 0 : 5280, 4, 2023/01/08, 21:28:04.060, 4699665462357, testhost.dll, AssemblyResolver.OnResolve: Microsoft.VisualStudio.TestPlatform.MSTest.TestAdapter: Resolving assembly.
TpTrace Information: 0 : 5280, 4, 2023/01/08, 21:28:04.060, 4699665463538, testhost.dll, AssemblyResolver.OnResolve: Microsoft.VisualStudio.TestPlatform.MSTest.TestAdapter: Searching in: 'C:\Users\Benjamin\Source\Repos\vvs-zad1\WhiteBox\bin\Debug\net5.0\fine-code-coverage\build-output'.
TpTrace Information: 0 : 5280, 4, 2023/01/08, 21:28:04.061, 4699665471418, testhost.dll, AssemblyResolver.OnResolve: Microsoft.VisualStudio.TestPlatform.MSTest.TestAdapter: Loading assembly 'C:\Users\Benjamin\Source\Repos\vvs-zad1\WhiteBox\bin\Debug\net5.0\fine-code-coverage\build-output\Microsoft.VisualStudio.TestPlatform.MSTest.TestAdapter.dll'.
TpTrace Information: 0 : 5280, 4, 2023/01/08, 21:28:04.062, 4699665476682, testhost.dll, AssemblyResolver.OnResolve: Resolved assembly: Microsoft.VisualStudio.TestPlatform.MSTest.TestAdapter, from path: C:\Users\Benjamin\Source\Repos\vvs-zad1\WhiteBox\bin\Debug\net5.0\fine-code-coverage\build-output\Microsoft.VisualStudio.TestPlatform.MSTest.TestAdapter.dll
TpTrace Verbose: 0 : 5280, 4, 2023/01/08, 21:28:04.070, 4699665559570, testhost.dll, MetadataReaderExtensionsHelper: Discovering extensions inside assembly 'Microsoft.VisualStudio.TestPlatform.MSTest.TestAdapter, Version=14.0.0.0, Culture=neutral, PublicKeyToken=b03f5f7f11d50a3a' file path 'C:\Users\Benjamin\Source\Repos\vvs-zad1\WhiteBox\bin\Debug\net5.0\fine-code-coverage\build-output\Microsoft.VisualStudio.TestPlatform.MSTest.TestAdapter.dll'
TpTrace Verbose: 0 : 5280, 8, 2023/01/08, 21:28:04.075, 4699665607570, testhost.dll, MulticastDelegateUtilities.SafeInvoke: LengthPrefixCommunicationChannel: MessageReceived: Invoking callback 1/1 for Microsoft.VisualStudio.TestPlatform.CommunicationUtilities.TestRequestHandler.OnMessageReceived, took 25 ms.
TpTrace Verbose: 0 : 5280, 8, 2023/01/08, 21:28:04.075, 4699665608308, testhost.dll, TcpClientExtensions.MessageLoopAsync: Polling on remoteEndPoint: [::ffff:127.0.0.1]:63982 localEndPoint: [::ffff:127.0.0.1]:63983
TpTrace Information: 0 : 5280, 4, 2023/01/08, 21:28:04.077, 4699665633036, testhost.dll, GetTestExtensionFromType: Register extension with identifier data 'executor://MSTestAdapter/v2' and type 'Microsoft.VisualStudio.TestPlatform.MSTest.TestAdapter.MSTestExecutor, Microsoft.VisualStudio.TestPlatform.MSTest.TestAdapter, Version=14.0.0.0, Culture=neutral, PublicKeyToken=b03f5f7f11d50a3a' inside file 'C:\Users\Benjamin\Source\Repos\vvs-zad1\WhiteBox\bin\Debug\net5.0\fine-code-coverage\build-output\Microsoft.VisualStudio.TestPlatform.MSTest.TestAdapter.dll'
TpTrace Verbose: 0 : 5280, 4, 2023/01/08, 21:28:04.079, 4699665651689, testhost.dll, TestPluginCache: Discovered the extensions using extension path ''.
TpTrace Verbose: 0 : 5280, 4, 2023/01/08, 21:28:04.080, 4699665655752, testhost.dll, TestPluginCache: Discoverers are ''.
TpTrace Verbose: 0 : 5280, 4, 2023/01/08, 21:28:04.080, 4699665656359, testhost.dll, TestPluginCache: Executors are 'executor://MSTestAdapter/v2'.
TpTrace Verbose: 0 : 5280, 4, 2023/01/08, 21:28:04.080, 4699665656973, testhost.dll, TestPluginCache: Executors2 are ''.
TpTrace Verbose: 0 : 5280, 4, 2023/01/08, 21:28:04.080, 4699665657494, testhost.dll, TestPluginCache: Setting providers are ''.
TpTrace Verbose: 0 : 5280, 4, 2023/01/08, 21:28:04.080, 4699665657989, testhost.dll, TestPluginCache: Loggers are ''.
TpTrace Verbose: 0 : 5280, 4, 2023/01/08, 21:28:04.080, 4699665658475, testhost.dll, TestPluginCache: TestHosts are ''.
TpTrace Verbose: 0 : 5280, 4, 2023/01/08, 21:28:04.080, 4699665658955, testhost.dll, TestPluginCache: DataCollectors are ''.
TpTrace Verbose: 0 : 5280, 4, 2023/01/08, 21:28:04.082, 4699665680932, testhost.dll, TestPluginCache.DiscoverTestExtensions: finding test extensions in assemblies ends with: TestAdapter.dll TPluginInfo: Microsoft.VisualStudio.TestPlatform.Common.ExtensionFramework.Utilities.TestExecutorPluginInformation2 TExtension: Microsoft.VisualStudio.TestPlatform.ObjectModel.Adapter.ITestExecutor2
TpTrace Verbose: 0 : 5280, 4, 2023/01/08, 21:28:04.082, 4699665682843, testhost.dll, TestPluginCache.GetExtensionPaths: Filtered extension paths: 
TpTrace Verbose: 0 : 5280, 4, 2023/01/08, 21:28:04.082, 4699665683297, testhost.dll, TestPluginCache.GetExtensionPaths: Added default extension paths: C:\Users\Benjamin\Source\Repos\vvs-zad1\WhiteBox\bin\Debug\net5.0\fine-code-coverage\build-output\Microsoft.VisualStudio.TestPlatform.MSTest.TestAdapter.dll
TpTrace Verbose: 0 : 5280, 4, 2023/01/08, 21:28:04.082, 4699665683565, testhost.dll, TestPluginCache.GetExtensionPaths: Added unfilterableExtensionPaths: 
TpTrace Information: 0 : 5280, 4, 2023/01/08, 21:28:04.083, 4699665685307, testhost.dll, AssemblyResolver.AddSearchDirectories: Adding more searchDirectories C:\Users\Benjamin\Source\Repos\vvs-zad1\WhiteBox\bin\Debug\net5.0\fine-code-coverage\build-output
TpTrace Verbose: 0 : 5280, 4, 2023/01/08, 21:28:04.083, 4699665685727, testhost.dll, TestPluginCache.DiscoverTestExtensions: Discovering the extensions using extension path.
TpTrace Verbose: 0 : 5280, 4, 2023/01/08, 21:28:04.083, 4699665686004, testhost.dll, TestPluginCache.GetExtensionPaths: Filtered extension paths: 
TpTrace Verbose: 0 : 5280, 4, 2023/01/08, 21:28:04.083, 4699665686283, testhost.dll, TestPluginCache.GetExtensionPaths: Added default extension paths: C:\Users\Benjamin\Source\Repos\vvs-zad1\WhiteBox\bin\Debug\net5.0\fine-code-coverage\build-output\Microsoft.VisualStudio.TestPlatform.MSTest.TestAdapter.dll
TpTrace Verbose: 0 : 5280, 4, 2023/01/08, 21:28:04.083, 4699665686527, testhost.dll, TestPluginCache.GetExtensionPaths: Added unfilterableExtensionPaths: 
TpTrace Verbose: 0 : 5280, 4, 2023/01/08, 21:28:04.083, 4699665686774, testhost.dll, TestPluginCache.DiscoverTestExtensions: Discovering the extensions using allExtensionPaths: C:\Users\Benjamin\Source\Repos\vvs-zad1\WhiteBox\bin\Debug\net5.0\fine-code-coverage\build-output\Microsoft.VisualStudio.TestPlatform.MSTest.TestAdapter.dll
TpTrace Information: 0 : 5280, 4, 2023/01/08, 21:28:04.083, 4699665687103, testhost.dll, AssemblyResolver.AddSearchDirectories: Adding more searchDirectories C:\Users\Benjamin\Source\Repos\vvs-zad1\WhiteBox\bin\Debug\net5.0\fine-code-coverage\build-output
TpTrace Verbose: 0 : 5280, 4, 2023/01/08, 21:28:04.083, 4699665687690, testhost.dll, MetadataReaderExtensionsHelper: Discovering extensions inside assembly 'Microsoft.VisualStudio.TestPlatform.MSTest.TestAdapter, Version=14.0.0.0, Culture=neutral, PublicKeyToken=b03f5f7f11d50a3a' file path 'C:\Users\Benjamin\Source\Repos\vvs-zad1\WhiteBox\bin\Debug\net5.0\fine-code-coverage\build-output\Microsoft.VisualStudio.TestPlatform.MSTest.TestAdapter.dll'
TpTrace Verbose: 0 : 5280, 4, 2023/01/08, 21:28:04.083, 4699665691823, testhost.dll, TestPluginCache: Discovered the extensions using extension path ''.
TpTrace Verbose: 0 : 5280, 4, 2023/01/08, 21:28:04.083, 4699665692197, testhost.dll, TestPluginCache: Discoverers are ''.
TpTrace Verbose: 0 : 5280, 4, 2023/01/08, 21:28:04.083, 4699665692584, testhost.dll, TestPluginCache: Executors are 'executor://MSTestAdapter/v2'.
TpTrace Verbose: 0 : 5280, 4, 2023/01/08, 21:28:04.083, 4699665693456, testhost.dll, TestPluginCache: Executors2 are ''.
TpTrace Verbose: 0 : 5280, 4, 2023/01/08, 21:28:04.083, 4699665693787, testhost.dll, TestPluginCache: Setting providers are ''.
TpTrace Verbose: 0 : 5280, 4, 2023/01/08, 21:28:04.083, 4699665694012, testhost.dll, TestPluginCache: Loggers are ''.
TpTrace Verbose: 0 : 5280, 4, 2023/01/08, 21:28:04.083, 4699665694232, testhost.dll, TestPluginCache: TestHosts are ''.
TpTrace Verbose: 0 : 5280, 4, 2023/01/08, 21:28:04.083, 4699665694450, testhost.dll, TestPluginCache: DataCollectors are ''.
TpTrace Information: 0 : 5280, 4, 2023/01/08, 21:28:04.088, 4699665735812, testhost.dll, TestPluginManager.CreateTestExtension: Attempting to load test extension: Microsoft.VisualStudio.TestPlatform.MSTest.TestAdapter.MSTestExecutor
TpTrace Verbose: 0 : 5280, 4, 2023/01/08, 21:28:04.094, 4699665798484, testhost.dll, TestExecutorExtensionManager: Loading executor Microsoft.VisualStudio.TestPlatform.MSTest.TestAdapter.MSTestExecutor
TpTrace Verbose: 0 : 5280, 4, 2023/01/08, 21:28:04.094, 4699665799249, testhost.dll, TestExecutorService: Loaded the executors
TpTrace Verbose: 0 : 5280, 4, 2023/01/08, 21:28:04.095, 4699665806081, testhost.dll, TestPluginCache.DiscoverTestExtensions: finding test extensions in assemblies ends with: TestAdapter.dll TPluginInfo: Microsoft.VisualStudio.TestPlatform.Common.ExtensionFramework.Utilities.TestSettingsProviderPluginInformation TExtension: Microsoft.VisualStudio.TestPlatform.ObjectModel.Adapter.ISettingsProvider
TpTrace Verbose: 0 : 5280, 4, 2023/01/08, 21:28:04.095, 4699665806923, testhost.dll, TestPluginCache.GetExtensionPaths: Filtered extension paths: 
TpTrace Verbose: 0 : 5280, 4, 2023/01/08, 21:28:04.095, 4699665807307, testhost.dll, TestPluginCache.GetExtensionPaths: Added default extension paths: C:\Users\Benjamin\Source\Repos\vvs-zad1\WhiteBox\bin\Debug\net5.0\fine-code-coverage\build-output\Microsoft.VisualStudio.TestPlatform.MSTest.TestAdapter.dll
TpTrace Verbose: 0 : 5280, 4, 2023/01/08, 21:28:04.095, 4699665807579, testhost.dll, TestPluginCache.GetExtensionPaths: Added unfilterableExtensionPaths: 
TpTrace Information: 0 : 5280, 4, 2023/01/08, 21:28:04.095, 4699665808719, testhost.dll, AssemblyResolver.AddSearchDirectories: Adding more searchDirectories C:\Users\Benjamin\Source\Repos\vvs-zad1\WhiteBox\bin\Debug\net5.0\fine-code-coverage\build-output
TpTrace Verbose: 0 : 5280, 4, 2023/01/08, 21:28:04.095, 4699665809062, testhost.dll, TestPluginCache.DiscoverTestExtensions: Discovering the extensions using extension path.
TpTrace Verbose: 0 : 5280, 4, 2023/01/08, 21:28:04.095, 4699665809321, testhost.dll, TestPluginCache.GetExtensionPaths: Filtered extension paths: 
TpTrace Verbose: 0 : 5280, 4, 2023/01/08, 21:28:04.095, 4699665809622, testhost.dll, TestPluginCache.GetExtensionPaths: Added default extension paths: C:\Users\Benjamin\Source\Repos\vvs-zad1\WhiteBox\bin\Debug\net5.0\fine-code-coverage\build-output\Microsoft.VisualStudio.TestPlatform.MSTest.TestAdapter.dll
TpTrace Verbose: 0 : 5280, 4, 2023/01/08, 21:28:04.095, 4699665809874, testhost.dll, TestPluginCache.GetExtensionPaths: Added unfilterableExtensionPaths: 
TpTrace Verbose: 0 : 5280, 4, 2023/01/08, 21:28:04.095, 4699665810128, testhost.dll, TestPluginCache.DiscoverTestExtensions: Discovering the extensions using allExtensionPaths: C:\Users\Benjamin\Source\Repos\vvs-zad1\WhiteBox\bin\Debug\net5.0\fine-code-coverage\build-output\Microsoft.VisualStudio.TestPlatform.MSTest.TestAdapter.dll
TpTrace Information: 0 : 5280, 4, 2023/01/08, 21:28:04.095, 4699665810455, testhost.dll, AssemblyResolver.AddSearchDirectories: Adding more searchDirectories C:\Users\Benjamin\Source\Repos\vvs-zad1\WhiteBox\bin\Debug\net5.0\fine-code-coverage\build-output
TpTrace Verbose: 0 : 5280, 4, 2023/01/08, 21:28:04.095, 4699665811148, testhost.dll, MetadataReaderExtensionsHelper: Discovering extensions inside assembly 'Microsoft.VisualStudio.TestPlatform.MSTest.TestAdapter, Version=14.0.0.0, Culture=neutral, PublicKeyToken=b03f5f7f11d50a3a' file path 'C:\Users\Benjamin\Source\Repos\vvs-zad1\WhiteBox\bin\Debug\net5.0\fine-code-coverage\build-output\Microsoft.VisualStudio.TestPlatform.MSTest.TestAdapter.dll'
TpTrace Verbose: 0 : 5280, 4, 2023/01/08, 21:28:04.096, 4699665814803, testhost.dll, TestPluginCache: Discovered the extensions using extension path ''.
TpTrace Verbose: 0 : 5280, 4, 2023/01/08, 21:28:04.096, 4699665815169, testhost.dll, TestPluginCache: Discoverers are ''.
TpTrace Verbose: 0 : 5280, 4, 2023/01/08, 21:28:04.096, 4699665815521, testhost.dll, TestPluginCache: Executors are 'executor://MSTestAdapter/v2'.
TpTrace Verbose: 0 : 5280, 4, 2023/01/08, 21:28:04.096, 4699665815771, testhost.dll, TestPluginCache: Executors2 are ''.
TpTrace Verbose: 0 : 5280, 4, 2023/01/08, 21:28:04.096, 4699665816085, testhost.dll, TestPluginCache: Setting providers are ''.
TpTrace Verbose: 0 : 5280, 4, 2023/01/08, 21:28:04.096, 4699665816325, testhost.dll, TestPluginCache: Loggers are ''.
TpTrace Verbose: 0 : 5280, 4, 2023/01/08, 21:28:04.096, 4699665816546, testhost.dll, TestPluginCache: TestHosts are ''.
TpTrace Verbose: 0 : 5280, 4, 2023/01/08, 21:28:04.096, 4699665816761, testhost.dll, TestPluginCache: DataCollectors are ''.
TpTrace Verbose: 0 : 5280, 4, 2023/01/08, 21:28:04.096, 4699665824167, testhost.dll, TestExecutorService: Loaded the settings providers
TpTrace Information: 0 : 5280, 4, 2023/01/08, 21:28:04.096, 4699665824657, testhost.dll, TestExecutorService: Loaded the extensions
TpTrace Information: 0 : 5280, 4, 2023/01/08, 21:28:04.097, 4699665828598, testhost.dll, TestRequestHandler.OnMessageReceived: Running job 'TestExecution.StartWithSources'.
TpTrace Verbose: 0 : 5280, 4, 2023/01/08, 21:28:04.154, 4699666404452, testhost.dll, MulticastDelegateUtilities.SafeInvoke: TestCaseEventsHandler.RaiseSessionStart: Invoking callbacks was skipped because there are no subscribers.
TpTrace Information: 0 : 5280, 4, 2023/01/08, 21:28:04.158, 4699666436008, testhost.dll, TestDiscoveryManager: Discovering tests from sources C:\Users\Benjamin\Source\Repos\vvs-zad1\WhiteBox\bin\Debug\net5.0\fine-code-coverage\build-output\WhiteBox.dll
TpTrace Verbose: 0 : 5280, 4, 2023/01/08, 21:28:04.159, 4699666451835, testhost.dll, TestPluginCache.DiscoverTestExtensions: finding test extensions in assemblies ends with: TestAdapter.dll TPluginInfo: Microsoft.VisualStudio.TestPlatform.Common.ExtensionFramework.Utilities.TestDiscovererPluginInformation TExtension: Microsoft.VisualStudio.TestPlatform.ObjectModel.Adapter.ITestDiscoverer
TpTrace Verbose: 0 : 5280, 4, 2023/01/08, 21:28:04.159, 4699666452788, testhost.dll, TestPluginCache.GetExtensionPaths: Filtered extension paths: 
TpTrace Verbose: 0 : 5280, 4, 2023/01/08, 21:28:04.159, 4699666453136, testhost.dll, TestPluginCache.GetExtensionPaths: Added default extension paths: C:\Users\Benjamin\Source\Repos\vvs-zad1\WhiteBox\bin\Debug\net5.0\fine-code-coverage\build-output\Microsoft.VisualStudio.TestPlatform.MSTest.TestAdapter.dll
TpTrace Verbose: 0 : 5280, 4, 2023/01/08, 21:28:04.159, 4699666453444, testhost.dll, TestPluginCache.GetExtensionPaths: Added unfilterableExtensionPaths: 
TpTrace Information: 0 : 5280, 4, 2023/01/08, 21:28:04.159, 4699666454452, testhost.dll, AssemblyResolver.AddSearchDirectories: Adding more searchDirectories C:\Users\Benjamin\Source\Repos\vvs-zad1\WhiteBox\bin\Debug\net5.0\fine-code-coverage\build-output
TpTrace Verbose: 0 : 5280, 4, 2023/01/08, 21:28:04.160, 4699666454864, testhost.dll, TestPluginCache.DiscoverTestExtensions: Discovering the extensions using extension path.
TpTrace Verbose: 0 : 5280, 4, 2023/01/08, 21:28:04.160, 4699666455151, testhost.dll, TestPluginCache.GetExtensionPaths: Filtered extension paths: 
TpTrace Verbose: 0 : 5280, 4, 2023/01/08, 21:28:04.160, 4699666455436, testhost.dll, TestPluginCache.GetExtensionPaths: Added default extension paths: C:\Users\Benjamin\Source\Repos\vvs-zad1\WhiteBox\bin\Debug\net5.0\fine-code-coverage\build-output\Microsoft.VisualStudio.TestPlatform.MSTest.TestAdapter.dll
TpTrace Verbose: 0 : 5280, 4, 2023/01/08, 21:28:04.160, 4699666455673, testhost.dll, TestPluginCache.GetExtensionPaths: Added unfilterableExtensionPaths: 
TpTrace Verbose: 0 : 5280, 4, 2023/01/08, 21:28:04.160, 4699666455917, testhost.dll, TestPluginCache.DiscoverTestExtensions: Discovering the extensions using allExtensionPaths: C:\Users\Benjamin\Source\Repos\vvs-zad1\WhiteBox\bin\Debug\net5.0\fine-code-coverage\build-output\Microsoft.VisualStudio.TestPlatform.MSTest.TestAdapter.dll
TpTrace Information: 0 : 5280, 4, 2023/01/08, 21:28:04.160, 4699666456285, testhost.dll, AssemblyResolver.AddSearchDirectories: Adding more searchDirectories C:\Users\Benjamin\Source\Repos\vvs-zad1\WhiteBox\bin\Debug\net5.0\fine-code-coverage\build-output
TpTrace Verbose: 0 : 5280, 4, 2023/01/08, 21:28:04.160, 4699666457031, testhost.dll, MetadataReaderExtensionsHelper: Discovering extensions inside assembly 'Microsoft.VisualStudio.TestPlatform.MSTest.TestAdapter, Version=14.0.0.0, Culture=neutral, PublicKeyToken=b03f5f7f11d50a3a' file path 'C:\Users\Benjamin\Source\Repos\vvs-zad1\WhiteBox\bin\Debug\net5.0\fine-code-coverage\build-output\Microsoft.VisualStudio.TestPlatform.MSTest.TestAdapter.dll'
TpTrace Information: 0 : 5280, 4, 2023/01/08, 21:28:04.162, 4699666474949, testhost.dll, GetTestExtensionFromType: Register extension with identifier data 'Microsoft.VisualStudio.TestPlatform.MSTest.TestAdapter.MSTestDiscoverer, Microsoft.VisualStudio.TestPlatform.MSTest.TestAdapter, Version=14.0.0.0, Culture=neutral, PublicKeyToken=b03f5f7f11d50a3a' and type 'Microsoft.VisualStudio.TestPlatform.MSTest.TestAdapter.MSTestDiscoverer, Microsoft.VisualStudio.TestPlatform.MSTest.TestAdapter, Version=14.0.0.0, Culture=neutral, PublicKeyToken=b03f5f7f11d50a3a' inside file 'C:\Users\Benjamin\Source\Repos\vvs-zad1\WhiteBox\bin\Debug\net5.0\fine-code-coverage\build-output\Microsoft.VisualStudio.TestPlatform.MSTest.TestAdapter.dll'
TpTrace Verbose: 0 : 5280, 4, 2023/01/08, 21:28:04.162, 4699666476062, testhost.dll, TestPluginCache: Discovered the extensions using extension path ''.
TpTrace Verbose: 0 : 5280, 4, 2023/01/08, 21:28:04.162, 4699666476587, testhost.dll, TestPluginCache: Discoverers are 'Microsoft.VisualStudio.TestPlatform.MSTest.TestAdapter.MSTestDiscoverer, Microsoft.VisualStudio.TestPlatform.MSTest.TestAdapter, Version=14.0.0.0, Culture=neutral, PublicKeyToken=b03f5f7f11d50a3a'.
TpTrace Verbose: 0 : 5280, 4, 2023/01/08, 21:28:04.162, 4699666476888, testhost.dll, TestPluginCache: Executors are 'executor://MSTestAdapter/v2'.
TpTrace Verbose: 0 : 5280, 4, 2023/01/08, 21:28:04.162, 4699666477135, testhost.dll, TestPluginCache: Executors2 are ''.
TpTrace Verbose: 0 : 5280, 4, 2023/01/08, 21:28:04.162, 4699666477364, testhost.dll, TestPluginCache: Setting providers are ''.
TpTrace Verbose: 0 : 5280, 4, 2023/01/08, 21:28:04.162, 4699666477587, testhost.dll, TestPluginCache: Loggers are ''.
TpTrace Verbose: 0 : 5280, 4, 2023/01/08, 21:28:04.162, 4699666477806, testhost.dll, TestPluginCache: TestHosts are ''.
TpTrace Verbose: 0 : 5280, 4, 2023/01/08, 21:28:04.162, 4699666478106, testhost.dll, TestPluginCache: DataCollectors are ''.
TpTrace Verbose: 0 : 5280, 4, 2023/01/08, 21:28:04.166, 4699666523978, testhost.dll, BaseRunTests.RunTestInternalWithExecutors: Running tests for executor://MSTestAdapter/v2
TpTrace Information: 0 : 5280, 4, 2023/01/08, 21:28:04.167, 4699666530383, testhost.dll, AssemblyResolver.OnResolve: Microsoft.VisualStudio.TestPlatform.MSTestAdapter.PlatformServices.Interface: Resolving assembly.
TpTrace Information: 0 : 5280, 4, 2023/01/08, 21:28:04.167, 4699666531286, testhost.dll, AssemblyResolver.OnResolve: Microsoft.VisualStudio.TestPlatform.MSTestAdapter.PlatformServices.Interface: Searching in: 'C:\Users\Benjamin\Source\Repos\vvs-zad1\WhiteBox\bin\Debug\net5.0\fine-code-coverage\build-output'.
TpTrace Information: 0 : 5280, 4, 2023/01/08, 21:28:04.167, 4699666533490, testhost.dll, AssemblyResolver.OnResolve: Microsoft.VisualStudio.TestPlatform.MSTestAdapter.PlatformServices.Interface: Loading assembly 'C:\Users\Benjamin\Source\Repos\vvs-zad1\WhiteBox\bin\Debug\net5.0\fine-code-coverage\build-output\Microsoft.VisualStudio.TestPlatform.MSTestAdapter.PlatformServices.Interface.dll'.
TpTrace Information: 0 : 5280, 4, 2023/01/08, 21:28:04.168, 4699666536907, testhost.dll, AssemblyResolver.OnResolve: Resolved assembly: Microsoft.VisualStudio.TestPlatform.MSTestAdapter.PlatformServices.Interface, from path: C:\Users\Benjamin\Source\Repos\vvs-zad1\WhiteBox\bin\Debug\net5.0\fine-code-coverage\build-output\Microsoft.VisualStudio.TestPlatform.MSTestAdapter.PlatformServices.Interface.dll
TpTrace Information: 0 : 5280, 4, 2023/01/08, 21:28:04.169, 4699666547415, testhost.dll, AssemblyResolver.OnResolve: Microsoft.VisualStudio.TestPlatform.MSTestAdapter.PlatformServices: Resolving assembly.
TpTrace Information: 0 : 5280, 4, 2023/01/08, 21:28:04.169, 4699666548248, testhost.dll, AssemblyResolver.OnResolve: Microsoft.VisualStudio.TestPlatform.MSTestAdapter.PlatformServices: Searching in: 'C:\Users\Benjamin\Source\Repos\vvs-zad1\WhiteBox\bin\Debug\net5.0\fine-code-coverage\build-output'.
TpTrace Information: 0 : 5280, 4, 2023/01/08, 21:28:04.169, 4699666550397, testhost.dll, AssemblyResolver.OnResolve: Microsoft.VisualStudio.TestPlatform.MSTestAdapter.PlatformServices: Loading assembly 'C:\Users\Benjamin\Source\Repos\vvs-zad1\WhiteBox\bin\Debug\net5.0\fine-code-coverage\build-output\Microsoft.VisualStudio.TestPlatform.MSTestAdapter.PlatformServices.dll'.
TpTrace Information: 0 : 5280, 4, 2023/01/08, 21:28:04.169, 4699666553657, testhost.dll, AssemblyResolver.OnResolve: Resolved assembly: Microsoft.VisualStudio.TestPlatform.MSTestAdapter.PlatformServices, from path: C:\Users\Benjamin\Source\Repos\vvs-zad1\WhiteBox\bin\Debug\net5.0\fine-code-coverage\build-output\Microsoft.VisualStudio.TestPlatform.MSTestAdapter.PlatformServices.dll
TpTrace Information: 0 : 5280, 4, 2023/01/08, 21:28:04.170, 4699666557004, testhost.dll, MSTest - MSTestExecutor.RunTests: Running tests from sources.
TpTrace Information: 0 : 5280, 4, 2023/01/08, 21:28:04.172, 4699666578865, testhost.dll, MSTest - CollectSourceInformation value Found : False 
TpTrace Information: 0 : 5280, 4, 2023/01/08, 21:28:04.186, 4699666721340, testhost.dll, MSTest - DictionaryHelper.ConcatWithOverwrites: The source is null or empty, returning the overwrite dictionary.
TpTrace Information: 0 : 5280, 4, 2023/01/08, 21:28:04.190, 4699666760887, testhost.dll, MSTest - DictionaryHelper.ConcatWithOverwrites: The source is null or empty, returning the overwrite dictionary.
TpTrace Information: 0 : 5280, 4, 2023/01/08, 21:28:04.194, 4699666796311, testhost.dll, AssemblyResolver.OnResolve: Microsoft.TestPlatform.AdapterUtilities: Resolving assembly.
TpTrace Information: 0 : 5280, 4, 2023/01/08, 21:28:04.194, 4699666796925, testhost.dll, AssemblyResolver.OnResolve: Microsoft.TestPlatform.AdapterUtilities: Searching in: 'C:\Users\Benjamin\Source\Repos\vvs-zad1\WhiteBox\bin\Debug\net5.0\fine-code-coverage\build-output'.
TpTrace Information: 0 : 5280, 4, 2023/01/08, 21:28:04.194, 4699666798942, testhost.dll, AssemblyResolver.OnResolve: Microsoft.TestPlatform.AdapterUtilities: Loading assembly 'C:\Users\Benjamin\Source\Repos\vvs-zad1\WhiteBox\bin\Debug\net5.0\fine-code-coverage\build-output\Microsoft.TestPlatform.AdapterUtilities.dll'.
TpTrace Information: 0 : 5280, 4, 2023/01/08, 21:28:04.194, 4699666801403, testhost.dll, AssemblyResolver.OnResolve: Resolved assembly: Microsoft.TestPlatform.AdapterUtilities, from path: C:\Users\Benjamin\Source\Repos\vvs-zad1\WhiteBox\bin\Debug\net5.0\fine-code-coverage\build-output\Microsoft.TestPlatform.AdapterUtilities.dll
TpTrace Information: 0 : 5280, 4, 2023/01/08, 21:28:04.213, 4699666990688, testhost.dll, MSTest - DictionaryHelper.ConcatWithOverwrites: The source is null or empty, returning the overwrite dictionary.
TpTrace Information: 0 : 5280, 4, 2023/01/08, 21:28:04.213, 4699666992346, testhost.dll, MSTest - MSTestDiscoverer: Found 8 tests from source C:\Users\Benjamin\Source\Repos\vvs-zad1\WhiteBox\bin\Debug\net5.0\fine-code-coverage\build-output\WhiteBox.dll
TpTrace Information: 0 : 5280, 4, 2023/01/08, 21:28:04.227, 4699667126626, testhost.dll, AssemblyResolver.OnResolve: Microsoft.VisualStudio.TestPlatform.MSTestAdapter.PlatformServices.resources: Resolving assembly.
TpTrace Information: 0 : 5280, 4, 2023/01/08, 21:28:04.227, 4699667127402, testhost.dll, AssemblyResolver.OnResolve: Microsoft.VisualStudio.TestPlatform.MSTestAdapter.PlatformServices.resources: Searching in: 'C:\Users\Benjamin\Source\Repos\vvs-zad1\WhiteBox\bin\Debug\net5.0\fine-code-coverage\build-output'.
TpTrace Information: 0 : 5280, 4, 2023/01/08, 21:28:04.227, 4699667128084, testhost.dll, AssemblyResolver.OnResolve: Microsoft.VisualStudio.TestPlatform.MSTestAdapter.PlatformServices.resources: Assembly path does not exist: 'C:\Users\Benjamin\Source\Repos\vvs-zad1\WhiteBox\bin\Debug\net5.0\fine-code-coverage\build-output\Microsoft.VisualStudio.TestPlatform.MSTestAdapter.PlatformServices.resources.dll', returning.
TpTrace Information: 0 : 5280, 4, 2023/01/08, 21:28:04.227, 4699667128654, testhost.dll, AssemblyResolver.OnResolve: Microsoft.VisualStudio.TestPlatform.MSTestAdapter.PlatformServices.resources: Assembly path does not exist: 'C:\Users\Benjamin\Source\Repos\vvs-zad1\WhiteBox\bin\Debug\net5.0\fine-code-coverage\build-output\Microsoft.VisualStudio.TestPlatform.MSTestAdapter.PlatformServices.resources.exe', returning.
TpTrace Information: 0 : 5280, 4, 2023/01/08, 21:28:04.227, 4699667129017, testhost.dll, AssemblyResolver.OnResolve: Microsoft.VisualStudio.TestPlatform.MSTestAdapter.PlatformServices.resources: Failed to load assembly.
TpTrace Information: 0 : 5280, 4, 2023/01/08, 21:28:04.227, 4699667131381, testhost.dll, AssemblyResolver.OnResolve: Microsoft.VisualStudio.TestPlatform.MSTestAdapter.PlatformServices.resources: Resolving assembly.
TpTrace Information: 0 : 5280, 4, 2023/01/08, 21:28:04.227, 4699667131839, testhost.dll, AssemblyResolver.OnResolve: Microsoft.VisualStudio.TestPlatform.MSTestAdapter.PlatformServices.resources: Resolved from cache.
TpTrace Information: 0 : 5280, 4, 2023/01/08, 21:28:04.234, 4699667202992, testhost.dll, MSTest - Created unit-test runner C:\Users\Benjamin\Source\Repos\vvs-zad1\WhiteBox\bin\Debug\net5.0\fine-code-coverage\build-output\WhiteBox.dll
TpTrace Verbose: 0 : 5280, 4, 2023/01/08, 21:28:04.239, 4699667253504, testhost.dll, TestExecutionRecorder.RecordStart: Starting test: WhiteBox.WhiteBoxTestovi.TestPut1.
TpTrace Verbose: 0 : 5280, 4, 2023/01/08, 21:28:04.293, 4699667788815, testhost.dll, MulticastDelegateUtilities.SafeInvoke: TestCaseEventsHandler.RaiseTestCaseStart: Invoking callback 1/1 for Microsoft.VisualStudio.TestPlatform.CrossPlatEngine.DataCollection.ProxyOutOfProcDataCollectionManager.TriggerTestCaseStart, took 51 ms.
TpTrace Information: 0 : 5280, 4, 2023/01/08, 21:28:04.293, 4699667790182, testhost.dll, MSTest - Executing test TestPut1
TpTrace Information: 0 : 5280, 4, 2023/01/08, 21:28:04.318, 4699668042016, testhost.dll, MSTest - Executed test TestPut1
TpTrace Verbose: 0 : 5280, 4, 2023/01/08, 21:28:04.322, 4699668075442, testhost.dll, TestExecutionRecorder.RecordEnd: test: WhiteBox.WhiteBoxTestovi.TestPut1 execution completed.
TpTrace Verbose: 0 : 5280, 4, 2023/01/08, 21:28:04.337, 4699668226469, testhost.dll, MulticastDelegateUtilities.SafeInvoke: TestCaseEventsHandler.RaiseTestCaseEnd: Invoking callback 1/1 for Microsoft.VisualStudio.TestPlatform.CrossPlatEngine.DataCollection.ProxyOutOfProcDataCollectionManager.TriggerTestCaseEnd, took 14 ms.
TpTrace Verbose: 0 : 5280, 4, 2023/01/08, 21:28:04.337, 4699668234556, testhost.dll, TestExecutionRecorder.RecordResult: Received result for test: WhiteBox.WhiteBoxTestovi.TestPut1.
TpTrace Verbose: 0 : 5280, 4, 2023/01/08, 21:28:04.339, 4699668248099, testhost.dll, MulticastDelegateUtilities.SafeInvoke: TestCaseEventsHandler.RaiseTestCaseEnd: Invoking callback 1/1 for Microsoft.VisualStudio.TestPlatform.CrossPlatEngine.DataCollection.ProxyOutOfProcDataCollectionManager.TriggerSendTestResult, took 1 ms.
TpTrace Warning: 0 : 5280, 4, 2023/01/08, 21:28:04.341, 4699668271835, testhost.dll, TestRunCache: InProgressTests is null
TpTrace Warning: 0 : 5280, 4, 2023/01/08, 21:28:04.341, 4699668273039, testhost.dll, TestRunCache: No test found corresponding to testResult 'TestPut1' in inProgress list.
TpTrace Verbose: 0 : 5280, 4, 2023/01/08, 21:28:04.341, 4699668273735, testhost.dll, TestExecutionRecorder.RecordStart: Starting test: WhiteBox.WhiteBoxTestovi.TestPut2.
TpTrace Verbose: 0 : 5280, 4, 2023/01/08, 21:28:04.343, 4699668288623, testhost.dll, MulticastDelegateUtilities.SafeInvoke: TestCaseEventsHandler.RaiseTestCaseStart: Invoking callback 1/1 for Microsoft.VisualStudio.TestPlatform.CrossPlatEngine.DataCollection.ProxyOutOfProcDataCollectionManager.TriggerTestCaseStart, took 1 ms.
TpTrace Information: 0 : 5280, 4, 2023/01/08, 21:28:04.343, 4699668289199, testhost.dll, MSTest - Executing test TestPut2
TpTrace Information: 0 : 5280, 4, 2023/01/08, 21:28:04.343, 4699668292950, testhost.dll, MSTest - Executed test TestPut2
TpTrace Verbose: 0 : 5280, 4, 2023/01/08, 21:28:04.343, 4699668293446, testhost.dll, TestExecutionRecorder.RecordEnd: test: WhiteBox.WhiteBoxTestovi.TestPut2 execution completed.
TpTrace Verbose: 0 : 5280, 4, 2023/01/08, 21:28:04.345, 4699668306340, testhost.dll, MulticastDelegateUtilities.SafeInvoke: TestCaseEventsHandler.RaiseTestCaseEnd: Invoking callback 1/1 for Microsoft.VisualStudio.TestPlatform.CrossPlatEngine.DataCollection.ProxyOutOfProcDataCollectionManager.TriggerTestCaseEnd, took 1 ms.
TpTrace Verbose: 0 : 5280, 4, 2023/01/08, 21:28:04.345, 4699668307110, testhost.dll, TestExecutionRecorder.RecordResult: Received result for test: WhiteBox.WhiteBoxTestovi.TestPut2.
TpTrace Verbose: 0 : 5280, 4, 2023/01/08, 21:28:04.345, 4699668307568, testhost.dll, MulticastDelegateUtilities.SafeInvoke: TestCaseEventsHandler.RaiseTestCaseEnd: Invoking callback 1/1 for Microsoft.VisualStudio.TestPlatform.CrossPlatEngine.DataCollection.ProxyOutOfProcDataCollectionManager.TriggerSendTestResult, took 0 ms.
TpTrace Warning: 0 : 5280, 4, 2023/01/08, 21:28:04.345, 4699668307925, testhost.dll, TestRunCache: InProgressTests is null
TpTrace Warning: 0 : 5280, 4, 2023/01/08, 21:28:04.345, 4699668308170, testhost.dll, TestRunCache: No test found corresponding to testResult 'TestPut2' in inProgress list.
TpTrace Verbose: 0 : 5280, 4, 2023/01/08, 21:28:04.345, 4699668308594, testhost.dll, TestExecutionRecorder.RecordStart: Starting test: WhiteBox.WhiteBoxTestovi.TestPut3.
TpTrace Verbose: 0 : 5280, 4, 2023/01/08, 21:28:04.346, 4699668317190, testhost.dll, MulticastDelegateUtilities.SafeInvoke: TestCaseEventsHandler.RaiseTestCaseStart: Invoking callback 1/1 for Microsoft.VisualStudio.TestPlatform.CrossPlatEngine.DataCollection.ProxyOutOfProcDataCollectionManager.TriggerTestCaseStart, took 0 ms.
TpTrace Information: 0 : 5280, 4, 2023/01/08, 21:28:04.346, 4699668317665, testhost.dll, MSTest - Executing test TestPut3
TpTrace Information: 0 : 5280, 4, 2023/01/08, 21:28:04.346, 4699668319883, testhost.dll, MSTest - Executed test TestPut3
TpTrace Verbose: 0 : 5280, 4, 2023/01/08, 21:28:04.346, 4699668320284, testhost.dll, TestExecutionRecorder.RecordEnd: test: WhiteBox.WhiteBoxTestovi.TestPut3 execution completed.
TpTrace Verbose: 0 : 5280, 4, 2023/01/08, 21:28:04.347, 4699668329136, testhost.dll, MulticastDelegateUtilities.SafeInvoke: TestCaseEventsHandler.RaiseTestCaseEnd: Invoking callback 1/1 for Microsoft.VisualStudio.TestPlatform.CrossPlatEngine.DataCollection.ProxyOutOfProcDataCollectionManager.TriggerTestCaseEnd, took 0 ms.
TpTrace Verbose: 0 : 5280, 4, 2023/01/08, 21:28:04.347, 4699668329565, testhost.dll, TestExecutionRecorder.RecordResult: Received result for test: WhiteBox.WhiteBoxTestovi.TestPut3.
TpTrace Verbose: 0 : 5280, 4, 2023/01/08, 21:28:04.347, 4699668329910, testhost.dll, MulticastDelegateUtilities.SafeInvoke: TestCaseEventsHandler.RaiseTestCaseEnd: Invoking callback 1/1 for Microsoft.VisualStudio.TestPlatform.CrossPlatEngine.DataCollection.ProxyOutOfProcDataCollectionManager.TriggerSendTestResult, took 0 ms.
TpTrace Warning: 0 : 5280, 4, 2023/01/08, 21:28:04.347, 4699668330184, testhost.dll, TestRunCache: InProgressTests is null
TpTrace Warning: 0 : 5280, 4, 2023/01/08, 21:28:04.347, 4699668330415, testhost.dll, TestRunCache: No test found corresponding to testResult 'TestPut3' in inProgress list.
TpTrace Verbose: 0 : 5280, 4, 2023/01/08, 21:28:04.347, 4699668330779, testhost.dll, TestExecutionRecorder.RecordStart: Starting test: WhiteBox.WhiteBoxTestovi.TestPut4.
TpTrace Verbose: 0 : 5280, 4, 2023/01/08, 21:28:04.348, 4699668339201, testhost.dll, MulticastDelegateUtilities.SafeInvoke: TestCaseEventsHandler.RaiseTestCaseStart: Invoking callback 1/1 for Microsoft.VisualStudio.TestPlatform.CrossPlatEngine.DataCollection.ProxyOutOfProcDataCollectionManager.TriggerTestCaseStart, took 0 ms.
TpTrace Information: 0 : 5280, 4, 2023/01/08, 21:28:04.348, 4699668339634, testhost.dll, MSTest - Executing test TestPut4
TpTrace Information: 0 : 5280, 4, 2023/01/08, 21:28:04.349, 4699668348594, testhost.dll, MSTest - Executed test TestPut4
TpTrace Verbose: 0 : 5280, 4, 2023/01/08, 21:28:04.349, 4699668349099, testhost.dll, TestExecutionRecorder.RecordEnd: test: WhiteBox.WhiteBoxTestovi.TestPut4 execution completed.
TpTrace Verbose: 0 : 5280, 4, 2023/01/08, 21:28:04.350, 4699668359203, testhost.dll, MulticastDelegateUtilities.SafeInvoke: TestCaseEventsHandler.RaiseTestCaseEnd: Invoking callback 1/1 for Microsoft.VisualStudio.TestPlatform.CrossPlatEngine.DataCollection.ProxyOutOfProcDataCollectionManager.TriggerTestCaseEnd, took 0 ms.
TpTrace Verbose: 0 : 5280, 4, 2023/01/08, 21:28:04.350, 4699668359681, testhost.dll, TestExecutionRecorder.RecordResult: Received result for test: WhiteBox.WhiteBoxTestovi.TestPut4.
TpTrace Verbose: 0 : 5280, 4, 2023/01/08, 21:28:04.350, 4699668360060, testhost.dll, MulticastDelegateUtilities.SafeInvoke: TestCaseEventsHandler.RaiseTestCaseEnd: Invoking callback 1/1 for Microsoft.VisualStudio.TestPlatform.CrossPlatEngine.DataCollection.ProxyOutOfProcDataCollectionManager.TriggerSendTestResult, took 0 ms.
TpTrace Warning: 0 : 5280, 4, 2023/01/08, 21:28:04.350, 4699668360363, testhost.dll, TestRunCache: InProgressTests is null
TpTrace Warning: 0 : 5280, 4, 2023/01/08, 21:28:04.350, 4699668360599, testhost.dll, TestRunCache: No test found corresponding to testResult 'TestPut4' in inProgress list.
TpTrace Verbose: 0 : 5280, 4, 2023/01/08, 21:28:04.350, 4699668361009, testhost.dll, TestExecutionRecorder.RecordStart: Starting test: WhiteBox.WhiteBoxTestovi.TestPut5.
TpTrace Verbose: 0 : 5280, 4, 2023/01/08, 21:28:04.351, 4699668369788, testhost.dll, MulticastDelegateUtilities.SafeInvoke: TestCaseEventsHandler.RaiseTestCaseStart: Invoking callback 1/1 for Microsoft.VisualStudio.TestPlatform.CrossPlatEngine.DataCollection.ProxyOutOfProcDataCollectionManager.TriggerTestCaseStart, took 0 ms.
TpTrace Information: 0 : 5280, 4, 2023/01/08, 21:28:04.351, 4699668370281, testhost.dll, MSTest - Executing test TestPut5
TpTrace Information: 0 : 5280, 4, 2023/01/08, 21:28:04.351, 4699668373202, testhost.dll, MSTest - Executed test TestPut5
TpTrace Verbose: 0 : 5280, 4, 2023/01/08, 21:28:04.351, 4699668373719, testhost.dll, TestExecutionRecorder.RecordEnd: test: WhiteBox.WhiteBoxTestovi.TestPut5 execution completed.
TpTrace Verbose: 0 : 5280, 4, 2023/01/08, 21:28:04.353, 4699668385849, testhost.dll, MulticastDelegateUtilities.SafeInvoke: TestCaseEventsHandler.RaiseTestCaseEnd: Invoking callback 1/1 for Microsoft.VisualStudio.TestPlatform.CrossPlatEngine.DataCollection.ProxyOutOfProcDataCollectionManager.TriggerTestCaseEnd, took 1 ms.
TpTrace Verbose: 0 : 5280, 4, 2023/01/08, 21:28:04.353, 4699668386383, testhost.dll, TestExecutionRecorder.RecordResult: Received result for test: WhiteBox.WhiteBoxTestovi.TestPut5.
TpTrace Verbose: 0 : 5280, 4, 2023/01/08, 21:28:04.353, 4699668386766, testhost.dll, MulticastDelegateUtilities.SafeInvoke: TestCaseEventsHandler.RaiseTestCaseEnd: Invoking callback 1/1 for Microsoft.VisualStudio.TestPlatform.CrossPlatEngine.DataCollection.ProxyOutOfProcDataCollectionManager.TriggerSendTestResult, took 0 ms.
TpTrace Warning: 0 : 5280, 4, 2023/01/08, 21:28:04.353, 4699668387062, testhost.dll, TestRunCache: InProgressTests is null
TpTrace Warning: 0 : 5280, 4, 2023/01/08, 21:28:04.353, 4699668387295, testhost.dll, TestRunCache: No test found corresponding to testResult 'TestPut5' in inProgress list.
TpTrace Verbose: 0 : 5280, 4, 2023/01/08, 21:28:04.353, 4699668387825, testhost.dll, TestExecutionRecorder.RecordStart: Starting test: WhiteBox.WhiteBoxTestovi.TestPut6.
TpTrace Verbose: 0 : 5280, 4, 2023/01/08, 21:28:04.354, 4699668396615, testhost.dll, MulticastDelegateUtilities.SafeInvoke: TestCaseEventsHandler.RaiseTestCaseStart: Invoking callback 1/1 for Microsoft.VisualStudio.TestPlatform.CrossPlatEngine.DataCollection.ProxyOutOfProcDataCollectionManager.TriggerTestCaseStart, took 0 ms.
TpTrace Information: 0 : 5280, 4, 2023/01/08, 21:28:04.354, 4699668397069, testhost.dll, MSTest - Executing test TestPut6
TpTrace Information: 0 : 5280, 4, 2023/01/08, 21:28:04.354, 4699668403751, testhost.dll, MSTest - Executed test TestPut6
TpTrace Verbose: 0 : 5280, 4, 2023/01/08, 21:28:04.354, 4699668404233, testhost.dll, TestExecutionRecorder.RecordEnd: test: WhiteBox.WhiteBoxTestovi.TestPut6 execution completed.
TpTrace Verbose: 0 : 5280, 4, 2023/01/08, 21:28:04.355, 4699668414285, testhost.dll, MulticastDelegateUtilities.SafeInvoke: TestCaseEventsHandler.RaiseTestCaseEnd: Invoking callback 1/1 for Microsoft.VisualStudio.TestPlatform.CrossPlatEngine.DataCollection.ProxyOutOfProcDataCollectionManager.TriggerTestCaseEnd, took 0 ms.
TpTrace Verbose: 0 : 5280, 4, 2023/01/08, 21:28:04.356, 4699668414793, testhost.dll, TestExecutionRecorder.RecordResult: Received result for test: WhiteBox.WhiteBoxTestovi.TestPut6.
TpTrace Verbose: 0 : 5280, 4, 2023/01/08, 21:28:04.356, 4699668415228, testhost.dll, MulticastDelegateUtilities.SafeInvoke: TestCaseEventsHandler.RaiseTestCaseEnd: Invoking callback 1/1 for Microsoft.VisualStudio.TestPlatform.CrossPlatEngine.DataCollection.ProxyOutOfProcDataCollectionManager.TriggerSendTestResult, took 0 ms.
TpTrace Warning: 0 : 5280, 4, 2023/01/08, 21:28:04.356, 4699668415547, testhost.dll, TestRunCache: InProgressTests is null
TpTrace Warning: 0 : 5280, 4, 2023/01/08, 21:28:04.356, 4699668415794, testhost.dll, TestRunCache: No test found corresponding to testResult 'TestPut6' in inProgress list.
TpTrace Verbose: 0 : 5280, 4, 2023/01/08, 21:28:04.356, 4699668416380, testhost.dll, TestExecutionRecorder.RecordStart: Starting test: WhiteBox.WhiteBoxTestovi.TestPut7.
TpTrace Verbose: 0 : 5280, 4, 2023/01/08, 21:28:04.357, 4699668426645, testhost.dll, MulticastDelegateUtilities.SafeInvoke: TestCaseEventsHandler.RaiseTestCaseStart: Invoking callback 1/1 for Microsoft.VisualStudio.TestPlatform.CrossPlatEngine.DataCollection.ProxyOutOfProcDataCollectionManager.TriggerTestCaseStart, took 0 ms.
TpTrace Information: 0 : 5280, 4, 2023/01/08, 21:28:04.357, 4699668427278, testhost.dll, MSTest - Executing test TestPut7
TpTrace Information: 0 : 5280, 4, 2023/01/08, 21:28:04.357, 4699668430217, testhost.dll, MSTest - Executed test TestPut7
TpTrace Verbose: 0 : 5280, 4, 2023/01/08, 21:28:04.357, 4699668430718, testhost.dll, TestExecutionRecorder.RecordEnd: test: WhiteBox.WhiteBoxTestovi.TestPut7 execution completed.
TpTrace Verbose: 0 : 5280, 4, 2023/01/08, 21:28:04.358, 4699668442674, testhost.dll, MulticastDelegateUtilities.SafeInvoke: TestCaseEventsHandler.RaiseTestCaseEnd: Invoking callback 1/1 for Microsoft.VisualStudio.TestPlatform.CrossPlatEngine.DataCollection.ProxyOutOfProcDataCollectionManager.TriggerTestCaseEnd, took 1 ms.
TpTrace Verbose: 0 : 5280, 4, 2023/01/08, 21:28:04.358, 4699668443256, testhost.dll, TestExecutionRecorder.RecordResult: Received result for test: WhiteBox.WhiteBoxTestovi.TestPut7.
TpTrace Verbose: 0 : 5280, 4, 2023/01/08, 21:28:04.358, 4699668443690, testhost.dll, MulticastDelegateUtilities.SafeInvoke: TestCaseEventsHandler.RaiseTestCaseEnd: Invoking callback 1/1 for Microsoft.VisualStudio.TestPlatform.CrossPlatEngine.DataCollection.ProxyOutOfProcDataCollectionManager.TriggerSendTestResult, took 0 ms.
TpTrace Warning: 0 : 5280, 4, 2023/01/08, 21:28:04.358, 4699668443995, testhost.dll, TestRunCache: InProgressTests is null
TpTrace Warning: 0 : 5280, 4, 2023/01/08, 21:28:04.358, 4699668444233, testhost.dll, TestRunCache: No test found corresponding to testResult 'TestPut7' in inProgress list.
TpTrace Verbose: 0 : 5280, 4, 2023/01/08, 21:28:04.359, 4699668444709, testhost.dll, TestExecutionRecorder.RecordStart: Starting test: WhiteBox.WhiteBoxTestovi.TestPut8.
TpTrace Verbose: 0 : 5280, 4, 2023/01/08, 21:28:04.360, 4699668455229, testhost.dll, MulticastDelegateUtilities.SafeInvoke: TestCaseEventsHandler.RaiseTestCaseStart: Invoking callback 1/1 for Microsoft.VisualStudio.TestPlatform.CrossPlatEngine.DataCollection.ProxyOutOfProcDataCollectionManager.TriggerTestCaseStart, took 1 ms.
TpTrace Information: 0 : 5280, 4, 2023/01/08, 21:28:04.360, 4699668455823, testhost.dll, MSTest - Executing test TestPut8
TpTrace Information: 0 : 5280, 4, 2023/01/08, 21:28:04.360, 4699668460052, testhost.dll, MSTest - Executed test TestPut8
TpTrace Verbose: 0 : 5280, 4, 2023/01/08, 21:28:04.360, 4699668460565, testhost.dll, TestExecutionRecorder.RecordEnd: test: WhiteBox.WhiteBoxTestovi.TestPut8 execution completed.
TpTrace Verbose: 0 : 5280, 4, 2023/01/08, 21:28:04.361, 4699668471858, testhost.dll, MulticastDelegateUtilities.SafeInvoke: TestCaseEventsHandler.RaiseTestCaseEnd: Invoking callback 1/1 for Microsoft.VisualStudio.TestPlatform.CrossPlatEngine.DataCollection.ProxyOutOfProcDataCollectionManager.TriggerTestCaseEnd, took 1 ms.
TpTrace Verbose: 0 : 5280, 4, 2023/01/08, 21:28:04.361, 4699668472430, testhost.dll, TestExecutionRecorder.RecordResult: Received result for test: WhiteBox.WhiteBoxTestovi.TestPut8.
TpTrace Verbose: 0 : 5280, 4, 2023/01/08, 21:28:04.361, 4699668472880, testhost.dll, MulticastDelegateUtilities.SafeInvoke: TestCaseEventsHandler.RaiseTestCaseEnd: Invoking callback 1/1 for Microsoft.VisualStudio.TestPlatform.CrossPlatEngine.DataCollection.ProxyOutOfProcDataCollectionManager.TriggerSendTestResult, took 0 ms.
TpTrace Warning: 0 : 5280, 4, 2023/01/08, 21:28:04.361, 4699668473193, testhost.dll, TestRunCache: InProgressTests is null
TpTrace Warning: 0 : 5280, 4, 2023/01/08, 21:28:04.361, 4699668473432, testhost.dll, TestRunCache: No test found corresponding to testResult 'TestPut8' in inProgress list.
TpTrace Information: 0 : 5280, 4, 2023/01/08, 21:28:04.362, 4699668475020, testhost.dll, MSTest - Executing cleanup methods.
TpTrace Information: 0 : 5280, 4, 2023/01/08, 21:28:04.363, 4699668486043, testhost.dll, MSTest - Executed cleanup methods.
TpTrace Information: 0 : 5280, 4, 2023/01/08, 21:28:04.363, 4699668486612, testhost.dll, MSTest - Executed tests belonging to source C:\Users\Benjamin\Source\Repos\vvs-zad1\WhiteBox\bin\Debug\net5.0\fine-code-coverage\build-output\WhiteBox.dll
TpTrace Information: 0 : 5280, 4, 2023/01/08, 21:28:04.363, 4699668488541, testhost.dll, Deleting deployment directory C:\Users\Benjamin\Source\Repos\vvs-zad1\WhiteBox\bin\Debug\net5.0\fine-code-coverage\coverage-tool-output\Deploy_Benjamin 2023-01-08 21_28_04
TpTrace Information: 0 : 5280, 4, 2023/01/08, 21:28:04.365, 4699668507559, testhost.dll, Deleted deployment directory C:\Users\Benjamin\Source\Repos\vvs-zad1\WhiteBox\bin\Debug\net5.0\fine-code-coverage\coverage-tool-output\Deploy_Benjamin 2023-01-08 21_28_04
TpTrace Verbose: 0 : 5280, 4, 2023/01/08, 21:28:04.365, 4699668510997, testhost.dll, BaseRunTests.RunTestInternalWithExecutors: Completed running tests for executor://MSTestAdapter/v2
TpTrace Verbose: 0 : 5280, 4, 2023/01/08, 21:28:04.366, 4699668520801, testhost.dll, MulticastDelegateUtilities.SafeInvoke: TestCaseEventsHandler.RaiseSessionEnd: Invoking callback 1/1 for Microsoft.VisualStudio.TestPlatform.CrossPlatEngine.DataCollection.ProxyOutOfProcDataCollectionManager.TriggerTestSessionEnd, took 0 ms.
TpTrace Information: 0 : 5280, 4, 2023/01/08, 21:28:04.369, 4699668554352, testhost.dll, Sending test run complete
TpTrace Verbose: 0 : 5280, 4, 2023/01/08, 21:28:04.401, 4699668868941, testhost.dll, TestRequestHandler.SendData: sending data from testhost: {"Version":7,"MessageType":"TestExecution.Completed","Payload":{"TestRunCompleteArgs":{"TestRunStatistics":{"ExecutedTests":8,"Stats":{"Passed":8}},"IsCanceled":false,"IsAborted":false,"Error":null,"AttachmentSets":[],"InvokedDataCollectors":[],"ElapsedTimeInRunningTests":"00:00:00.2023544","Metrics":{},"DiscoveredExtensions":{"TestDiscoverers":["Microsoft.VisualStudio.TestPlatform.MSTest.TestAdapter.MSTestDiscoverer, Microsoft.VisualStudio.TestPlatform.MSTest.TestAdapter, Version=14.0.0.0, Culture=neutral, PublicKeyToken=b03f5f7f11d50a3a"],"TestExecutors":["executor://MSTestAdapter/v2"],"TestExecutors2":[],"TestSettingsProviders":[]}},"LastRunTests":{"NewTestResults":[{"TestCase":{"Id":"a76fd3d7-91ea-3eb0-0d37-419def2fad52","FullyQualifiedName":"WhiteBox.WhiteBoxTestovi.TestPut1","DisplayName":"TestPut1","ExecutorUri":"executor://MSTestAdapter/v2","Source":"C:\\Users\\Benjamin\\Source\\Repos\\vvs-zad1\\WhiteBox\\bin\\Debug\\net5.0\\fine-code-coverage\\build-output\\WhiteBox.dll","CodeFilePath":null,"LineNumber":-1,"Properties":[{"Key":{"Id":"TestCase.ManagedType","Label":"ManagedType","Category":"","Description":"","Attributes":1,"ValueType":"System.String"},"Value":"WhiteBox.WhiteBoxTestovi"},{"Key":{"Id":"TestCase.ManagedMethod","Label":"ManagedMethod","Category":"","Description":"","Attributes":1,"ValueType":"System.String"},"Value":"TestPut1"},{"Key":{"Id":"MSTestDiscoverer.TestClassName","Label":"ClassName","Category":"","Description":"","Attributes":1,"ValueType":"System.String"},"Value":"WhiteBox.WhiteBoxTestovi"},{"Key":{"Id":"TestCase.Hierarchy","Label":"Hierarchy","Category":"","Description":"","Attributes":2,"ValueType":"System.String[]"},"Value":["WhiteBox","WhiteBoxTestovi"]},{"Key":{"Id":"TestObject.Traits","Label":"Traits","Category":"","Description":"","Attributes":5,"ValueType":"System.Collections.Generic.KeyValuePair`2[[System.String],[System.String]][]"},"Value":[]}]},"Attachments":[],"Outcome":1,"ErrorMessage":null,"ErrorStackTrace":null,"DisplayName":"TestPut1","Messages":[],"ComputerName":null,"Duration":"00:00:00.0123035","StartTime":"2023-01-08T21:28:04.2934837+01:00","EndTime":"2023-01-08T21:28:04.3188305+01:00","Properties":[{"Key":{"Id":"ExecutionId","Label":"ExecutionId","Category":"","Description":"","Attributes":1,"ValueType":"System.Guid"},"Value":"00000000-0000-0000-0000-000000000000"},{"Key":{"Id":"ParentExecId","Label":"ParentExecId","Category":"","Description":"","Attributes":1,"ValueType":"System.Guid"},"Value":"00000000-0000-0000-0000-000000000000"},{"Key":{"Id":"InnerResultsCount","Label":"InnerResultsCount","Category":"","Description":"","Attributes":1,"ValueType":"System.Int32"},"Value":0}]},{"TestCase":{"Id":"95677495-d7ea-15c4-0527-86599c71575a","FullyQualifiedName":"WhiteBox.WhiteBoxTestovi.TestPut2","DisplayName":"TestPut2","ExecutorUri":"executor://MSTestAdapter/v2","Source":"C:\\Users\\Benjamin\\Source\\Repos\\vvs-zad1\\WhiteBox\\bin\\Debug\\net5.0\\fine-code-coverage\\build-output\\WhiteBox.dll","CodeFilePath":null,"LineNumber":-1,"Properties":[{"Key":{"Id":"TestCase.ManagedType","Label":"ManagedType","Category":"","Description":"","Attributes":1,"ValueType":"System.String"},"Value":"WhiteBox.WhiteBoxTestovi"},{"Key":{"Id":"TestCase.ManagedMethod","Label":"ManagedMethod","Category":"","Description":"","Attributes":1,"ValueType":"System.String"},"Value":"TestPut2"},{"Key":{"Id":"MSTestDiscoverer.TestClassName","Label":"ClassName","Category":"","Description":"","Attributes":1,"ValueType":"System.String"},"Value":"WhiteBox.WhiteBoxTestovi"},{"Key":{"Id":"TestCase.Hierarchy","Label":"Hierarchy","Category":"","Description":"","Attributes":2,"ValueType":"System.String[]"},"Value":["WhiteBox","WhiteBoxTestovi"]},{"Key":{"Id":"TestObject.Traits","Label":"Traits","Category":"","Description":"","Attributes":5,"ValueType":"System.Collections.Generic.KeyValuePair`2[[System.String],[System.String]][]"},"Value":[]}]},"Attachments":[],"Outcome":1,"ErrorMessage":null,"ErrorStackTrace":null,"DisplayName":"TestPut2","Messages":[],"ComputerName":null,"Duration":"00:00:00.0002170","StartTime":"2023-01-08T21:28:04.3434493+01:00","EndTime":"2023-01-08T21:28:04.343865+01:00","Properties":[{"Key":{"Id":"ExecutionId","Label":"ExecutionId","Category":"","Description":"","Attributes":1,"ValueType":"System.Guid"},"Value":"00000000-0000-0000-0000-000000000000"},{"Key":{"Id":"ParentExecId","Label":"ParentExecId","Category":"","Description":"","Attributes":1,"ValueType":"System.Guid"},"Value":"00000000-0000-0000-0000-000000000000"},{"Key":{"Id":"InnerResultsCount","Label":"InnerResultsCount","Category":"","Description":"","Attributes":1,"ValueType":"System.Int32"},"Value":0}]},{"TestCase":{"Id":"484ac8c0-e5cb-3be6-fa4e-c3ea767c427c","FullyQualifiedName":"WhiteBox.WhiteBoxTestovi.TestPut3","DisplayName":"TestPut3","ExecutorUri":"executor://MSTestAdapter/v2","Source":"C:\\Users\\Benjamin\\Source\\Repos\\vvs-zad1\\WhiteBox\\bin\\Debug\\net5.0\\fine-code-coverage\\build-output\\WhiteBox.dll","CodeFilePath":null,"LineNumber":-1,"Properties":[{"Key":{"Id":"TestCase.ManagedType","Label":"ManagedType","Category":"","Description":"","Attributes":1,"ValueType":"System.String"},"Value":"WhiteBox.WhiteBoxTestovi"},{"Key":{"Id":"TestCase.ManagedMethod","Label":"ManagedMethod","Category":"","Description":"","Attributes":1,"ValueType":"System.String"},"Value":"TestPut3"},{"Key":{"Id":"MSTestDiscoverer.TestClassName","Label":"ClassName","Category":"","Description":"","Attributes":1,"ValueType":"System.String"},"Value":"WhiteBox.WhiteBoxTestovi"},{"Key":{"Id":"TestCase.Hierarchy","Label":"Hierarchy","Category":"","Description":"","Attributes":2,"ValueType":"System.String[]"},"Value":["WhiteBox","WhiteBoxTestovi"]},{"Key":{"Id":"TestObject.Traits","Label":"Traits","Category":"","Description":"","Attributes":5,"ValueType":"System.Collections.Generic.KeyValuePair`2[[System.String],[System.String]][]"},"Value":[]}]},"Attachments":[],"Outcome":1,"ErrorMessage":null,"ErrorStackTrace":null,"DisplayName":"TestPut3","Messages":[],"ComputerName":null,"Duration":"00:00:00.0001163","StartTime":"2023-01-08T21:28:04.346297+01:00","EndTime":"2023-01-08T21:28:04.3465552+01:00","Properties":[{"Key":{"Id":"ExecutionId","Label":"ExecutionId","Category":"","Description":"","Attributes":1,"ValueType":"System.Guid"},"Value":"00000000-0000-0000-0000-000000000000"},{"Key":{"Id":"ParentExecId","Label":"ParentExecId","Category":"","Description":"","Attributes":1,"ValueType":"System.Guid"},"Value":"00000000-0000-0000-0000-000000000000"},{"Key":{"Id":"InnerResultsCount","Label":"InnerResultsCount","Category":"","Description":"","Attributes":1,"ValueType":"System.Int32"},"Value":0}]},{"TestCase":{"Id":"bad917c2-00c1-3ef4-a267-f9ffa359e655","FullyQualifiedName":"WhiteBox.WhiteBoxTestovi.TestPut4","DisplayName":"TestPut4","ExecutorUri":"executor://MSTestAdapter/v2","Source":"C:\\Users\\Benjamin\\Source\\Repos\\vvs-zad1\\WhiteBox\\bin\\Debug\\net5.0\\fine-code-coverage\\build-output\\WhiteBox.dll","CodeFilePath":null,"LineNumber":-1,"Properties":[{"Key":{"Id":"TestCase.ManagedType","Label":"ManagedType","Category":"","Description":"","Attributes":1,"ValueType":"System.String"},"Value":"WhiteBox.WhiteBoxTestovi"},{"Key":{"Id":"TestCase.ManagedMethod","Label":"ManagedMethod","Category":"","Description":"","Attributes":1,"ValueType":"System.String"},"Value":"TestPut4"},{"Key":{"Id":"MSTestDiscoverer.TestClassName","Label":"ClassName","Category":"","Description":"","Attributes":1,"ValueType":"System.String"},"Value":"WhiteBox.WhiteBoxTestovi"},{"Key":{"Id":"TestCase.Hierarchy","Label":"Hierarchy","Category":"","Description":"","Attributes":2,"ValueType":"System.String[]"},"Value":["WhiteBox","WhiteBoxTestovi"]},{"Key":{"Id":"TestObject.Traits","Label":"Traits","Category":"","Description":"","Attributes":5,"ValueType":"System.Collections.Generic.KeyValuePair`2[[System.String],[System.String]][]"},"Value":[]}]},"Attachments":[],"Outcome":1,"ErrorMessage":null,"ErrorStackTrace":null,"DisplayName":"TestPut4","Messages":[],"ComputerName":null,"Duration":"00:00:00.0007970","StartTime":"2023-01-08T21:28:04.348494+01:00","EndTime":"2023-01-08T21:28:04.3494353+01:00","Properties":[{"Key":{"Id":"ExecutionId","Label":"ExecutionId","Category":"","Description":"","Attributes":1,"ValueType":"System.Guid"},"Value":"00000000-0000-0000-0000-000000000000"},{"Key":{"Id":"ParentExecId","Label":"ParentExecId","Category":"","Description":"","Attributes":1,"ValueType":"System.Guid"},"Value":"00000000-0000-0000-0000-000000000000"},{"Key":{"Id":"InnerResultsCount","Label":"InnerResultsCount","Category":"","Description":"","Attributes":1,"ValueType":"System.Int32"},"Value":0}]},{"TestCase":{"Id":"742d842c-98f9-b20c-92c5-74b9b9cb35a6","FullyQualifiedName":"WhiteBox.WhiteBoxTestovi.TestPut5","DisplayName":"TestPut5","ExecutorUri":"executor://MSTestAdapter/v2","Source":"C:\\Users\\Benjamin\\Source\\Repos\\vvs-zad1\\WhiteBox\\bin\\Debug\\net5.0\\fine-code-coverage\\build-output\\WhiteBox.dll","CodeFilePath":null,"LineNumber":-1,"Properties":[{"Key":{"Id":"TestCase.ManagedType","Label":"ManagedType","Category":"","Description":"","Attributes":1,"ValueType":"System.String"},"Value":"WhiteBox.WhiteBoxTestovi"},{"Key":{"Id":"TestCase.ManagedMethod","Label":"ManagedMethod","Category":"","Description":"","Attributes":1,"ValueType":"System.String"},"Value":"TestPut5"},{"Key":{"Id":"MSTestDiscoverer.TestClassName","Label":"ClassName","Category":"","Description":"","Attributes":1,"ValueType":"System.String"},"Value":"WhiteBox.WhiteBoxTestovi"},{"Key":{"Id":"TestCase.Hierarchy","Label":"Hierarchy","Category":"","Description":"","Attributes":2,"ValueType":"System.String[]"},"Value":["WhiteBox","WhiteBoxTestovi"]},{"Key":{"Id":"TestObject.Traits","Label":"Traits","Category":"","Description":"","Attributes":5,"ValueType":"System.Collections.Generic.KeyValuePair`2[[System.String],[System.String]][]"},"Value":[]}]},"Attachments":[],"Outcome":1,"ErrorMessage":null,"ErrorStackTrace":null,"DisplayName":"TestPut5","Messages":[],"ComputerName":null,"Duration":"00:00:00.0001549","StartTime":"2023-01-08T21:28:04.3515585+01:00","EndTime":"2023-01-08T21:28:04.3518969+01:00","Properties":[{"Key":{"Id":"ExecutionId","Label":"ExecutionId","Category":"","Description":"","Attributes":1,"ValueType":"System.Guid"},"Value":"00000000-0000-0000-0000-000000000000"},{"Key":{"Id":"ParentExecId","Label":"ParentExecId","Category":"","Description":"","Attributes":1,"ValueType":"System.Guid"},"Value":"00000000-0000-0000-0000-000000000000"},{"Key":{"Id":"InnerResultsCount","Label":"InnerResultsCount","Category":"","Description":"","Attributes":1,"ValueType":"System.Int32"},"Value":0}]},{"TestCase":{"Id":"efcfc538-5792-5a63-f429-15720abe553a","FullyQualifiedName":"WhiteBox.WhiteBoxTestovi.TestPut6","DisplayName":"TestPut6","ExecutorUri":"executor://MSTestAdapter/v2","Source":"C:\\Users\\Benjamin\\Source\\Repos\\vvs-zad1\\WhiteBox\\bin\\Debug\\net5.0\\fine-code-coverage\\build-output\\WhiteBox.dll","CodeFilePath":null,"LineNumber":-1,"Properties":[{"Key":{"Id":"TestCase.ManagedType","Label":"ManagedType","Category":"","Description":"","Attributes":1,"ValueType":"System.String"},"Value":"WhiteBox.WhiteBoxTestovi"},{"Key":{"Id":"TestCase.ManagedMethod","Label":"ManagedMethod","Category":"","Description":"","Attributes":1,"ValueType":"System.String"},"Value":"TestPut6"},{"Key":{"Id":"MSTestDiscoverer.TestClassName","Label":"ClassName","Category":"","Description":"","Attributes":1,"ValueType":"System.String"},"Value":"WhiteBox.WhiteBoxTestovi"},{"Key":{"Id":"TestCase.Hierarchy","Label":"Hierarchy","Category":"","Description":"","Attributes":2,"ValueType":"System.String[]"},"Value":["WhiteBox","WhiteBoxTestovi"]},{"Key":{"Id":"TestObject.Traits","Label":"Traits","Category":"","Description":"","Attributes":5,"ValueType":"System.Collections.Generic.KeyValuePair`2[[System.String],[System.String]][]"},"Value":[]}]},"Attachments":[],"Outcome":1,"ErrorMessage":null,"ErrorStackTrace":null,"DisplayName":"TestPut6","Messages":[],"ComputerName":null,"Duration":"00:00:00.0005557","StartTime":"2023-01-08T21:28:04.3542368+01:00","EndTime":"2023-01-08T21:28:04.3549486+01:00","Properties":[{"Key":{"Id":"ExecutionId","Label":"ExecutionId","Category":"","Description":"","Attributes":1,"ValueType":"System.Guid"},"Value":"00000000-0000-0000-0000-000000000000"},{"Key":{"Id":"ParentExecId","Label":"ParentExecId","Category":"","Description":"","Attributes":1,"ValueType":"System.Guid"},"Value":"00000000-0000-0000-0000-000000000000"},{"Key":{"Id":"InnerResultsCount","Label":"InnerResultsCount","Category":"","Description":"","Attributes":1,"ValueType":"System.Int32"},"Value":0}]},{"TestCase":{"Id":"d1dffd49-02f7-2678-efb1-6be2ddd387fc","FullyQualifiedName":"WhiteBox.WhiteBoxTestovi.TestPut7","DisplayName":"TestPut7","ExecutorUri":"executor://MSTestAdapter/v2","Source":"C:\\Users\\Benjamin\\Source\\Repos\\vvs-zad1\\WhiteBox\\bin\\Debug\\net5.0\\fine-code-coverage\\build-output\\WhiteBox.dll","CodeFilePath":null,"LineNumber":-1,"Properties":[{"Key":{"Id":"TestCase.ManagedType","Label":"ManagedType","Category":"","Description":"","Attributes":1,"ValueType":"System.String"},"Value":"WhiteBox.WhiteBoxTestovi"},{"Key":{"Id":"TestCase.ManagedMethod","Label":"ManagedMethod","Category":"","Description":"","Attributes":1,"ValueType":"System.String"},"Value":"TestPut7"},{"Key":{"Id":"MSTestDiscoverer.TestClassName","Label":"ClassName","Category":"","Description":"","Attributes":1,"ValueType":"System.String"},"Value":"WhiteBox.WhiteBoxTestovi"},{"Key":{"Id":"TestCase.Hierarchy","Label":"Hierarchy","Category":"","Description":"","Attributes":2,"ValueType":"System.String[]"},"Value":["WhiteBox","WhiteBoxTestovi"]},{"Key":{"Id":"TestObject.Traits","Label":"Traits","Category":"","Description":"","Attributes":5,"ValueType":"System.Collections.Generic.KeyValuePair`2[[System.String],[System.String]][]"},"Value":[]}]},"Attachments":[],"Outcome":1,"ErrorMessage":null,"ErrorStackTrace":null,"DisplayName":"TestPut7","Messages":[],"ComputerName":null,"Duration":"00:00:00.0001555","StartTime":"2023-01-08T21:28:04.3572565+01:00","EndTime":"2023-01-08T21:28:04.3575952+01:00","Properties":[{"Key":{"Id":"ExecutionId","Label":"ExecutionId","Category":"","Description":"","Attributes":1,"ValueType":"System.Guid"},"Value":"00000000-0000-0000-0000-000000000000"},{"Key":{"Id":"ParentExecId","Label":"ParentExecId","Category":"","Description":"","Attributes":1,"ValueType":"System.Guid"},"Value":"00000000-0000-0000-0000-000000000000"},{"Key":{"Id":"InnerResultsCount","Label":"InnerResultsCount","Category":"","Description":"","Attributes":1,"ValueType":"System.Int32"},"Value":0}]},{"TestCase":{"Id":"9f761f09-e524-12e1-cc1f-5340739c547f","FullyQualifiedName":"WhiteBox.WhiteBoxTestovi.TestPut8","DisplayName":"TestPut8","ExecutorUri":"executor://MSTestAdapter/v2","Source":"C:\\Users\\Benjamin\\Source\\Repos\\vvs-zad1\\WhiteBox\\bin\\Debug\\net5.0\\fine-code-coverage\\build-output\\WhiteBox.dll","CodeFilePath":null,"LineNumber":-1,"Properties":[{"Key":{"Id":"TestCase.ManagedType","Label":"ManagedType","Category":"","Description":"","Attributes":1,"ValueType":"System.String"},"Value":"WhiteBox.WhiteBoxTestovi"},{"Key":{"Id":"TestCase.ManagedMethod","Label":"ManagedMethod","Category":"","Description":"","Attributes":1,"ValueType":"System.String"},"Value":"TestPut8"},{"Key":{"Id":"MSTestDiscoverer.TestClassName","Label":"ClassName","Category":"","Description":"","Attributes":1,"ValueType":"System.String"},"Value":"WhiteBox.WhiteBoxTestovi"},{"Key":{"Id":"TestCase.Hierarchy","Label":"Hierarchy","Category":"","Description":"","Attributes":2,"ValueType":"System.String[]"},"Value":["WhiteBox","WhiteBoxTestovi"]},{"Key":{"Id":"TestObject.Traits","Label":"Traits","Category":"","Description":"","Attributes":5,"ValueType":"System.Collections.Generic.KeyValuePair`2[[System.String],[System.String]][]"},"Value":[]}]},"Attachments":[],"Outcome":1,"ErrorMessage":null,"ErrorStackTrace":null,"DisplayName":"TestPut8","Messages":[],"ComputerName":null,"Duration":"00:00:00.0001514","StartTime":"2023-01-08T21:28:04.3601117+01:00","EndTime":"2023-01-08T21:28:04.360581+01:00","Properties":[{"Key":{"Id":"ExecutionId","Label":"ExecutionId","Category":"","Description":"","Attributes":1,"ValueType":"System.Guid"},"Value":"00000000-0000-0000-0000-000000000000"},{"Key":{"Id":"ParentExecId","Label":"ParentExecId","Category":"","Description":"","Attributes":1,"ValueType":"System.Guid"},"Value":"00000000-0000-0000-0000-000000000000"},{"Key":{"Id":"InnerResultsCount","Label":"InnerResultsCount","Category":"","Description":"","Attributes":1,"ValueType":"System.Int32"},"Value":0}]}],"TestRunStatistics":{"ExecutedTests":8,"Stats":{"Passed":8}},"ActiveTests":[]},"RunAttachments":[],"ExecutorUris":["executor://mstestadapter/v2"]}}
TpTrace Verbose: 0 : 5280, 4, 2023/01/08, 21:28:04.402, 4699668875185, testhost.dll, BaseRunTests.RunTests: Run is complete.
TpTrace Verbose: 0 : 5280, 8, 2023/01/08, 21:28:04.407, 4699668927959, testhost.dll, TcpClientExtensions.MessageLoopAsync: NotifyDataAvailable remoteEndPoint: [::ffff:127.0.0.1]:63982 localEndPoint: [::ffff:127.0.0.1]:63983
TpTrace Information: 0 : 5280, 8, 2023/01/08, 21:28:04.407, 4699668929116, testhost.dll, TestRequestHandler.OnMessageReceived: received message: (TestSession.Terminate) -> {"MessageType":"TestSession.Terminate","Payload":null}
TpTrace Information: 0 : 5280, 8, 2023/01/08, 21:28:04.407, 4699668929434, testhost.dll, Session End message received from server. Closing the connection.
TpTrace Information: 0 : 5280, 8, 2023/01/08, 21:28:04.407, 4699668931988, testhost.dll, SocketClient.Stop: Stop communication from server endpoint: 127.0.0.1:063982
TpTrace Information: 0 : 5280, 8, 2023/01/08, 21:28:04.407, 4699668932334, testhost.dll, SocketClient: Stop: Cancellation requested. Stopping message loop.
TpTrace Verbose: 0 : 5280, 8, 2023/01/08, 21:28:04.407, 4699668933963, testhost.dll, LengthPrefixCommunicationChannel.Dispose: Dispose reader and writer.
TpTrace Information: 0 : 5280, 8, 2023/01/08, 21:28:04.407, 4699668934410, testhost.dll, Closing the connection !
TpTrace Verbose: 0 : 5280, 8, 2023/01/08, 21:28:04.408, 4699668934760, testhost.dll, MulticastDelegateUtilities.SafeInvoke: LengthPrefixCommunicationChannel: MessageReceived: Invoking callback 1/1 for Microsoft.VisualStudio.TestPlatform.CommunicationUtilities.TestRequestHandler.OnMessageReceived, took 0 ms.
TpTrace Information: 0 : 5280, 8, 2023/01/08, 21:28:04.408, 4699668936430, testhost.dll, SocketClient.PrivateStop: Stop communication from server endpoint: 127.0.0.1:063982, error:
TpTrace Verbose: 0 : 5280, 8, 2023/01/08, 21:28:04.408, 4699668937555, testhost.dll, LengthPrefixCommunicationChannel.Dispose: Dispose reader and writer.
TpTrace Information: 0 : 5280, 1, 2023/01/08, 21:28:04.408, 4699668937582, testhost.dll, Closing the connection!
TpTrace Information: 0 : 5280, 1, 2023/01/08, 21:28:04.408, 4699668938399, testhost.dll, SocketClient.Stop: Stop communication from server endpoint: 127.0.0.1:063982
TpTrace Verbose: 0 : 5280, 8, 2023/01/08, 21:28:04.408, 4699668937940, testhost.dll, TcpClientExtensions.MessageLoopAsync: exiting MessageLoopAsync remoteEndPoint: [::ffff:127.0.0.1]:63982 localEndPoint: [::ffff:127.0.0.1]:63983
TpTrace Verbose: 0 : 5280, 1, 2023/01/08, 21:28:04.408, 4699668938722, testhost.dll, LengthPrefixCommunicationChannel.Dispose: Dispose reader and writer.
TpTrace Information: 0 : 5280, 1, 2023/01/08, 21:28:04.408, 4699668940105, testhost.dll, Testhost process exiting.
