TpTrace Verbose: 0 : 16704, 1, 2023/01/08, 22:27:48.713, 19391728585666, testhost.dll, Version: 17.3.2 Current process architecture: X64
TpTrace Verbose: 0 : 16704, 1, 2023/01/08, 22:27:48.721, 19391728670317, testhost.dll, Runtime location: C:\Program Files\dotnet\shared\Microsoft.NETCore.App\5.0.17
TpTrace Information: 0 : 16704, 1, 2023/01/08, 22:27:48.725, 19391728708644, testhost.dll, DefaultEngineInvoker.Invoke: Testhost process started with args :[--port, 60358],[--endpoint, 127.0.0.1:060358],[--role, client],[--parentprocessid, 2060],[--diag, C:\Users\Tarik\Documents\GitHub\vvs-zad1posljednji\WhiteBox\bin\Debug\net5.0\fine-code-coverage\coverage-tool-output\diagnostics.host.23-01-08_22-27-48_36829_7.log],[--tracelevel, 4],[--datacollectionport, 60357],[--telemetryoptedin, false]
TpTrace Information: 0 : 16704, 1, 2023/01/08, 22:27:48.728, 19391728738627, testhost.dll, Setting up debug trace listener.
TpTrace Verbose: 0 : 16704, 1, 2023/01/08, 22:27:48.729, 19391728743359, testhost.dll, TestPlatformTraceListener.Setup: Replacing listener System.Diagnostics.DefaultTraceListener with TestHostTraceListener.
TpTrace Verbose: 0 : 16704, 1, 2023/01/08, 22:27:48.729, 19391728744503, testhost.dll, TestPlatformTraceListener.Setup: Added test platform trace listener.
TpTrace Information: 0 : 16704, 1, 2023/01/08, 22:27:48.730, 19391728754103, testhost.dll, DefaultEngineInvoker.SetParentProcessExitCallback: Monitoring parent process with id: '2060'
TpTrace Information: 0 : 16704, 1, 2023/01/08, 22:27:48.743, 19391728885160, testhost.dll, DefaultEngineInvoker.GetConnectionInfo: Initialize communication on endpoint address: '127.0.0.1:060358'
TpTrace Information: 0 : 16704, 1, 2023/01/08, 22:27:48.780, 19391729254599, testhost.dll, SocketClient.Start: connecting to server endpoint: 127.0.0.1:060358
TpTrace Information: 0 : 16704, 1, 2023/01/08, 22:27:48.794, 19391729397961, testhost.dll, DefaultEngineInvoker.ConnectToDatacollector: Connecting to datacollector, port: 60357
TpTrace Information: 0 : 16704, 5, 2023/01/08, 22:27:48.797, 19391729423222, testhost.dll, SocketClient.OnServerConnected: connected to server endpoint: 127.0.0.1:060358
TpTrace Information: 0 : 16704, 1, 2023/01/08, 22:27:48.801, 19391729465072, testhost.dll, Trying to connect to server on socket : 127.0.0.1:60357 
TpTrace Verbose: 0 : 16704, 1, 2023/01/08, 22:27:48.801, 19391729469681, testhost.dll, SocketCommunicationManager : SetupClientAsync : Attempting to connect to the server.
TpTrace Verbose: 0 : 16704, 5, 2023/01/08, 22:27:48.804, 19391729493713, testhost.dll, MulticastDelegateUtilities.SafeInvoke: SocketClient: ServerConnected: Invoking callback 1/1 for Microsoft.VisualStudio.TestPlatform.CommunicationUtilities.TestRequestHandler.<InitializeCommunication>b__31_0, took 1 ms.
TpTrace Verbose: 0 : 16704, 5, 2023/01/08, 22:27:48.804, 19391729495818, testhost.dll, Connected to server, and starting MessageLoopAsync
TpTrace Information: 0 : 16704, 9, 2023/01/08, 22:27:48.805, 19391729509513, testhost.dll, Connected to the server successfully 
TpTrace Information: 0 : 16704, 9, 2023/01/08, 22:27:48.805, 19391729510659, testhost.dll, Using the buffer size of 16384 bytes
TpTrace Verbose: 0 : 16704, 1, 2023/01/08, 22:27:48.806, 19391729512071, testhost.dll, SocketCommunicationManager.WaitForServerConnection took: 0 ms, with 90000 ms timeout, and finished with True.
TpTrace Information: 0 : 16704, 1, 2023/01/08, 22:27:48.806, 19391729513733, testhost.dll, DefaultEngineInvoker.Invoke: Start Request Processing.
TpTrace Information: 0 : 16704, 12, 2023/01/08, 22:27:48.807, 19391729523038, testhost.dll, DefaultEngineInvoker.StartProcessingAsync: Connected to vstest.console, Starting process requests.
TpTrace Verbose: 0 : 16704, 10, 2023/01/08, 22:27:48.809, 19391729547076, testhost.dll, TcpClientExtensions.MessageLoopAsync: Polling on remoteEndPoint: [::ffff:127.0.0.1]:60358 localEndPoint: [::ffff:127.0.0.1]:60359
TpTrace Verbose: 0 : 16704, 10, 2023/01/08, 22:27:48.810, 19391729555847, testhost.dll, TcpClientExtensions.MessageLoopAsync: NotifyDataAvailable remoteEndPoint: [::ffff:127.0.0.1]:60358 localEndPoint: [::ffff:127.0.0.1]:60359
TpTrace Information: 0 : 16704, 10, 2023/01/08, 22:27:48.817, 19391729629139, testhost.dll, TestRequestHandler.OnMessageReceived: received message: (ProtocolVersion) -> {"MessageType":"ProtocolVersion","Payload":7}
TpTrace Verbose: 0 : 16704, 10, 2023/01/08, 22:27:49.165, 19391733108815, testhost.dll, TestRequestHandler.SendData: sending data from testhost: {"Version":7,"MessageType":"TestSession.Message","Payload":{"MessageLevel":0,"Message":"Logging TestHost Diagnostics in file: C:\\Users\\Tarik\\Documents\\GitHub\\vvs-zad1posljednji\\WhiteBox\\bin\\Debug\\net5.0\\fine-code-coverage\\coverage-tool-output\\diagnostics.host.23-01-08_22-27-48_36829_7.log"}}
TpTrace Verbose: 0 : 16704, 10, 2023/01/08, 22:27:49.166, 19391733112214, testhost.dll, MulticastDelegateUtilities.SafeInvoke: LengthPrefixCommunicationChannel: MessageReceived: Invoking callback 1/1 for Microsoft.VisualStudio.TestPlatform.CommunicationUtilities.TestRequestHandler.OnMessageReceived, took 353 ms.
TpTrace Verbose: 0 : 16704, 10, 2023/01/08, 22:27:49.166, 19391733113422, testhost.dll, TcpClientExtensions.MessageLoopAsync: Polling on remoteEndPoint: [::ffff:127.0.0.1]:60358 localEndPoint: [::ffff:127.0.0.1]:60359
TpTrace Verbose: 0 : 16704, 10, 2023/01/08, 22:27:49.166, 19391733114213, testhost.dll, TcpClientExtensions.MessageLoopAsync: NotifyDataAvailable remoteEndPoint: [::ffff:127.0.0.1]:60358 localEndPoint: [::ffff:127.0.0.1]:60359
TpTrace Information: 0 : 16704, 10, 2023/01/08, 22:27:49.166, 19391733115486, testhost.dll, TestRequestHandler.OnMessageReceived: received message: (TestExecution.Initialize) -> {"Version":7,"MessageType":"TestExecution.Initialize","Payload":["C:\\Users\\Tarik\\Documents\\GitHub\\vvs-zad1posljednji\\WhiteBox\\bin\\Debug\\net5.0\\fine-code-coverage\\build-output\\Microsoft.VisualStudio.TestPlatform.MSTest.TestAdapter.dll"]}
TpTrace Verbose: 0 : 16704, 10, 2023/01/08, 22:27:49.179, 19391733245317, testhost.dll, MulticastDelegateUtilities.SafeInvoke: LengthPrefixCommunicationChannel: MessageReceived: Invoking callback 1/1 for Microsoft.VisualStudio.TestPlatform.CommunicationUtilities.TestRequestHandler.OnMessageReceived, took 12 ms.
TpTrace Verbose: 0 : 16704, 10, 2023/01/08, 22:27:49.179, 19391733246976, testhost.dll, TcpClientExtensions.MessageLoopAsync: Polling on remoteEndPoint: [::ffff:127.0.0.1]:60358 localEndPoint: [::ffff:127.0.0.1]:60359
TpTrace Information: 0 : 16704, 4, 2023/01/08, 22:27:49.180, 19391733256480, testhost.dll, TestRequestHandler.OnMessageReceived: Running job 'TestExecution.Initialize'.
TpTrace Verbose: 0 : 16704, 4, 2023/01/08, 22:27:49.185, 19391733305976, testhost.dll, TestExecutorService: Loading the extensions
TpTrace Verbose: 0 : 16704, 10, 2023/01/08, 22:27:49.186, 19391733314651, testhost.dll, TcpClientExtensions.MessageLoopAsync: NotifyDataAvailable remoteEndPoint: [::ffff:127.0.0.1]:60358 localEndPoint: [::ffff:127.0.0.1]:60359
TpTrace Information: 0 : 16704, 10, 2023/01/08, 22:27:49.186, 19391733316562, testhost.dll, TestRequestHandler.OnMessageReceived: received message: (TestExecution.StartWithSources) -> {"Version":7,"MessageType":"TestExecution.StartWithSources","Payload":{"AdapterSourceMap":{"_none_":["C:\\Users\\Tarik\\Documents\\GitHub\\vvs-zad1posljednji\\WhiteBox\\bin\\Debug\\net5.0\\fine-code-coverage\\build-output\\WhiteBox.dll"]},"RunSettings":"<RunSettings>\r\n  <RunConfiguration>\r\n    <ResultsDirectory>C:\\Users\\Tarik\\Documents\\GitHub\\vvs-zad1posljednji\\WhiteBox\\bin\\Debug\\net5.0\\fine-code-coverage\\coverage-tool-output</ResultsDirectory>\r\n    <TargetFrameworkVersion>.NETCoreApp,Version=v5.0</TargetFrameworkVersion>\r\n    <DesignMode>False</DesignMode>\r\n    <CollectSourceInformation>False</CollectSourceInformation>\r\n  </RunConfiguration>\r\n  <LoggerRunSettings>\r\n    <Loggers>\r\n      <Logger friendlyName=\"blame\" enabled=\"True\" />\r\n      <Logger friendlyName=\"Console\" uri=\"logger://microsoft/TestPlatform/ConsoleLogger/v1\" assemblyQualifiedName=\"Microsoft.VisualStudio.TestPlatform.CommandLine.Internal.ConsoleLogger, vstest.console, Version=15.0.0.0, Culture=neutral, PublicKeyToken=b03f5f7f11d50a3a\" codeBase=\"C:\\Program Files\\dotnet\\sdk\\7.0.100\\vstest.console.dll\" enabled=\"True\" />\r\n    </Loggers>\r\n  </LoggerRunSettings>\r\n  <DataCollectionRunSettings>\r\n    <DataCollectors>\r\n      <DataCollector friendlyName=\"blame\" enabled=\"True\">\r\n        <Configuration>\r\n          <ResultsDirectory>C:\\Users\\Tarik\\Documents\\GitHub\\vvs-zad1posljednji\\WhiteBox\\bin\\Debug\\net5.0\\fine-code-coverage\\coverage-tool-output</ResultsDirectory>\r\n        </Configuration>\r\n      </DataCollector>\r\n    </DataCollectors>\r\n  </DataCollectionRunSettings>\r\n</RunSettings>","TestExecutionContext":{"FrequencyOfRunStatsChangeEvent":10,"RunStatsChangeEventTimeout":"00:00:01.5000000","InIsolation":false,"KeepAlive":false,"AreTestCaseLevelEventsRequired":false,"IsDebug":false,"TestCaseFilter":null,"FilterOptions":null},"Package":null}}
TpTrace Verbose: 0 : 16704, 4, 2023/01/08, 22:27:49.188, 19391733335101, testhost.dll, TestPluginCache.DiscoverTestExtensions: finding test extensions in assemblies ends with: TestAdapter.dll TPluginInfo: Microsoft.VisualStudio.TestPlatform.Common.ExtensionFramework.Utilities.TestExecutorPluginInformation TExtension: Microsoft.VisualStudio.TestPlatform.ObjectModel.Adapter.ITestExecutor
TpTrace Verbose: 0 : 16704, 4, 2023/01/08, 22:27:49.189, 19391733347873, testhost.dll, TestPluginCache.GetExtensionPaths: Filtered extension paths: 
TpTrace Verbose: 0 : 16704, 4, 2023/01/08, 22:27:49.190, 19391733353255, testhost.dll, TestPluginCache.GetExtensionPaths: Added default extension paths: C:\Users\Tarik\Documents\GitHub\vvs-zad1posljednji\WhiteBox\bin\Debug\net5.0\fine-code-coverage\build-output\Microsoft.VisualStudio.TestPlatform.MSTest.TestAdapter.dll
TpTrace Verbose: 0 : 16704, 4, 2023/01/08, 22:27:49.190, 19391733354157, testhost.dll, TestPluginCache.GetExtensionPaths: Added unfilterableExtensionPaths: 
TpTrace Information: 0 : 16704, 4, 2023/01/08, 22:27:49.193, 19391733390453, testhost.dll, AssemblyResolver.ctor: Creating AssemblyResolver with searchDirectories C:\Users\Tarik\Documents\GitHub\vvs-zad1posljednji\WhiteBox\bin\Debug\net5.0\fine-code-coverage\build-output
TpTrace Verbose: 0 : 16704, 4, 2023/01/08, 22:27:49.198, 19391733434208, testhost.dll, TestPluginCache.DiscoverTestExtensions: Discovering the extensions using extension path.
TpTrace Verbose: 0 : 16704, 4, 2023/01/08, 22:27:49.198, 19391733437719, testhost.dll, TestPluginCache.GetExtensionPaths: Filtered extension paths: 
TpTrace Verbose: 0 : 16704, 4, 2023/01/08, 22:27:49.198, 19391733438599, testhost.dll, TestPluginCache.GetExtensionPaths: Added default extension paths: C:\Users\Tarik\Documents\GitHub\vvs-zad1posljednji\WhiteBox\bin\Debug\net5.0\fine-code-coverage\build-output\Microsoft.VisualStudio.TestPlatform.MSTest.TestAdapter.dll
TpTrace Verbose: 0 : 16704, 4, 2023/01/08, 22:27:49.198, 19391733439295, testhost.dll, TestPluginCache.GetExtensionPaths: Added unfilterableExtensionPaths: 
TpTrace Verbose: 0 : 16704, 4, 2023/01/08, 22:27:49.198, 19391733440519, testhost.dll, TestPluginCache.DiscoverTestExtensions: Discovering the extensions using allExtensionPaths: C:\Users\Tarik\Documents\GitHub\vvs-zad1posljednji\WhiteBox\bin\Debug\net5.0\fine-code-coverage\build-output\Microsoft.VisualStudio.TestPlatform.MSTest.TestAdapter.dll
TpTrace Information: 0 : 16704, 4, 2023/01/08, 22:27:49.201, 19391733460868, testhost.dll, AssemblyResolver.AddSearchDirectories: Adding more searchDirectories C:\Users\Tarik\Documents\GitHub\vvs-zad1posljednji\WhiteBox\bin\Debug\net5.0\fine-code-coverage\build-output
TpTrace Information: 0 : 16704, 4, 2023/01/08, 22:27:49.207, 19391733526892, testhost.dll, AssemblyResolver.OnResolve: Microsoft.VisualStudio.TestPlatform.MSTest.TestAdapter: Resolving assembly.
TpTrace Information: 0 : 16704, 4, 2023/01/08, 22:27:49.207, 19391733530507, testhost.dll, AssemblyResolver.OnResolve: Microsoft.VisualStudio.TestPlatform.MSTest.TestAdapter: Searching in: 'C:\Users\Tarik\Documents\GitHub\vvs-zad1posljednji\WhiteBox\bin\Debug\net5.0\fine-code-coverage\build-output'.
TpTrace Information: 0 : 16704, 4, 2023/01/08, 22:27:49.210, 19391733555234, testhost.dll, AssemblyResolver.OnResolve: Microsoft.VisualStudio.TestPlatform.MSTest.TestAdapter: Loading assembly 'C:\Users\Tarik\Documents\GitHub\vvs-zad1posljednji\WhiteBox\bin\Debug\net5.0\fine-code-coverage\build-output\Microsoft.VisualStudio.TestPlatform.MSTest.TestAdapter.dll'.
TpTrace Information: 0 : 16704, 4, 2023/01/08, 22:27:49.211, 19391733565477, testhost.dll, AssemblyResolver.OnResolve: Resolved assembly: Microsoft.VisualStudio.TestPlatform.MSTest.TestAdapter, from path: C:\Users\Tarik\Documents\GitHub\vvs-zad1posljednji\WhiteBox\bin\Debug\net5.0\fine-code-coverage\build-output\Microsoft.VisualStudio.TestPlatform.MSTest.TestAdapter.dll
TpTrace Verbose: 0 : 16704, 4, 2023/01/08, 22:27:49.226, 19391733714177, testhost.dll, MetadataReaderExtensionsHelper: Discovering extensions inside assembly 'Microsoft.VisualStudio.TestPlatform.MSTest.TestAdapter, Version=14.0.0.0, Culture=neutral, PublicKeyToken=b03f5f7f11d50a3a' file path 'C:\Users\Tarik\Documents\GitHub\vvs-zad1posljednji\WhiteBox\bin\Debug\net5.0\fine-code-coverage\build-output\Microsoft.VisualStudio.TestPlatform.MSTest.TestAdapter.dll'
TpTrace Verbose: 0 : 16704, 10, 2023/01/08, 22:27:49.232, 19391733779707, testhost.dll, MulticastDelegateUtilities.SafeInvoke: LengthPrefixCommunicationChannel: MessageReceived: Invoking callback 1/1 for Microsoft.VisualStudio.TestPlatform.CommunicationUtilities.TestRequestHandler.OnMessageReceived, took 46 ms.
TpTrace Verbose: 0 : 16704, 10, 2023/01/08, 22:27:49.233, 19391733780879, testhost.dll, TcpClientExtensions.MessageLoopAsync: Polling on remoteEndPoint: [::ffff:127.0.0.1]:60358 localEndPoint: [::ffff:127.0.0.1]:60359
TpTrace Information: 0 : 16704, 4, 2023/01/08, 22:27:49.239, 19391733844273, testhost.dll, GetTestExtensionFromType: Register extension with identifier data 'executor://MSTestAdapter/v2' and type 'Microsoft.VisualStudio.TestPlatform.MSTest.TestAdapter.MSTestExecutor, Microsoft.VisualStudio.TestPlatform.MSTest.TestAdapter, Version=14.0.0.0, Culture=neutral, PublicKeyToken=b03f5f7f11d50a3a' inside file 'C:\Users\Tarik\Documents\GitHub\vvs-zad1posljednji\WhiteBox\bin\Debug\net5.0\fine-code-coverage\build-output\Microsoft.VisualStudio.TestPlatform.MSTest.TestAdapter.dll'
TpTrace Verbose: 0 : 16704, 4, 2023/01/08, 22:27:49.242, 19391733875131, testhost.dll, TestPluginCache: Discovered the extensions using extension path ''.
TpTrace Verbose: 0 : 16704, 4, 2023/01/08, 22:27:49.243, 19391733881836, testhost.dll, TestPluginCache: Discoverers are ''.
TpTrace Verbose: 0 : 16704, 4, 2023/01/08, 22:27:49.243, 19391733882705, testhost.dll, TestPluginCache: Executors are 'executor://MSTestAdapter/v2'.
TpTrace Verbose: 0 : 16704, 4, 2023/01/08, 22:27:49.243, 19391733883405, testhost.dll, TestPluginCache: Executors2 are ''.
TpTrace Verbose: 0 : 16704, 4, 2023/01/08, 22:27:49.243, 19391733884254, testhost.dll, TestPluginCache: Setting providers are ''.
TpTrace Verbose: 0 : 16704, 4, 2023/01/08, 22:27:49.243, 19391733884954, testhost.dll, TestPluginCache: Loggers are ''.
TpTrace Verbose: 0 : 16704, 4, 2023/01/08, 22:27:49.243, 19391733885620, testhost.dll, TestPluginCache: TestHosts are ''.
TpTrace Verbose: 0 : 16704, 4, 2023/01/08, 22:27:49.243, 19391733886297, testhost.dll, TestPluginCache: DataCollectors are ''.
TpTrace Verbose: 0 : 16704, 4, 2023/01/08, 22:27:49.246, 19391733919618, testhost.dll, TestPluginCache.DiscoverTestExtensions: finding test extensions in assemblies ends with: TestAdapter.dll TPluginInfo: Microsoft.VisualStudio.TestPlatform.Common.ExtensionFramework.Utilities.TestExecutorPluginInformation2 TExtension: Microsoft.VisualStudio.TestPlatform.ObjectModel.Adapter.ITestExecutor2
TpTrace Verbose: 0 : 16704, 4, 2023/01/08, 22:27:49.247, 19391733923247, testhost.dll, TestPluginCache.GetExtensionPaths: Filtered extension paths: 
TpTrace Verbose: 0 : 16704, 4, 2023/01/08, 22:27:49.247, 19391733923729, testhost.dll, TestPluginCache.GetExtensionPaths: Added default extension paths: C:\Users\Tarik\Documents\GitHub\vvs-zad1posljednji\WhiteBox\bin\Debug\net5.0\fine-code-coverage\build-output\Microsoft.VisualStudio.TestPlatform.MSTest.TestAdapter.dll
TpTrace Verbose: 0 : 16704, 4, 2023/01/08, 22:27:49.247, 19391733924903, testhost.dll, TestPluginCache.GetExtensionPaths: Added unfilterableExtensionPaths: 
TpTrace Information: 0 : 16704, 4, 2023/01/08, 22:27:49.247, 19391733927077, testhost.dll, AssemblyResolver.AddSearchDirectories: Adding more searchDirectories C:\Users\Tarik\Documents\GitHub\vvs-zad1posljednji\WhiteBox\bin\Debug\net5.0\fine-code-coverage\build-output
TpTrace Verbose: 0 : 16704, 4, 2023/01/08, 22:27:49.247, 19391733927606, testhost.dll, TestPluginCache.DiscoverTestExtensions: Discovering the extensions using extension path.
TpTrace Verbose: 0 : 16704, 4, 2023/01/08, 22:27:49.247, 19391733927937, testhost.dll, TestPluginCache.GetExtensionPaths: Filtered extension paths: 
TpTrace Verbose: 0 : 16704, 4, 2023/01/08, 22:27:49.247, 19391733928216, testhost.dll, TestPluginCache.GetExtensionPaths: Added default extension paths: C:\Users\Tarik\Documents\GitHub\vvs-zad1posljednji\WhiteBox\bin\Debug\net5.0\fine-code-coverage\build-output\Microsoft.VisualStudio.TestPlatform.MSTest.TestAdapter.dll
TpTrace Verbose: 0 : 16704, 4, 2023/01/08, 22:27:49.247, 19391733928503, testhost.dll, TestPluginCache.GetExtensionPaths: Added unfilterableExtensionPaths: 
TpTrace Verbose: 0 : 16704, 4, 2023/01/08, 22:27:49.247, 19391733928869, testhost.dll, TestPluginCache.DiscoverTestExtensions: Discovering the extensions using allExtensionPaths: C:\Users\Tarik\Documents\GitHub\vvs-zad1posljednji\WhiteBox\bin\Debug\net5.0\fine-code-coverage\build-output\Microsoft.VisualStudio.TestPlatform.MSTest.TestAdapter.dll
TpTrace Information: 0 : 16704, 4, 2023/01/08, 22:27:49.247, 19391733929286, testhost.dll, AssemblyResolver.AddSearchDirectories: Adding more searchDirectories C:\Users\Tarik\Documents\GitHub\vvs-zad1posljednji\WhiteBox\bin\Debug\net5.0\fine-code-coverage\build-output
TpTrace Verbose: 0 : 16704, 4, 2023/01/08, 22:27:49.247, 19391733930145, testhost.dll, MetadataReaderExtensionsHelper: Discovering extensions inside assembly 'Microsoft.VisualStudio.TestPlatform.MSTest.TestAdapter, Version=14.0.0.0, Culture=neutral, PublicKeyToken=b03f5f7f11d50a3a' file path 'C:\Users\Tarik\Documents\GitHub\vvs-zad1posljednji\WhiteBox\bin\Debug\net5.0\fine-code-coverage\build-output\Microsoft.VisualStudio.TestPlatform.MSTest.TestAdapter.dll'
TpTrace Verbose: 0 : 16704, 4, 2023/01/08, 22:27:49.251, 19391733960895, testhost.dll, TestPluginCache: Discovered the extensions using extension path ''.
TpTrace Verbose: 0 : 16704, 4, 2023/01/08, 22:27:49.251, 19391733962265, testhost.dll, TestPluginCache: Discoverers are ''.
TpTrace Verbose: 0 : 16704, 4, 2023/01/08, 22:27:49.251, 19391733962714, testhost.dll, TestPluginCache: Executors are 'executor://MSTestAdapter/v2'.
TpTrace Verbose: 0 : 16704, 4, 2023/01/08, 22:27:49.251, 19391733963381, testhost.dll, TestPluginCache: Executors2 are ''.
TpTrace Verbose: 0 : 16704, 4, 2023/01/08, 22:27:49.251, 19391733963733, testhost.dll, TestPluginCache: Setting providers are ''.
TpTrace Verbose: 0 : 16704, 4, 2023/01/08, 22:27:49.251, 19391733963999, testhost.dll, TestPluginCache: Loggers are ''.
TpTrace Verbose: 0 : 16704, 4, 2023/01/08, 22:27:49.251, 19391733964252, testhost.dll, TestPluginCache: TestHosts are ''.
TpTrace Verbose: 0 : 16704, 4, 2023/01/08, 22:27:49.251, 19391733964498, testhost.dll, TestPluginCache: DataCollectors are ''.
TpTrace Information: 0 : 16704, 4, 2023/01/08, 22:27:49.261, 19391734068592, testhost.dll, TestPluginManager.CreateTestExtension: Attempting to load test extension: Microsoft.VisualStudio.TestPlatform.MSTest.TestAdapter.MSTestExecutor
TpTrace Verbose: 0 : 16704, 4, 2023/01/08, 22:27:49.277, 19391734229524, testhost.dll, TestExecutorExtensionManager: Loading executor Microsoft.VisualStudio.TestPlatform.MSTest.TestAdapter.MSTestExecutor
TpTrace Verbose: 0 : 16704, 4, 2023/01/08, 22:27:49.278, 19391734231055, testhost.dll, TestExecutorService: Loaded the executors
TpTrace Verbose: 0 : 16704, 4, 2023/01/08, 22:27:49.279, 19391734244570, testhost.dll, TestPluginCache.DiscoverTestExtensions: finding test extensions in assemblies ends with: TestAdapter.dll TPluginInfo: Microsoft.VisualStudio.TestPlatform.Common.ExtensionFramework.Utilities.TestSettingsProviderPluginInformation TExtension: Microsoft.VisualStudio.TestPlatform.ObjectModel.Adapter.ISettingsProvider
TpTrace Verbose: 0 : 16704, 4, 2023/01/08, 22:27:49.279, 19391734246668, testhost.dll, TestPluginCache.GetExtensionPaths: Filtered extension paths: 
TpTrace Verbose: 0 : 16704, 4, 2023/01/08, 22:27:49.279, 19391734247229, testhost.dll, TestPluginCache.GetExtensionPaths: Added default extension paths: C:\Users\Tarik\Documents\GitHub\vvs-zad1posljednji\WhiteBox\bin\Debug\net5.0\fine-code-coverage\build-output\Microsoft.VisualStudio.TestPlatform.MSTest.TestAdapter.dll
TpTrace Verbose: 0 : 16704, 4, 2023/01/08, 22:27:49.279, 19391734247663, testhost.dll, TestPluginCache.GetExtensionPaths: Added unfilterableExtensionPaths: 
TpTrace Information: 0 : 16704, 4, 2023/01/08, 22:27:49.279, 19391734249686, testhost.dll, AssemblyResolver.AddSearchDirectories: Adding more searchDirectories C:\Users\Tarik\Documents\GitHub\vvs-zad1posljednji\WhiteBox\bin\Debug\net5.0\fine-code-coverage\build-output
TpTrace Verbose: 0 : 16704, 4, 2023/01/08, 22:27:49.279, 19391734250254, testhost.dll, TestPluginCache.DiscoverTestExtensions: Discovering the extensions using extension path.
TpTrace Verbose: 0 : 16704, 4, 2023/01/08, 22:27:49.279, 19391734250656, testhost.dll, TestPluginCache.GetExtensionPaths: Filtered extension paths: 
TpTrace Verbose: 0 : 16704, 4, 2023/01/08, 22:27:49.280, 19391734251001, testhost.dll, TestPluginCache.GetExtensionPaths: Added default extension paths: C:\Users\Tarik\Documents\GitHub\vvs-zad1posljednji\WhiteBox\bin\Debug\net5.0\fine-code-coverage\build-output\Microsoft.VisualStudio.TestPlatform.MSTest.TestAdapter.dll
TpTrace Verbose: 0 : 16704, 4, 2023/01/08, 22:27:49.280, 19391734251476, testhost.dll, TestPluginCache.GetExtensionPaths: Added unfilterableExtensionPaths: 
TpTrace Verbose: 0 : 16704, 4, 2023/01/08, 22:27:49.280, 19391734252118, testhost.dll, TestPluginCache.DiscoverTestExtensions: Discovering the extensions using allExtensionPaths: C:\Users\Tarik\Documents\GitHub\vvs-zad1posljednji\WhiteBox\bin\Debug\net5.0\fine-code-coverage\build-output\Microsoft.VisualStudio.TestPlatform.MSTest.TestAdapter.dll
TpTrace Information: 0 : 16704, 4, 2023/01/08, 22:27:49.280, 19391734252952, testhost.dll, AssemblyResolver.AddSearchDirectories: Adding more searchDirectories C:\Users\Tarik\Documents\GitHub\vvs-zad1posljednji\WhiteBox\bin\Debug\net5.0\fine-code-coverage\build-output
TpTrace Verbose: 0 : 16704, 4, 2023/01/08, 22:27:49.280, 19391734254463, testhost.dll, MetadataReaderExtensionsHelper: Discovering extensions inside assembly 'Microsoft.VisualStudio.TestPlatform.MSTest.TestAdapter, Version=14.0.0.0, Culture=neutral, PublicKeyToken=b03f5f7f11d50a3a' file path 'C:\Users\Tarik\Documents\GitHub\vvs-zad1posljednji\WhiteBox\bin\Debug\net5.0\fine-code-coverage\build-output\Microsoft.VisualStudio.TestPlatform.MSTest.TestAdapter.dll'
TpTrace Verbose: 0 : 16704, 4, 2023/01/08, 22:27:49.281, 19391734261786, testhost.dll, TestPluginCache: Discovered the extensions using extension path ''.
TpTrace Verbose: 0 : 16704, 4, 2023/01/08, 22:27:49.281, 19391734262961, testhost.dll, TestPluginCache: Discoverers are ''.
TpTrace Verbose: 0 : 16704, 4, 2023/01/08, 22:27:49.281, 19391734263414, testhost.dll, TestPluginCache: Executors are 'executor://MSTestAdapter/v2'.
TpTrace Verbose: 0 : 16704, 4, 2023/01/08, 22:27:49.281, 19391734263817, testhost.dll, TestPluginCache: Executors2 are ''.
TpTrace Verbose: 0 : 16704, 4, 2023/01/08, 22:27:49.281, 19391734264397, testhost.dll, TestPluginCache: Setting providers are ''.
TpTrace Verbose: 0 : 16704, 4, 2023/01/08, 22:27:49.281, 19391734264817, testhost.dll, TestPluginCache: Loggers are ''.
TpTrace Verbose: 0 : 16704, 4, 2023/01/08, 22:27:49.281, 19391734265322, testhost.dll, TestPluginCache: TestHosts are ''.
TpTrace Verbose: 0 : 16704, 4, 2023/01/08, 22:27:49.281, 19391734265743, testhost.dll, TestPluginCache: DataCollectors are ''.
TpTrace Verbose: 0 : 16704, 4, 2023/01/08, 22:27:49.283, 19391734281665, testhost.dll, TestExecutorService: Loaded the settings providers
TpTrace Information: 0 : 16704, 4, 2023/01/08, 22:27:49.283, 19391734283065, testhost.dll, TestExecutorService: Loaded the extensions
TpTrace Information: 0 : 16704, 4, 2023/01/08, 22:27:49.283, 19391734290454, testhost.dll, TestRequestHandler.OnMessageReceived: Running job 'TestExecution.StartWithSources'.
TpTrace Verbose: 0 : 16704, 4, 2023/01/08, 22:27:49.478, 19391736239726, testhost.dll, MulticastDelegateUtilities.SafeInvoke: TestCaseEventsHandler.RaiseSessionStart: Invoking callbacks was skipped because there are no subscribers.
TpTrace Information: 0 : 16704, 4, 2023/01/08, 22:27:49.488, 19391736338669, testhost.dll, TestDiscoveryManager: Discovering tests from sources C:\Users\Tarik\Documents\GitHub\vvs-zad1posljednji\WhiteBox\bin\Debug\net5.0\fine-code-coverage\build-output\WhiteBox.dll
TpTrace Verbose: 0 : 16704, 4, 2023/01/08, 22:27:49.493, 19391736384781, testhost.dll, TestPluginCache.DiscoverTestExtensions: finding test extensions in assemblies ends with: TestAdapter.dll TPluginInfo: Microsoft.VisualStudio.TestPlatform.Common.ExtensionFramework.Utilities.TestDiscovererPluginInformation TExtension: Microsoft.VisualStudio.TestPlatform.ObjectModel.Adapter.ITestDiscoverer
TpTrace Verbose: 0 : 16704, 4, 2023/01/08, 22:27:49.493, 19391736388186, testhost.dll, TestPluginCache.GetExtensionPaths: Filtered extension paths: 
TpTrace Verbose: 0 : 16704, 4, 2023/01/08, 22:27:49.493, 19391736389039, testhost.dll, TestPluginCache.GetExtensionPaths: Added default extension paths: C:\Users\Tarik\Documents\GitHub\vvs-zad1posljednji\WhiteBox\bin\Debug\net5.0\fine-code-coverage\build-output\Microsoft.VisualStudio.TestPlatform.MSTest.TestAdapter.dll
TpTrace Verbose: 0 : 16704, 4, 2023/01/08, 22:27:49.493, 19391736389615, testhost.dll, TestPluginCache.GetExtensionPaths: Added unfilterableExtensionPaths: 
TpTrace Information: 0 : 16704, 4, 2023/01/08, 22:27:49.494, 19391736392492, testhost.dll, AssemblyResolver.AddSearchDirectories: Adding more searchDirectories C:\Users\Tarik\Documents\GitHub\vvs-zad1posljednji\WhiteBox\bin\Debug\net5.0\fine-code-coverage\build-output
TpTrace Verbose: 0 : 16704, 4, 2023/01/08, 22:27:49.494, 19391736393413, testhost.dll, TestPluginCache.DiscoverTestExtensions: Discovering the extensions using extension path.
TpTrace Verbose: 0 : 16704, 4, 2023/01/08, 22:27:49.494, 19391736394126, testhost.dll, TestPluginCache.GetExtensionPaths: Filtered extension paths: 
TpTrace Verbose: 0 : 16704, 4, 2023/01/08, 22:27:49.494, 19391736394693, testhost.dll, TestPluginCache.GetExtensionPaths: Added default extension paths: C:\Users\Tarik\Documents\GitHub\vvs-zad1posljednji\WhiteBox\bin\Debug\net5.0\fine-code-coverage\build-output\Microsoft.VisualStudio.TestPlatform.MSTest.TestAdapter.dll
TpTrace Verbose: 0 : 16704, 4, 2023/01/08, 22:27:49.494, 19391736395327, testhost.dll, TestPluginCache.GetExtensionPaths: Added unfilterableExtensionPaths: 
TpTrace Verbose: 0 : 16704, 4, 2023/01/08, 22:27:49.494, 19391736396090, testhost.dll, TestPluginCache.DiscoverTestExtensions: Discovering the extensions using allExtensionPaths: C:\Users\Tarik\Documents\GitHub\vvs-zad1posljednji\WhiteBox\bin\Debug\net5.0\fine-code-coverage\build-output\Microsoft.VisualStudio.TestPlatform.MSTest.TestAdapter.dll
TpTrace Information: 0 : 16704, 4, 2023/01/08, 22:27:49.494, 19391736398192, testhost.dll, AssemblyResolver.AddSearchDirectories: Adding more searchDirectories C:\Users\Tarik\Documents\GitHub\vvs-zad1posljednji\WhiteBox\bin\Debug\net5.0\fine-code-coverage\build-output
TpTrace Verbose: 0 : 16704, 4, 2023/01/08, 22:27:49.495, 19391736400741, testhost.dll, MetadataReaderExtensionsHelper: Discovering extensions inside assembly 'Microsoft.VisualStudio.TestPlatform.MSTest.TestAdapter, Version=14.0.0.0, Culture=neutral, PublicKeyToken=b03f5f7f11d50a3a' file path 'C:\Users\Tarik\Documents\GitHub\vvs-zad1posljednji\WhiteBox\bin\Debug\net5.0\fine-code-coverage\build-output\Microsoft.VisualStudio.TestPlatform.MSTest.TestAdapter.dll'
TpTrace Information: 0 : 16704, 4, 2023/01/08, 22:27:49.501, 19391736466167, testhost.dll, GetTestExtensionFromType: Register extension with identifier data 'Microsoft.VisualStudio.TestPlatform.MSTest.TestAdapter.MSTestDiscoverer, Microsoft.VisualStudio.TestPlatform.MSTest.TestAdapter, Version=14.0.0.0, Culture=neutral, PublicKeyToken=b03f5f7f11d50a3a' and type 'Microsoft.VisualStudio.TestPlatform.MSTest.TestAdapter.MSTestDiscoverer, Microsoft.VisualStudio.TestPlatform.MSTest.TestAdapter, Version=14.0.0.0, Culture=neutral, PublicKeyToken=b03f5f7f11d50a3a' inside file 'C:\Users\Tarik\Documents\GitHub\vvs-zad1posljednji\WhiteBox\bin\Debug\net5.0\fine-code-coverage\build-output\Microsoft.VisualStudio.TestPlatform.MSTest.TestAdapter.dll'
TpTrace Verbose: 0 : 16704, 4, 2023/01/08, 22:27:49.501, 19391736470270, testhost.dll, TestPluginCache: Discovered the extensions using extension path ''.
TpTrace Verbose: 0 : 16704, 4, 2023/01/08, 22:27:49.502, 19391736471344, testhost.dll, TestPluginCache: Discoverers are 'Microsoft.VisualStudio.TestPlatform.MSTest.TestAdapter.MSTestDiscoverer, Microsoft.VisualStudio.TestPlatform.MSTest.TestAdapter, Version=14.0.0.0, Culture=neutral, PublicKeyToken=b03f5f7f11d50a3a'.
TpTrace Verbose: 0 : 16704, 4, 2023/01/08, 22:27:49.502, 19391736471791, testhost.dll, TestPluginCache: Executors are 'executor://MSTestAdapter/v2'.
TpTrace Verbose: 0 : 16704, 4, 2023/01/08, 22:27:49.502, 19391736472317, testhost.dll, TestPluginCache: Executors2 are ''.
TpTrace Verbose: 0 : 16704, 4, 2023/01/08, 22:27:49.502, 19391736472704, testhost.dll, TestPluginCache: Setting providers are ''.
TpTrace Verbose: 0 : 16704, 4, 2023/01/08, 22:27:49.502, 19391736473029, testhost.dll, TestPluginCache: Loggers are ''.
TpTrace Verbose: 0 : 16704, 4, 2023/01/08, 22:27:49.502, 19391736473337, testhost.dll, TestPluginCache: TestHosts are ''.
TpTrace Verbose: 0 : 16704, 4, 2023/01/08, 22:27:49.502, 19391736473662, testhost.dll, TestPluginCache: DataCollectors are ''.
TpTrace Verbose: 0 : 16704, 4, 2023/01/08, 22:27:49.518, 19391736637893, testhost.dll, BaseRunTests.RunTestInternalWithExecutors: Running tests for executor://MSTestAdapter/v2
TpTrace Information: 0 : 16704, 4, 2023/01/08, 22:27:49.520, 19391736652828, testhost.dll, AssemblyResolver.OnResolve: Microsoft.VisualStudio.TestPlatform.MSTestAdapter.PlatformServices.Interface: Resolving assembly.
TpTrace Information: 0 : 16704, 4, 2023/01/08, 22:27:49.520, 19391736655025, testhost.dll, AssemblyResolver.OnResolve: Microsoft.VisualStudio.TestPlatform.MSTestAdapter.PlatformServices.Interface: Searching in: 'C:\Users\Tarik\Documents\GitHub\vvs-zad1posljednji\WhiteBox\bin\Debug\net5.0\fine-code-coverage\build-output'.
TpTrace Information: 0 : 16704, 4, 2023/01/08, 22:27:49.521, 19391736664608, testhost.dll, AssemblyResolver.OnResolve: Microsoft.VisualStudio.TestPlatform.MSTestAdapter.PlatformServices.Interface: Loading assembly 'C:\Users\Tarik\Documents\GitHub\vvs-zad1posljednji\WhiteBox\bin\Debug\net5.0\fine-code-coverage\build-output\Microsoft.VisualStudio.TestPlatform.MSTestAdapter.PlatformServices.Interface.dll'.
TpTrace Information: 0 : 16704, 4, 2023/01/08, 22:27:49.522, 19391736674007, testhost.dll, AssemblyResolver.OnResolve: Resolved assembly: Microsoft.VisualStudio.TestPlatform.MSTestAdapter.PlatformServices.Interface, from path: C:\Users\Tarik\Documents\GitHub\vvs-zad1posljednji\WhiteBox\bin\Debug\net5.0\fine-code-coverage\build-output\Microsoft.VisualStudio.TestPlatform.MSTestAdapter.PlatformServices.Interface.dll
TpTrace Information: 0 : 16704, 4, 2023/01/08, 22:27:49.525, 19391736704940, testhost.dll, AssemblyResolver.OnResolve: Microsoft.VisualStudio.TestPlatform.MSTestAdapter.PlatformServices: Resolving assembly.
TpTrace Information: 0 : 16704, 4, 2023/01/08, 22:27:49.525, 19391736706978, testhost.dll, AssemblyResolver.OnResolve: Microsoft.VisualStudio.TestPlatform.MSTestAdapter.PlatformServices: Searching in: 'C:\Users\Tarik\Documents\GitHub\vvs-zad1posljednji\WhiteBox\bin\Debug\net5.0\fine-code-coverage\build-output'.
TpTrace Information: 0 : 16704, 4, 2023/01/08, 22:27:49.526, 19391736716928, testhost.dll, AssemblyResolver.OnResolve: Microsoft.VisualStudio.TestPlatform.MSTestAdapter.PlatformServices: Loading assembly 'C:\Users\Tarik\Documents\GitHub\vvs-zad1posljednji\WhiteBox\bin\Debug\net5.0\fine-code-coverage\build-output\Microsoft.VisualStudio.TestPlatform.MSTestAdapter.PlatformServices.dll'.
TpTrace Information: 0 : 16704, 4, 2023/01/08, 22:27:49.527, 19391736725285, testhost.dll, AssemblyResolver.OnResolve: Resolved assembly: Microsoft.VisualStudio.TestPlatform.MSTestAdapter.PlatformServices, from path: C:\Users\Tarik\Documents\GitHub\vvs-zad1posljednji\WhiteBox\bin\Debug\net5.0\fine-code-coverage\build-output\Microsoft.VisualStudio.TestPlatform.MSTestAdapter.PlatformServices.dll
TpTrace Information: 0 : 16704, 4, 2023/01/08, 22:27:49.528, 19391736731849, testhost.dll, MSTest - MSTestExecutor.RunTests: Running tests from sources.
TpTrace Information: 0 : 16704, 4, 2023/01/08, 22:27:49.532, 19391736780780, testhost.dll, MSTest - CollectSourceInformation value Found : False 
TpTrace Information: 0 : 16704, 4, 2023/01/08, 22:27:49.570, 19391737153219, testhost.dll, MSTest - DictionaryHelper.ConcatWithOverwrites: The source is null or empty, returning the overwrite dictionary.
TpTrace Information: 0 : 16704, 4, 2023/01/08, 22:27:49.582, 19391737278274, testhost.dll, MSTest - DictionaryHelper.ConcatWithOverwrites: The source is null or empty, returning the overwrite dictionary.
TpTrace Information: 0 : 16704, 4, 2023/01/08, 22:27:49.590, 19391737359837, testhost.dll, AssemblyResolver.OnResolve: Microsoft.TestPlatform.AdapterUtilities: Resolving assembly.
TpTrace Information: 0 : 16704, 4, 2023/01/08, 22:27:49.591, 19391737361288, testhost.dll, AssemblyResolver.OnResolve: Microsoft.TestPlatform.AdapterUtilities: Searching in: 'C:\Users\Tarik\Documents\GitHub\vvs-zad1posljednji\WhiteBox\bin\Debug\net5.0\fine-code-coverage\build-output'.
TpTrace Information: 0 : 16704, 4, 2023/01/08, 22:27:49.591, 19391737364930, testhost.dll, AssemblyResolver.OnResolve: Microsoft.TestPlatform.AdapterUtilities: Loading assembly 'C:\Users\Tarik\Documents\GitHub\vvs-zad1posljednji\WhiteBox\bin\Debug\net5.0\fine-code-coverage\build-output\Microsoft.TestPlatform.AdapterUtilities.dll'.
TpTrace Information: 0 : 16704, 4, 2023/01/08, 22:27:49.591, 19391737369948, testhost.dll, AssemblyResolver.OnResolve: Resolved assembly: Microsoft.TestPlatform.AdapterUtilities, from path: C:\Users\Tarik\Documents\GitHub\vvs-zad1posljednji\WhiteBox\bin\Debug\net5.0\fine-code-coverage\build-output\Microsoft.TestPlatform.AdapterUtilities.dll
TpTrace Information: 0 : 16704, 4, 2023/01/08, 22:27:49.628, 19391737733411, testhost.dll, MSTest - DictionaryHelper.ConcatWithOverwrites: The source is null or empty, returning the overwrite dictionary.
TpTrace Information: 0 : 16704, 4, 2023/01/08, 22:27:49.628, 19391737737441, testhost.dll, MSTest - MSTestDiscoverer: Found 10 tests from source C:\Users\Tarik\Documents\GitHub\vvs-zad1posljednji\WhiteBox\bin\Debug\net5.0\fine-code-coverage\build-output\WhiteBox.dll
TpTrace Information: 0 : 16704, 4, 2023/01/08, 22:27:49.655, 19391738007608, testhost.dll, AssemblyResolver.OnResolve: Microsoft.VisualStudio.TestPlatform.MSTestAdapter.PlatformServices.resources: Resolving assembly.
TpTrace Information: 0 : 16704, 4, 2023/01/08, 22:27:49.655, 19391738009026, testhost.dll, AssemblyResolver.OnResolve: Microsoft.VisualStudio.TestPlatform.MSTestAdapter.PlatformServices.resources: Searching in: 'C:\Users\Tarik\Documents\GitHub\vvs-zad1posljednji\WhiteBox\bin\Debug\net5.0\fine-code-coverage\build-output'.
TpTrace Information: 0 : 16704, 4, 2023/01/08, 22:27:49.655, 19391738010164, testhost.dll, AssemblyResolver.OnResolve: Microsoft.VisualStudio.TestPlatform.MSTestAdapter.PlatformServices.resources: Assembly path does not exist: 'C:\Users\Tarik\Documents\GitHub\vvs-zad1posljednji\WhiteBox\bin\Debug\net5.0\fine-code-coverage\build-output\Microsoft.VisualStudio.TestPlatform.MSTestAdapter.PlatformServices.resources.dll', returning.
TpTrace Information: 0 : 16704, 4, 2023/01/08, 22:27:49.656, 19391738011136, testhost.dll, AssemblyResolver.OnResolve: Microsoft.VisualStudio.TestPlatform.MSTestAdapter.PlatformServices.resources: Assembly path does not exist: 'C:\Users\Tarik\Documents\GitHub\vvs-zad1posljednji\WhiteBox\bin\Debug\net5.0\fine-code-coverage\build-output\Microsoft.VisualStudio.TestPlatform.MSTestAdapter.PlatformServices.resources.exe', returning.
TpTrace Information: 0 : 16704, 4, 2023/01/08, 22:27:49.656, 19391738011588, testhost.dll, AssemblyResolver.OnResolve: Microsoft.VisualStudio.TestPlatform.MSTestAdapter.PlatformServices.resources: Failed to load assembly.
TpTrace Information: 0 : 16704, 4, 2023/01/08, 22:27:49.656, 19391738016673, testhost.dll, AssemblyResolver.OnResolve: Microsoft.VisualStudio.TestPlatform.MSTestAdapter.PlatformServices.resources: Resolving assembly.
TpTrace Information: 0 : 16704, 4, 2023/01/08, 22:27:49.656, 19391738017310, testhost.dll, AssemblyResolver.OnResolve: Microsoft.VisualStudio.TestPlatform.MSTestAdapter.PlatformServices.resources: Resolved from cache.
TpTrace Information: 0 : 16704, 4, 2023/01/08, 22:27:49.672, 19391738175987, testhost.dll, MSTest - Created unit-test runner C:\Users\Tarik\Documents\GitHub\vvs-zad1posljednji\WhiteBox\bin\Debug\net5.0\fine-code-coverage\build-output\WhiteBox.dll
TpTrace Verbose: 0 : 16704, 4, 2023/01/08, 22:27:49.684, 19391738292350, testhost.dll, TestExecutionRecorder.RecordStart: Starting test: WhiteBox.WhiteBoxTestovi.TestPut1.
TpTrace Verbose: 0 : 16704, 4, 2023/01/08, 22:27:49.847, 19391739922768, testhost.dll, MulticastDelegateUtilities.SafeInvoke: TestCaseEventsHandler.RaiseTestCaseStart: Invoking callback 1/1 for Microsoft.VisualStudio.TestPlatform.CrossPlatEngine.DataCollection.ProxyOutOfProcDataCollectionManager.TriggerTestCaseStart, took 158 ms.
TpTrace Information: 0 : 16704, 4, 2023/01/08, 22:27:49.847, 19391739925386, testhost.dll, MSTest - Executing test TestPut1
TpTrace Information: 0 : 16704, 4, 2023/01/08, 22:27:49.892, 19391740380635, testhost.dll, MSTest - Executed test TestPut1
TpTrace Verbose: 0 : 16704, 4, 2023/01/08, 22:27:49.897, 19391740428433, testhost.dll, TestExecutionRecorder.RecordEnd: test: WhiteBox.WhiteBoxTestovi.TestPut1 execution completed.
TpTrace Verbose: 0 : 16704, 4, 2023/01/08, 22:27:49.929, 19391740749104, testhost.dll, MulticastDelegateUtilities.SafeInvoke: TestCaseEventsHandler.RaiseTestCaseEnd: Invoking callback 1/1 for Microsoft.VisualStudio.TestPlatform.CrossPlatEngine.DataCollection.ProxyOutOfProcDataCollectionManager.TriggerTestCaseEnd, took 31 ms.
TpTrace Verbose: 0 : 16704, 4, 2023/01/08, 22:27:49.933, 19391740781618, testhost.dll, TestExecutionRecorder.RecordResult: Received result for test: WhiteBox.WhiteBoxTestovi.TestPut1.
TpTrace Verbose: 0 : 16704, 4, 2023/01/08, 22:27:49.937, 19391740822361, testhost.dll, MulticastDelegateUtilities.SafeInvoke: TestCaseEventsHandler.RaiseTestCaseEnd: Invoking callback 1/1 for Microsoft.VisualStudio.TestPlatform.CrossPlatEngine.DataCollection.ProxyOutOfProcDataCollectionManager.TriggerSendTestResult, took 3 ms.
TpTrace Warning: 0 : 16704, 4, 2023/01/08, 22:27:49.943, 19391740889332, testhost.dll, TestRunCache: InProgressTests is null
TpTrace Warning: 0 : 16704, 4, 2023/01/08, 22:27:49.944, 19391740893040, testhost.dll, TestRunCache: No test found corresponding to testResult 'TestPut1' in inProgress list.
TpTrace Verbose: 0 : 16704, 4, 2023/01/08, 22:27:49.944, 19391740894900, testhost.dll, TestExecutionRecorder.RecordStart: Starting test: WhiteBox.WhiteBoxTestovi.TestPut2.
TpTrace Verbose: 0 : 16704, 4, 2023/01/08, 22:27:49.949, 19391740940939, testhost.dll, MulticastDelegateUtilities.SafeInvoke: TestCaseEventsHandler.RaiseTestCaseStart: Invoking callback 1/1 for Microsoft.VisualStudio.TestPlatform.CrossPlatEngine.DataCollection.ProxyOutOfProcDataCollectionManager.TriggerTestCaseStart, took 4 ms.
TpTrace Information: 0 : 16704, 4, 2023/01/08, 22:27:49.949, 19391740942552, testhost.dll, MSTest - Executing test TestPut2
TpTrace Information: 0 : 16704, 4, 2023/01/08, 22:27:49.950, 19391740951139, testhost.dll, MSTest - Executed test TestPut2
TpTrace Verbose: 0 : 16704, 4, 2023/01/08, 22:27:49.950, 19391740953410, testhost.dll, TestExecutionRecorder.RecordEnd: test: WhiteBox.WhiteBoxTestovi.TestPut2 execution completed.
TpTrace Verbose: 0 : 16704, 4, 2023/01/08, 22:27:49.953, 19391740985656, testhost.dll, MulticastDelegateUtilities.SafeInvoke: TestCaseEventsHandler.RaiseTestCaseEnd: Invoking callback 1/1 for Microsoft.VisualStudio.TestPlatform.CrossPlatEngine.DataCollection.ProxyOutOfProcDataCollectionManager.TriggerTestCaseEnd, took 3 ms.
TpTrace Verbose: 0 : 16704, 4, 2023/01/08, 22:27:49.953, 19391740986920, testhost.dll, TestExecutionRecorder.RecordResult: Received result for test: WhiteBox.WhiteBoxTestovi.TestPut2.
TpTrace Verbose: 0 : 16704, 4, 2023/01/08, 22:27:49.953, 19391740987644, testhost.dll, MulticastDelegateUtilities.SafeInvoke: TestCaseEventsHandler.RaiseTestCaseEnd: Invoking callback 1/1 for Microsoft.VisualStudio.TestPlatform.CrossPlatEngine.DataCollection.ProxyOutOfProcDataCollectionManager.TriggerSendTestResult, took 0 ms.
TpTrace Warning: 0 : 16704, 4, 2023/01/08, 22:27:49.953, 19391740988164, testhost.dll, TestRunCache: InProgressTests is null
TpTrace Warning: 0 : 16704, 4, 2023/01/08, 22:27:49.953, 19391740988541, testhost.dll, TestRunCache: No test found corresponding to testResult 'TestPut2' in inProgress list.
TpTrace Verbose: 0 : 16704, 4, 2023/01/08, 22:27:49.953, 19391740989491, testhost.dll, TestExecutionRecorder.RecordStart: Starting test: WhiteBox.WhiteBoxTestovi.TestPut3.
TpTrace Verbose: 0 : 16704, 4, 2023/01/08, 22:27:49.956, 19391741014944, testhost.dll, MulticastDelegateUtilities.SafeInvoke: TestCaseEventsHandler.RaiseTestCaseStart: Invoking callback 1/1 for Microsoft.VisualStudio.TestPlatform.CrossPlatEngine.DataCollection.ProxyOutOfProcDataCollectionManager.TriggerTestCaseStart, took 2 ms.
TpTrace Information: 0 : 16704, 4, 2023/01/08, 22:27:49.956, 19391741016360, testhost.dll, MSTest - Executing test TestPut3
TpTrace Information: 0 : 16704, 4, 2023/01/08, 22:27:49.957, 19391741021934, testhost.dll, MSTest - Executed test TestPut3
TpTrace Verbose: 0 : 16704, 4, 2023/01/08, 22:27:49.957, 19391741023410, testhost.dll, TestExecutionRecorder.RecordEnd: test: WhiteBox.WhiteBoxTestovi.TestPut3 execution completed.
TpTrace Verbose: 0 : 16704, 4, 2023/01/08, 22:27:49.959, 19391741049602, testhost.dll, MulticastDelegateUtilities.SafeInvoke: TestCaseEventsHandler.RaiseTestCaseEnd: Invoking callback 1/1 for Microsoft.VisualStudio.TestPlatform.CrossPlatEngine.DataCollection.ProxyOutOfProcDataCollectionManager.TriggerTestCaseEnd, took 2 ms.
TpTrace Verbose: 0 : 16704, 4, 2023/01/08, 22:27:49.960, 19391741050937, testhost.dll, TestExecutionRecorder.RecordResult: Received result for test: WhiteBox.WhiteBoxTestovi.TestPut3.
TpTrace Verbose: 0 : 16704, 4, 2023/01/08, 22:27:49.960, 19391741051741, testhost.dll, MulticastDelegateUtilities.SafeInvoke: TestCaseEventsHandler.RaiseTestCaseEnd: Invoking callback 1/1 for Microsoft.VisualStudio.TestPlatform.CrossPlatEngine.DataCollection.ProxyOutOfProcDataCollectionManager.TriggerSendTestResult, took 0 ms.
TpTrace Warning: 0 : 16704, 4, 2023/01/08, 22:27:49.960, 19391741052582, testhost.dll, TestRunCache: InProgressTests is null
TpTrace Warning: 0 : 16704, 4, 2023/01/08, 22:27:49.960, 19391741053366, testhost.dll, TestRunCache: No test found corresponding to testResult 'TestPut3' in inProgress list.
TpTrace Verbose: 0 : 16704, 4, 2023/01/08, 22:27:49.960, 19391741054930, testhost.dll, TestExecutionRecorder.RecordStart: Starting test: WhiteBox.WhiteBoxTestovi.TestPut4.
TpTrace Verbose: 0 : 16704, 4, 2023/01/08, 22:27:49.962, 19391741077554, testhost.dll, MulticastDelegateUtilities.SafeInvoke: TestCaseEventsHandler.RaiseTestCaseStart: Invoking callback 1/1 for Microsoft.VisualStudio.TestPlatform.CrossPlatEngine.DataCollection.ProxyOutOfProcDataCollectionManager.TriggerTestCaseStart, took 2 ms.
TpTrace Information: 0 : 16704, 4, 2023/01/08, 22:27:49.962, 19391741079378, testhost.dll, MSTest - Executing test TestPut4
TpTrace Information: 0 : 16704, 4, 2023/01/08, 22:27:49.966, 19391741110986, testhost.dll, MSTest - Executed test TestPut4
TpTrace Verbose: 0 : 16704, 4, 2023/01/08, 22:27:49.966, 19391741113162, testhost.dll, TestExecutionRecorder.RecordEnd: test: WhiteBox.WhiteBoxTestovi.TestPut4 execution completed.
TpTrace Verbose: 0 : 16704, 4, 2023/01/08, 22:27:49.968, 19391741135325, testhost.dll, MulticastDelegateUtilities.SafeInvoke: TestCaseEventsHandler.RaiseTestCaseEnd: Invoking callback 1/1 for Microsoft.VisualStudio.TestPlatform.CrossPlatEngine.DataCollection.ProxyOutOfProcDataCollectionManager.TriggerTestCaseEnd, took 2 ms.
TpTrace Verbose: 0 : 16704, 4, 2023/01/08, 22:27:49.968, 19391741136674, testhost.dll, TestExecutionRecorder.RecordResult: Received result for test: WhiteBox.WhiteBoxTestovi.TestPut4.
TpTrace Verbose: 0 : 16704, 4, 2023/01/08, 22:27:49.968, 19391741137846, testhost.dll, MulticastDelegateUtilities.SafeInvoke: TestCaseEventsHandler.RaiseTestCaseEnd: Invoking callback 1/1 for Microsoft.VisualStudio.TestPlatform.CrossPlatEngine.DataCollection.ProxyOutOfProcDataCollectionManager.TriggerSendTestResult, took 0 ms.
TpTrace Warning: 0 : 16704, 4, 2023/01/08, 22:27:49.968, 19391741138510, testhost.dll, TestRunCache: InProgressTests is null
TpTrace Warning: 0 : 16704, 4, 2023/01/08, 22:27:49.968, 19391741139009, testhost.dll, TestRunCache: No test found corresponding to testResult 'TestPut4' in inProgress list.
TpTrace Verbose: 0 : 16704, 4, 2023/01/08, 22:27:49.968, 19391741139943, testhost.dll, TestExecutionRecorder.RecordStart: Starting test: WhiteBox.WhiteBoxTestovi.TestPut5.
TpTrace Verbose: 0 : 16704, 4, 2023/01/08, 22:27:49.971, 19391741163137, testhost.dll, MulticastDelegateUtilities.SafeInvoke: TestCaseEventsHandler.RaiseTestCaseStart: Invoking callback 1/1 for Microsoft.VisualStudio.TestPlatform.CrossPlatEngine.DataCollection.ProxyOutOfProcDataCollectionManager.TriggerTestCaseStart, took 2 ms.
TpTrace Information: 0 : 16704, 4, 2023/01/08, 22:27:49.971, 19391741164217, testhost.dll, MSTest - Executing test TestPut5
TpTrace Information: 0 : 16704, 4, 2023/01/08, 22:27:49.971, 19391741169361, testhost.dll, MSTest - Executed test TestPut5
TpTrace Verbose: 0 : 16704, 4, 2023/01/08, 22:27:49.971, 19391741170237, testhost.dll, TestExecutionRecorder.RecordEnd: test: WhiteBox.WhiteBoxTestovi.TestPut5 execution completed.
TpTrace Verbose: 0 : 16704, 4, 2023/01/08, 22:27:49.974, 19391741198608, testhost.dll, MulticastDelegateUtilities.SafeInvoke: TestCaseEventsHandler.RaiseTestCaseEnd: Invoking callback 1/1 for Microsoft.VisualStudio.TestPlatform.CrossPlatEngine.DataCollection.ProxyOutOfProcDataCollectionManager.TriggerTestCaseEnd, took 2 ms.
TpTrace Verbose: 0 : 16704, 4, 2023/01/08, 22:27:49.974, 19391741199800, testhost.dll, TestExecutionRecorder.RecordResult: Received result for test: WhiteBox.WhiteBoxTestovi.TestPut5.
TpTrace Verbose: 0 : 16704, 4, 2023/01/08, 22:27:49.975, 19391741200803, testhost.dll, MulticastDelegateUtilities.SafeInvoke: TestCaseEventsHandler.RaiseTestCaseEnd: Invoking callback 1/1 for Microsoft.VisualStudio.TestPlatform.CrossPlatEngine.DataCollection.ProxyOutOfProcDataCollectionManager.TriggerSendTestResult, took 0 ms.
TpTrace Warning: 0 : 16704, 4, 2023/01/08, 22:27:49.975, 19391741201723, testhost.dll, TestRunCache: InProgressTests is null
TpTrace Warning: 0 : 16704, 4, 2023/01/08, 22:27:49.975, 19391741203104, testhost.dll, TestRunCache: No test found corresponding to testResult 'TestPut5' in inProgress list.
TpTrace Verbose: 0 : 16704, 4, 2023/01/08, 22:27:49.975, 19391741204360, testhost.dll, TestExecutionRecorder.RecordStart: Starting test: WhiteBox.WhiteBoxTestovi.TestPut6.
TpTrace Verbose: 0 : 16704, 4, 2023/01/08, 22:27:49.978, 19391741233540, testhost.dll, MulticastDelegateUtilities.SafeInvoke: TestCaseEventsHandler.RaiseTestCaseStart: Invoking callback 1/1 for Microsoft.VisualStudio.TestPlatform.CrossPlatEngine.DataCollection.ProxyOutOfProcDataCollectionManager.TriggerTestCaseStart, took 2 ms.
TpTrace Information: 0 : 16704, 4, 2023/01/08, 22:27:49.978, 19391741235371, testhost.dll, MSTest - Executing test TestPut6
TpTrace Information: 0 : 16704, 4, 2023/01/08, 22:27:49.980, 19391741257173, testhost.dll, MSTest - Executed test TestPut6
TpTrace Verbose: 0 : 16704, 4, 2023/01/08, 22:27:49.980, 19391741259669, testhost.dll, TestExecutionRecorder.RecordEnd: test: WhiteBox.WhiteBoxTestovi.TestPut6 execution completed.
TpTrace Verbose: 0 : 16704, 4, 2023/01/08, 22:27:49.983, 19391741285566, testhost.dll, MulticastDelegateUtilities.SafeInvoke: TestCaseEventsHandler.RaiseTestCaseEnd: Invoking callback 1/1 for Microsoft.VisualStudio.TestPlatform.CrossPlatEngine.DataCollection.ProxyOutOfProcDataCollectionManager.TriggerTestCaseEnd, took 2 ms.
TpTrace Verbose: 0 : 16704, 4, 2023/01/08, 22:27:49.983, 19391741286604, testhost.dll, TestExecutionRecorder.RecordResult: Received result for test: WhiteBox.WhiteBoxTestovi.TestPut6.
TpTrace Verbose: 0 : 16704, 4, 2023/01/08, 22:27:49.983, 19391741287254, testhost.dll, MulticastDelegateUtilities.SafeInvoke: TestCaseEventsHandler.RaiseTestCaseEnd: Invoking callback 1/1 for Microsoft.VisualStudio.TestPlatform.CrossPlatEngine.DataCollection.ProxyOutOfProcDataCollectionManager.TriggerSendTestResult, took 0 ms.
TpTrace Warning: 0 : 16704, 4, 2023/01/08, 22:27:49.983, 19391741287665, testhost.dll, TestRunCache: InProgressTests is null
TpTrace Warning: 0 : 16704, 4, 2023/01/08, 22:27:49.983, 19391741287967, testhost.dll, TestRunCache: No test found corresponding to testResult 'TestPut6' in inProgress list.
TpTrace Verbose: 0 : 16704, 4, 2023/01/08, 22:27:49.983, 19391741288799, testhost.dll, TestExecutionRecorder.RecordStart: Starting test: WhiteBox.WhiteBoxTestovi.TestPut7.
TpTrace Verbose: 0 : 16704, 4, 2023/01/08, 22:27:49.986, 19391741312364, testhost.dll, MulticastDelegateUtilities.SafeInvoke: TestCaseEventsHandler.RaiseTestCaseStart: Invoking callback 1/1 for Microsoft.VisualStudio.TestPlatform.CrossPlatEngine.DataCollection.ProxyOutOfProcDataCollectionManager.TriggerTestCaseStart, took 2 ms.
TpTrace Information: 0 : 16704, 4, 2023/01/08, 22:27:49.986, 19391741313565, testhost.dll, MSTest - Executing test TestPut7
TpTrace Information: 0 : 16704, 4, 2023/01/08, 22:27:49.986, 19391741318075, testhost.dll, MSTest - Executed test TestPut7
TpTrace Verbose: 0 : 16704, 4, 2023/01/08, 22:27:49.986, 19391741319020, testhost.dll, TestExecutionRecorder.RecordEnd: test: WhiteBox.WhiteBoxTestovi.TestPut7 execution completed.
TpTrace Verbose: 0 : 16704, 4, 2023/01/08, 22:27:49.989, 19391741342979, testhost.dll, MulticastDelegateUtilities.SafeInvoke: TestCaseEventsHandler.RaiseTestCaseEnd: Invoking callback 1/1 for Microsoft.VisualStudio.TestPlatform.CrossPlatEngine.DataCollection.ProxyOutOfProcDataCollectionManager.TriggerTestCaseEnd, took 2 ms.
TpTrace Verbose: 0 : 16704, 4, 2023/01/08, 22:27:49.989, 19391741344386, testhost.dll, TestExecutionRecorder.RecordResult: Received result for test: WhiteBox.WhiteBoxTestovi.TestPut7.
TpTrace Verbose: 0 : 16704, 4, 2023/01/08, 22:27:49.989, 19391741345591, testhost.dll, MulticastDelegateUtilities.SafeInvoke: TestCaseEventsHandler.RaiseTestCaseEnd: Invoking callback 1/1 for Microsoft.VisualStudio.TestPlatform.CrossPlatEngine.DataCollection.ProxyOutOfProcDataCollectionManager.TriggerSendTestResult, took 0 ms.
TpTrace Warning: 0 : 16704, 4, 2023/01/08, 22:27:49.989, 19391741346100, testhost.dll, TestRunCache: InProgressTests is null
TpTrace Warning: 0 : 16704, 4, 2023/01/08, 22:27:49.989, 19391741346426, testhost.dll, TestRunCache: No test found corresponding to testResult 'TestPut7' in inProgress list.
TpTrace Verbose: 0 : 16704, 4, 2023/01/08, 22:27:49.989, 19391741347346, testhost.dll, TestExecutionRecorder.RecordStart: Starting test: WhiteBox.WhiteBoxTestovi.TestPut8.
TpTrace Verbose: 0 : 16704, 4, 2023/01/08, 22:27:49.992, 19391741374764, testhost.dll, MulticastDelegateUtilities.SafeInvoke: TestCaseEventsHandler.RaiseTestCaseStart: Invoking callback 1/1 for Microsoft.VisualStudio.TestPlatform.CrossPlatEngine.DataCollection.ProxyOutOfProcDataCollectionManager.TriggerTestCaseStart, took 2 ms.
TpTrace Information: 0 : 16704, 4, 2023/01/08, 22:27:49.992, 19391741376200, testhost.dll, MSTest - Executing test TestPut8
TpTrace Information: 0 : 16704, 4, 2023/01/08, 22:27:49.993, 19391741381645, testhost.dll, MSTest - Executed test TestPut8
TpTrace Verbose: 0 : 16704, 4, 2023/01/08, 22:27:49.993, 19391741382703, testhost.dll, TestExecutionRecorder.RecordEnd: test: WhiteBox.WhiteBoxTestovi.TestPut8 execution completed.
TpTrace Verbose: 0 : 16704, 4, 2023/01/08, 22:27:49.995, 19391741409109, testhost.dll, MulticastDelegateUtilities.SafeInvoke: TestCaseEventsHandler.RaiseTestCaseEnd: Invoking callback 1/1 for Microsoft.VisualStudio.TestPlatform.CrossPlatEngine.DataCollection.ProxyOutOfProcDataCollectionManager.TriggerTestCaseEnd, took 2 ms.
TpTrace Verbose: 0 : 16704, 4, 2023/01/08, 22:27:49.995, 19391741410411, testhost.dll, TestExecutionRecorder.RecordResult: Received result for test: WhiteBox.WhiteBoxTestovi.TestPut8.
TpTrace Verbose: 0 : 16704, 4, 2023/01/08, 22:27:49.996, 19391741411207, testhost.dll, MulticastDelegateUtilities.SafeInvoke: TestCaseEventsHandler.RaiseTestCaseEnd: Invoking callback 1/1 for Microsoft.VisualStudio.TestPlatform.CrossPlatEngine.DataCollection.ProxyOutOfProcDataCollectionManager.TriggerSendTestResult, took 0 ms.
TpTrace Warning: 0 : 16704, 4, 2023/01/08, 22:27:49.996, 19391741411715, testhost.dll, TestRunCache: InProgressTests is null
TpTrace Warning: 0 : 16704, 4, 2023/01/08, 22:27:49.996, 19391741412097, testhost.dll, TestRunCache: No test found corresponding to testResult 'TestPut8' in inProgress list.
TpTrace Verbose: 0 : 16704, 4, 2023/01/08, 22:27:49.996, 19391741413295, testhost.dll, TestExecutionRecorder.RecordStart: Starting test: WhiteBox.WhiteBoxTestovi.TestPut9.
TpTrace Verbose: 0 : 16704, 4, 2023/01/08, 22:27:49.998, 19391741431570, testhost.dll, MulticastDelegateUtilities.SafeInvoke: TestCaseEventsHandler.RaiseTestCaseStart: Invoking callback 1/1 for Microsoft.VisualStudio.TestPlatform.CrossPlatEngine.DataCollection.ProxyOutOfProcDataCollectionManager.TriggerTestCaseStart, took 1 ms.
TpTrace Information: 0 : 16704, 4, 2023/01/08, 22:27:49.998, 19391741432805, testhost.dll, MSTest - Executing test TestPut9
TpTrace Information: 0 : 16704, 4, 2023/01/08, 22:27:49.998, 19391741438475, testhost.dll, MSTest - Executed test TestPut9
TpTrace Verbose: 0 : 16704, 4, 2023/01/08, 22:27:49.998, 19391741439507, testhost.dll, TestExecutionRecorder.RecordEnd: test: WhiteBox.WhiteBoxTestovi.TestPut9 execution completed.
TpTrace Verbose: 0 : 16704, 4, 2023/01/08, 22:27:50.001, 19391741469067, testhost.dll, MulticastDelegateUtilities.SafeInvoke: TestCaseEventsHandler.RaiseTestCaseEnd: Invoking callback 1/1 for Microsoft.VisualStudio.TestPlatform.CrossPlatEngine.DataCollection.ProxyOutOfProcDataCollectionManager.TriggerTestCaseEnd, took 2 ms.
TpTrace Verbose: 0 : 16704, 4, 2023/01/08, 22:27:50.001, 19391741470639, testhost.dll, TestExecutionRecorder.RecordResult: Received result for test: WhiteBox.WhiteBoxTestovi.TestPut9.
TpTrace Verbose: 0 : 16704, 4, 2023/01/08, 22:27:50.002, 19391741471452, testhost.dll, MulticastDelegateUtilities.SafeInvoke: TestCaseEventsHandler.RaiseTestCaseEnd: Invoking callback 1/1 for Microsoft.VisualStudio.TestPlatform.CrossPlatEngine.DataCollection.ProxyOutOfProcDataCollectionManager.TriggerSendTestResult, took 0 ms.
TpTrace Warning: 0 : 16704, 4, 2023/01/08, 22:27:50.002, 19391741471948, testhost.dll, TestRunCache: InProgressTests is null
TpTrace Warning: 0 : 16704, 4, 2023/01/08, 22:27:50.002, 19391741472439, testhost.dll, TestRunCache: No test found corresponding to testResult 'TestPut9' in inProgress list.
TpTrace Verbose: 0 : 16704, 4, 2023/01/08, 22:27:50.002, 19391741473450, testhost.dll, TestExecutionRecorder.RecordStart: Starting test: WhiteBox.WhiteBoxTestovi.TestPut10.
TpTrace Information: 0 : 16704, 4, 2023/01/08, 22:27:50.005, 19391741504320, testhost.dll, Sending test run statistics
TpTrace Verbose: 0 : 16704, 4, 2023/01/08, 22:27:50.051, 19391741965974, testhost.dll, TestRequestHandler.SendData: sending data from testhost: {"Version":7,"MessageType":"TestExecution.StatsChange","Payload":{"NewTestResults":[{"TestCase":{"Id":"a76fd3d7-91ea-3eb0-0d37-419def2fad52","FullyQualifiedName":"WhiteBox.WhiteBoxTestovi.TestPut1","DisplayName":"TestPut1","ExecutorUri":"executor://MSTestAdapter/v2","Source":"C:\\Users\\Tarik\\Documents\\GitHub\\vvs-zad1posljednji\\WhiteBox\\bin\\Debug\\net5.0\\fine-code-coverage\\build-output\\WhiteBox.dll","CodeFilePath":null,"LineNumber":-1,"Properties":[{"Key":{"Id":"TestCase.ManagedType","Label":"ManagedType","Category":"","Description":"","Attributes":1,"ValueType":"System.String"},"Value":"WhiteBox.WhiteBoxTestovi"},{"Key":{"Id":"TestCase.ManagedMethod","Label":"ManagedMethod","Category":"","Description":"","Attributes":1,"ValueType":"System.String"},"Value":"TestPut1"},{"Key":{"Id":"MSTestDiscoverer.TestClassName","Label":"ClassName","Category":"","Description":"","Attributes":1,"ValueType":"System.String"},"Value":"WhiteBox.WhiteBoxTestovi"},{"Key":{"Id":"TestCase.Hierarchy","Label":"Hierarchy","Category":"","Description":"","Attributes":2,"ValueType":"System.String[]"},"Value":["WhiteBox","WhiteBoxTestovi"]},{"Key":{"Id":"TestObject.Traits","Label":"Traits","Category":"","Description":"","Attributes":5,"ValueType":"System.Collections.Generic.KeyValuePair`2[[System.String],[System.String]][]"},"Value":[]}]},"Attachments":[],"Outcome":1,"ErrorMessage":null,"ErrorStackTrace":null,"DisplayName":"TestPut1","Messages":[],"ComputerName":null,"Duration":"00:00:00.0225173","StartTime":"2023-01-08T22:27:49.8473484+01:00","EndTime":"2023-01-08T22:27:49.8931253+01:00","Properties":[{"Key":{"Id":"ExecutionId","Label":"ExecutionId","Category":"","Description":"","Attributes":1,"ValueType":"System.Guid"},"Value":"00000000-0000-0000-0000-000000000000"},{"Key":{"Id":"ParentExecId","Label":"ParentExecId","Category":"","Description":"","Attributes":1,"ValueType":"System.Guid"},"Value":"00000000-0000-0000-0000-000000000000"},{"Key":{"Id":"InnerResultsCount","Label":"InnerResultsCount","Category":"","Description":"","Attributes":1,"ValueType":"System.Int32"},"Value":0}]},{"TestCase":{"Id":"95677495-d7ea-15c4-0527-86599c71575a","FullyQualifiedName":"WhiteBox.WhiteBoxTestovi.TestPut2","DisplayName":"TestPut2","ExecutorUri":"executor://MSTestAdapter/v2","Source":"C:\\Users\\Tarik\\Documents\\GitHub\\vvs-zad1posljednji\\WhiteBox\\bin\\Debug\\net5.0\\fine-code-coverage\\build-output\\WhiteBox.dll","CodeFilePath":null,"LineNumber":-1,"Properties":[{"Key":{"Id":"TestCase.ManagedType","Label":"ManagedType","Category":"","Description":"","Attributes":1,"ValueType":"System.String"},"Value":"WhiteBox.WhiteBoxTestovi"},{"Key":{"Id":"TestCase.ManagedMethod","Label":"ManagedMethod","Category":"","Description":"","Attributes":1,"ValueType":"System.String"},"Value":"TestPut2"},{"Key":{"Id":"MSTestDiscoverer.TestClassName","Label":"ClassName","Category":"","Description":"","Attributes":1,"ValueType":"System.String"},"Value":"WhiteBox.WhiteBoxTestovi"},{"Key":{"Id":"TestCase.Hierarchy","Label":"Hierarchy","Category":"","Description":"","Attributes":2,"ValueType":"System.String[]"},"Value":["WhiteBox","WhiteBoxTestovi"]},{"Key":{"Id":"TestObject.Traits","Label":"Traits","Category":"","Description":"","Attributes":5,"ValueType":"System.Collections.Generic.KeyValuePair`2[[System.String],[System.String]][]"},"Value":[]}]},"Attachments":[],"Outcome":1,"ErrorMessage":null,"ErrorStackTrace":null,"DisplayName":"TestPut2","Messages":[],"ComputerName":null,"Duration":"00:00:00.0004635","StartTime":"2023-01-08T22:27:49.9491743+01:00","EndTime":"2023-01-08T22:27:49.9502131+01:00","Properties":[{"Key":{"Id":"ExecutionId","Label":"ExecutionId","Category":"","Description":"","Attributes":1,"ValueType":"System.Guid"},"Value":"00000000-0000-0000-0000-000000000000"},{"Key":{"Id":"ParentExecId","Label":"ParentExecId","Category":"","Description":"","Attributes":1,"ValueType":"System.Guid"},"Value":"00000000-0000-0000-0000-000000000000"},{"Key":{"Id":"InnerResultsCount","Label":"InnerResultsCount","Category":"","Description":"","Attributes":1,"ValueType":"System.Int32"},"Value":0}]},{"TestCase":{"Id":"484ac8c0-e5cb-3be6-fa4e-c3ea767c427c","FullyQualifiedName":"WhiteBox.WhiteBoxTestovi.TestPut3","DisplayName":"TestPut3","ExecutorUri":"executor://MSTestAdapter/v2","Source":"C:\\Users\\Tarik\\Documents\\GitHub\\vvs-zad1posljednji\\WhiteBox\\bin\\Debug\\net5.0\\fine-code-coverage\\build-output\\WhiteBox.dll","CodeFilePath":null,"LineNumber":-1,"Properties":[{"Key":{"Id":"TestCase.ManagedType","Label":"ManagedType","Category":"","Description":"","Attributes":1,"ValueType":"System.String"},"Value":"WhiteBox.WhiteBoxTestovi"},{"Key":{"Id":"TestCase.ManagedMethod","Label":"ManagedMethod","Category":"","Description":"","Attributes":1,"ValueType":"System.String"},"Value":"TestPut3"},{"Key":{"Id":"MSTestDiscoverer.TestClassName","Label":"ClassName","Category":"","Description":"","Attributes":1,"ValueType":"System.String"},"Value":"WhiteBox.WhiteBoxTestovi"},{"Key":{"Id":"TestCase.Hierarchy","Label":"Hierarchy","Category":"","Description":"","Attributes":2,"ValueType":"System.String[]"},"Value":["WhiteBox","WhiteBoxTestovi"]},{"Key":{"Id":"TestObject.Traits","Label":"Traits","Category":"","Description":"","Attributes":5,"ValueType":"System.Collections.Generic.KeyValuePair`2[[System.String],[System.String]][]"},"Value":[]}]},"Attachments":[],"Outcome":1,"ErrorMessage":null,"ErrorStackTrace":null,"DisplayName":"TestPut3","Messages":[],"ComputerName":null,"Duration":"00:00:00.0002584","StartTime":"2023-01-08T22:27:49.9565575+01:00","EndTime":"2023-01-08T22:27:49.9572527+01:00","Properties":[{"Key":{"Id":"ExecutionId","Label":"ExecutionId","Category":"","Description":"","Attributes":1,"ValueType":"System.Guid"},"Value":"00000000-0000-0000-0000-000000000000"},{"Key":{"Id":"ParentExecId","Label":"ParentExecId","Category":"","Description":"","Attributes":1,"ValueType":"System.Guid"},"Value":"00000000-0000-0000-0000-000000000000"},{"Key":{"Id":"InnerResultsCount","Label":"InnerResultsCount","Category":"","Description":"","Attributes":1,"ValueType":"System.Int32"},"Value":0}]},{"TestCase":{"Id":"bad917c2-00c1-3ef4-a267-f9ffa359e655","FullyQualifiedName":"WhiteBox.WhiteBoxTestovi.TestPut4","DisplayName":"TestPut4","ExecutorUri":"executor://MSTestAdapter/v2","Source":"C:\\Users\\Tarik\\Documents\\GitHub\\vvs-zad1posljednji\\WhiteBox\\bin\\Debug\\net5.0\\fine-code-coverage\\build-output\\WhiteBox.dll","CodeFilePath":null,"LineNumber":-1,"Properties":[{"Key":{"Id":"TestCase.ManagedType","Label":"ManagedType","Category":"","Description":"","Attributes":1,"ValueType":"System.String"},"Value":"WhiteBox.WhiteBoxTestovi"},{"Key":{"Id":"TestCase.ManagedMethod","Label":"ManagedMethod","Category":"","Description":"","Attributes":1,"ValueType":"System.String"},"Value":"TestPut4"},{"Key":{"Id":"MSTestDiscoverer.TestClassName","Label":"ClassName","Category":"","Description":"","Attributes":1,"ValueType":"System.String"},"Value":"WhiteBox.WhiteBoxTestovi"},{"Key":{"Id":"TestCase.Hierarchy","Label":"Hierarchy","Category":"","Description":"","Attributes":2,"ValueType":"System.String[]"},"Value":["WhiteBox","WhiteBoxTestovi"]},{"Key":{"Id":"TestObject.Traits","Label":"Traits","Category":"","Description":"","Attributes":5,"ValueType":"System.Collections.Generic.KeyValuePair`2[[System.String],[System.String]][]"},"Value":[]}]},"Attachments":[],"Outcome":1,"ErrorMessage":null,"ErrorStackTrace":null,"DisplayName":"TestPut4","Messages":[],"ComputerName":null,"Duration":"00:00:00.0026582","StartTime":"2023-01-08T22:27:49.9628573+01:00","EndTime":"2023-01-08T22:27:49.9662188+01:00","Properties":[{"Key":{"Id":"ExecutionId","Label":"ExecutionId","Category":"","Description":"","Attributes":1,"ValueType":"System.Guid"},"Value":"00000000-0000-0000-0000-000000000000"},{"Key":{"Id":"ParentExecId","Label":"ParentExecId","Category":"","Description":"","Attributes":1,"ValueType":"System.Guid"},"Value":"00000000-0000-0000-0000-000000000000"},{"Key":{"Id":"InnerResultsCount","Label":"InnerResultsCount","Category":"","Description":"","Attributes":1,"ValueType":"System.Int32"},"Value":0}]},{"TestCase":{"Id":"742d842c-98f9-b20c-92c5-74b9b9cb35a6","FullyQualifiedName":"WhiteBox.WhiteBoxTestovi.TestPut5","DisplayName":"TestPut5","ExecutorUri":"executor://MSTestAdapter/v2","Source":"C:\\Users\\Tarik\\Documents\\GitHub\\vvs-zad1posljednji\\WhiteBox\\bin\\Debug\\net5.0\\fine-code-coverage\\build-output\\WhiteBox.dll","CodeFilePath":null,"LineNumber":-1,"Properties":[{"Key":{"Id":"TestCase.ManagedType","Label":"ManagedType","Category":"","Description":"","Attributes":1,"ValueType":"System.String"},"Value":"WhiteBox.WhiteBoxTestovi"},{"Key":{"Id":"TestCase.ManagedMethod","Label":"ManagedMethod","Category":"","Description":"","Attributes":1,"ValueType":"System.String"},"Value":"TestPut5"},{"Key":{"Id":"MSTestDiscoverer.TestClassName","Label":"ClassName","Category":"","Description":"","Attributes":1,"ValueType":"System.String"},"Value":"WhiteBox.WhiteBoxTestovi"},{"Key":{"Id":"TestCase.Hierarchy","Label":"Hierarchy","Category":"","Description":"","Attributes":2,"ValueType":"System.String[]"},"Value":["WhiteBox","WhiteBoxTestovi"]},{"Key":{"Id":"TestObject.Traits","Label":"Traits","Category":"","Description":"","Attributes":5,"ValueType":"System.Collections.Generic.KeyValuePair`2[[System.String],[System.String]][]"},"Value":[]}]},"Attachments":[],"Outcome":1,"ErrorMessage":null,"ErrorStackTrace":null,"DisplayName":"TestPut5","Messages":[],"ComputerName":null,"Duration":"00:00:00.0002587","StartTime":"2023-01-08T22:27:49.9713469+01:00","EndTime":"2023-01-08T22:27:49.9719394+01:00","Properties":[{"Key":{"Id":"ExecutionId","Label":"ExecutionId","Category":"","Description":"","Attributes":1,"ValueType":"System.Guid"},"Value":"00000000-0000-0000-0000-000000000000"},{"Key":{"Id":"ParentExecId","Label":"ParentExecId","Category":"","Description":"","Attributes":1,"ValueType":"System.Guid"},"Value":"00000000-0000-0000-0000-000000000000"},{"Key":{"Id":"InnerResultsCount","Label":"InnerResultsCount","Category":"","Description":"","Attributes":1,"ValueType":"System.Int32"},"Value":0}]},{"TestCase":{"Id":"efcfc538-5792-5a63-f429-15720abe553a","FullyQualifiedName":"WhiteBox.WhiteBoxTestovi.TestPut6","DisplayName":"TestPut6","ExecutorUri":"executor://MSTestAdapter/v2","Source":"C:\\Users\\Tarik\\Documents\\GitHub\\vvs-zad1posljednji\\WhiteBox\\bin\\Debug\\net5.0\\fine-code-coverage\\build-output\\WhiteBox.dll","CodeFilePath":null,"LineNumber":-1,"Properties":[{"Key":{"Id":"TestCase.ManagedType","Label":"ManagedType","Category":"","Description":"","Attributes":1,"ValueType":"System.String"},"Value":"WhiteBox.WhiteBoxTestovi"},{"Key":{"Id":"TestCase.ManagedMethod","Label":"ManagedMethod","Category":"","Description":"","Attributes":1,"ValueType":"System.String"},"Value":"TestPut6"},{"Key":{"Id":"MSTestDiscoverer.TestClassName","Label":"ClassName","Category":"","Description":"","Attributes":1,"ValueType":"System.String"},"Value":"WhiteBox.WhiteBoxTestovi"},{"Key":{"Id":"TestCase.Hierarchy","Label":"Hierarchy","Category":"","Description":"","Attributes":2,"ValueType":"System.String[]"},"Value":["WhiteBox","WhiteBoxTestovi"]},{"Key":{"Id":"TestObject.Traits","Label":"Traits","Category":"","Description":"","Attributes":5,"ValueType":"System.Collections.Generic.KeyValuePair`2[[System.String],[System.String]][]"},"Value":[]}]},"Attachments":[],"Outcome":1,"ErrorMessage":null,"ErrorStackTrace":null,"DisplayName":"TestPut6","Messages":[],"ComputerName":null,"Duration":"00:00:00.0017443","StartTime":"2023-01-08T22:27:49.9784555+01:00","EndTime":"2023-01-08T22:27:49.9808441+01:00","Properties":[{"Key":{"Id":"ExecutionId","Label":"ExecutionId","Category":"","Description":"","Attributes":1,"ValueType":"System.Guid"},"Value":"00000000-0000-0000-0000-000000000000"},{"Key":{"Id":"ParentExecId","Label":"ParentExecId","Category":"","Description":"","Attributes":1,"ValueType":"System.Guid"},"Value":"00000000-0000-0000-0000-000000000000"},{"Key":{"Id":"InnerResultsCount","Label":"InnerResultsCount","Category":"","Description":"","Attributes":1,"ValueType":"System.Int32"},"Value":0}]},{"TestCase":{"Id":"d1dffd49-02f7-2678-efb1-6be2ddd387fc","FullyQualifiedName":"WhiteBox.WhiteBoxTestovi.TestPut7","DisplayName":"TestPut7","ExecutorUri":"executor://MSTestAdapter/v2","Source":"C:\\Users\\Tarik\\Documents\\GitHub\\vvs-zad1posljednji\\WhiteBox\\bin\\Debug\\net5.0\\fine-code-coverage\\build-output\\WhiteBox.dll","CodeFilePath":null,"LineNumber":-1,"Properties":[{"Key":{"Id":"TestCase.ManagedType","Label":"ManagedType","Category":"","Description":"","Attributes":1,"ValueType":"System.String"},"Value":"WhiteBox.WhiteBoxTestovi"},{"Key":{"Id":"TestCase.ManagedMethod","Label":"ManagedMethod","Category":"","Description":"","Attributes":1,"ValueType":"System.String"},"Value":"TestPut7"},{"Key":{"Id":"MSTestDiscoverer.TestClassName","Label":"ClassName","Category":"","Description":"","Attributes":1,"ValueType":"System.String"},"Value":"WhiteBox.WhiteBoxTestovi"},{"Key":{"Id":"TestCase.Hierarchy","Label":"Hierarchy","Category":"","Description":"","Attributes":2,"ValueType":"System.String[]"},"Value":["WhiteBox","WhiteBoxTestovi"]},{"Key":{"Id":"TestObject.Traits","Label":"Traits","Category":"","Description":"","Attributes":5,"ValueType":"System.Collections.Generic.KeyValuePair`2[[System.String],[System.String]][]"},"Value":[]}]},"Attachments":[],"Outcome":1,"ErrorMessage":null,"ErrorStackTrace":null,"DisplayName":"TestPut7","Messages":[],"ComputerName":null,"Duration":"00:00:00.0002142","StartTime":"2023-01-08T22:27:49.9862801+01:00","EndTime":"2023-01-08T22:27:49.9868173+01:00","Properties":[{"Key":{"Id":"ExecutionId","Label":"ExecutionId","Category":"","Description":"","Attributes":1,"ValueType":"System.Guid"},"Value":"00000000-0000-0000-0000-000000000000"},{"Key":{"Id":"ParentExecId","Label":"ParentExecId","Category":"","Description":"","Attributes":1,"ValueType":"System.Guid"},"Value":"00000000-0000-0000-0000-000000000000"},{"Key":{"Id":"InnerResultsCount","Label":"InnerResultsCount","Category":"","Description":"","Attributes":1,"ValueType":"System.Int32"},"Value":0}]},{"TestCase":{"Id":"9f761f09-e524-12e1-cc1f-5340739c547f","FullyQualifiedName":"WhiteBox.WhiteBoxTestovi.TestPut8","DisplayName":"TestPut8","ExecutorUri":"executor://MSTestAdapter/v2","Source":"C:\\Users\\Tarik\\Documents\\GitHub\\vvs-zad1posljednji\\WhiteBox\\bin\\Debug\\net5.0\\fine-code-coverage\\build-output\\WhiteBox.dll","CodeFilePath":null,"LineNumber":-1,"Properties":[{"Key":{"Id":"TestCase.ManagedType","Label":"ManagedType","Category":"","Description":"","Attributes":1,"ValueType":"System.String"},"Value":"WhiteBox.WhiteBoxTestovi"},{"Key":{"Id":"TestCase.ManagedMethod","Label":"ManagedMethod","Category":"","Description":"","Attributes":1,"ValueType":"System.String"},"Value":"TestPut8"},{"Key":{"Id":"MSTestDiscoverer.TestClassName","Label":"ClassName","Category":"","Description":"","Attributes":1,"ValueType":"System.String"},"Value":"WhiteBox.WhiteBoxTestovi"},{"Key":{"Id":"TestCase.Hierarchy","Label":"Hierarchy","Category":"","Description":"","Attributes":2,"ValueType":"System.String[]"},"Value":["WhiteBox","WhiteBoxTestovi"]},{"Key":{"Id":"TestObject.Traits","Label":"Traits","Category":"","Description":"","Attributes":5,"ValueType":"System.Collections.Generic.KeyValuePair`2[[System.String],[System.String]][]"},"Value":[]}]},"Attachments":[],"Outcome":1,"ErrorMessage":null,"ErrorStackTrace":null,"DisplayName":"TestPut8","Messages":[],"ComputerName":null,"Duration":"00:00:00.0002733","StartTime":"2023-01-08T22:27:49.9925437+01:00","EndTime":"2023-01-08T22:27:49.9931829+01:00","Properties":[{"Key":{"Id":"ExecutionId","Label":"ExecutionId","Category":"","Description":"","Attributes":1,"ValueType":"System.Guid"},"Value":"00000000-0000-0000-0000-000000000000"},{"Key":{"Id":"ParentExecId","Label":"ParentExecId","Category":"","Description":"","Attributes":1,"ValueType":"System.Guid"},"Value":"00000000-0000-0000-0000-000000000000"},{"Key":{"Id":"InnerResultsCount","Label":"InnerResultsCount","Category":"","Description":"","Attributes":1,"ValueType":"System.Int32"},"Value":0}]},{"TestCase":{"Id":"16fc0aa6-a9ce-a95a-8077-c9de2ec32b04","FullyQualifiedName":"WhiteBox.WhiteBoxTestovi.TestPut9","DisplayName":"TestPut9","ExecutorUri":"executor://MSTestAdapter/v2","Source":"C:\\Users\\Tarik\\Documents\\GitHub\\vvs-zad1posljednji\\WhiteBox\\bin\\Debug\\net5.0\\fine-code-coverage\\build-output\\WhiteBox.dll","CodeFilePath":null,"LineNumber":-1,"Properties":[{"Key":{"Id":"TestCase.ManagedType","Label":"ManagedType","Category":"","Description":"","Attributes":1,"ValueType":"System.String"},"Value":"WhiteBox.WhiteBoxTestovi"},{"Key":{"Id":"TestCase.ManagedMethod","Label":"ManagedMethod","Category":"","Description":"","Attributes":1,"ValueType":"System.String"},"Value":"TestPut9"},{"Key":{"Id":"MSTestDiscoverer.TestClassName","Label":"ClassName","Category":"","Description":"","Attributes":1,"ValueType":"System.String"},"Value":"WhiteBox.WhiteBoxTestovi"},{"Key":{"Id":"TestCase.Hierarchy","Label":"Hierarchy","Category":"","Description":"","Attributes":2,"ValueType":"System.String[]"},"Value":["WhiteBox","WhiteBoxTestovi"]},{"Key":{"Id":"TestObject.Traits","Label":"Traits","Category":"","Description":"","Attributes":5,"ValueType":"System.Collections.Generic.KeyValuePair`2[[System.String],[System.String]][]"},"Value":[]}]},"Attachments":[],"Outcome":1,"ErrorMessage":null,"ErrorStackTrace":null,"DisplayName":"TestPut9","Messages":[],"ComputerName":null,"Duration":"00:00:00.0002746","StartTime":"2023-01-08T22:27:49.9982037+01:00","EndTime":"2023-01-08T22:27:49.9988629+01:00","Properties":[{"Key":{"Id":"ExecutionId","Label":"ExecutionId","Category":"","Description":"","Attributes":1,"ValueType":"System.Guid"},"Value":"00000000-0000-0000-0000-000000000000"},{"Key":{"Id":"ParentExecId","Label":"ParentExecId","Category":"","Description":"","Attributes":1,"ValueType":"System.Guid"},"Value":"00000000-0000-0000-0000-000000000000"},{"Key":{"Id":"InnerResultsCount","Label":"InnerResultsCount","Category":"","Description":"","Attributes":1,"ValueType":"System.Int32"},"Value":0}]}],"TestRunStatistics":{"ExecutedTests":9,"Stats":{"Passed":9}},"ActiveTests":[{"Id":"922dac21-969d-aac1-ac34-dbf01c257e19","FullyQualifiedName":"WhiteBox.WhiteBoxTestovi.TestPut10","DisplayName":"TestPut10","ExecutorUri":"executor://MSTestAdapter/v2","Source":"C:\\Users\\Tarik\\Documents\\GitHub\\vvs-zad1posljednji\\WhiteBox\\bin\\Debug\\net5.0\\fine-code-coverage\\build-output\\WhiteBox.dll","CodeFilePath":null,"LineNumber":-1,"Properties":[{"Key":{"Id":"TestCase.ManagedType","Label":"ManagedType","Category":"","Description":"","Attributes":1,"ValueType":"System.String"},"Value":"WhiteBox.WhiteBoxTestovi"},{"Key":{"Id":"TestCase.ManagedMethod","Label":"ManagedMethod","Category":"","Description":"","Attributes":1,"ValueType":"System.String"},"Value":"TestPut10"},{"Key":{"Id":"MSTestDiscoverer.TestClassName","Label":"ClassName","Category":"","Description":"","Attributes":1,"ValueType":"System.String"},"Value":"WhiteBox.WhiteBoxTestovi"},{"Key":{"Id":"TestCase.Hierarchy","Label":"Hierarchy","Category":"","Description":"","Attributes":2,"ValueType":"System.String[]"},"Value":["WhiteBox","WhiteBoxTestovi"]},{"Key":{"Id":"TestObject.Traits","Label":"Traits","Category":"","Description":"","Attributes":5,"ValueType":"System.Collections.Generic.KeyValuePair`2[[System.String],[System.String]][]"},"Value":[]}]}]}}
TpTrace Verbose: 0 : 16704, 4, 2023/01/08, 22:27:50.052, 19391741971566, testhost.dll, TestRunCache: OnNewTestResult: Notified the onCacheHit callback.
TpTrace Verbose: 0 : 16704, 4, 2023/01/08, 22:27:50.054, 19391741991490, testhost.dll, MulticastDelegateUtilities.SafeInvoke: TestCaseEventsHandler.RaiseTestCaseStart: Invoking callback 1/1 for Microsoft.VisualStudio.TestPlatform.CrossPlatEngine.DataCollection.ProxyOutOfProcDataCollectionManager.TriggerTestCaseStart, took 1 ms.
TpTrace Information: 0 : 16704, 4, 2023/01/08, 22:27:50.054, 19391741993076, testhost.dll, MSTest - Executing test TestPut10
TpTrace Information: 0 : 16704, 4, 2023/01/08, 22:27:50.055, 19391742001337, testhost.dll, MSTest - Executed test TestPut10
TpTrace Verbose: 0 : 16704, 4, 2023/01/08, 22:27:50.055, 19391742004544, testhost.dll, TestExecutionRecorder.RecordEnd: test: WhiteBox.WhiteBoxTestovi.TestPut10 execution completed.
TpTrace Warning: 0 : 16704, 4, 2023/01/08, 22:27:50.055, 19391742005228, testhost.dll, TestRunCache: InProgressTests is null
TpTrace Verbose: 0 : 16704, 4, 2023/01/08, 22:27:50.057, 19391742030584, testhost.dll, MulticastDelegateUtilities.SafeInvoke: TestCaseEventsHandler.RaiseTestCaseEnd: Invoking callback 1/1 for Microsoft.VisualStudio.TestPlatform.CrossPlatEngine.DataCollection.ProxyOutOfProcDataCollectionManager.TriggerTestCaseEnd, took 2 ms.
TpTrace Verbose: 0 : 16704, 4, 2023/01/08, 22:27:50.058, 19391742031787, testhost.dll, TestExecutionRecorder.RecordResult: Received result for test: WhiteBox.WhiteBoxTestovi.TestPut10.
TpTrace Verbose: 0 : 16704, 4, 2023/01/08, 22:27:50.058, 19391742032961, testhost.dll, MulticastDelegateUtilities.SafeInvoke: TestCaseEventsHandler.RaiseTestCaseEnd: Invoking callback 1/1 for Microsoft.VisualStudio.TestPlatform.CrossPlatEngine.DataCollection.ProxyOutOfProcDataCollectionManager.TriggerSendTestResult, took 0 ms.
TpTrace Warning: 0 : 16704, 4, 2023/01/08, 22:27:50.058, 19391742033708, testhost.dll, TestRunCache: InProgressTests is null
TpTrace Warning: 0 : 16704, 4, 2023/01/08, 22:27:50.058, 19391742034605, testhost.dll, TestRunCache: No test found corresponding to testResult 'TestPut10' in inProgress list.
TpTrace Information: 0 : 16704, 4, 2023/01/08, 22:27:50.058, 19391742038388, testhost.dll, MSTest - Executing cleanup methods.
TpTrace Information: 0 : 16704, 4, 2023/01/08, 22:27:50.061, 19391742070536, testhost.dll, MSTest - Executed cleanup methods.
TpTrace Information: 0 : 16704, 4, 2023/01/08, 22:27:50.062, 19391742072022, testhost.dll, MSTest - Executed tests belonging to source C:\Users\Tarik\Documents\GitHub\vvs-zad1posljednji\WhiteBox\bin\Debug\net5.0\fine-code-coverage\build-output\WhiteBox.dll
TpTrace Information: 0 : 16704, 4, 2023/01/08, 22:27:50.062, 19391742076428, testhost.dll, Deleting deployment directory C:\Users\Tarik\Documents\GitHub\vvs-zad1posljednji\WhiteBox\bin\Debug\net5.0\fine-code-coverage\coverage-tool-output\Deploy_Esma 2023-01-08 22_27_49
TpTrace Information: 0 : 16704, 4, 2023/01/08, 22:27:50.066, 19391742117419, testhost.dll, Deleted deployment directory C:\Users\Tarik\Documents\GitHub\vvs-zad1posljednji\WhiteBox\bin\Debug\net5.0\fine-code-coverage\coverage-tool-output\Deploy_Esma 2023-01-08 22_27_49
TpTrace Verbose: 0 : 16704, 4, 2023/01/08, 22:27:50.067, 19391742124256, testhost.dll, BaseRunTests.RunTestInternalWithExecutors: Completed running tests for executor://MSTestAdapter/v2
TpTrace Verbose: 0 : 16704, 4, 2023/01/08, 22:27:50.069, 19391742142951, testhost.dll, MulticastDelegateUtilities.SafeInvoke: TestCaseEventsHandler.RaiseSessionEnd: Invoking callback 1/1 for Microsoft.VisualStudio.TestPlatform.CrossPlatEngine.DataCollection.ProxyOutOfProcDataCollectionManager.TriggerTestSessionEnd, took 1 ms.
TpTrace Information: 0 : 16704, 4, 2023/01/08, 22:27:50.073, 19391742183163, testhost.dll, Sending test run complete
TpTrace Verbose: 0 : 16704, 4, 2023/01/08, 22:27:50.101, 19391742466136, testhost.dll, TestRequestHandler.SendData: sending data from testhost: {"Version":7,"MessageType":"TestExecution.Completed","Payload":{"TestRunCompleteArgs":{"TestRunStatistics":{"ExecutedTests":10,"Stats":{"Passed":10}},"IsCanceled":false,"IsAborted":false,"Error":null,"AttachmentSets":[],"InvokedDataCollectors":[],"ElapsedTimeInRunningTests":"00:00:00.5615702","Metrics":{},"DiscoveredExtensions":{"TestDiscoverers":["Microsoft.VisualStudio.TestPlatform.MSTest.TestAdapter.MSTestDiscoverer, Microsoft.VisualStudio.TestPlatform.MSTest.TestAdapter, Version=14.0.0.0, Culture=neutral, PublicKeyToken=b03f5f7f11d50a3a"],"TestExecutors":["executor://MSTestAdapter/v2"],"TestExecutors2":[],"TestSettingsProviders":[]}},"LastRunTests":{"NewTestResults":[{"TestCase":{"Id":"922dac21-969d-aac1-ac34-dbf01c257e19","FullyQualifiedName":"WhiteBox.WhiteBoxTestovi.TestPut10","DisplayName":"TestPut10","ExecutorUri":"executor://MSTestAdapter/v2","Source":"C:\\Users\\Tarik\\Documents\\GitHub\\vvs-zad1posljednji\\WhiteBox\\bin\\Debug\\net5.0\\fine-code-coverage\\build-output\\WhiteBox.dll","CodeFilePath":null,"LineNumber":-1,"Properties":[{"Key":{"Id":"TestCase.ManagedType","Label":"ManagedType","Category":"","Description":"","Attributes":1,"ValueType":"System.String"},"Value":"WhiteBox.WhiteBoxTestovi"},{"Key":{"Id":"TestCase.ManagedMethod","Label":"ManagedMethod","Category":"","Description":"","Attributes":1,"ValueType":"System.String"},"Value":"TestPut10"},{"Key":{"Id":"MSTestDiscoverer.TestClassName","Label":"ClassName","Category":"","Description":"","Attributes":1,"ValueType":"System.String"},"Value":"WhiteBox.WhiteBoxTestovi"},{"Key":{"Id":"TestCase.Hierarchy","Label":"Hierarchy","Category":"","Description":"","Attributes":2,"ValueType":"System.String[]"},"Value":["WhiteBox","WhiteBoxTestovi"]},{"Key":{"Id":"TestObject.Traits","Label":"Traits","Category":"","Description":"","Attributes":5,"ValueType":"System.Collections.Generic.KeyValuePair`2[[System.String],[System.String]][]"},"Value":[]}]},"Attachments":[],"Outcome":1,"ErrorMessage":null,"ErrorStackTrace":null,"DisplayName":"TestPut10","Messages":[],"ComputerName":null,"Duration":"00:00:00.0002934","StartTime":"2023-01-08T22:27:50.0542302+01:00","EndTime":"2023-01-08T22:27:50.0553574+01:00","Properties":[{"Key":{"Id":"ExecutionId","Label":"ExecutionId","Category":"","Description":"","Attributes":1,"ValueType":"System.Guid"},"Value":"00000000-0000-0000-0000-000000000000"},{"Key":{"Id":"ParentExecId","Label":"ParentExecId","Category":"","Description":"","Attributes":1,"ValueType":"System.Guid"},"Value":"00000000-0000-0000-0000-000000000000"},{"Key":{"Id":"InnerResultsCount","Label":"InnerResultsCount","Category":"","Description":"","Attributes":1,"ValueType":"System.Int32"},"Value":0}]}],"TestRunStatistics":{"ExecutedTests":10,"Stats":{"Passed":10}},"ActiveTests":[]},"RunAttachments":[],"ExecutorUris":["executor://mstestadapter/v2"]}}
TpTrace Verbose: 0 : 16704, 4, 2023/01/08, 22:27:50.102, 19391742474754, testhost.dll, BaseRunTests.RunTests: Run is complete.
TpTrace Verbose: 0 : 16704, 10, 2023/01/08, 22:27:50.128, 19391742738045, testhost.dll, TcpClientExtensions.MessageLoopAsync: NotifyDataAvailable remoteEndPoint: [::ffff:127.0.0.1]:60358 localEndPoint: [::ffff:127.0.0.1]:60359
TpTrace Information: 0 : 16704, 10, 2023/01/08, 22:27:50.128, 19391742740014, testhost.dll, TestRequestHandler.OnMessageReceived: received message: (TestSession.Terminate) -> {"MessageType":"TestSession.Terminate","Payload":null}
TpTrace Information: 0 : 16704, 10, 2023/01/08, 22:27:50.128, 19391742740598, testhost.dll, Session End message received from server. Closing the connection.
TpTrace Information: 0 : 16704, 10, 2023/01/08, 22:27:50.129, 19391742746288, testhost.dll, SocketClient.Stop: Stop communication from server endpoint: 127.0.0.1:060358
TpTrace Information: 0 : 16704, 10, 2023/01/08, 22:27:50.129, 19391742747522, testhost.dll, SocketClient: Stop: Cancellation requested. Stopping message loop.
TpTrace Verbose: 0 : 16704, 10, 2023/01/08, 22:27:50.130, 19391742751095, testhost.dll, LengthPrefixCommunicationChannel.Dispose: Dispose reader and writer.
TpTrace Information: 0 : 16704, 10, 2023/01/08, 22:27:50.130, 19391742753098, testhost.dll, Closing the connection !
TpTrace Verbose: 0 : 16704, 10, 2023/01/08, 22:27:50.130, 19391742754168, testhost.dll, MulticastDelegateUtilities.SafeInvoke: LengthPrefixCommunicationChannel: MessageReceived: Invoking callback 1/1 for Microsoft.VisualStudio.TestPlatform.CommunicationUtilities.TestRequestHandler.OnMessageReceived, took 1 ms.
TpTrace Information: 0 : 16704, 1, 2023/01/08, 22:27:50.130, 19391742757420, testhost.dll, Closing the connection!
TpTrace Information: 0 : 16704, 1, 2023/01/08, 22:27:50.130, 19391742758604, testhost.dll, SocketClient.Stop: Stop communication from server endpoint: 127.0.0.1:060358
TpTrace Information: 0 : 16704, 1, 2023/01/08, 22:27:50.130, 19391742759002, testhost.dll, SocketClient: Stop: Cancellation requested. Stopping message loop.
TpTrace Information: 0 : 16704, 10, 2023/01/08, 22:27:50.130, 19391742759098, testhost.dll, SocketClient.PrivateStop: Stop communication from server endpoint: 127.0.0.1:060358, error:
TpTrace Verbose: 0 : 16704, 1, 2023/01/08, 22:27:50.130, 19391742760452, testhost.dll, LengthPrefixCommunicationChannel.Dispose: Dispose reader and writer.
TpTrace Information: 0 : 16704, 1, 2023/01/08, 22:27:50.131, 19391742762687, testhost.dll, Testhost process exiting.
TpTrace Verbose: 0 : 16704, 10, 2023/01/08, 22:27:50.131, 19391742762890, testhost.dll, LengthPrefixCommunicationChannel.Dispose: Dispose reader and writer.
TpTrace Verbose: 0 : 16704, 10, 2023/01/08, 22:27:50.131, 19391742764074, testhost.dll, TcpClientExtensions.MessageLoopAsync: exiting MessageLoopAsync remoteEndPoint: [::ffff:127.0.0.1]:60358 localEndPoint: [::ffff:127.0.0.1]:60359
