TpTrace Verbose: 0 : 9984, 1, 2023/01/08, 21:08:30.501, 21050875179023, datacollector.dll, Version: 17.4.0-release-20221019-01
TpTrace Information: 0 : 9984, 1, 2023/01/08, 21:08:30.507, 21050875235571, datacollector.dll, DataCollectorMain.Run: Starting data collector run with args: --port,59905,--parentprocessid,22920,--diag,C:\Users\muris\Source\Repos\vvs-zad1-zadaca32\WhiteBox\bin\Debug\net5.0\fine-code-coverage\coverage-tool-output\diagnostics.datacollector.23-01-08_21-08-30_37565_1.log,--tracelevel,4
TpTrace Information: 0 : 9984, 1, 2023/01/08, 21:08:30.507, 21050875236893, datacollector.dll, DataCollector: Monitoring parent process with id: '22920'
TpTrace Information: 0 : 9984, 1, 2023/01/08, 21:08:30.513, 21050875297619, datacollector.dll, Trying to connect to server on socket : 127.0.0.1:59905 
TpTrace Verbose: 0 : 9984, 1, 2023/01/08, 21:08:30.523, 21050875401450, datacollector.dll, SocketCommunicationManager : SetupClientAsync : Attempting to connect to the server.
TpTrace Information: 0 : 9984, 8, 2023/01/08, 21:08:30.532, 21050875491968, datacollector.dll, Connected to the server successfully 
TpTrace Information: 0 : 9984, 8, 2023/01/08, 21:08:30.532, 21050875492927, datacollector.dll, Using the buffer size of 16384 bytes
TpTrace Information: 0 : 9984, 1, 2023/01/08, 21:08:30.618, 21050876353663, datacollector.dll, DataCollector: Start Request Processing.
TpTrace Verbose: 0 : 9984, 1, 2023/01/08, 21:08:30.619, 21050876355711, datacollector.dll, SocketCommunicationManager.WaitForServerConnection took: 0 ms, with 90000 ms timeout, and finished with True.
TpTrace Information: 0 : 9984, 1, 2023/01/08, 21:08:30.619, 21050876358539, datacollector.dll, DataCollectionRequestHandler.ProcessRequests: Datacollector received message: (DataCollection.BeforeTestRunStart) -> {"MessageType":"DataCollection.BeforeTestRunStart","Payload":{"SettingsXml":"<RunSettings><RunConfiguration><ResultsDirectory>C:\\Users\\muris\\Source\\Repos\\vvs-zad1-zadaca32\\WhiteBox\\bin\\Debug\\net5.0\\fine-code-coverage\\coverage-tool-output</ResultsDirectory><TargetPlatform>X64</TargetPlatform><TargetFrameworkVersion>.NETCoreApp,Version=v5.0</TargetFrameworkVersion><DesignMode>False</DesignMode><CollectSourceInformation>False</CollectSourceInformation><TestAdaptersPaths>C:\\Program Files\\dotnet\\sdk\\7.0.100\\Extensions</TestAdaptersPaths></RunConfiguration><LoggerRunSettings><Loggers><Logger friendlyName=\"blame\" enabled=\"True\" /><Logger friendlyName=\"Console\" uri=\"logger://microsoft/TestPlatform/ConsoleLogger/v1\" assemblyQualifiedName=\"Microsoft.VisualStudio.TestPlatform.CommandLine.Internal.ConsoleLogger, vstest.console, Version=15.0.0.0, Culture=neutral, PublicKeyToken=b03f5f7f11d50a3a\" codeBase=\"C:\\Program Files\\dotnet\\sdk\\7.0.100\\vstest.console.dll\" enabled=\"True\" /></Loggers></LoggerRunSettings><DataCollectionRunSettings><DataCollectors><DataCollector friendlyName=\"blame\" enabled=\"True\"><Configuration><ResultsDirectory>C:\\Users\\muris\\Source\\Repos\\vvs-zad1-zadaca32\\WhiteBox\\bin\\Debug\\net5.0\\fine-code-coverage\\coverage-tool-output</ResultsDirectory></Configuration></DataCollector></DataCollectors></DataCollectionRunSettings></RunSettings>","Sources":["C:\\Users\\muris\\Source\\Repos\\vvs-zad1-zadaca32\\WhiteBox\\bin\\Debug\\net5.0\\fine-code-coverage\\build-output\\WhiteBox.dll"],"IsTelemetryOptedIn":false}}
TpTrace Verbose: 0 : 9984, 1, 2023/01/08, 21:08:30.658, 21050876754025, datacollector.dll, TestPluginCache: Update extensions started. Skip filter = False
TpTrace Verbose: 0 : 9984, 1, 2023/01/08, 21:08:30.659, 21050876761140, datacollector.dll, TestPluginCache: Using directories for assembly resolution 'C:\Program Files\dotnet\sdk\7.0.100\Extensions'.
TpTrace Verbose: 0 : 9984, 1, 2023/01/08, 21:08:30.659, 21050876761812, datacollector.dll, TestPluginCache: Updated the available extensions to 'C:\Program Files\dotnet\sdk\7.0.100\Extensions\Microsoft.TestPlatform.Extensions.BlameDataCollector.dll,C:\Program Files\dotnet\sdk\7.0.100\Extensions\Microsoft.TestPlatform.Extensions.EventLogCollector.dll'.
TpTrace Verbose: 0 : 9984, 1, 2023/01/08, 21:08:30.665, 21050876817045, datacollector.dll, TestPluginCache.DiscoverTestExtensions: finding test extensions in assemblies ends with: Collector.dll TPluginInfo: Microsoft.VisualStudio.TestPlatform.Common.DataCollector.DataCollectorConfig TExtension: Microsoft.VisualStudio.TestPlatform.ObjectModel.DataCollection.DataCollector
TpTrace Verbose: 0 : 9984, 1, 2023/01/08, 21:08:30.665, 21050876818657, datacollector.dll, TestPluginCache.GetExtensionPaths: Filtered extension paths: C:\Program Files\dotnet\sdk\7.0.100\Extensions\Microsoft.TestPlatform.Extensions.BlameDataCollector.dll
C:\Program Files\dotnet\sdk\7.0.100\Extensions\Microsoft.TestPlatform.Extensions.EventLogCollector.dll
TpTrace Verbose: 0 : 9984, 1, 2023/01/08, 21:08:30.665, 21050876819009, datacollector.dll, TestPluginCache.GetExtensionPaths: Added default extension paths: 
TpTrace Verbose: 0 : 9984, 1, 2023/01/08, 21:08:30.665, 21050876819247, datacollector.dll, TestPluginCache.GetExtensionPaths: Added unfilterableExtensionPaths: 
TpTrace Information: 0 : 9984, 1, 2023/01/08, 21:08:30.665, 21050876824244, datacollector.dll, AssemblyResolver.ctor: Creating AssemblyResolver with searchDirectories C:\Program Files\dotnet\sdk\7.0.100\Extensions,C:\Program Files\dotnet\sdk\7.0.100
TpTrace Verbose: 0 : 9984, 1, 2023/01/08, 21:08:30.667, 21050876836736, datacollector.dll, TestPluginCache.DiscoverTestExtensions: Discovering the extensions using extension path.
TpTrace Verbose: 0 : 9984, 1, 2023/01/08, 21:08:30.667, 21050876838038, datacollector.dll, TestPluginCache.GetExtensionPaths: Filtered extension paths: C:\Program Files\dotnet\sdk\7.0.100\Extensions\Microsoft.TestPlatform.Extensions.BlameDataCollector.dll
C:\Program Files\dotnet\sdk\7.0.100\Extensions\Microsoft.TestPlatform.Extensions.EventLogCollector.dll
TpTrace Verbose: 0 : 9984, 1, 2023/01/08, 21:08:30.667, 21050876838374, datacollector.dll, TestPluginCache.GetExtensionPaths: Added default extension paths: 
TpTrace Verbose: 0 : 9984, 1, 2023/01/08, 21:08:30.667, 21050876838575, datacollector.dll, TestPluginCache.GetExtensionPaths: Added unfilterableExtensionPaths: 
TpTrace Verbose: 0 : 9984, 1, 2023/01/08, 21:08:30.667, 21050876838921, datacollector.dll, TestPluginCache.DiscoverTestExtensions: Discovering the extensions using allExtensionPaths: C:\Program Files\dotnet\sdk\7.0.100\Extensions\Microsoft.TestPlatform.Extensions.BlameDataCollector.dll
C:\Program Files\dotnet\sdk\7.0.100\Extensions\Microsoft.TestPlatform.Extensions.EventLogCollector.dll
TpTrace Information: 0 : 9984, 1, 2023/01/08, 21:08:30.667, 21050876839584, datacollector.dll, AssemblyResolver.AddSearchDirectories: Adding more searchDirectories C:\Program Files\dotnet\sdk\7.0.100\Extensions,C:\Program Files\dotnet\sdk\7.0.100
TpTrace Information: 0 : 9984, 1, 2023/01/08, 21:08:30.667, 21050876839944, datacollector.dll, AssemblyResolver.AddSearchDirectories: Adding more searchDirectories C:\Program Files\dotnet\sdk\7.0.100\Extensions,C:\Program Files\dotnet\sdk\7.0.100
TpTrace Information: 0 : 9984, 1, 2023/01/08, 21:08:30.667, 21050876843137, datacollector.dll, AssemblyResolver.OnResolve: Microsoft.TestPlatform.Extensions.BlameDataCollector: Resolving assembly.
TpTrace Information: 0 : 9984, 1, 2023/01/08, 21:08:30.667, 21050876843616, datacollector.dll, AssemblyResolver.OnResolve: Microsoft.TestPlatform.Extensions.BlameDataCollector: Searching in: 'C:\Program Files\dotnet\sdk\7.0.100\Extensions'.
TpTrace Information: 0 : 9984, 1, 2023/01/08, 21:08:30.676, 21050876930538, datacollector.dll, AssemblyResolver.OnResolve: Microsoft.TestPlatform.Extensions.BlameDataCollector: Loading assembly 'C:\Program Files\dotnet\sdk\7.0.100\Extensions\Microsoft.TestPlatform.Extensions.BlameDataCollector.dll'.
TpTrace Information: 0 : 9984, 1, 2023/01/08, 21:08:30.677, 21050876939154, datacollector.dll, AssemblyResolver.OnResolve: Resolved assembly: Microsoft.TestPlatform.Extensions.BlameDataCollector, from path: C:\Program Files\dotnet\sdk\7.0.100\Extensions\Microsoft.TestPlatform.Extensions.BlameDataCollector.dll
TpTrace Verbose: 0 : 9984, 1, 2023/01/08, 21:08:30.678, 21050876947963, datacollector.dll, MetadataReaderExtensionsHelper: Discovering extensions inside assembly 'Microsoft.TestPlatform.Extensions.BlameDataCollector, Version=15.0.0.0, Culture=neutral, PublicKeyToken=b03f5f7f11d50a3a' file path 'C:\Program Files\dotnet\sdk\7.0.100\Extensions\Microsoft.TestPlatform.Extensions.BlameDataCollector.dll'
TpTrace Error: 0 : 9984, 1, 2023/01/08, 21:08:30.680, 21050876973310, datacollector.dll, The type "Microsoft.TestPlatform.Extensions.BlameDataCollector.BlameCollector" defined in "Microsoft.TestPlatform.Extensions.BlameDataCollector.dll" does not have ExtensionUri attribute.
TpTrace Information: 0 : 9984, 1, 2023/01/08, 21:08:30.681, 21050876980090, datacollector.dll, GetTestExtensionFromType: Register extension with identifier data 'datacollector://microsoft/TestPlatform/Extensions/Blame/v1' and type 'Microsoft.TestPlatform.Extensions.BlameDataCollector.BlameCollector, Microsoft.TestPlatform.Extensions.BlameDataCollector, Version=15.0.0.0, Culture=neutral, PublicKeyToken=b03f5f7f11d50a3a' inside file 'C:\Program Files\dotnet\sdk\7.0.100\Extensions\Microsoft.TestPlatform.Extensions.BlameDataCollector.dll'
TpTrace Information: 0 : 9984, 1, 2023/01/08, 21:08:30.681, 21050876980907, datacollector.dll, AssemblyResolver.OnResolve: Microsoft.TestPlatform.Extensions.EventLogCollector: Resolving assembly.
TpTrace Information: 0 : 9984, 1, 2023/01/08, 21:08:30.681, 21050876981230, datacollector.dll, AssemblyResolver.OnResolve: Microsoft.TestPlatform.Extensions.EventLogCollector: Searching in: 'C:\Program Files\dotnet\sdk\7.0.100\Extensions'.
TpTrace Information: 0 : 9984, 1, 2023/01/08, 21:08:30.682, 21050876987471, datacollector.dll, AssemblyResolver.OnResolve: Microsoft.TestPlatform.Extensions.EventLogCollector: Loading assembly 'C:\Program Files\dotnet\sdk\7.0.100\Extensions\Microsoft.TestPlatform.Extensions.EventLogCollector.dll'.
TpTrace Information: 0 : 9984, 1, 2023/01/08, 21:08:30.682, 21050876992674, datacollector.dll, AssemblyResolver.OnResolve: Resolved assembly: Microsoft.TestPlatform.Extensions.EventLogCollector, from path: C:\Program Files\dotnet\sdk\7.0.100\Extensions\Microsoft.TestPlatform.Extensions.EventLogCollector.dll
TpTrace Verbose: 0 : 9984, 1, 2023/01/08, 21:08:30.682, 21050876993282, datacollector.dll, MetadataReaderExtensionsHelper: Discovering extensions inside assembly 'Microsoft.TestPlatform.Extensions.EventLogCollector, Version=15.0.0.0, Culture=neutral, PublicKeyToken=b03f5f7f11d50a3a' file path 'C:\Program Files\dotnet\sdk\7.0.100\Extensions\Microsoft.TestPlatform.Extensions.EventLogCollector.dll'
TpTrace Error: 0 : 9984, 1, 2023/01/08, 21:08:30.685, 21050877019182, datacollector.dll, The type "Microsoft.TestPlatform.Extensions.EventLogCollector.EventLogDataCollector" defined in "Microsoft.TestPlatform.Extensions.EventLogCollector.dll" does not have ExtensionUri attribute.
TpTrace Information: 0 : 9984, 1, 2023/01/08, 21:08:30.685, 21050877020668, datacollector.dll, GetTestExtensionFromType: Register extension with identifier data 'datacollector://microsoft/EventLog/2.0' and type 'Microsoft.TestPlatform.Extensions.EventLogCollector.EventLogDataCollector, Microsoft.TestPlatform.Extensions.EventLogCollector, Version=15.0.0.0, Culture=neutral, PublicKeyToken=b03f5f7f11d50a3a' inside file 'C:\Program Files\dotnet\sdk\7.0.100\Extensions\Microsoft.TestPlatform.Extensions.EventLogCollector.dll'
TpTrace Verbose: 0 : 9984, 1, 2023/01/08, 21:08:30.685, 21050877022761, datacollector.dll, TestPluginCache: Discovered the extensions using extension path 'C:\Program Files\dotnet\sdk\7.0.100\Extensions\Microsoft.TestPlatform.Extensions.BlameDataCollector.dll,C:\Program Files\dotnet\sdk\7.0.100\Extensions\Microsoft.TestPlatform.Extensions.EventLogCollector.dll'.
TpTrace Verbose: 0 : 9984, 1, 2023/01/08, 21:08:30.685, 21050877023175, datacollector.dll, TestPluginCache: Discoverers are ''.
TpTrace Verbose: 0 : 9984, 1, 2023/01/08, 21:08:30.685, 21050877023385, datacollector.dll, TestPluginCache: Executors are ''.
TpTrace Verbose: 0 : 9984, 1, 2023/01/08, 21:08:30.685, 21050877023638, datacollector.dll, TestPluginCache: Executors2 are ''.
TpTrace Verbose: 0 : 9984, 1, 2023/01/08, 21:08:30.685, 21050877023842, datacollector.dll, TestPluginCache: Setting providers are ''.
TpTrace Verbose: 0 : 9984, 1, 2023/01/08, 21:08:30.685, 21050877024024, datacollector.dll, TestPluginCache: Loggers are ''.
TpTrace Verbose: 0 : 9984, 1, 2023/01/08, 21:08:30.685, 21050877024198, datacollector.dll, TestPluginCache: TestHosts are ''.
TpTrace Verbose: 0 : 9984, 1, 2023/01/08, 21:08:30.686, 21050877025578, datacollector.dll, TestPluginCache: DataCollectors are 'datacollector://microsoft/TestPlatform/Extensions/Blame/v1,datacollector://microsoft/EventLog/2.0'.
TpTrace Information: 0 : 9984, 1, 2023/01/08, 21:08:30.687, 21050877038215, datacollector.dll, TestPluginManager.CreateTestExtension: Attempting to load test extension: Microsoft.TestPlatform.Extensions.BlameDataCollector.BlameCollector
TpTrace Verbose: 0 : 9984, 1, 2023/01/08, 21:08:30.692, 21050877087320, datacollector.dll, MulticastDelegateUtilities.SafeInvoke: DataCollectionEvents.SessionStart: Invoking callbacks was skipped because there are no subscribers.
TpTrace Information: 0 : 9984, 1, 2023/01/08, 21:08:30.692, 21050877091099, datacollector.dll, Listening on Endpoint : 127.0.0.1:59907
TpTrace Information: 0 : 9984, 1, 2023/01/08, 21:08:30.700, 21050877166024, datacollector.dll, DataCollectionRequestHandler.ProcessRequests : DataCollection started.
TpTrace Information: 0 : 9984, 1, 2023/01/08, 21:08:30.715, 21050877319885, datacollector.dll, DataCollectionRequestHandler.ProcessRequests: Datacollector received message: (DataCollection.TestHostLaunched) -> {"MessageType":"DataCollection.TestHostLaunched","Payload":{"ProcessId":13660}}
TpTrace Verbose: 0 : 9984, 1, 2023/01/08, 21:08:30.716, 21050877333375, datacollector.dll, MulticastDelegateUtilities.SafeInvoke: DataCollectionEvents.TestHostLaunched: Invoking callback 1/1 for Microsoft.TestPlatform.Extensions.BlameDataCollector.BlameCollector., took 0 ms.
TpTrace Verbose: 0 : 9984, 8, 2023/01/08, 21:08:30.886, 21050879032835, datacollector.dll, SocketCommunicationManager.WaitForClientConnection took: 190 ms, with 90000 ms timeout, and finished with True.
TpTrace Information: 0 : 9984, 6, 2023/01/08, 21:08:30.886, 21050879032676, datacollector.dll, Using the buffer size of 16384 bytes
TpTrace Information: 0 : 9984, 6, 2023/01/08, 21:08:30.887, 21050879035246, datacollector.dll, Accepted Client request and set the flag
TpTrace Information: 0 : 9984, 8, 2023/01/08, 21:08:31.287, 21050883041970, datacollector.dll, DataCollectionTestCaseEventHandler: Test case starting.
TpTrace Information: 0 : 9984, 8, 2023/01/08, 21:08:31.321, 21050883381670, datacollector.dll, BlameCollector.EventsTestCaseStart: Test Case Start
TpTrace Verbose: 0 : 9984, 8, 2023/01/08, 21:08:31.321, 21050883384023, datacollector.dll, MulticastDelegateUtilities.SafeInvoke: DataCollectionEvents.TestCaseStart: Invoking callback 1/1 for Microsoft.TestPlatform.Extensions.BlameDataCollector.BlameCollector., took 0 ms.
TpTrace Information: 0 : 9984, 8, 2023/01/08, 21:08:31.322, 21050883386386, datacollector.dll, DataCollectionTestCaseEventHandler: Test case 'TestPut1 - bcad68e0-02e5-5ee3-bd07-47e5d3a60195' started.
TpTrace Information: 0 : 9984, 8, 2023/01/08, 21:08:31.384, 21050884006122, datacollector.dll, DataCollectionTestCaseEventHandler: Test case completing.
TpTrace Information: 0 : 9984, 8, 2023/01/08, 21:08:31.390, 21050884068191, datacollector.dll, BlameCollector.EventsTestCaseEnd: Test Case End
TpTrace Verbose: 0 : 9984, 8, 2023/01/08, 21:08:31.390, 21050884071667, datacollector.dll, MulticastDelegateUtilities.SafeInvoke: DataCollectionEvents.TestCaseEnd: Invoking callback 1/1 for Microsoft.TestPlatform.Extensions.BlameDataCollector.BlameCollector., took 0 ms.
TpTrace Information: 0 : 9984, 8, 2023/01/08, 21:08:31.394, 21050884109562, datacollector.dll, DataCollectionTestCaseEventHandler: Test case 'TestPut1 - bcad68e0-02e5-5ee3-bd07-47e5d3a60195' completed
TpTrace Information: 0 : 9984, 8, 2023/01/08, 21:08:31.416, 21050884334053, datacollector.dll, DataCollectionTestCaseEventHandler: Test case starting.
TpTrace Information: 0 : 9984, 8, 2023/01/08, 21:08:31.418, 21050884348840, datacollector.dll, BlameCollector.EventsTestCaseStart: Test Case Start
TpTrace Verbose: 0 : 9984, 8, 2023/01/08, 21:08:31.418, 21050884350156, datacollector.dll, MulticastDelegateUtilities.SafeInvoke: DataCollectionEvents.TestCaseStart: Invoking callback 1/1 for Microsoft.TestPlatform.Extensions.BlameDataCollector.BlameCollector., took 0 ms.
TpTrace Information: 0 : 9984, 8, 2023/01/08, 21:08:31.418, 21050884352537, datacollector.dll, DataCollectionTestCaseEventHandler: Test case 'TestPut2 - 536ddc99-6e85-8b7e-0268-75c1748467d7' started.
TpTrace Information: 0 : 9984, 8, 2023/01/08, 21:08:31.420, 21050884371552, datacollector.dll, DataCollectionTestCaseEventHandler: Test case completing.
TpTrace Information: 0 : 9984, 8, 2023/01/08, 21:08:31.422, 21050884393830, datacollector.dll, BlameCollector.EventsTestCaseEnd: Test Case End
TpTrace Verbose: 0 : 9984, 8, 2023/01/08, 21:08:31.423, 21050884395294, datacollector.dll, MulticastDelegateUtilities.SafeInvoke: DataCollectionEvents.TestCaseEnd: Invoking callback 1/1 for Microsoft.TestPlatform.Extensions.BlameDataCollector.BlameCollector., took 1 ms.
TpTrace Information: 0 : 9984, 8, 2023/01/08, 21:08:31.423, 21050884398649, datacollector.dll, DataCollectionTestCaseEventHandler: Test case 'TestPut2 - 536ddc99-6e85-8b7e-0268-75c1748467d7' completed
TpTrace Information: 0 : 9984, 8, 2023/01/08, 21:08:31.424, 21050884407892, datacollector.dll, DataCollectionTestCaseEventHandler: Test case starting.
TpTrace Information: 0 : 9984, 8, 2023/01/08, 21:08:31.425, 21050884417346, datacollector.dll, BlameCollector.EventsTestCaseStart: Test Case Start
TpTrace Verbose: 0 : 9984, 8, 2023/01/08, 21:08:31.425, 21050884418233, datacollector.dll, MulticastDelegateUtilities.SafeInvoke: DataCollectionEvents.TestCaseStart: Invoking callback 1/1 for Microsoft.TestPlatform.Extensions.BlameDataCollector.BlameCollector., took 0 ms.
TpTrace Information: 0 : 9984, 8, 2023/01/08, 21:08:31.425, 21050884419522, datacollector.dll, DataCollectionTestCaseEventHandler: Test case 'TestPut3 - e8cae526-dde0-944b-3467-1cc717c9ad9f' started.
TpTrace Information: 0 : 9984, 8, 2023/01/08, 21:08:31.426, 21050884430464, datacollector.dll, DataCollectionTestCaseEventHandler: Test case completing.
TpTrace Information: 0 : 9984, 8, 2023/01/08, 21:08:31.427, 21050884440157, datacollector.dll, BlameCollector.EventsTestCaseEnd: Test Case End
TpTrace Verbose: 0 : 9984, 8, 2023/01/08, 21:08:31.427, 21050884440951, datacollector.dll, MulticastDelegateUtilities.SafeInvoke: DataCollectionEvents.TestCaseEnd: Invoking callback 1/1 for Microsoft.TestPlatform.Extensions.BlameDataCollector.BlameCollector., took 0 ms.
TpTrace Information: 0 : 9984, 8, 2023/01/08, 21:08:31.427, 21050884442503, datacollector.dll, DataCollectionTestCaseEventHandler: Test case 'TestPut3 - e8cae526-dde0-944b-3467-1cc717c9ad9f' completed
TpTrace Information: 0 : 9984, 8, 2023/01/08, 21:08:31.428, 21050884450641, datacollector.dll, DataCollectionTestCaseEventHandler: Test case starting.
TpTrace Information: 0 : 9984, 8, 2023/01/08, 21:08:31.429, 21050884459566, datacollector.dll, BlameCollector.EventsTestCaseStart: Test Case Start
TpTrace Verbose: 0 : 9984, 8, 2023/01/08, 21:08:31.429, 21050884460683, datacollector.dll, MulticastDelegateUtilities.SafeInvoke: DataCollectionEvents.TestCaseStart: Invoking callback 1/1 for Microsoft.TestPlatform.Extensions.BlameDataCollector.BlameCollector., took 0 ms.
TpTrace Information: 0 : 9984, 8, 2023/01/08, 21:08:31.429, 21050884462294, datacollector.dll, DataCollectionTestCaseEventHandler: Test case 'TestPut4 - fad446c9-042d-0f18-9beb-d208439ff18a' started.
TpTrace Information: 0 : 9984, 8, 2023/01/08, 21:08:31.432, 21050884487016, datacollector.dll, DataCollectionTestCaseEventHandler: Test case completing.
TpTrace Information: 0 : 9984, 8, 2023/01/08, 21:08:31.433, 21050884496844, datacollector.dll, BlameCollector.EventsTestCaseEnd: Test Case End
TpTrace Verbose: 0 : 9984, 8, 2023/01/08, 21:08:31.433, 21050884497693, datacollector.dll, MulticastDelegateUtilities.SafeInvoke: DataCollectionEvents.TestCaseEnd: Invoking callback 1/1 for Microsoft.TestPlatform.Extensions.BlameDataCollector.BlameCollector., took 0 ms.
TpTrace Information: 0 : 9984, 8, 2023/01/08, 21:08:31.433, 21050884499154, datacollector.dll, DataCollectionTestCaseEventHandler: Test case 'TestPut4 - fad446c9-042d-0f18-9beb-d208439ff18a' completed
TpTrace Information: 0 : 9984, 8, 2023/01/08, 21:08:31.434, 21050884506342, datacollector.dll, DataCollectionTestCaseEventHandler: Test case starting.
TpTrace Information: 0 : 9984, 8, 2023/01/08, 21:08:31.434, 21050884514090, datacollector.dll, BlameCollector.EventsTestCaseStart: Test Case Start
TpTrace Verbose: 0 : 9984, 8, 2023/01/08, 21:08:31.435, 21050884514918, datacollector.dll, MulticastDelegateUtilities.SafeInvoke: DataCollectionEvents.TestCaseStart: Invoking callback 1/1 for Microsoft.TestPlatform.Extensions.BlameDataCollector.BlameCollector., took 0 ms.
TpTrace Information: 0 : 9984, 8, 2023/01/08, 21:08:31.435, 21050884515933, datacollector.dll, DataCollectionTestCaseEventHandler: Test case 'TestPut5 - 75b224d4-b271-e8c2-60f8-01293fea9c1b' started.
TpTrace Information: 0 : 9984, 8, 2023/01/08, 21:08:31.436, 21050884525796, datacollector.dll, DataCollectionTestCaseEventHandler: Test case completing.
TpTrace Information: 0 : 9984, 8, 2023/01/08, 21:08:31.437, 21050884537490, datacollector.dll, BlameCollector.EventsTestCaseEnd: Test Case End
TpTrace Verbose: 0 : 9984, 8, 2023/01/08, 21:08:31.437, 21050884539033, datacollector.dll, MulticastDelegateUtilities.SafeInvoke: DataCollectionEvents.TestCaseEnd: Invoking callback 1/1 for Microsoft.TestPlatform.Extensions.BlameDataCollector.BlameCollector., took 0 ms.
TpTrace Information: 0 : 9984, 8, 2023/01/08, 21:08:31.437, 21050884541236, datacollector.dll, DataCollectionTestCaseEventHandler: Test case 'TestPut5 - 75b224d4-b271-e8c2-60f8-01293fea9c1b' completed
TpTrace Information: 0 : 9984, 8, 2023/01/08, 21:08:31.438, 21050884552571, datacollector.dll, DataCollectionTestCaseEventHandler: Test case starting.
TpTrace Information: 0 : 9984, 8, 2023/01/08, 21:08:31.439, 21050884562396, datacollector.dll, BlameCollector.EventsTestCaseStart: Test Case Start
TpTrace Verbose: 0 : 9984, 8, 2023/01/08, 21:08:31.439, 21050884563056, datacollector.dll, MulticastDelegateUtilities.SafeInvoke: DataCollectionEvents.TestCaseStart: Invoking callback 1/1 for Microsoft.TestPlatform.Extensions.BlameDataCollector.BlameCollector., took 0 ms.
TpTrace Information: 0 : 9984, 8, 2023/01/08, 21:08:31.439, 21050884564017, datacollector.dll, DataCollectionTestCaseEventHandler: Test case 'TestPut6 - 882e62fb-19ba-8b00-80af-40a6476db544' started.
TpTrace Information: 0 : 9984, 8, 2023/01/08, 21:08:31.441, 21050884579458, datacollector.dll, DataCollectionTestCaseEventHandler: Test case completing.
TpTrace Information: 0 : 9984, 8, 2023/01/08, 21:08:31.442, 21050884585995, datacollector.dll, BlameCollector.EventsTestCaseEnd: Test Case End
TpTrace Verbose: 0 : 9984, 8, 2023/01/08, 21:08:31.442, 21050884586578, datacollector.dll, MulticastDelegateUtilities.SafeInvoke: DataCollectionEvents.TestCaseEnd: Invoking callback 1/1 for Microsoft.TestPlatform.Extensions.BlameDataCollector.BlameCollector., took 0 ms.
TpTrace Information: 0 : 9984, 8, 2023/01/08, 21:08:31.442, 21050884587551, datacollector.dll, DataCollectionTestCaseEventHandler: Test case 'TestPut6 - 882e62fb-19ba-8b00-80af-40a6476db544' completed
TpTrace Information: 0 : 9984, 8, 2023/01/08, 21:08:31.448, 21050884649958, datacollector.dll, DataCollectionTestCaseEventHandler: Test session ended
TpTrace Information: 0 : 9984, 1, 2023/01/08, 21:08:31.528, 21050885446614, datacollector.dll, DataCollectionRequestHandler.ProcessRequests: Datacollector received message: (DataCollection.AfterTestRunEnd) -> {"MessageType":"DataCollection.AfterTestRunEnd","Payload":false}
TpTrace Information: 0 : 9984, 1, 2023/01/08, 21:08:31.529, 21050885455585, datacollector.dll, Blame Collector: Session End
TpTrace Information: 0 : 9984, 1, 2023/01/08, 21:08:31.529, 21050885456155, datacollector.dll, BlameCollector.CollectDumpAndAbortTesthost: Custom path to dump directory was provided via VSTEST_DUMP_PATH. Skipping attachment upload, the caller is responsible for collecting and uploading the dumps themselves.
TpTrace Verbose: 0 : 9984, 1, 2023/01/08, 21:08:31.529, 21050885456827, datacollector.dll, MulticastDelegateUtilities.SafeInvoke: DataCollectionEvents.SessionEnd: Invoking callback 1/1 for Microsoft.TestPlatform.Extensions.BlameDataCollector.BlameCollector., took 0 ms.
TpTrace Information: 0 : 9984, 1, 2023/01/08, 21:08:31.529, 21050885462976, datacollector.dll, DataCollectionManager.CleanupPlugins: CleanupPlugins called
TpTrace Verbose: 0 : 9984, 1, 2023/01/08, 21:08:31.529, 21050885463577, datacollector.dll, DataCollectionManager.CleanupPlugins: Cleaning up 1 plugins
TpTrace Verbose: 0 : 9984, 1, 2023/01/08, 21:08:31.530, 21050885464935, datacollector.dll, dataCollectorInfo.DisposeDataCollector: calling Dispose() on Microsoft.TestPlatform.Extensions.BlameDataCollector.BlameCollector
TpTrace Information: 0 : 9984, 1, 2023/01/08, 21:08:31.530, 21050885465567, datacollector.dll, DataCollectionManager.CleanupPlugins: CleanupPlugins finished
TpTrace Information: 0 : 9984, 1, 2023/01/08, 21:08:31.539, 21050885560238, datacollector.dll, DataCollectionRequestHandler.ProcessRequests : Session End message received from server. Closing the connection.
TpTrace Information: 0 : 9984, 1, 2023/01/08, 21:08:31.539, 21050885562775, datacollector.dll, Closing the connection !
TpTrace Information: 0 : 9984, 1, 2023/01/08, 21:08:31.539, 21050885563176, datacollector.dll, DataCollectionRequestHandler.ProcessRequests : DataCollection completed
TpTrace Information: 0 : 9984, 1, 2023/01/08, 21:08:31.539, 21050885563422, datacollector.dll, Program.Main: exiting datacollector process.
