TpTrace Verbose: 0 : 13660, 1, 2023/01/08, 21:08:30.853, 21050878701036, testhost.dll, Version: 17.3.2 Current process architecture: X64
TpTrace Verbose: 0 : 13660, 1, 2023/01/08, 21:08:30.856, 21050878725564, testhost.dll, Runtime location: C:\Program Files\dotnet\shared\Microsoft.NETCore.App\5.0.17
TpTrace Information: 0 : 13660, 1, 2023/01/08, 21:08:30.857, 21050878739500, testhost.dll, DefaultEngineInvoker.Invoke: Testhost process started with args :[--port, 59908],[--endpoint, 127.0.0.1:059908],[--role, client],[--parentprocessid, 22920],[--diag, C:\Users\muris\Source\Repos\vvs-zad1-zadaca32\WhiteBox\bin\Debug\net5.0\fine-code-coverage\coverage-tool-output\diagnostics.host.23-01-08_21-08-30_70791_7.log],[--tracelevel, 4],[--datacollectionport, 59907],[--telemetryoptedin, false]
TpTrace Information: 0 : 13660, 1, 2023/01/08, 21:08:30.858, 21050878753646, testhost.dll, Setting up debug trace listener.
TpTrace Verbose: 0 : 13660, 1, 2023/01/08, 21:08:30.859, 21050878755447, testhost.dll, TestPlatformTraceListener.Setup: Replacing listener System.Diagnostics.DefaultTraceListener with TestHostTraceListener.
TpTrace Verbose: 0 : 13660, 1, 2023/01/08, 21:08:30.859, 21050878755803, testhost.dll, TestPlatformTraceListener.Setup: Added test platform trace listener.
TpTrace Information: 0 : 13660, 1, 2023/01/08, 21:08:30.859, 21050878759405, testhost.dll, DefaultEngineInvoker.SetParentProcessExitCallback: Monitoring parent process with id: '22920'
TpTrace Information: 0 : 13660, 1, 2023/01/08, 21:08:30.862, 21050878790732, testhost.dll, DefaultEngineInvoker.GetConnectionInfo: Initialize communication on endpoint address: '127.0.0.1:059908'
TpTrace Information: 0 : 13660, 1, 2023/01/08, 21:08:30.875, 21050878924002, testhost.dll, SocketClient.Start: connecting to server endpoint: 127.0.0.1:059908
TpTrace Information: 0 : 13660, 1, 2023/01/08, 21:08:30.882, 21050878986790, testhost.dll, DefaultEngineInvoker.ConnectToDatacollector: Connecting to datacollector, port: 59907
TpTrace Information: 0 : 13660, 6, 2023/01/08, 21:08:30.882, 21050878994088, testhost.dll, SocketClient.OnServerConnected: connected to server endpoint: 127.0.0.1:059908
TpTrace Information: 0 : 13660, 1, 2023/01/08, 21:08:30.884, 21050879010377, testhost.dll, Trying to connect to server on socket : 127.0.0.1:59907 
TpTrace Verbose: 0 : 13660, 1, 2023/01/08, 21:08:30.884, 21050879012710, testhost.dll, SocketCommunicationManager : SetupClientAsync : Attempting to connect to the server.
TpTrace Verbose: 0 : 13660, 6, 2023/01/08, 21:08:30.885, 21050879022470, testhost.dll, MulticastDelegateUtilities.SafeInvoke: SocketClient: ServerConnected: Invoking callback 1/1 for Microsoft.VisualStudio.TestPlatform.CommunicationUtilities.TestRequestHandler.<InitializeCommunication>b__31_0, took 0 ms.
TpTrace Verbose: 0 : 13660, 6, 2023/01/08, 21:08:30.885, 21050879023264, testhost.dll, Connected to server, and starting MessageLoopAsync
TpTrace Information: 0 : 13660, 10, 2023/01/08, 21:08:30.886, 21050879025389, testhost.dll, Connected to the server successfully 
TpTrace Information: 0 : 13660, 10, 2023/01/08, 21:08:30.886, 21050879025853, testhost.dll, Using the buffer size of 16384 bytes
TpTrace Verbose: 0 : 13660, 1, 2023/01/08, 21:08:30.886, 21050879026762, testhost.dll, SocketCommunicationManager.WaitForServerConnection took: 0 ms, with 90000 ms timeout, and finished with True.
TpTrace Information: 0 : 13660, 1, 2023/01/08, 21:08:30.886, 21050879028093, testhost.dll, DefaultEngineInvoker.Invoke: Start Request Processing.
TpTrace Information: 0 : 13660, 12, 2023/01/08, 21:08:30.887, 21050879035197, testhost.dll, DefaultEngineInvoker.StartProcessingAsync: Connected to vstest.console, Starting process requests.
TpTrace Verbose: 0 : 13660, 6, 2023/01/08, 21:08:30.888, 21050879052248, testhost.dll, TcpClientExtensions.MessageLoopAsync: Polling on remoteEndPoint: [::ffff:127.0.0.1]:59908 localEndPoint: [::ffff:127.0.0.1]:59909
TpTrace Verbose: 0 : 13660, 6, 2023/01/08, 21:08:30.889, 21050879055339, testhost.dll, TcpClientExtensions.MessageLoopAsync: NotifyDataAvailable remoteEndPoint: [::ffff:127.0.0.1]:59908 localEndPoint: [::ffff:127.0.0.1]:59909
TpTrace Information: 0 : 13660, 6, 2023/01/08, 21:08:30.892, 21050879085688, testhost.dll, TestRequestHandler.OnMessageReceived: received message: (ProtocolVersion) -> {"MessageType":"ProtocolVersion","Payload":7}
TpTrace Verbose: 0 : 13660, 6, 2023/01/08, 21:08:31.009, 21050880255729, testhost.dll, TestRequestHandler.SendData: sending data from testhost: {"Version":7,"MessageType":"TestSession.Message","Payload":{"MessageLevel":0,"Message":"Logging TestHost Diagnostics in file: C:\\Users\\muris\\Source\\Repos\\vvs-zad1-zadaca32\\WhiteBox\\bin\\Debug\\net5.0\\fine-code-coverage\\coverage-tool-output\\diagnostics.host.23-01-08_21-08-30_70791_7.log"}}
TpTrace Verbose: 0 : 13660, 6, 2023/01/08, 21:08:31.009, 21050880257211, testhost.dll, MulticastDelegateUtilities.SafeInvoke: LengthPrefixCommunicationChannel: MessageReceived: Invoking callback 1/1 for Microsoft.VisualStudio.TestPlatform.CommunicationUtilities.TestRequestHandler.OnMessageReceived, took 119 ms.
TpTrace Verbose: 0 : 13660, 6, 2023/01/08, 21:08:31.009, 21050880257680, testhost.dll, TcpClientExtensions.MessageLoopAsync: Polling on remoteEndPoint: [::ffff:127.0.0.1]:59908 localEndPoint: [::ffff:127.0.0.1]:59909
TpTrace Verbose: 0 : 13660, 6, 2023/01/08, 21:08:31.009, 21050880258292, testhost.dll, TcpClientExtensions.MessageLoopAsync: NotifyDataAvailable remoteEndPoint: [::ffff:127.0.0.1]:59908 localEndPoint: [::ffff:127.0.0.1]:59909
TpTrace Information: 0 : 13660, 6, 2023/01/08, 21:08:31.009, 21050880259023, testhost.dll, TestRequestHandler.OnMessageReceived: received message: (TestExecution.Initialize) -> {"Version":7,"MessageType":"TestExecution.Initialize","Payload":["C:\\Users\\muris\\Source\\Repos\\vvs-zad1-zadaca32\\WhiteBox\\bin\\Debug\\net5.0\\fine-code-coverage\\build-output\\Microsoft.VisualStudio.TestPlatform.MSTest.TestAdapter.dll"]}
TpTrace Verbose: 0 : 13660, 6, 2023/01/08, 21:08:31.016, 21050880331345, testhost.dll, MulticastDelegateUtilities.SafeInvoke: LengthPrefixCommunicationChannel: MessageReceived: Invoking callback 1/1 for Microsoft.VisualStudio.TestPlatform.CommunicationUtilities.TestRequestHandler.OnMessageReceived, took 7 ms.
TpTrace Verbose: 0 : 13660, 6, 2023/01/08, 21:08:31.016, 21050880332213, testhost.dll, TcpClientExtensions.MessageLoopAsync: Polling on remoteEndPoint: [::ffff:127.0.0.1]:59908 localEndPoint: [::ffff:127.0.0.1]:59909
TpTrace Information: 0 : 13660, 4, 2023/01/08, 21:08:31.017, 21050880335138, testhost.dll, TestRequestHandler.OnMessageReceived: Running job 'TestExecution.Initialize'.
TpTrace Verbose: 0 : 13660, 6, 2023/01/08, 21:08:31.018, 21050880345817, testhost.dll, TcpClientExtensions.MessageLoopAsync: NotifyDataAvailable remoteEndPoint: [::ffff:127.0.0.1]:59908 localEndPoint: [::ffff:127.0.0.1]:59909
TpTrace Information: 0 : 13660, 6, 2023/01/08, 21:08:31.018, 21050880346737, testhost.dll, TestRequestHandler.OnMessageReceived: received message: (TestExecution.StartWithSources) -> {"Version":7,"MessageType":"TestExecution.StartWithSources","Payload":{"AdapterSourceMap":{"_none_":["C:\\Users\\muris\\Source\\Repos\\vvs-zad1-zadaca32\\WhiteBox\\bin\\Debug\\net5.0\\fine-code-coverage\\build-output\\WhiteBox.dll"]},"RunSettings":"<RunSettings>\r\n  <RunConfiguration>\r\n    <ResultsDirectory>C:\\Users\\muris\\Source\\Repos\\vvs-zad1-zadaca32\\WhiteBox\\bin\\Debug\\net5.0\\fine-code-coverage\\coverage-tool-output</ResultsDirectory>\r\n    <TargetFrameworkVersion>.NETCoreApp,Version=v5.0</TargetFrameworkVersion>\r\n    <DesignMode>False</DesignMode>\r\n    <CollectSourceInformation>False</CollectSourceInformation>\r\n  </RunConfiguration>\r\n  <LoggerRunSettings>\r\n    <Loggers>\r\n      <Logger friendlyName=\"blame\" enabled=\"True\" />\r\n      <Logger friendlyName=\"Console\" uri=\"logger://microsoft/TestPlatform/ConsoleLogger/v1\" assemblyQualifiedName=\"Microsoft.VisualStudio.TestPlatform.CommandLine.Internal.ConsoleLogger, vstest.console, Version=15.0.0.0, Culture=neutral, PublicKeyToken=b03f5f7f11d50a3a\" codeBase=\"C:\\Program Files\\dotnet\\sdk\\7.0.100\\vstest.console.dll\" enabled=\"True\" />\r\n    </Loggers>\r\n  </LoggerRunSettings>\r\n  <DataCollectionRunSettings>\r\n    <DataCollectors>\r\n      <DataCollector friendlyName=\"blame\" enabled=\"True\">\r\n        <Configuration>\r\n          <ResultsDirectory>C:\\Users\\muris\\Source\\Repos\\vvs-zad1-zadaca32\\WhiteBox\\bin\\Debug\\net5.0\\fine-code-coverage\\coverage-tool-output</ResultsDirectory>\r\n        </Configuration>\r\n      </DataCollector>\r\n    </DataCollectors>\r\n  </DataCollectionRunSettings>\r\n</RunSettings>","TestExecutionContext":{"FrequencyOfRunStatsChangeEvent":10,"RunStatsChangeEventTimeout":"00:00:01.5000000","InIsolation":false,"KeepAlive":false,"AreTestCaseLevelEventsRequired":false,"IsDebug":false,"TestCaseFilter":null,"FilterOptions":null},"Package":null}}
TpTrace Verbose: 0 : 13660, 4, 2023/01/08, 21:08:31.018, 21050880352963, testhost.dll, TestExecutorService: Loading the extensions
TpTrace Verbose: 0 : 13660, 4, 2023/01/08, 21:08:31.020, 21050880368936, testhost.dll, TestPluginCache.DiscoverTestExtensions: finding test extensions in assemblies ends with: TestAdapter.dll TPluginInfo: Microsoft.VisualStudio.TestPlatform.Common.ExtensionFramework.Utilities.TestExecutorPluginInformation TExtension: Microsoft.VisualStudio.TestPlatform.ObjectModel.Adapter.ITestExecutor
TpTrace Verbose: 0 : 13660, 4, 2023/01/08, 21:08:31.021, 21050880382438, testhost.dll, TestPluginCache.GetExtensionPaths: Filtered extension paths: 
TpTrace Verbose: 0 : 13660, 4, 2023/01/08, 21:08:31.022, 21050880386918, testhost.dll, TestPluginCache.GetExtensionPaths: Added default extension paths: C:\Users\muris\Source\Repos\vvs-zad1-zadaca32\WhiteBox\bin\Debug\net5.0\fine-code-coverage\build-output\Microsoft.VisualStudio.TestPlatform.MSTest.TestAdapter.dll
TpTrace Verbose: 0 : 13660, 4, 2023/01/08, 21:08:31.022, 21050880387500, testhost.dll, TestPluginCache.GetExtensionPaths: Added unfilterableExtensionPaths: 
TpTrace Information: 0 : 13660, 4, 2023/01/08, 21:08:31.024, 21050880405142, testhost.dll, AssemblyResolver.ctor: Creating AssemblyResolver with searchDirectories C:\Users\muris\Source\Repos\vvs-zad1-zadaca32\WhiteBox\bin\Debug\net5.0\fine-code-coverage\build-output
TpTrace Verbose: 0 : 13660, 4, 2023/01/08, 21:08:31.025, 21050880422774, testhost.dll, TestPluginCache.DiscoverTestExtensions: Discovering the extensions using extension path.
TpTrace Verbose: 0 : 13660, 4, 2023/01/08, 21:08:31.025, 21050880423793, testhost.dll, TestPluginCache.GetExtensionPaths: Filtered extension paths: 
TpTrace Verbose: 0 : 13660, 4, 2023/01/08, 21:08:31.025, 21050880424234, testhost.dll, TestPluginCache.GetExtensionPaths: Added default extension paths: C:\Users\muris\Source\Repos\vvs-zad1-zadaca32\WhiteBox\bin\Debug\net5.0\fine-code-coverage\build-output\Microsoft.VisualStudio.TestPlatform.MSTest.TestAdapter.dll
TpTrace Verbose: 0 : 13660, 4, 2023/01/08, 21:08:31.026, 21050880424657, testhost.dll, TestPluginCache.GetExtensionPaths: Added unfilterableExtensionPaths: 
TpTrace Verbose: 0 : 13660, 4, 2023/01/08, 21:08:31.026, 21050880425257, testhost.dll, TestPluginCache.DiscoverTestExtensions: Discovering the extensions using allExtensionPaths: C:\Users\muris\Source\Repos\vvs-zad1-zadaca32\WhiteBox\bin\Debug\net5.0\fine-code-coverage\build-output\Microsoft.VisualStudio.TestPlatform.MSTest.TestAdapter.dll
TpTrace Information: 0 : 13660, 4, 2023/01/08, 21:08:31.027, 21050880434416, testhost.dll, AssemblyResolver.AddSearchDirectories: Adding more searchDirectories C:\Users\muris\Source\Repos\vvs-zad1-zadaca32\WhiteBox\bin\Debug\net5.0\fine-code-coverage\build-output
TpTrace Information: 0 : 13660, 4, 2023/01/08, 21:08:31.031, 21050880474980, testhost.dll, AssemblyResolver.OnResolve: Microsoft.VisualStudio.TestPlatform.MSTest.TestAdapter: Resolving assembly.
TpTrace Information: 0 : 13660, 4, 2023/01/08, 21:08:31.031, 21050880475717, testhost.dll, AssemblyResolver.OnResolve: Microsoft.VisualStudio.TestPlatform.MSTest.TestAdapter: Searching in: 'C:\Users\muris\Source\Repos\vvs-zad1-zadaca32\WhiteBox\bin\Debug\net5.0\fine-code-coverage\build-output'.
TpTrace Information: 0 : 13660, 4, 2023/01/08, 21:08:31.032, 21050880486309, testhost.dll, AssemblyResolver.OnResolve: Microsoft.VisualStudio.TestPlatform.MSTest.TestAdapter: Loading assembly 'C:\Users\muris\Source\Repos\vvs-zad1-zadaca32\WhiteBox\bin\Debug\net5.0\fine-code-coverage\build-output\Microsoft.VisualStudio.TestPlatform.MSTest.TestAdapter.dll'.
TpTrace Information: 0 : 13660, 4, 2023/01/08, 21:08:31.032, 21050880492281, testhost.dll, AssemblyResolver.OnResolve: Resolved assembly: Microsoft.VisualStudio.TestPlatform.MSTest.TestAdapter, from path: C:\Users\muris\Source\Repos\vvs-zad1-zadaca32\WhiteBox\bin\Debug\net5.0\fine-code-coverage\build-output\Microsoft.VisualStudio.TestPlatform.MSTest.TestAdapter.dll
TpTrace Verbose: 0 : 13660, 4, 2023/01/08, 21:08:31.043, 21050880600782, testhost.dll, MetadataReaderExtensionsHelper: Discovering extensions inside assembly 'Microsoft.VisualStudio.TestPlatform.MSTest.TestAdapter, Version=14.0.0.0, Culture=neutral, PublicKeyToken=b03f5f7f11d50a3a' file path 'C:\Users\muris\Source\Repos\vvs-zad1-zadaca32\WhiteBox\bin\Debug\net5.0\fine-code-coverage\build-output\Microsoft.VisualStudio.TestPlatform.MSTest.TestAdapter.dll'
TpTrace Verbose: 0 : 13660, 6, 2023/01/08, 21:08:31.048, 21050880650922, testhost.dll, MulticastDelegateUtilities.SafeInvoke: LengthPrefixCommunicationChannel: MessageReceived: Invoking callback 1/1 for Microsoft.VisualStudio.TestPlatform.CommunicationUtilities.TestRequestHandler.OnMessageReceived, took 30 ms.
TpTrace Verbose: 0 : 13660, 6, 2023/01/08, 21:08:31.048, 21050880651599, testhost.dll, TcpClientExtensions.MessageLoopAsync: Polling on remoteEndPoint: [::ffff:127.0.0.1]:59908 localEndPoint: [::ffff:127.0.0.1]:59909
TpTrace Information: 0 : 13660, 4, 2023/01/08, 21:08:31.050, 21050880673921, testhost.dll, GetTestExtensionFromType: Register extension with identifier data 'executor://MSTestAdapter/v2' and type 'Microsoft.VisualStudio.TestPlatform.MSTest.TestAdapter.MSTestExecutor, Microsoft.VisualStudio.TestPlatform.MSTest.TestAdapter, Version=14.0.0.0, Culture=neutral, PublicKeyToken=b03f5f7f11d50a3a' inside file 'C:\Users\muris\Source\Repos\vvs-zad1-zadaca32\WhiteBox\bin\Debug\net5.0\fine-code-coverage\build-output\Microsoft.VisualStudio.TestPlatform.MSTest.TestAdapter.dll'
TpTrace Verbose: 0 : 13660, 4, 2023/01/08, 21:08:31.053, 21050880699630, testhost.dll, TestPluginCache: Discovered the extensions using extension path ''.
TpTrace Verbose: 0 : 13660, 4, 2023/01/08, 21:08:31.054, 21050880709875, testhost.dll, TestPluginCache: Discoverers are ''.
TpTrace Verbose: 0 : 13660, 4, 2023/01/08, 21:08:31.054, 21050880710891, testhost.dll, TestPluginCache: Executors are 'executor://MSTestAdapter/v2'.
TpTrace Verbose: 0 : 13660, 4, 2023/01/08, 21:08:31.054, 21050880713498, testhost.dll, TestPluginCache: Executors2 are ''.
TpTrace Verbose: 0 : 13660, 4, 2023/01/08, 21:08:31.055, 21050880714626, testhost.dll, TestPluginCache: Setting providers are ''.
TpTrace Verbose: 0 : 13660, 4, 2023/01/08, 21:08:31.055, 21050880715307, testhost.dll, TestPluginCache: Loggers are ''.
TpTrace Verbose: 0 : 13660, 4, 2023/01/08, 21:08:31.055, 21050880716003, testhost.dll, TestPluginCache: TestHosts are ''.
TpTrace Verbose: 0 : 13660, 4, 2023/01/08, 21:08:31.055, 21050880716759, testhost.dll, TestPluginCache: DataCollectors are ''.
TpTrace Verbose: 0 : 13660, 4, 2023/01/08, 21:08:31.057, 21050880739381, testhost.dll, TestPluginCache.DiscoverTestExtensions: finding test extensions in assemblies ends with: TestAdapter.dll TPluginInfo: Microsoft.VisualStudio.TestPlatform.Common.ExtensionFramework.Utilities.TestExecutorPluginInformation2 TExtension: Microsoft.VisualStudio.TestPlatform.ObjectModel.Adapter.ITestExecutor2
TpTrace Verbose: 0 : 13660, 4, 2023/01/08, 21:08:31.057, 21050880741275, testhost.dll, TestPluginCache.GetExtensionPaths: Filtered extension paths: 
TpTrace Verbose: 0 : 13660, 4, 2023/01/08, 21:08:31.057, 21050880741608, testhost.dll, TestPluginCache.GetExtensionPaths: Added default extension paths: C:\Users\muris\Source\Repos\vvs-zad1-zadaca32\WhiteBox\bin\Debug\net5.0\fine-code-coverage\build-output\Microsoft.VisualStudio.TestPlatform.MSTest.TestAdapter.dll
TpTrace Verbose: 0 : 13660, 4, 2023/01/08, 21:08:31.057, 21050880742432, testhost.dll, TestPluginCache.GetExtensionPaths: Added unfilterableExtensionPaths: 
TpTrace Information: 0 : 13660, 4, 2023/01/08, 21:08:31.057, 21050880743826, testhost.dll, AssemblyResolver.AddSearchDirectories: Adding more searchDirectories C:\Users\muris\Source\Repos\vvs-zad1-zadaca32\WhiteBox\bin\Debug\net5.0\fine-code-coverage\build-output
TpTrace Verbose: 0 : 13660, 4, 2023/01/08, 21:08:31.057, 21050880744183, testhost.dll, TestPluginCache.DiscoverTestExtensions: Discovering the extensions using extension path.
TpTrace Verbose: 0 : 13660, 4, 2023/01/08, 21:08:31.058, 21050880744456, testhost.dll, TestPluginCache.GetExtensionPaths: Filtered extension paths: 
TpTrace Verbose: 0 : 13660, 4, 2023/01/08, 21:08:31.058, 21050880744664, testhost.dll, TestPluginCache.GetExtensionPaths: Added default extension paths: C:\Users\muris\Source\Repos\vvs-zad1-zadaca32\WhiteBox\bin\Debug\net5.0\fine-code-coverage\build-output\Microsoft.VisualStudio.TestPlatform.MSTest.TestAdapter.dll
TpTrace Verbose: 0 : 13660, 4, 2023/01/08, 21:08:31.058, 21050880744867, testhost.dll, TestPluginCache.GetExtensionPaths: Added unfilterableExtensionPaths: 
TpTrace Verbose: 0 : 13660, 4, 2023/01/08, 21:08:31.058, 21050880745083, testhost.dll, TestPluginCache.DiscoverTestExtensions: Discovering the extensions using allExtensionPaths: C:\Users\muris\Source\Repos\vvs-zad1-zadaca32\WhiteBox\bin\Debug\net5.0\fine-code-coverage\build-output\Microsoft.VisualStudio.TestPlatform.MSTest.TestAdapter.dll
TpTrace Information: 0 : 13660, 4, 2023/01/08, 21:08:31.058, 21050880745430, testhost.dll, AssemblyResolver.AddSearchDirectories: Adding more searchDirectories C:\Users\muris\Source\Repos\vvs-zad1-zadaca32\WhiteBox\bin\Debug\net5.0\fine-code-coverage\build-output
TpTrace Verbose: 0 : 13660, 4, 2023/01/08, 21:08:31.058, 21050880745990, testhost.dll, MetadataReaderExtensionsHelper: Discovering extensions inside assembly 'Microsoft.VisualStudio.TestPlatform.MSTest.TestAdapter, Version=14.0.0.0, Culture=neutral, PublicKeyToken=b03f5f7f11d50a3a' file path 'C:\Users\muris\Source\Repos\vvs-zad1-zadaca32\WhiteBox\bin\Debug\net5.0\fine-code-coverage\build-output\Microsoft.VisualStudio.TestPlatform.MSTest.TestAdapter.dll'
TpTrace Verbose: 0 : 13660, 4, 2023/01/08, 21:08:31.058, 21050880751176, testhost.dll, TestPluginCache: Discovered the extensions using extension path ''.
TpTrace Verbose: 0 : 13660, 4, 2023/01/08, 21:08:31.058, 21050880751562, testhost.dll, TestPluginCache: Discoverers are ''.
TpTrace Verbose: 0 : 13660, 4, 2023/01/08, 21:08:31.058, 21050880751991, testhost.dll, TestPluginCache: Executors are 'executor://MSTestAdapter/v2'.
TpTrace Verbose: 0 : 13660, 4, 2023/01/08, 21:08:31.058, 21050880752451, testhost.dll, TestPluginCache: Executors2 are ''.
TpTrace Verbose: 0 : 13660, 4, 2023/01/08, 21:08:31.058, 21050880752693, testhost.dll, TestPluginCache: Setting providers are ''.
TpTrace Verbose: 0 : 13660, 4, 2023/01/08, 21:08:31.058, 21050880752888, testhost.dll, TestPluginCache: Loggers are ''.
TpTrace Verbose: 0 : 13660, 4, 2023/01/08, 21:08:31.058, 21050880753080, testhost.dll, TestPluginCache: TestHosts are ''.
TpTrace Verbose: 0 : 13660, 4, 2023/01/08, 21:08:31.058, 21050880753268, testhost.dll, TestPluginCache: DataCollectors are ''.
TpTrace Information: 0 : 13660, 4, 2023/01/08, 21:08:31.062, 21050880793947, testhost.dll, TestPluginManager.CreateTestExtension: Attempting to load test extension: Microsoft.VisualStudio.TestPlatform.MSTest.TestAdapter.MSTestExecutor
TpTrace Verbose: 0 : 13660, 4, 2023/01/08, 21:08:31.069, 21050880856470, testhost.dll, TestExecutorExtensionManager: Loading executor Microsoft.VisualStudio.TestPlatform.MSTest.TestAdapter.MSTestExecutor
TpTrace Verbose: 0 : 13660, 4, 2023/01/08, 21:08:31.069, 21050880857124, testhost.dll, TestExecutorService: Loaded the executors
TpTrace Verbose: 0 : 13660, 4, 2023/01/08, 21:08:31.070, 21050880866829, testhost.dll, TestPluginCache.DiscoverTestExtensions: finding test extensions in assemblies ends with: TestAdapter.dll TPluginInfo: Microsoft.VisualStudio.TestPlatform.Common.ExtensionFramework.Utilities.TestSettingsProviderPluginInformation TExtension: Microsoft.VisualStudio.TestPlatform.ObjectModel.Adapter.ISettingsProvider
TpTrace Verbose: 0 : 13660, 4, 2023/01/08, 21:08:31.070, 21050880868401, testhost.dll, TestPluginCache.GetExtensionPaths: Filtered extension paths: 
TpTrace Verbose: 0 : 13660, 4, 2023/01/08, 21:08:31.070, 21050880869012, testhost.dll, TestPluginCache.GetExtensionPaths: Added default extension paths: C:\Users\muris\Source\Repos\vvs-zad1-zadaca32\WhiteBox\bin\Debug\net5.0\fine-code-coverage\build-output\Microsoft.VisualStudio.TestPlatform.MSTest.TestAdapter.dll
TpTrace Verbose: 0 : 13660, 4, 2023/01/08, 21:08:31.070, 21050880869541, testhost.dll, TestPluginCache.GetExtensionPaths: Added unfilterableExtensionPaths: 
TpTrace Information: 0 : 13660, 4, 2023/01/08, 21:08:31.070, 21050880872308, testhost.dll, AssemblyResolver.AddSearchDirectories: Adding more searchDirectories C:\Users\muris\Source\Repos\vvs-zad1-zadaca32\WhiteBox\bin\Debug\net5.0\fine-code-coverage\build-output
TpTrace Verbose: 0 : 13660, 4, 2023/01/08, 21:08:31.070, 21050880872900, testhost.dll, TestPluginCache.DiscoverTestExtensions: Discovering the extensions using extension path.
TpTrace Verbose: 0 : 13660, 4, 2023/01/08, 21:08:31.070, 21050880873256, testhost.dll, TestPluginCache.GetExtensionPaths: Filtered extension paths: 
TpTrace Verbose: 0 : 13660, 4, 2023/01/08, 21:08:31.070, 21050880873576, testhost.dll, TestPluginCache.GetExtensionPaths: Added default extension paths: C:\Users\muris\Source\Repos\vvs-zad1-zadaca32\WhiteBox\bin\Debug\net5.0\fine-code-coverage\build-output\Microsoft.VisualStudio.TestPlatform.MSTest.TestAdapter.dll
TpTrace Verbose: 0 : 13660, 4, 2023/01/08, 21:08:31.070, 21050880873898, testhost.dll, TestPluginCache.GetExtensionPaths: Added unfilterableExtensionPaths: 
TpTrace Verbose: 0 : 13660, 4, 2023/01/08, 21:08:31.070, 21050880874215, testhost.dll, TestPluginCache.DiscoverTestExtensions: Discovering the extensions using allExtensionPaths: C:\Users\muris\Source\Repos\vvs-zad1-zadaca32\WhiteBox\bin\Debug\net5.0\fine-code-coverage\build-output\Microsoft.VisualStudio.TestPlatform.MSTest.TestAdapter.dll
TpTrace Information: 0 : 13660, 4, 2023/01/08, 21:08:31.071, 21050880875255, testhost.dll, AssemblyResolver.AddSearchDirectories: Adding more searchDirectories C:\Users\muris\Source\Repos\vvs-zad1-zadaca32\WhiteBox\bin\Debug\net5.0\fine-code-coverage\build-output
TpTrace Verbose: 0 : 13660, 4, 2023/01/08, 21:08:31.071, 21050880876652, testhost.dll, MetadataReaderExtensionsHelper: Discovering extensions inside assembly 'Microsoft.VisualStudio.TestPlatform.MSTest.TestAdapter, Version=14.0.0.0, Culture=neutral, PublicKeyToken=b03f5f7f11d50a3a' file path 'C:\Users\muris\Source\Repos\vvs-zad1-zadaca32\WhiteBox\bin\Debug\net5.0\fine-code-coverage\build-output\Microsoft.VisualStudio.TestPlatform.MSTest.TestAdapter.dll'
TpTrace Verbose: 0 : 13660, 4, 2023/01/08, 21:08:31.072, 21050880885634, testhost.dll, TestPluginCache: Discovered the extensions using extension path ''.
TpTrace Verbose: 0 : 13660, 4, 2023/01/08, 21:08:31.072, 21050880886072, testhost.dll, TestPluginCache: Discoverers are ''.
TpTrace Verbose: 0 : 13660, 4, 2023/01/08, 21:08:31.072, 21050880886296, testhost.dll, TestPluginCache: Executors are 'executor://MSTestAdapter/v2'.
TpTrace Verbose: 0 : 13660, 4, 2023/01/08, 21:08:31.072, 21050880886500, testhost.dll, TestPluginCache: Executors2 are ''.
TpTrace Verbose: 0 : 13660, 4, 2023/01/08, 21:08:31.072, 21050880887146, testhost.dll, TestPluginCache: Setting providers are ''.
TpTrace Verbose: 0 : 13660, 4, 2023/01/08, 21:08:31.072, 21050880887340, testhost.dll, TestPluginCache: Loggers are ''.
TpTrace Verbose: 0 : 13660, 4, 2023/01/08, 21:08:31.072, 21050880887516, testhost.dll, TestPluginCache: TestHosts are ''.
TpTrace Verbose: 0 : 13660, 4, 2023/01/08, 21:08:31.072, 21050880887687, testhost.dll, TestPluginCache: DataCollectors are ''.
TpTrace Verbose: 0 : 13660, 4, 2023/01/08, 21:08:31.073, 21050880895910, testhost.dll, TestExecutorService: Loaded the settings providers
TpTrace Information: 0 : 13660, 4, 2023/01/08, 21:08:31.073, 21050880896306, testhost.dll, TestExecutorService: Loaded the extensions
TpTrace Information: 0 : 13660, 4, 2023/01/08, 21:08:31.073, 21050880900493, testhost.dll, TestRequestHandler.OnMessageReceived: Running job 'TestExecution.StartWithSources'.
TpTrace Verbose: 0 : 13660, 4, 2023/01/08, 21:08:31.137, 21050881535769, testhost.dll, MulticastDelegateUtilities.SafeInvoke: TestCaseEventsHandler.RaiseSessionStart: Invoking callbacks was skipped because there are no subscribers.
TpTrace Information: 0 : 13660, 4, 2023/01/08, 21:08:31.140, 21050881573708, testhost.dll, TestDiscoveryManager: Discovering tests from sources C:\Users\muris\Source\Repos\vvs-zad1-zadaca32\WhiteBox\bin\Debug\net5.0\fine-code-coverage\build-output\WhiteBox.dll
TpTrace Verbose: 0 : 13660, 4, 2023/01/08, 21:08:31.142, 21050881589152, testhost.dll, TestPluginCache.DiscoverTestExtensions: finding test extensions in assemblies ends with: TestAdapter.dll TPluginInfo: Microsoft.VisualStudio.TestPlatform.Common.ExtensionFramework.Utilities.TestDiscovererPluginInformation TExtension: Microsoft.VisualStudio.TestPlatform.ObjectModel.Adapter.ITestDiscoverer
TpTrace Verbose: 0 : 13660, 4, 2023/01/08, 21:08:31.142, 21050881590050, testhost.dll, TestPluginCache.GetExtensionPaths: Filtered extension paths: 
TpTrace Verbose: 0 : 13660, 4, 2023/01/08, 21:08:31.142, 21050881590335, testhost.dll, TestPluginCache.GetExtensionPaths: Added default extension paths: C:\Users\muris\Source\Repos\vvs-zad1-zadaca32\WhiteBox\bin\Debug\net5.0\fine-code-coverage\build-output\Microsoft.VisualStudio.TestPlatform.MSTest.TestAdapter.dll
TpTrace Verbose: 0 : 13660, 4, 2023/01/08, 21:08:31.142, 21050881590547, testhost.dll, TestPluginCache.GetExtensionPaths: Added unfilterableExtensionPaths: 
TpTrace Information: 0 : 13660, 4, 2023/01/08, 21:08:31.142, 21050881591382, testhost.dll, AssemblyResolver.AddSearchDirectories: Adding more searchDirectories C:\Users\muris\Source\Repos\vvs-zad1-zadaca32\WhiteBox\bin\Debug\net5.0\fine-code-coverage\build-output
TpTrace Verbose: 0 : 13660, 4, 2023/01/08, 21:08:31.142, 21050881591798, testhost.dll, TestPluginCache.DiscoverTestExtensions: Discovering the extensions using extension path.
TpTrace Verbose: 0 : 13660, 4, 2023/01/08, 21:08:31.142, 21050881592021, testhost.dll, TestPluginCache.GetExtensionPaths: Filtered extension paths: 
TpTrace Verbose: 0 : 13660, 4, 2023/01/08, 21:08:31.142, 21050881592215, testhost.dll, TestPluginCache.GetExtensionPaths: Added default extension paths: C:\Users\muris\Source\Repos\vvs-zad1-zadaca32\WhiteBox\bin\Debug\net5.0\fine-code-coverage\build-output\Microsoft.VisualStudio.TestPlatform.MSTest.TestAdapter.dll
TpTrace Verbose: 0 : 13660, 4, 2023/01/08, 21:08:31.142, 21050881592408, testhost.dll, TestPluginCache.GetExtensionPaths: Added unfilterableExtensionPaths: 
TpTrace Verbose: 0 : 13660, 4, 2023/01/08, 21:08:31.142, 21050881592641, testhost.dll, TestPluginCache.DiscoverTestExtensions: Discovering the extensions using allExtensionPaths: C:\Users\muris\Source\Repos\vvs-zad1-zadaca32\WhiteBox\bin\Debug\net5.0\fine-code-coverage\build-output\Microsoft.VisualStudio.TestPlatform.MSTest.TestAdapter.dll
TpTrace Information: 0 : 13660, 4, 2023/01/08, 21:08:31.142, 21050881592936, testhost.dll, AssemblyResolver.AddSearchDirectories: Adding more searchDirectories C:\Users\muris\Source\Repos\vvs-zad1-zadaca32\WhiteBox\bin\Debug\net5.0\fine-code-coverage\build-output
TpTrace Verbose: 0 : 13660, 4, 2023/01/08, 21:08:31.142, 21050881593581, testhost.dll, MetadataReaderExtensionsHelper: Discovering extensions inside assembly 'Microsoft.VisualStudio.TestPlatform.MSTest.TestAdapter, Version=14.0.0.0, Culture=neutral, PublicKeyToken=b03f5f7f11d50a3a' file path 'C:\Users\muris\Source\Repos\vvs-zad1-zadaca32\WhiteBox\bin\Debug\net5.0\fine-code-coverage\build-output\Microsoft.VisualStudio.TestPlatform.MSTest.TestAdapter.dll'
TpTrace Information: 0 : 13660, 4, 2023/01/08, 21:08:31.144, 21050881612428, testhost.dll, GetTestExtensionFromType: Register extension with identifier data 'Microsoft.VisualStudio.TestPlatform.MSTest.TestAdapter.MSTestDiscoverer, Microsoft.VisualStudio.TestPlatform.MSTest.TestAdapter, Version=14.0.0.0, Culture=neutral, PublicKeyToken=b03f5f7f11d50a3a' and type 'Microsoft.VisualStudio.TestPlatform.MSTest.TestAdapter.MSTestDiscoverer, Microsoft.VisualStudio.TestPlatform.MSTest.TestAdapter, Version=14.0.0.0, Culture=neutral, PublicKeyToken=b03f5f7f11d50a3a' inside file 'C:\Users\muris\Source\Repos\vvs-zad1-zadaca32\WhiteBox\bin\Debug\net5.0\fine-code-coverage\build-output\Microsoft.VisualStudio.TestPlatform.MSTest.TestAdapter.dll'
TpTrace Verbose: 0 : 13660, 4, 2023/01/08, 21:08:31.144, 21050881613620, testhost.dll, TestPluginCache: Discovered the extensions using extension path ''.
TpTrace Verbose: 0 : 13660, 4, 2023/01/08, 21:08:31.144, 21050881614044, testhost.dll, TestPluginCache: Discoverers are 'Microsoft.VisualStudio.TestPlatform.MSTest.TestAdapter.MSTestDiscoverer, Microsoft.VisualStudio.TestPlatform.MSTest.TestAdapter, Version=14.0.0.0, Culture=neutral, PublicKeyToken=b03f5f7f11d50a3a'.
TpTrace Verbose: 0 : 13660, 4, 2023/01/08, 21:08:31.145, 21050881614331, testhost.dll, TestPluginCache: Executors are 'executor://MSTestAdapter/v2'.
TpTrace Verbose: 0 : 13660, 4, 2023/01/08, 21:08:31.145, 21050881614642, testhost.dll, TestPluginCache: Executors2 are ''.
TpTrace Verbose: 0 : 13660, 4, 2023/01/08, 21:08:31.145, 21050881614855, testhost.dll, TestPluginCache: Setting providers are ''.
TpTrace Verbose: 0 : 13660, 4, 2023/01/08, 21:08:31.145, 21050881615049, testhost.dll, TestPluginCache: Loggers are ''.
TpTrace Verbose: 0 : 13660, 4, 2023/01/08, 21:08:31.145, 21050881615239, testhost.dll, TestPluginCache: TestHosts are ''.
TpTrace Verbose: 0 : 13660, 4, 2023/01/08, 21:08:31.145, 21050881615425, testhost.dll, TestPluginCache: DataCollectors are ''.
TpTrace Verbose: 0 : 13660, 4, 2023/01/08, 21:08:31.149, 21050881662586, testhost.dll, BaseRunTests.RunTestInternalWithExecutors: Running tests for executor://MSTestAdapter/v2
TpTrace Information: 0 : 13660, 4, 2023/01/08, 21:08:31.150, 21050881666451, testhost.dll, AssemblyResolver.OnResolve: Microsoft.VisualStudio.TestPlatform.MSTestAdapter.PlatformServices.Interface: Resolving assembly.
TpTrace Information: 0 : 13660, 4, 2023/01/08, 21:08:31.150, 21050881666924, testhost.dll, AssemblyResolver.OnResolve: Microsoft.VisualStudio.TestPlatform.MSTestAdapter.PlatformServices.Interface: Searching in: 'C:\Users\muris\Source\Repos\vvs-zad1-zadaca32\WhiteBox\bin\Debug\net5.0\fine-code-coverage\build-output'.
TpTrace Information: 0 : 13660, 4, 2023/01/08, 21:08:31.150, 21050881671685, testhost.dll, AssemblyResolver.OnResolve: Microsoft.VisualStudio.TestPlatform.MSTestAdapter.PlatformServices.Interface: Loading assembly 'C:\Users\muris\Source\Repos\vvs-zad1-zadaca32\WhiteBox\bin\Debug\net5.0\fine-code-coverage\build-output\Microsoft.VisualStudio.TestPlatform.MSTestAdapter.PlatformServices.Interface.dll'.
TpTrace Information: 0 : 13660, 4, 2023/01/08, 21:08:31.151, 21050881675401, testhost.dll, AssemblyResolver.OnResolve: Resolved assembly: Microsoft.VisualStudio.TestPlatform.MSTestAdapter.PlatformServices.Interface, from path: C:\Users\muris\Source\Repos\vvs-zad1-zadaca32\WhiteBox\bin\Debug\net5.0\fine-code-coverage\build-output\Microsoft.VisualStudio.TestPlatform.MSTestAdapter.PlatformServices.Interface.dll
TpTrace Information: 0 : 13660, 4, 2023/01/08, 21:08:31.151, 21050881684249, testhost.dll, AssemblyResolver.OnResolve: Microsoft.VisualStudio.TestPlatform.MSTestAdapter.PlatformServices: Resolving assembly.
TpTrace Information: 0 : 13660, 4, 2023/01/08, 21:08:31.152, 21050881684738, testhost.dll, AssemblyResolver.OnResolve: Microsoft.VisualStudio.TestPlatform.MSTestAdapter.PlatformServices: Searching in: 'C:\Users\muris\Source\Repos\vvs-zad1-zadaca32\WhiteBox\bin\Debug\net5.0\fine-code-coverage\build-output'.
TpTrace Information: 0 : 13660, 4, 2023/01/08, 21:08:31.152, 21050881692380, testhost.dll, AssemblyResolver.OnResolve: Microsoft.VisualStudio.TestPlatform.MSTestAdapter.PlatformServices: Loading assembly 'C:\Users\muris\Source\Repos\vvs-zad1-zadaca32\WhiteBox\bin\Debug\net5.0\fine-code-coverage\build-output\Microsoft.VisualStudio.TestPlatform.MSTestAdapter.PlatformServices.dll'.
TpTrace Information: 0 : 13660, 4, 2023/01/08, 21:08:31.153, 21050881695863, testhost.dll, AssemblyResolver.OnResolve: Resolved assembly: Microsoft.VisualStudio.TestPlatform.MSTestAdapter.PlatformServices, from path: C:\Users\muris\Source\Repos\vvs-zad1-zadaca32\WhiteBox\bin\Debug\net5.0\fine-code-coverage\build-output\Microsoft.VisualStudio.TestPlatform.MSTestAdapter.PlatformServices.dll
TpTrace Information: 0 : 13660, 4, 2023/01/08, 21:08:31.153, 21050881701132, testhost.dll, MSTest - MSTestExecutor.RunTests: Running tests from sources.
TpTrace Information: 0 : 13660, 4, 2023/01/08, 21:08:31.156, 21050881730568, testhost.dll, MSTest - CollectSourceInformation value Found : False 
TpTrace Information: 0 : 13660, 4, 2023/01/08, 21:08:31.171, 21050881881759, testhost.dll, MSTest - DictionaryHelper.ConcatWithOverwrites: The source is null or empty, returning the overwrite dictionary.
TpTrace Information: 0 : 13660, 4, 2023/01/08, 21:08:31.175, 21050881920566, testhost.dll, MSTest - DictionaryHelper.ConcatWithOverwrites: The source is null or empty, returning the overwrite dictionary.
TpTrace Information: 0 : 13660, 4, 2023/01/08, 21:08:31.179, 21050881955145, testhost.dll, AssemblyResolver.OnResolve: Microsoft.TestPlatform.AdapterUtilities: Resolving assembly.
TpTrace Information: 0 : 13660, 4, 2023/01/08, 21:08:31.179, 21050881955689, testhost.dll, AssemblyResolver.OnResolve: Microsoft.TestPlatform.AdapterUtilities: Searching in: 'C:\Users\muris\Source\Repos\vvs-zad1-zadaca32\WhiteBox\bin\Debug\net5.0\fine-code-coverage\build-output'.
TpTrace Information: 0 : 13660, 4, 2023/01/08, 21:08:31.179, 21050881960201, testhost.dll, AssemblyResolver.OnResolve: Microsoft.TestPlatform.AdapterUtilities: Loading assembly 'C:\Users\muris\Source\Repos\vvs-zad1-zadaca32\WhiteBox\bin\Debug\net5.0\fine-code-coverage\build-output\Microsoft.TestPlatform.AdapterUtilities.dll'.
TpTrace Information: 0 : 13660, 4, 2023/01/08, 21:08:31.179, 21050881963060, testhost.dll, AssemblyResolver.OnResolve: Resolved assembly: Microsoft.TestPlatform.AdapterUtilities, from path: C:\Users\muris\Source\Repos\vvs-zad1-zadaca32\WhiteBox\bin\Debug\net5.0\fine-code-coverage\build-output\Microsoft.TestPlatform.AdapterUtilities.dll
TpTrace Information: 0 : 13660, 4, 2023/01/08, 21:08:31.201, 21050882178636, testhost.dll, MSTest - DictionaryHelper.ConcatWithOverwrites: The source is null or empty, returning the overwrite dictionary.
TpTrace Information: 0 : 13660, 4, 2023/01/08, 21:08:31.201, 21050882180768, testhost.dll, MSTest - MSTestDiscoverer: Found 6 tests from source C:\Users\muris\Source\Repos\vvs-zad1-zadaca32\WhiteBox\bin\Debug\net5.0\fine-code-coverage\build-output\WhiteBox.dll
TpTrace Information: 0 : 13660, 4, 2023/01/08, 21:08:31.222, 21050882388002, testhost.dll, AssemblyResolver.OnResolve: Microsoft.VisualStudio.TestPlatform.MSTestAdapter.PlatformServices.resources: Resolving assembly.
TpTrace Information: 0 : 13660, 4, 2023/01/08, 21:08:31.222, 21050882389403, testhost.dll, AssemblyResolver.OnResolve: Microsoft.VisualStudio.TestPlatform.MSTestAdapter.PlatformServices.resources: Searching in: 'C:\Users\muris\Source\Repos\vvs-zad1-zadaca32\WhiteBox\bin\Debug\net5.0\fine-code-coverage\build-output'.
TpTrace Information: 0 : 13660, 4, 2023/01/08, 21:08:31.222, 21050882390384, testhost.dll, AssemblyResolver.OnResolve: Microsoft.VisualStudio.TestPlatform.MSTestAdapter.PlatformServices.resources: Assembly path does not exist: 'C:\Users\muris\Source\Repos\vvs-zad1-zadaca32\WhiteBox\bin\Debug\net5.0\fine-code-coverage\build-output\Microsoft.VisualStudio.TestPlatform.MSTestAdapter.PlatformServices.resources.dll', returning.
TpTrace Information: 0 : 13660, 4, 2023/01/08, 21:08:31.222, 21050882391104, testhost.dll, AssemblyResolver.OnResolve: Microsoft.VisualStudio.TestPlatform.MSTestAdapter.PlatformServices.resources: Assembly path does not exist: 'C:\Users\muris\Source\Repos\vvs-zad1-zadaca32\WhiteBox\bin\Debug\net5.0\fine-code-coverage\build-output\Microsoft.VisualStudio.TestPlatform.MSTestAdapter.PlatformServices.resources.exe', returning.
TpTrace Information: 0 : 13660, 4, 2023/01/08, 21:08:31.222, 21050882391422, testhost.dll, AssemblyResolver.OnResolve: Microsoft.VisualStudio.TestPlatform.MSTestAdapter.PlatformServices.resources: Failed to load assembly.
TpTrace Information: 0 : 13660, 4, 2023/01/08, 21:08:31.223, 21050882394710, testhost.dll, AssemblyResolver.OnResolve: Microsoft.VisualStudio.TestPlatform.MSTestAdapter.PlatformServices.resources: Resolving assembly.
TpTrace Information: 0 : 13660, 4, 2023/01/08, 21:08:31.223, 21050882395142, testhost.dll, AssemblyResolver.OnResolve: Microsoft.VisualStudio.TestPlatform.MSTestAdapter.PlatformServices.resources: Resolved from cache.
TpTrace Information: 0 : 13660, 4, 2023/01/08, 21:08:31.235, 21050882515632, testhost.dll, MSTest - Created unit-test runner C:\Users\muris\Source\Repos\vvs-zad1-zadaca32\WhiteBox\bin\Debug\net5.0\fine-code-coverage\build-output\WhiteBox.dll
TpTrace Verbose: 0 : 13660, 4, 2023/01/08, 21:08:31.244, 21050882606079, testhost.dll, TestExecutionRecorder.RecordStart: Starting test: WhiteBox.UnitTest1.TestPut1.
TpTrace Verbose: 0 : 13660, 4, 2023/01/08, 21:08:31.322, 21050883386862, testhost.dll, MulticastDelegateUtilities.SafeInvoke: TestCaseEventsHandler.RaiseTestCaseStart: Invoking callback 1/1 for Microsoft.VisualStudio.TestPlatform.CrossPlatEngine.DataCollection.ProxyOutOfProcDataCollectionManager.TriggerTestCaseStart, took 73 ms.
TpTrace Information: 0 : 13660, 4, 2023/01/08, 21:08:31.322, 21050883388958, testhost.dll, MSTest - Executing test TestPut1
TpTrace Information: 0 : 13660, 4, 2023/01/08, 21:08:31.367, 21050883841626, testhost.dll, MSTest - Executed test TestPut1
TpTrace Verbose: 0 : 13660, 4, 2023/01/08, 21:08:31.376, 21050883933271, testhost.dll, TestExecutionRecorder.RecordEnd: test: WhiteBox.UnitTest1.TestPut1 execution completed.
TpTrace Verbose: 0 : 13660, 4, 2023/01/08, 21:08:31.401, 21050884181217, testhost.dll, MulticastDelegateUtilities.SafeInvoke: TestCaseEventsHandler.RaiseTestCaseEnd: Invoking callback 1/1 for Microsoft.VisualStudio.TestPlatform.CrossPlatEngine.DataCollection.ProxyOutOfProcDataCollectionManager.TriggerTestCaseEnd, took 23 ms.
TpTrace Verbose: 0 : 13660, 4, 2023/01/08, 21:08:31.406, 21050884226398, testhost.dll, TestExecutionRecorder.RecordResult: Received result for test: WhiteBox.UnitTest1.TestPut1.
TpTrace Verbose: 0 : 13660, 4, 2023/01/08, 21:08:31.409, 21050884257461, testhost.dll, MulticastDelegateUtilities.SafeInvoke: TestCaseEventsHandler.RaiseTestCaseEnd: Invoking callback 1/1 for Microsoft.VisualStudio.TestPlatform.CrossPlatEngine.DataCollection.ProxyOutOfProcDataCollectionManager.TriggerSendTestResult, took 2 ms.
TpTrace Warning: 0 : 13660, 4, 2023/01/08, 21:08:31.415, 21050884323434, testhost.dll, TestRunCache: InProgressTests is null
TpTrace Warning: 0 : 13660, 4, 2023/01/08, 21:08:31.416, 21050884326112, testhost.dll, TestRunCache: No test found corresponding to testResult 'TestPut1' in inProgress list.
TpTrace Verbose: 0 : 13660, 4, 2023/01/08, 21:08:31.416, 21050884327566, testhost.dll, TestExecutionRecorder.RecordStart: Starting test: WhiteBox.UnitTest1.TestPut2.
TpTrace Verbose: 0 : 13660, 4, 2023/01/08, 21:08:31.418, 21050884353019, testhost.dll, MulticastDelegateUtilities.SafeInvoke: TestCaseEventsHandler.RaiseTestCaseStart: Invoking callback 1/1 for Microsoft.VisualStudio.TestPlatform.CrossPlatEngine.DataCollection.ProxyOutOfProcDataCollectionManager.TriggerTestCaseStart, took 2 ms.
TpTrace Information: 0 : 13660, 4, 2023/01/08, 21:08:31.418, 21050884354093, testhost.dll, MSTest - Executing test TestPut2
TpTrace Information: 0 : 13660, 4, 2023/01/08, 21:08:31.419, 21050884363036, testhost.dll, MSTest - Executed test TestPut2
TpTrace Verbose: 0 : 13660, 4, 2023/01/08, 21:08:31.420, 21050884364535, testhost.dll, TestExecutionRecorder.RecordEnd: test: WhiteBox.UnitTest1.TestPut2 execution completed.
TpTrace Verbose: 0 : 13660, 4, 2023/01/08, 21:08:31.423, 21050884400108, testhost.dll, MulticastDelegateUtilities.SafeInvoke: TestCaseEventsHandler.RaiseTestCaseEnd: Invoking callback 1/1 for Microsoft.VisualStudio.TestPlatform.CrossPlatEngine.DataCollection.ProxyOutOfProcDataCollectionManager.TriggerTestCaseEnd, took 3 ms.
TpTrace Verbose: 0 : 13660, 4, 2023/01/08, 21:08:31.423, 21050884401411, testhost.dll, TestExecutionRecorder.RecordResult: Received result for test: WhiteBox.UnitTest1.TestPut2.
TpTrace Verbose: 0 : 13660, 4, 2023/01/08, 21:08:31.423, 21050884402345, testhost.dll, MulticastDelegateUtilities.SafeInvoke: TestCaseEventsHandler.RaiseTestCaseEnd: Invoking callback 1/1 for Microsoft.VisualStudio.TestPlatform.CrossPlatEngine.DataCollection.ProxyOutOfProcDataCollectionManager.TriggerSendTestResult, took 0 ms.
TpTrace Warning: 0 : 13660, 4, 2023/01/08, 21:08:31.423, 21050884402888, testhost.dll, TestRunCache: InProgressTests is null
TpTrace Warning: 0 : 13660, 4, 2023/01/08, 21:08:31.423, 21050884403266, testhost.dll, TestRunCache: No test found corresponding to testResult 'TestPut2' in inProgress list.
TpTrace Verbose: 0 : 13660, 4, 2023/01/08, 21:08:31.423, 21050884404011, testhost.dll, TestExecutionRecorder.RecordStart: Starting test: WhiteBox.UnitTest1.TestPut3.
TpTrace Verbose: 0 : 13660, 4, 2023/01/08, 21:08:31.425, 21050884419786, testhost.dll, MulticastDelegateUtilities.SafeInvoke: TestCaseEventsHandler.RaiseTestCaseStart: Invoking callback 1/1 for Microsoft.VisualStudio.TestPlatform.CrossPlatEngine.DataCollection.ProxyOutOfProcDataCollectionManager.TriggerTestCaseStart, took 1 ms.
TpTrace Information: 0 : 13660, 4, 2023/01/08, 21:08:31.425, 21050884420632, testhost.dll, MSTest - Executing test TestPut3
TpTrace Information: 0 : 13660, 4, 2023/01/08, 21:08:31.426, 21050884425398, testhost.dll, MSTest - Executed test TestPut3
TpTrace Verbose: 0 : 13660, 4, 2023/01/08, 21:08:31.426, 21050884426046, testhost.dll, TestExecutionRecorder.RecordEnd: test: WhiteBox.UnitTest1.TestPut3 execution completed.
TpTrace Verbose: 0 : 13660, 4, 2023/01/08, 21:08:31.427, 21050884443074, testhost.dll, MulticastDelegateUtilities.SafeInvoke: TestCaseEventsHandler.RaiseTestCaseEnd: Invoking callback 1/1 for Microsoft.VisualStudio.TestPlatform.CrossPlatEngine.DataCollection.ProxyOutOfProcDataCollectionManager.TriggerTestCaseEnd, took 1 ms.
TpTrace Verbose: 0 : 13660, 4, 2023/01/08, 21:08:31.427, 21050884443767, testhost.dll, TestExecutionRecorder.RecordResult: Received result for test: WhiteBox.UnitTest1.TestPut3.
TpTrace Verbose: 0 : 13660, 4, 2023/01/08, 21:08:31.428, 21050884444296, testhost.dll, MulticastDelegateUtilities.SafeInvoke: TestCaseEventsHandler.RaiseTestCaseEnd: Invoking callback 1/1 for Microsoft.VisualStudio.TestPlatform.CrossPlatEngine.DataCollection.ProxyOutOfProcDataCollectionManager.TriggerSendTestResult, took 0 ms.
TpTrace Warning: 0 : 13660, 4, 2023/01/08, 21:08:31.428, 21050884444717, testhost.dll, TestRunCache: InProgressTests is null
TpTrace Warning: 0 : 13660, 4, 2023/01/08, 21:08:31.428, 21050884445054, testhost.dll, TestRunCache: No test found corresponding to testResult 'TestPut3' in inProgress list.
TpTrace Verbose: 0 : 13660, 4, 2023/01/08, 21:08:31.428, 21050884445756, testhost.dll, TestExecutionRecorder.RecordStart: Starting test: WhiteBox.UnitTest1.TestPut4.
TpTrace Verbose: 0 : 13660, 4, 2023/01/08, 21:08:31.429, 21050884462536, testhost.dll, MulticastDelegateUtilities.SafeInvoke: TestCaseEventsHandler.RaiseTestCaseStart: Invoking callback 1/1 for Microsoft.VisualStudio.TestPlatform.CrossPlatEngine.DataCollection.ProxyOutOfProcDataCollectionManager.TriggerTestCaseStart, took 1 ms.
TpTrace Information: 0 : 13660, 4, 2023/01/08, 21:08:31.429, 21050884463457, testhost.dll, MSTest - Executing test TestPut4
TpTrace Information: 0 : 13660, 4, 2023/01/08, 21:08:31.431, 21050884480652, testhost.dll, MSTest - Executed test TestPut4
TpTrace Verbose: 0 : 13660, 4, 2023/01/08, 21:08:31.431, 21050884482075, testhost.dll, TestExecutionRecorder.RecordEnd: test: WhiteBox.UnitTest1.TestPut4 execution completed.
TpTrace Verbose: 0 : 13660, 4, 2023/01/08, 21:08:31.433, 21050884500007, testhost.dll, MulticastDelegateUtilities.SafeInvoke: TestCaseEventsHandler.RaiseTestCaseEnd: Invoking callback 1/1 for Microsoft.VisualStudio.TestPlatform.CrossPlatEngine.DataCollection.ProxyOutOfProcDataCollectionManager.TriggerTestCaseEnd, took 1 ms.
TpTrace Verbose: 0 : 13660, 4, 2023/01/08, 21:08:31.433, 21050884500729, testhost.dll, TestExecutionRecorder.RecordResult: Received result for test: WhiteBox.UnitTest1.TestPut4.
TpTrace Verbose: 0 : 13660, 4, 2023/01/08, 21:08:31.433, 21050884501257, testhost.dll, MulticastDelegateUtilities.SafeInvoke: TestCaseEventsHandler.RaiseTestCaseEnd: Invoking callback 1/1 for Microsoft.VisualStudio.TestPlatform.CrossPlatEngine.DataCollection.ProxyOutOfProcDataCollectionManager.TriggerSendTestResult, took 0 ms.
TpTrace Warning: 0 : 13660, 4, 2023/01/08, 21:08:31.433, 21050884501687, testhost.dll, TestRunCache: InProgressTests is null
TpTrace Warning: 0 : 13660, 4, 2023/01/08, 21:08:31.433, 21050884502010, testhost.dll, TestRunCache: No test found corresponding to testResult 'TestPut4' in inProgress list.
TpTrace Verbose: 0 : 13660, 4, 2023/01/08, 21:08:31.433, 21050884502719, testhost.dll, TestExecutionRecorder.RecordStart: Starting test: WhiteBox.UnitTest1.TestPut5.
TpTrace Verbose: 0 : 13660, 4, 2023/01/08, 21:08:31.435, 21050884516008, testhost.dll, MulticastDelegateUtilities.SafeInvoke: TestCaseEventsHandler.RaiseTestCaseStart: Invoking callback 1/1 for Microsoft.VisualStudio.TestPlatform.CrossPlatEngine.DataCollection.ProxyOutOfProcDataCollectionManager.TriggerTestCaseStart, took 1 ms.
TpTrace Information: 0 : 13660, 4, 2023/01/08, 21:08:31.435, 21050884516748, testhost.dll, MSTest - Executing test TestPut5
TpTrace Information: 0 : 13660, 4, 2023/01/08, 21:08:31.435, 21050884521104, testhost.dll, MSTest - Executed test TestPut5
TpTrace Verbose: 0 : 13660, 4, 2023/01/08, 21:08:31.435, 21050884521716, testhost.dll, TestExecutionRecorder.RecordEnd: test: WhiteBox.UnitTest1.TestPut5 execution completed.
TpTrace Verbose: 0 : 13660, 4, 2023/01/08, 21:08:31.437, 21050884542199, testhost.dll, MulticastDelegateUtilities.SafeInvoke: TestCaseEventsHandler.RaiseTestCaseEnd: Invoking callback 1/1 for Microsoft.VisualStudio.TestPlatform.CrossPlatEngine.DataCollection.ProxyOutOfProcDataCollectionManager.TriggerTestCaseEnd, took 1 ms.
TpTrace Verbose: 0 : 13660, 4, 2023/01/08, 21:08:31.437, 21050884543119, testhost.dll, TestExecutionRecorder.RecordResult: Received result for test: WhiteBox.UnitTest1.TestPut5.
TpTrace Verbose: 0 : 13660, 4, 2023/01/08, 21:08:31.437, 21050884543815, testhost.dll, MulticastDelegateUtilities.SafeInvoke: TestCaseEventsHandler.RaiseTestCaseEnd: Invoking callback 1/1 for Microsoft.VisualStudio.TestPlatform.CrossPlatEngine.DataCollection.ProxyOutOfProcDataCollectionManager.TriggerSendTestResult, took 0 ms.
TpTrace Warning: 0 : 13660, 4, 2023/01/08, 21:08:31.438, 21050884544302, testhost.dll, TestRunCache: InProgressTests is null
TpTrace Warning: 0 : 13660, 4, 2023/01/08, 21:08:31.438, 21050884544666, testhost.dll, TestRunCache: No test found corresponding to testResult 'TestPut5' in inProgress list.
TpTrace Verbose: 0 : 13660, 4, 2023/01/08, 21:08:31.438, 21050884545430, testhost.dll, TestExecutionRecorder.RecordStart: Starting test: WhiteBox.UnitTest1.TestPut6.
TpTrace Verbose: 0 : 13660, 4, 2023/01/08, 21:08:31.440, 21050884564314, testhost.dll, MulticastDelegateUtilities.SafeInvoke: TestCaseEventsHandler.RaiseTestCaseStart: Invoking callback 1/1 for Microsoft.VisualStudio.TestPlatform.CrossPlatEngine.DataCollection.ProxyOutOfProcDataCollectionManager.TriggerTestCaseStart, took 1 ms.
TpTrace Information: 0 : 13660, 4, 2023/01/08, 21:08:31.440, 21050884565444, testhost.dll, MSTest - Executing test TestPut6
TpTrace Information: 0 : 13660, 4, 2023/01/08, 21:08:31.441, 21050884575741, testhost.dll, MSTest - Executed test TestPut6
TpTrace Verbose: 0 : 13660, 4, 2023/01/08, 21:08:31.441, 21050884576481, testhost.dll, TestExecutionRecorder.RecordEnd: test: WhiteBox.UnitTest1.TestPut6 execution completed.
TpTrace Verbose: 0 : 13660, 4, 2023/01/08, 21:08:31.442, 21050884588084, testhost.dll, MulticastDelegateUtilities.SafeInvoke: TestCaseEventsHandler.RaiseTestCaseEnd: Invoking callback 1/1 for Microsoft.VisualStudio.TestPlatform.CrossPlatEngine.DataCollection.ProxyOutOfProcDataCollectionManager.TriggerTestCaseEnd, took 1 ms.
TpTrace Verbose: 0 : 13660, 4, 2023/01/08, 21:08:31.442, 21050884588664, testhost.dll, TestExecutionRecorder.RecordResult: Received result for test: WhiteBox.UnitTest1.TestPut6.
TpTrace Verbose: 0 : 13660, 4, 2023/01/08, 21:08:31.442, 21050884589067, testhost.dll, MulticastDelegateUtilities.SafeInvoke: TestCaseEventsHandler.RaiseTestCaseEnd: Invoking callback 1/1 for Microsoft.VisualStudio.TestPlatform.CrossPlatEngine.DataCollection.ProxyOutOfProcDataCollectionManager.TriggerSendTestResult, took 0 ms.
TpTrace Warning: 0 : 13660, 4, 2023/01/08, 21:08:31.442, 21050884589390, testhost.dll, TestRunCache: InProgressTests is null
TpTrace Warning: 0 : 13660, 4, 2023/01/08, 21:08:31.442, 21050884589646, testhost.dll, TestRunCache: No test found corresponding to testResult 'TestPut6' in inProgress list.
TpTrace Information: 0 : 13660, 4, 2023/01/08, 21:08:31.442, 21050884591340, testhost.dll, MSTest - Executing cleanup methods.
TpTrace Information: 0 : 13660, 4, 2023/01/08, 21:08:31.444, 21050884604926, testhost.dll, MSTest - Executed cleanup methods.
TpTrace Information: 0 : 13660, 4, 2023/01/08, 21:08:31.444, 21050884605542, testhost.dll, MSTest - Executed tests belonging to source C:\Users\muris\Source\Repos\vvs-zad1-zadaca32\WhiteBox\bin\Debug\net5.0\fine-code-coverage\build-output\WhiteBox.dll
TpTrace Information: 0 : 13660, 4, 2023/01/08, 21:08:31.444, 21050884607930, testhost.dll, Deleting deployment directory C:\Users\muris\Source\Repos\vvs-zad1-zadaca32\WhiteBox\bin\Debug\net5.0\fine-code-coverage\coverage-tool-output\Deploy_muris 2023-01-08 21_08_31
TpTrace Information: 0 : 13660, 4, 2023/01/08, 21:08:31.446, 21050884634009, testhost.dll, Deleted deployment directory C:\Users\muris\Source\Repos\vvs-zad1-zadaca32\WhiteBox\bin\Debug\net5.0\fine-code-coverage\coverage-tool-output\Deploy_muris 2023-01-08 21_08_31
TpTrace Verbose: 0 : 13660, 4, 2023/01/08, 21:08:31.447, 21050884638155, testhost.dll, BaseRunTests.RunTestInternalWithExecutors: Completed running tests for executor://MSTestAdapter/v2
TpTrace Verbose: 0 : 13660, 4, 2023/01/08, 21:08:31.448, 21050884649646, testhost.dll, MulticastDelegateUtilities.SafeInvoke: TestCaseEventsHandler.RaiseSessionEnd: Invoking callback 1/1 for Microsoft.VisualStudio.TestPlatform.CrossPlatEngine.DataCollection.ProxyOutOfProcDataCollectionManager.TriggerTestSessionEnd, took 0 ms.
TpTrace Information: 0 : 13660, 4, 2023/01/08, 21:08:31.454, 21050884705405, testhost.dll, Sending test run complete
TpTrace Verbose: 0 : 13660, 4, 2023/01/08, 21:08:31.500, 21050885164651, testhost.dll, TestRequestHandler.SendData: sending data from testhost: {"Version":7,"MessageType":"TestExecution.Completed","Payload":{"TestRunCompleteArgs":{"TestRunStatistics":{"ExecutedTests":6,"Stats":{"Passed":6}},"IsCanceled":false,"IsAborted":false,"Error":null,"AttachmentSets":[],"InvokedDataCollectors":[],"ElapsedTimeInRunningTests":"00:00:00.3012654","Metrics":{},"DiscoveredExtensions":{"TestDiscoverers":["Microsoft.VisualStudio.TestPlatform.MSTest.TestAdapter.MSTestDiscoverer, Microsoft.VisualStudio.TestPlatform.MSTest.TestAdapter, Version=14.0.0.0, Culture=neutral, PublicKeyToken=b03f5f7f11d50a3a"],"TestExecutors":["executor://MSTestAdapter/v2"],"TestExecutors2":[],"TestSettingsProviders":[]}},"LastRunTests":{"NewTestResults":[{"TestCase":{"Id":"bcad68e0-02e5-5ee3-bd07-47e5d3a60195","FullyQualifiedName":"WhiteBox.UnitTest1.TestPut1","DisplayName":"TestPut1","ExecutorUri":"executor://MSTestAdapter/v2","Source":"C:\\Users\\muris\\Source\\Repos\\vvs-zad1-zadaca32\\WhiteBox\\bin\\Debug\\net5.0\\fine-code-coverage\\build-output\\WhiteBox.dll","CodeFilePath":null,"LineNumber":-1,"Properties":[{"Key":{"Id":"TestCase.ManagedType","Label":"ManagedType","Category":"","Description":"","Attributes":1,"ValueType":"System.String"},"Value":"WhiteBox.UnitTest1"},{"Key":{"Id":"TestCase.ManagedMethod","Label":"ManagedMethod","Category":"","Description":"","Attributes":1,"ValueType":"System.String"},"Value":"TestPut1"},{"Key":{"Id":"MSTestDiscoverer.TestClassName","Label":"ClassName","Category":"","Description":"","Attributes":1,"ValueType":"System.String"},"Value":"WhiteBox.UnitTest1"},{"Key":{"Id":"TestCase.Hierarchy","Label":"Hierarchy","Category":"","Description":"","Attributes":2,"ValueType":"System.String[]"},"Value":["WhiteBox","UnitTest1"]},{"Key":{"Id":"TestObject.Traits","Label":"Traits","Category":"","Description":"","Attributes":5,"ValueType":"System.Collections.Generic.KeyValuePair`2[[System.String],[System.String]][]"},"Value":[]}]},"Attachments":[],"Outcome":1,"ErrorMessage":null,"ErrorStackTrace":null,"DisplayName":"TestPut1","Messages":[],"ComputerName":null,"Duration":"00:00:00.0289077","StartTime":"2023-01-08T21:08:31.3223814+01:00","EndTime":"2023-01-08T21:08:31.3678773+01:00","Properties":[{"Key":{"Id":"ExecutionId","Label":"ExecutionId","Category":"","Description":"","Attributes":1,"ValueType":"System.Guid"},"Value":"00000000-0000-0000-0000-000000000000"},{"Key":{"Id":"ParentExecId","Label":"ParentExecId","Category":"","Description":"","Attributes":1,"ValueType":"System.Guid"},"Value":"00000000-0000-0000-0000-000000000000"},{"Key":{"Id":"InnerResultsCount","Label":"InnerResultsCount","Category":"","Description":"","Attributes":1,"ValueType":"System.Int32"},"Value":0}]},{"TestCase":{"Id":"536ddc99-6e85-8b7e-0268-75c1748467d7","FullyQualifiedName":"WhiteBox.UnitTest1.TestPut2","DisplayName":"TestPut2","ExecutorUri":"executor://MSTestAdapter/v2","Source":"C:\\Users\\muris\\Source\\Repos\\vvs-zad1-zadaca32\\WhiteBox\\bin\\Debug\\net5.0\\fine-code-coverage\\build-output\\WhiteBox.dll","CodeFilePath":null,"LineNumber":-1,"Properties":[{"Key":{"Id":"TestCase.ManagedType","Label":"ManagedType","Category":"","Description":"","Attributes":1,"ValueType":"System.String"},"Value":"WhiteBox.UnitTest1"},{"Key":{"Id":"TestCase.ManagedMethod","Label":"ManagedMethod","Category":"","Description":"","Attributes":1,"ValueType":"System.String"},"Value":"TestPut2"},{"Key":{"Id":"MSTestDiscoverer.TestClassName","Label":"ClassName","Category":"","Description":"","Attributes":1,"ValueType":"System.String"},"Value":"WhiteBox.UnitTest1"},{"Key":{"Id":"TestCase.Hierarchy","Label":"Hierarchy","Category":"","Description":"","Attributes":2,"ValueType":"System.String[]"},"Value":["WhiteBox","UnitTest1"]},{"Key":{"Id":"TestObject.Traits","Label":"Traits","Category":"","Description":"","Attributes":5,"ValueType":"System.Collections.Generic.KeyValuePair`2[[System.String],[System.String]][]"},"Value":[]}]},"Attachments":[],"Outcome":1,"ErrorMessage":null,"ErrorStackTrace":null,"DisplayName":"TestPut2","Messages":[],"ComputerName":null,"Duration":"00:00:00.0005923","StartTime":"2023-01-08T21:08:31.4189752+01:00","EndTime":"2023-01-08T21:08:31.4199713+01:00","Properties":[{"Key":{"Id":"ExecutionId","Label":"ExecutionId","Category":"","Description":"","Attributes":1,"ValueType":"System.Guid"},"Value":"00000000-0000-0000-0000-000000000000"},{"Key":{"Id":"ParentExecId","Label":"ParentExecId","Category":"","Description":"","Attributes":1,"ValueType":"System.Guid"},"Value":"00000000-0000-0000-0000-000000000000"},{"Key":{"Id":"InnerResultsCount","Label":"InnerResultsCount","Category":"","Description":"","Attributes":1,"ValueType":"System.Int32"},"Value":0}]},{"TestCase":{"Id":"e8cae526-dde0-944b-3467-1cc717c9ad9f","FullyQualifiedName":"WhiteBox.UnitTest1.TestPut3","DisplayName":"TestPut3","ExecutorUri":"executor://MSTestAdapter/v2","Source":"C:\\Users\\muris\\Source\\Repos\\vvs-zad1-zadaca32\\WhiteBox\\bin\\Debug\\net5.0\\fine-code-coverage\\build-output\\WhiteBox.dll","CodeFilePath":null,"LineNumber":-1,"Properties":[{"Key":{"Id":"TestCase.ManagedType","Label":"ManagedType","Category":"","Description":"","Attributes":1,"ValueType":"System.String"},"Value":"WhiteBox.UnitTest1"},{"Key":{"Id":"TestCase.ManagedMethod","Label":"ManagedMethod","Category":"","Description":"","Attributes":1,"ValueType":"System.String"},"Value":"TestPut3"},{"Key":{"Id":"MSTestDiscoverer.TestClassName","Label":"ClassName","Category":"","Description":"","Attributes":1,"ValueType":"System.String"},"Value":"WhiteBox.UnitTest1"},{"Key":{"Id":"TestCase.Hierarchy","Label":"Hierarchy","Category":"","Description":"","Attributes":2,"ValueType":"System.String[]"},"Value":["WhiteBox","UnitTest1"]},{"Key":{"Id":"TestObject.Traits","Label":"Traits","Category":"","Description":"","Attributes":5,"ValueType":"System.Collections.Generic.KeyValuePair`2[[System.String],[System.String]][]"},"Value":[]}]},"Attachments":[],"Outcome":1,"ErrorMessage":null,"ErrorStackTrace":null,"DisplayName":"TestPut3","Messages":[],"ComputerName":null,"Duration":"00:00:00.0002586","StartTime":"2023-01-08T21:08:31.4256284+01:00","EndTime":"2023-01-08T21:08:31.426163+01:00","Properties":[{"Key":{"Id":"ExecutionId","Label":"ExecutionId","Category":"","Description":"","Attributes":1,"ValueType":"System.Guid"},"Value":"00000000-0000-0000-0000-000000000000"},{"Key":{"Id":"ParentExecId","Label":"ParentExecId","Category":"","Description":"","Attributes":1,"ValueType":"System.Guid"},"Value":"00000000-0000-0000-0000-000000000000"},{"Key":{"Id":"InnerResultsCount","Label":"InnerResultsCount","Category":"","Description":"","Attributes":1,"ValueType":"System.Int32"},"Value":0}]},{"TestCase":{"Id":"fad446c9-042d-0f18-9beb-d208439ff18a","FullyQualifiedName":"WhiteBox.UnitTest1.TestPut4","DisplayName":"TestPut4","ExecutorUri":"executor://MSTestAdapter/v2","Source":"C:\\Users\\muris\\Source\\Repos\\vvs-zad1-zadaca32\\WhiteBox\\bin\\Debug\\net5.0\\fine-code-coverage\\build-output\\WhiteBox.dll","CodeFilePath":null,"LineNumber":-1,"Properties":[{"Key":{"Id":"TestCase.ManagedType","Label":"ManagedType","Category":"","Description":"","Attributes":1,"ValueType":"System.String"},"Value":"WhiteBox.UnitTest1"},{"Key":{"Id":"TestCase.ManagedMethod","Label":"ManagedMethod","Category":"","Description":"","Attributes":1,"ValueType":"System.String"},"Value":"TestPut4"},{"Key":{"Id":"MSTestDiscoverer.TestClassName","Label":"ClassName","Category":"","Description":"","Attributes":1,"ValueType":"System.String"},"Value":"WhiteBox.UnitTest1"},{"Key":{"Id":"TestCase.Hierarchy","Label":"Hierarchy","Category":"","Description":"","Attributes":2,"ValueType":"System.String[]"},"Value":["WhiteBox","UnitTest1"]},{"Key":{"Id":"TestObject.Traits","Label":"Traits","Category":"","Description":"","Attributes":5,"ValueType":"System.Collections.Generic.KeyValuePair`2[[System.String],[System.String]][]"},"Value":[]}]},"Attachments":[],"Outcome":1,"ErrorMessage":null,"ErrorStackTrace":null,"DisplayName":"TestPut4","Messages":[],"ComputerName":null,"Duration":"00:00:00.0014742","StartTime":"2023-01-08T21:08:31.42991+01:00","EndTime":"2023-01-08T21:08:31.4317629+01:00","Properties":[{"Key":{"Id":"ExecutionId","Label":"ExecutionId","Category":"","Description":"","Attributes":1,"ValueType":"System.Guid"},"Value":"00000000-0000-0000-0000-000000000000"},{"Key":{"Id":"ParentExecId","Label":"ParentExecId","Category":"","Description":"","Attributes":1,"ValueType":"System.Guid"},"Value":"00000000-0000-0000-0000-000000000000"},{"Key":{"Id":"InnerResultsCount","Label":"InnerResultsCount","Category":"","Description":"","Attributes":1,"ValueType":"System.Int32"},"Value":0}]},{"TestCase":{"Id":"75b224d4-b271-e8c2-60f8-01293fea9c1b","FullyQualifiedName":"WhiteBox.UnitTest1.TestPut5","DisplayName":"TestPut5","ExecutorUri":"executor://MSTestAdapter/v2","Source":"C:\\Users\\muris\\Source\\Repos\\vvs-zad1-zadaca32\\WhiteBox\\bin\\Debug\\net5.0\\fine-code-coverage\\build-output\\WhiteBox.dll","CodeFilePath":null,"LineNumber":-1,"Properties":[{"Key":{"Id":"TestCase.ManagedType","Label":"ManagedType","Category":"","Description":"","Attributes":1,"ValueType":"System.String"},"Value":"WhiteBox.UnitTest1"},{"Key":{"Id":"TestCase.ManagedMethod","Label":"ManagedMethod","Category":"","Description":"","Attributes":1,"ValueType":"System.String"},"Value":"TestPut5"},{"Key":{"Id":"MSTestDiscoverer.TestClassName","Label":"ClassName","Category":"","Description":"","Attributes":1,"ValueType":"System.String"},"Value":"WhiteBox.UnitTest1"},{"Key":{"Id":"TestCase.Hierarchy","Label":"Hierarchy","Category":"","Description":"","Attributes":2,"ValueType":"System.String[]"},"Value":["WhiteBox","UnitTest1"]},{"Key":{"Id":"TestObject.Traits","Label":"Traits","Category":"","Description":"","Attributes":5,"ValueType":"System.Collections.Generic.KeyValuePair`2[[System.String],[System.String]][]"},"Value":[]}]},"Attachments":[],"Outcome":1,"ErrorMessage":null,"ErrorStackTrace":null,"DisplayName":"TestPut5","Messages":[],"ComputerName":null,"Duration":"00:00:00.0002373","StartTime":"2023-01-08T21:08:31.435242+01:00","EndTime":"2023-01-08T21:08:31.4357315+01:00","Properties":[{"Key":{"Id":"ExecutionId","Label":"ExecutionId","Category":"","Description":"","Attributes":1,"ValueType":"System.Guid"},"Value":"00000000-0000-0000-0000-000000000000"},{"Key":{"Id":"ParentExecId","Label":"ParentExecId","Category":"","Description":"","Attributes":1,"ValueType":"System.Guid"},"Value":"00000000-0000-0000-0000-000000000000"},{"Key":{"Id":"InnerResultsCount","Label":"InnerResultsCount","Category":"","Description":"","Attributes":1,"ValueType":"System.Int32"},"Value":0}]},{"TestCase":{"Id":"882e62fb-19ba-8b00-80af-40a6476db544","FullyQualifiedName":"WhiteBox.UnitTest1.TestPut6","DisplayName":"TestPut6","ExecutorUri":"executor://MSTestAdapter/v2","Source":"C:\\Users\\muris\\Source\\Repos\\vvs-zad1-zadaca32\\WhiteBox\\bin\\Debug\\net5.0\\fine-code-coverage\\build-output\\WhiteBox.dll","CodeFilePath":null,"LineNumber":-1,"Properties":[{"Key":{"Id":"TestCase.ManagedType","Label":"ManagedType","Category":"","Description":"","Attributes":1,"ValueType":"System.String"},"Value":"WhiteBox.UnitTest1"},{"Key":{"Id":"TestCase.ManagedMethod","Label":"ManagedMethod","Category":"","Description":"","Attributes":1,"ValueType":"System.String"},"Value":"TestPut6"},{"Key":{"Id":"MSTestDiscoverer.TestClassName","Label":"ClassName","Category":"","Description":"","Attributes":1,"ValueType":"System.String"},"Value":"WhiteBox.UnitTest1"},{"Key":{"Id":"TestCase.Hierarchy","Label":"Hierarchy","Category":"","Description":"","Attributes":2,"ValueType":"System.String[]"},"Value":["WhiteBox","UnitTest1"]},{"Key":{"Id":"TestObject.Traits","Label":"Traits","Category":"","Description":"","Attributes":5,"ValueType":"System.Collections.Generic.KeyValuePair`2[[System.String],[System.String]][]"},"Value":[]}]},"Attachments":[],"Outcome":1,"ErrorMessage":null,"ErrorStackTrace":null,"DisplayName":"TestPut6","Messages":[],"ComputerName":null,"Duration":"00:00:00.0007307","StartTime":"2023-01-08T21:08:31.4401123+01:00","EndTime":"2023-01-08T21:08:31.4412099+01:00","Properties":[{"Key":{"Id":"ExecutionId","Label":"ExecutionId","Category":"","Description":"","Attributes":1,"ValueType":"System.Guid"},"Value":"00000000-0000-0000-0000-000000000000"},{"Key":{"Id":"ParentExecId","Label":"ParentExecId","Category":"","Description":"","Attributes":1,"ValueType":"System.Guid"},"Value":"00000000-0000-0000-0000-000000000000"},{"Key":{"Id":"InnerResultsCount","Label":"InnerResultsCount","Category":"","Description":"","Attributes":1,"ValueType":"System.Int32"},"Value":0}]}],"TestRunStatistics":{"ExecutedTests":6,"Stats":{"Passed":6}},"ActiveTests":[]},"RunAttachments":[],"ExecutorUris":["executor://mstestadapter/v2"]}}
TpTrace Verbose: 0 : 13660, 4, 2023/01/08, 21:08:31.500, 21050885169792, testhost.dll, BaseRunTests.RunTests: Run is complete.
TpTrace Verbose: 0 : 13660, 6, 2023/01/08, 21:08:31.501, 21050885175673, testhost.dll, TcpClientExtensions.MessageLoopAsync: NotifyDataAvailable remoteEndPoint: [::ffff:127.0.0.1]:59908 localEndPoint: [::ffff:127.0.0.1]:59909
TpTrace Information: 0 : 13660, 6, 2023/01/08, 21:08:31.501, 21050885176959, testhost.dll, TestRequestHandler.OnMessageReceived: received message: (TestSession.Terminate) -> {"MessageType":"TestSession.Terminate","Payload":null}
TpTrace Information: 0 : 13660, 6, 2023/01/08, 21:08:31.501, 21050885177718, testhost.dll, Session End message received from server. Closing the connection.
TpTrace Information: 0 : 13660, 6, 2023/01/08, 21:08:31.501, 21050885180536, testhost.dll, SocketClient.Stop: Stop communication from server endpoint: 127.0.0.1:059908
TpTrace Information: 0 : 13660, 6, 2023/01/08, 21:08:31.501, 21050885180920, testhost.dll, SocketClient: Stop: Cancellation requested. Stopping message loop.
TpTrace Verbose: 0 : 13660, 6, 2023/01/08, 21:08:31.501, 21050885182211, testhost.dll, LengthPrefixCommunicationChannel.Dispose: Dispose reader and writer.
TpTrace Information: 0 : 13660, 6, 2023/01/08, 21:08:31.501, 21050885182625, testhost.dll, Closing the connection !
TpTrace Verbose: 0 : 13660, 6, 2023/01/08, 21:08:31.501, 21050885182918, testhost.dll, MulticastDelegateUtilities.SafeInvoke: LengthPrefixCommunicationChannel: MessageReceived: Invoking callback 1/1 for Microsoft.VisualStudio.TestPlatform.CommunicationUtilities.TestRequestHandler.OnMessageReceived, took 0 ms.
TpTrace Information: 0 : 13660, 6, 2023/01/08, 21:08:31.502, 21050885184855, testhost.dll, SocketClient.PrivateStop: Stop communication from server endpoint: 127.0.0.1:059908, error:
TpTrace Verbose: 0 : 13660, 6, 2023/01/08, 21:08:31.502, 21050885188154, testhost.dll, LengthPrefixCommunicationChannel.Dispose: Dispose reader and writer.
TpTrace Information: 0 : 13660, 1, 2023/01/08, 21:08:31.502, 21050885188259, testhost.dll, Closing the connection!
TpTrace Verbose: 0 : 13660, 6, 2023/01/08, 21:08:31.502, 21050885188681, testhost.dll, TcpClientExtensions.MessageLoopAsync: exiting MessageLoopAsync remoteEndPoint: [::ffff:127.0.0.1]:59908 localEndPoint: [::ffff:127.0.0.1]:59909
TpTrace Information: 0 : 13660, 1, 2023/01/08, 21:08:31.502, 21050885189230, testhost.dll, SocketClient.Stop: Stop communication from server endpoint: 127.0.0.1:059908
TpTrace Verbose: 0 : 13660, 1, 2023/01/08, 21:08:31.502, 21050885189983, testhost.dll, LengthPrefixCommunicationChannel.Dispose: Dispose reader and writer.
TpTrace Information: 0 : 13660, 1, 2023/01/08, 21:08:31.502, 21050885190725, testhost.dll, Testhost process exiting.
