TpTrace Verbose: 0 : 23032, 1, 2023/01/08, 19:36:04.025, 5488767115029, vstest.console.dll, Version: 17.4.0-release-20221019-01 Current process architecture: X64
TpTrace Verbose: 0 : 23032, 1, 2023/01/08, 19:36:04.027, 5488767129525, vstest.console.dll, Runtime location: C:\Program Files\dotnet\shared\Microsoft.NETCore.App\7.0.1
TpTrace Verbose: 0 : 23032, 1, 2023/01/08, 19:36:04.030, 5488767157115, vstest.console.dll, ArtifactProcessingPostProcessModeProcessorExecutor.Initialize: ArtifactProcessingMode.Collect
TpTrace Verbose: 0 : 23032, 1, 2023/01/08, 19:36:04.030, 5488767158262, vstest.console.dll, TestSessionCorrelationIdProcessorModeProcessorExecutor.Initialize: TestSessionCorrelationId '23664_fa4934a3-75d3-4eaf-b201-22cb32c09d3a'
TpTrace Information: 0 : 23032, 1, 2023/01/08, 19:36:04.091, 5488767766631, vstest.console.dll, FilePatternParser: The given file C:\Users\bobici\Source\Repos\vvs-zad1azma2\WhiteBox\bin\Debug\net5.0\fine-code-coverage\build-output\WhiteBox.dll is a full path.
TpTrace Verbose: 0 : 23032, 1, 2023/01/08, 19:36:04.096, 5488767821389, vstest.console.dll, TestPluginCache.DiscoverTestExtensions: finding test extensions in assemblies ends with: RuntimeProvider.dll TPluginInfo: Microsoft.VisualStudio.TestPlatform.Common.ExtensionFramework.Utilities.TestRuntimePluginInformation TExtension: Microsoft.VisualStudio.TestPlatform.ObjectModel.Host.ITestRuntimeProvider
TpTrace Verbose: 0 : 23032, 1, 2023/01/08, 19:36:04.096, 5488767823199, vstest.console.dll, TestPluginCache.GetExtensionPaths: Filtered extension paths: 
TpTrace Verbose: 0 : 23032, 1, 2023/01/08, 19:36:04.096, 5488767823936, vstest.console.dll, TestPluginCache.GetExtensionPaths: Added default extension paths: C:\Program Files\dotnet\sdk\7.0.101\Extensions\Microsoft.Diagnostics.NETCore.Client.dll
C:\Program Files\dotnet\sdk\7.0.101\Extensions\Microsoft.TestPlatform.Extensions.BlameDataCollector.dll
C:\Program Files\dotnet\sdk\7.0.101\Extensions\Microsoft.TestPlatform.Extensions.EventLogCollector.dll
C:\Program Files\dotnet\sdk\7.0.101\Extensions\Microsoft.TestPlatform.TestHostRuntimeProvider.dll
C:\Program Files\dotnet\sdk\7.0.101\Extensions\Microsoft.VisualStudio.TestPlatform.Extensions.Html.TestLogger.dll
C:\Program Files\dotnet\sdk\7.0.101\Extensions\Microsoft.VisualStudio.TestPlatform.Extensions.Trx.TestLogger.dll
TpTrace Verbose: 0 : 23032, 1, 2023/01/08, 19:36:04.096, 5488767824271, vstest.console.dll, TestPluginCache.GetExtensionPaths: Added unfilterableExtensionPaths: 
TpTrace Information: 0 : 23032, 1, 2023/01/08, 19:36:04.097, 5488767830053, vstest.console.dll, AssemblyResolver.ctor: Creating AssemblyResolver with searchDirectories C:\Program Files\dotnet\sdk\7.0.101\Extensions,C:\Program Files\dotnet\sdk\7.0.101
TpTrace Verbose: 0 : 23032, 1, 2023/01/08, 19:36:04.098, 5488767844816, vstest.console.dll, TestPluginCache.DiscoverTestExtensions: Discovering the extensions using extension path.
TpTrace Verbose: 0 : 23032, 1, 2023/01/08, 19:36:04.098, 5488767845841, vstest.console.dll, TestPluginCache.GetExtensionPaths: Filtered extension paths: 
TpTrace Verbose: 0 : 23032, 1, 2023/01/08, 19:36:04.099, 5488767846297, vstest.console.dll, TestPluginCache.GetExtensionPaths: Added default extension paths: C:\Program Files\dotnet\sdk\7.0.101\Extensions\Microsoft.Diagnostics.NETCore.Client.dll
C:\Program Files\dotnet\sdk\7.0.101\Extensions\Microsoft.TestPlatform.Extensions.BlameDataCollector.dll
C:\Program Files\dotnet\sdk\7.0.101\Extensions\Microsoft.TestPlatform.Extensions.EventLogCollector.dll
C:\Program Files\dotnet\sdk\7.0.101\Extensions\Microsoft.TestPlatform.TestHostRuntimeProvider.dll
C:\Program Files\dotnet\sdk\7.0.101\Extensions\Microsoft.VisualStudio.TestPlatform.Extensions.Html.TestLogger.dll
C:\Program Files\dotnet\sdk\7.0.101\Extensions\Microsoft.VisualStudio.TestPlatform.Extensions.Trx.TestLogger.dll
TpTrace Verbose: 0 : 23032, 1, 2023/01/08, 19:36:04.099, 5488767846571, vstest.console.dll, TestPluginCache.GetExtensionPaths: Added unfilterableExtensionPaths: 
TpTrace Verbose: 0 : 23032, 1, 2023/01/08, 19:36:04.099, 5488767847391, vstest.console.dll, TestPluginCache.DiscoverTestExtensions: Discovering the extensions using allExtensionPaths: C:\Program Files\dotnet\sdk\7.0.101\Extensions\Microsoft.Diagnostics.NETCore.Client.dll
C:\Program Files\dotnet\sdk\7.0.101\Extensions\Microsoft.TestPlatform.Extensions.BlameDataCollector.dll
C:\Program Files\dotnet\sdk\7.0.101\Extensions\Microsoft.TestPlatform.Extensions.EventLogCollector.dll
C:\Program Files\dotnet\sdk\7.0.101\Extensions\Microsoft.TestPlatform.TestHostRuntimeProvider.dll
C:\Program Files\dotnet\sdk\7.0.101\Extensions\Microsoft.VisualStudio.TestPlatform.Extensions.Html.TestLogger.dll
C:\Program Files\dotnet\sdk\7.0.101\Extensions\Microsoft.VisualStudio.TestPlatform.Extensions.Trx.TestLogger.dll
TpTrace Information: 0 : 23032, 1, 2023/01/08, 19:36:04.099, 5488767848562, vstest.console.dll, AssemblyResolver.AddSearchDirectories: Adding more searchDirectories C:\Program Files\dotnet\sdk\7.0.101\Extensions,C:\Program Files\dotnet\sdk\7.0.101
TpTrace Information: 0 : 23032, 1, 2023/01/08, 19:36:04.099, 5488767849061, vstest.console.dll, AssemblyResolver.AddSearchDirectories: Adding more searchDirectories C:\Program Files\dotnet\sdk\7.0.101\Extensions,C:\Program Files\dotnet\sdk\7.0.101
TpTrace Information: 0 : 23032, 1, 2023/01/08, 19:36:04.099, 5488767849359, vstest.console.dll, AssemblyResolver.AddSearchDirectories: Adding more searchDirectories C:\Program Files\dotnet\sdk\7.0.101\Extensions,C:\Program Files\dotnet\sdk\7.0.101
TpTrace Information: 0 : 23032, 1, 2023/01/08, 19:36:04.099, 5488767849619, vstest.console.dll, AssemblyResolver.AddSearchDirectories: Adding more searchDirectories C:\Program Files\dotnet\sdk\7.0.101\Extensions,C:\Program Files\dotnet\sdk\7.0.101
TpTrace Information: 0 : 23032, 1, 2023/01/08, 19:36:04.099, 5488767849923, vstest.console.dll, AssemblyResolver.AddSearchDirectories: Adding more searchDirectories C:\Program Files\dotnet\sdk\7.0.101\Extensions,C:\Program Files\dotnet\sdk\7.0.101
TpTrace Information: 0 : 23032, 1, 2023/01/08, 19:36:04.099, 5488767850184, vstest.console.dll, AssemblyResolver.AddSearchDirectories: Adding more searchDirectories C:\Program Files\dotnet\sdk\7.0.101\Extensions,C:\Program Files\dotnet\sdk\7.0.101
TpTrace Information: 0 : 23032, 1, 2023/01/08, 19:36:04.099, 5488767853777, vstest.console.dll, AssemblyResolver.OnResolve: Microsoft.Diagnostics.NETCore.Client: Resolving assembly.
TpTrace Information: 0 : 23032, 1, 2023/01/08, 19:36:04.099, 5488767854347, vstest.console.dll, AssemblyResolver.OnResolve: Microsoft.Diagnostics.NETCore.Client: Searching in: 'C:\Program Files\dotnet\sdk\7.0.101\Extensions'.
TpTrace Information: 0 : 23032, 1, 2023/01/08, 19:36:04.107, 5488767929798, vstest.console.dll, AssemblyResolver.OnResolve: Microsoft.Diagnostics.NETCore.Client: Loading assembly 'C:\Program Files\dotnet\sdk\7.0.101\Extensions\Microsoft.Diagnostics.NETCore.Client.dll'.
TpTrace Information: 0 : 23032, 1, 2023/01/08, 19:36:04.108, 5488767938684, vstest.console.dll, AssemblyResolver.OnResolve: Resolved assembly: Microsoft.Diagnostics.NETCore.Client, from path: C:\Program Files\dotnet\sdk\7.0.101\Extensions\Microsoft.Diagnostics.NETCore.Client.dll
TpTrace Verbose: 0 : 23032, 1, 2023/01/08, 19:36:04.109, 5488767951637, vstest.console.dll, MetadataReaderExtensionsHelper: Discovering extensions inside assembly 'Microsoft.Diagnostics.NETCore.Client, Version=0.2.6.42401, Culture=neutral, PublicKeyToken=31bf3856ad364e35' file path 'C:\Program Files\dotnet\sdk\7.0.101\Extensions\Microsoft.Diagnostics.NETCore.Client.dll'
TpTrace Information: 0 : 23032, 1, 2023/01/08, 19:36:04.114, 5488767996860, vstest.console.dll, AssemblyResolver.OnResolve: Microsoft.Bcl.AsyncInterfaces: Resolving assembly.
TpTrace Information: 0 : 23032, 1, 2023/01/08, 19:36:04.114, 5488767997539, vstest.console.dll, AssemblyResolver.OnResolve: Microsoft.Bcl.AsyncInterfaces: Searching in: 'C:\Program Files\dotnet\sdk\7.0.101\Extensions'.
TpTrace Information: 0 : 23032, 1, 2023/01/08, 19:36:04.114, 5488767998279, vstest.console.dll, AssemblyResolver.OnResolve: Microsoft.Bcl.AsyncInterfaces: Assembly path does not exist: 'C:\Program Files\dotnet\sdk\7.0.101\Extensions\Microsoft.Bcl.AsyncInterfaces.dll', returning.
TpTrace Information: 0 : 23032, 1, 2023/01/08, 19:36:04.114, 5488767999244, vstest.console.dll, AssemblyResolver.OnResolve: Microsoft.Bcl.AsyncInterfaces: Assembly path does not exist: 'C:\Program Files\dotnet\sdk\7.0.101\Extensions\Microsoft.Bcl.AsyncInterfaces.exe', returning.
TpTrace Information: 0 : 23032, 1, 2023/01/08, 19:36:04.114, 5488767999570, vstest.console.dll, AssemblyResolver.OnResolve: Microsoft.Bcl.AsyncInterfaces: Searching in: 'C:\Program Files\dotnet\sdk\7.0.101'.
TpTrace Information: 0 : 23032, 1, 2023/01/08, 19:36:04.114, 5488768000142, vstest.console.dll, AssemblyResolver.OnResolve: Microsoft.Bcl.AsyncInterfaces: Assembly path does not exist: 'C:\Program Files\dotnet\sdk\7.0.101\Microsoft.Bcl.AsyncInterfaces.dll', returning.
TpTrace Information: 0 : 23032, 1, 2023/01/08, 19:36:04.114, 5488768000695, vstest.console.dll, AssemblyResolver.OnResolve: Microsoft.Bcl.AsyncInterfaces: Assembly path does not exist: 'C:\Program Files\dotnet\sdk\7.0.101\Microsoft.Bcl.AsyncInterfaces.exe', returning.
TpTrace Information: 0 : 23032, 1, 2023/01/08, 19:36:04.114, 5488768001017, vstest.console.dll, AssemblyResolver.OnResolve: Microsoft.Bcl.AsyncInterfaces: Failed to load assembly.
TpTrace Verbose: 0 : 23032, 1, 2023/01/08, 19:36:04.114, 5488768001334, vstest.console.dll, CurrentDomainAssemblyResolve: Resolving assembly 'Microsoft.Bcl.AsyncInterfaces'.
TpTrace Information: 0 : 23032, 1, 2023/01/08, 19:36:04.114, 5488768001865, vstest.console.dll, AssemblyResolver.OnResolve: Microsoft.Bcl.AsyncInterfaces: Resolving assembly.
TpTrace Information: 0 : 23032, 1, 2023/01/08, 19:36:04.114, 5488768002215, vstest.console.dll, AssemblyResolver.OnResolve: Microsoft.Bcl.AsyncInterfaces: Resolved from cache.
TpTrace Verbose: 0 : 23032, 1, 2023/01/08, 19:36:04.114, 5488768002474, vstest.console.dll, CurrentDomainAssemblyResolve: Resolving assembly 'Microsoft.Bcl.AsyncInterfaces'.
TpTrace Verbose: 0 : 23032, 1, 2023/01/08, 19:36:04.114, 5488768002802, vstest.console.dll, CurrentDomainAssemblyResolve: Failed to resolve assembly 'Microsoft.Bcl.AsyncInterfaces'.
TpTrace Verbose: 0 : 23032, 1, 2023/01/08, 19:36:04.115, 5488768010973, vstest.console.dll, CurrentDomainAssemblyResolve: Failed to resolve assembly 'Microsoft.Bcl.AsyncInterfaces'.
TpTrace Warning: 0 : 23032, 1, 2023/01/08, 19:36:04.122, 5488768084498, vstest.console.dll, TestPluginDiscoverer: Failed to get types from assembly 'Microsoft.Diagnostics.NETCore.Client, Version=0.2.6.42401, Culture=neutral, PublicKeyToken=31bf3856ad364e35'. Error: System.Reflection.ReflectionTypeLoadException: Unable to load one or more of the requested types.
Could not load file or assembly 'Microsoft.Bcl.AsyncInterfaces, Version=1.0.0.0, Culture=neutral, PublicKeyToken=cc7b13ffcd2ddd51'. The system cannot find the file specified.
   at System.Reflection.RuntimeModule.GetTypes(RuntimeModule module)
   at System.Reflection.Assembly.GetTypes()
   at Microsoft.VisualStudio.TestPlatform.Common.ExtensionFramework.TestPluginDiscoverer.GetTestExtensionsFromAssembly[TPluginInfo,TExtension](Assembly assembly, Dictionary`2 pluginInfos, String filePath)
System.IO.FileNotFoundException: Could not load file or assembly 'Microsoft.Bcl.AsyncInterfaces, Version=1.0.0.0, Culture=neutral, PublicKeyToken=cc7b13ffcd2ddd51'. The system cannot find the file specified.
File name: 'Microsoft.Bcl.AsyncInterfaces, Version=1.0.0.0, Culture=neutral, PublicKeyToken=cc7b13ffcd2ddd51'
 ---> System.IO.FileNotFoundException: Could not load file or assembly 'Microsoft.Bcl.AsyncInterfaces, Culture=neutral, PublicKeyToken=null'. The system cannot find the file specified.
File name: 'Microsoft.Bcl.AsyncInterfaces, Culture=neutral, PublicKeyToken=null'
   at System.Reflection.RuntimeAssembly.InternalLoad(AssemblyName assemblyName, StackCrawlMark& stackMark, AssemblyLoadContext assemblyLoadContext, RuntimeAssembly requestingAssembly, Boolean throwOnFileNotFound)
   at System.Reflection.Assembly.Load(AssemblyName assemblyRef)
   at Microsoft.VisualStudio.TestPlatform.Common.ExtensionFramework.TestPluginCache.CurrentDomainAssemblyResolve(Object sender, AssemblyResolveEventArgs args)
   at System.Runtime.Loader.AssemblyLoadContext.GetFirstResolvedAssemblyFromResolvingEvent(AssemblyName assemblyName)
   at System.Runtime.Loader.AssemblyLoadContext.ResolveUsingEvent(AssemblyName assemblyName)
   at System.Runtime.Loader.AssemblyLoadContext.ResolveUsingResolvingEvent(IntPtr gchManagedAssemblyLoadContext, AssemblyName assemblyName)
TpTrace Warning: 0 : 23032, 1, 2023/01/08, 19:36:04.123, 5488768089550, vstest.console.dll, LoaderExceptions: System.IO.FileNotFoundException: Could not load file or assembly 'Microsoft.Bcl.AsyncInterfaces, Version=1.0.0.0, Culture=neutral, PublicKeyToken=cc7b13ffcd2ddd51'. The system cannot find the file specified.
File name: 'Microsoft.Bcl.AsyncInterfaces, Version=1.0.0.0, Culture=neutral, PublicKeyToken=cc7b13ffcd2ddd51'
 ---> System.IO.FileNotFoundException: Could not load file or assembly 'Microsoft.Bcl.AsyncInterfaces, Culture=neutral, PublicKeyToken=null'. The system cannot find the file specified.
File name: 'Microsoft.Bcl.AsyncInterfaces, Culture=neutral, PublicKeyToken=null'
   at System.Reflection.RuntimeAssembly.InternalLoad(AssemblyName assemblyName, StackCrawlMark& stackMark, AssemblyLoadContext assemblyLoadContext, RuntimeAssembly requestingAssembly, Boolean throwOnFileNotFound)
   at System.Reflection.Assembly.Load(AssemblyName assemblyRef)
   at Microsoft.VisualStudio.TestPlatform.Common.ExtensionFramework.TestPluginCache.CurrentDomainAssemblyResolve(Object sender, AssemblyResolveEventArgs args)
   at System.Runtime.Loader.AssemblyLoadContext.GetFirstResolvedAssemblyFromResolvingEvent(AssemblyName assemblyName)
   at System.Runtime.Loader.AssemblyLoadContext.ResolveUsingEvent(AssemblyName assemblyName)
   at System.Runtime.Loader.AssemblyLoadContext.ResolveUsingResolvingEvent(IntPtr gchManagedAssemblyLoadContext, AssemblyName assemblyName)
TpTrace Information: 0 : 23032, 1, 2023/01/08, 19:36:04.123, 5488768091400, vstest.console.dll, AssemblyResolver.OnResolve: Microsoft.TestPlatform.Extensions.BlameDataCollector: Resolving assembly.
TpTrace Information: 0 : 23032, 1, 2023/01/08, 19:36:04.123, 5488768091874, vstest.console.dll, AssemblyResolver.OnResolve: Microsoft.TestPlatform.Extensions.BlameDataCollector: Searching in: 'C:\Program Files\dotnet\sdk\7.0.101\Extensions'.
TpTrace Information: 0 : 23032, 1, 2023/01/08, 19:36:04.124, 5488768098427, vstest.console.dll, AssemblyResolver.OnResolve: Microsoft.TestPlatform.Extensions.BlameDataCollector: Loading assembly 'C:\Program Files\dotnet\sdk\7.0.101\Extensions\Microsoft.TestPlatform.Extensions.BlameDataCollector.dll'.
TpTrace Information: 0 : 23032, 1, 2023/01/08, 19:36:04.124, 5488768105383, vstest.console.dll, AssemblyResolver.OnResolve: Resolved assembly: Microsoft.TestPlatform.Extensions.BlameDataCollector, from path: C:\Program Files\dotnet\sdk\7.0.101\Extensions\Microsoft.TestPlatform.Extensions.BlameDataCollector.dll
TpTrace Verbose: 0 : 23032, 1, 2023/01/08, 19:36:04.125, 5488768106163, vstest.console.dll, MetadataReaderExtensionsHelper: Discovering extensions inside assembly 'Microsoft.TestPlatform.Extensions.BlameDataCollector, Version=15.0.0.0, Culture=neutral, PublicKeyToken=b03f5f7f11d50a3a' file path 'C:\Program Files\dotnet\sdk\7.0.101\Extensions\Microsoft.TestPlatform.Extensions.BlameDataCollector.dll'
TpTrace Information: 0 : 23032, 1, 2023/01/08, 19:36:04.126, 5488768122577, vstest.console.dll, AssemblyResolver.OnResolve: Microsoft.TestPlatform.Extensions.EventLogCollector: Resolving assembly.
TpTrace Information: 0 : 23032, 1, 2023/01/08, 19:36:04.126, 5488768123114, vstest.console.dll, AssemblyResolver.OnResolve: Microsoft.TestPlatform.Extensions.EventLogCollector: Searching in: 'C:\Program Files\dotnet\sdk\7.0.101\Extensions'.
TpTrace Information: 0 : 23032, 1, 2023/01/08, 19:36:04.127, 5488768127909, vstest.console.dll, AssemblyResolver.OnResolve: Microsoft.TestPlatform.Extensions.EventLogCollector: Loading assembly 'C:\Program Files\dotnet\sdk\7.0.101\Extensions\Microsoft.TestPlatform.Extensions.EventLogCollector.dll'.
TpTrace Information: 0 : 23032, 1, 2023/01/08, 19:36:04.127, 5488768133627, vstest.console.dll, AssemblyResolver.OnResolve: Resolved assembly: Microsoft.TestPlatform.Extensions.EventLogCollector, from path: C:\Program Files\dotnet\sdk\7.0.101\Extensions\Microsoft.TestPlatform.Extensions.EventLogCollector.dll
TpTrace Verbose: 0 : 23032, 1, 2023/01/08, 19:36:04.127, 5488768134212, vstest.console.dll, MetadataReaderExtensionsHelper: Discovering extensions inside assembly 'Microsoft.TestPlatform.Extensions.EventLogCollector, Version=15.0.0.0, Culture=neutral, PublicKeyToken=b03f5f7f11d50a3a' file path 'C:\Program Files\dotnet\sdk\7.0.101\Extensions\Microsoft.TestPlatform.Extensions.EventLogCollector.dll'
TpTrace Information: 0 : 23032, 1, 2023/01/08, 19:36:04.130, 5488768160203, vstest.console.dll, AssemblyResolver.OnResolve: Microsoft.TestPlatform.TestHostRuntimeProvider: Resolving assembly.
TpTrace Information: 0 : 23032, 1, 2023/01/08, 19:36:04.130, 5488768160800, vstest.console.dll, AssemblyResolver.OnResolve: Microsoft.TestPlatform.TestHostRuntimeProvider: Searching in: 'C:\Program Files\dotnet\sdk\7.0.101\Extensions'.
TpTrace Information: 0 : 23032, 1, 2023/01/08, 19:36:04.130, 5488768165776, vstest.console.dll, AssemblyResolver.OnResolve: Microsoft.TestPlatform.TestHostRuntimeProvider: Loading assembly 'C:\Program Files\dotnet\sdk\7.0.101\Extensions\Microsoft.TestPlatform.TestHostRuntimeProvider.dll'.
TpTrace Information: 0 : 23032, 1, 2023/01/08, 19:36:04.131, 5488768171653, vstest.console.dll, AssemblyResolver.OnResolve: Resolved assembly: Microsoft.TestPlatform.TestHostRuntimeProvider, from path: C:\Program Files\dotnet\sdk\7.0.101\Extensions\Microsoft.TestPlatform.TestHostRuntimeProvider.dll
TpTrace Verbose: 0 : 23032, 1, 2023/01/08, 19:36:04.131, 5488768172634, vstest.console.dll, MetadataReaderExtensionsHelper: Discovering extensions inside assembly 'Microsoft.TestPlatform.TestHostRuntimeProvider, Version=15.0.0.0, Culture=neutral, PublicKeyToken=b03f5f7f11d50a3a' file path 'C:\Program Files\dotnet\sdk\7.0.101\Extensions\Microsoft.TestPlatform.TestHostRuntimeProvider.dll'
TpTrace Information: 0 : 23032, 1, 2023/01/08, 19:36:04.133, 5488768190767, vstest.console.dll, GetTestExtensionFromType: Register extension with identifier data 'HostProvider://DefaultTestHost' and type 'Microsoft.VisualStudio.TestPlatform.CrossPlatEngine.Hosting.DefaultTestHostManager, Microsoft.TestPlatform.TestHostRuntimeProvider, Version=15.0.0.0, Culture=neutral, PublicKeyToken=b03f5f7f11d50a3a' inside file 'C:\Program Files\dotnet\sdk\7.0.101\Extensions\Microsoft.TestPlatform.TestHostRuntimeProvider.dll'
TpTrace Information: 0 : 23032, 1, 2023/01/08, 19:36:04.133, 5488768192725, vstest.console.dll, GetTestExtensionFromType: Register extension with identifier data 'HostProvider://DotnetTestHost' and type 'Microsoft.VisualStudio.TestPlatform.CrossPlatEngine.Hosting.DotnetTestHostManager, Microsoft.TestPlatform.TestHostRuntimeProvider, Version=15.0.0.0, Culture=neutral, PublicKeyToken=b03f5f7f11d50a3a' inside file 'C:\Program Files\dotnet\sdk\7.0.101\Extensions\Microsoft.TestPlatform.TestHostRuntimeProvider.dll'
TpTrace Information: 0 : 23032, 1, 2023/01/08, 19:36:04.133, 5488768193393, vstest.console.dll, AssemblyResolver.OnResolve: Microsoft.VisualStudio.TestPlatform.Extensions.Html.TestLogger: Resolving assembly.
TpTrace Information: 0 : 23032, 1, 2023/01/08, 19:36:04.133, 5488768193761, vstest.console.dll, AssemblyResolver.OnResolve: Microsoft.VisualStudio.TestPlatform.Extensions.Html.TestLogger: Searching in: 'C:\Program Files\dotnet\sdk\7.0.101\Extensions'.
TpTrace Information: 0 : 23032, 1, 2023/01/08, 19:36:04.134, 5488768198873, vstest.console.dll, AssemblyResolver.OnResolve: Microsoft.VisualStudio.TestPlatform.Extensions.Html.TestLogger: Loading assembly 'C:\Program Files\dotnet\sdk\7.0.101\Extensions\Microsoft.VisualStudio.TestPlatform.Extensions.Html.TestLogger.dll'.
TpTrace Information: 0 : 23032, 1, 2023/01/08, 19:36:04.134, 5488768204457, vstest.console.dll, AssemblyResolver.OnResolve: Resolved assembly: Microsoft.VisualStudio.TestPlatform.Extensions.Html.TestLogger, from path: C:\Program Files\dotnet\sdk\7.0.101\Extensions\Microsoft.VisualStudio.TestPlatform.Extensions.Html.TestLogger.dll
TpTrace Verbose: 0 : 23032, 1, 2023/01/08, 19:36:04.134, 5488768205067, vstest.console.dll, MetadataReaderExtensionsHelper: Discovering extensions inside assembly 'Microsoft.VisualStudio.TestPlatform.Extensions.Html.TestLogger, Version=15.0.0.0, Culture=neutral, PublicKeyToken=b03f5f7f11d50a3a' file path 'C:\Program Files\dotnet\sdk\7.0.101\Extensions\Microsoft.VisualStudio.TestPlatform.Extensions.Html.TestLogger.dll'
TpTrace Information: 0 : 23032, 1, 2023/01/08, 19:36:04.135, 5488768213363, vstest.console.dll, AssemblyResolver.OnResolve: Microsoft.VisualStudio.TestPlatform.Extensions.Trx.TestLogger: Resolving assembly.
TpTrace Information: 0 : 23032, 1, 2023/01/08, 19:36:04.135, 5488768213889, vstest.console.dll, AssemblyResolver.OnResolve: Microsoft.VisualStudio.TestPlatform.Extensions.Trx.TestLogger: Searching in: 'C:\Program Files\dotnet\sdk\7.0.101\Extensions'.
TpTrace Information: 0 : 23032, 1, 2023/01/08, 19:36:04.136, 5488768218404, vstest.console.dll, AssemblyResolver.OnResolve: Microsoft.VisualStudio.TestPlatform.Extensions.Trx.TestLogger: Loading assembly 'C:\Program Files\dotnet\sdk\7.0.101\Extensions\Microsoft.VisualStudio.TestPlatform.Extensions.Trx.TestLogger.dll'.
TpTrace Information: 0 : 23032, 1, 2023/01/08, 19:36:04.136, 5488768223992, vstest.console.dll, AssemblyResolver.OnResolve: Resolved assembly: Microsoft.VisualStudio.TestPlatform.Extensions.Trx.TestLogger, from path: C:\Program Files\dotnet\sdk\7.0.101\Extensions\Microsoft.VisualStudio.TestPlatform.Extensions.Trx.TestLogger.dll
TpTrace Verbose: 0 : 23032, 1, 2023/01/08, 19:36:04.136, 5488768224575, vstest.console.dll, MetadataReaderExtensionsHelper: Discovering extensions inside assembly 'Microsoft.VisualStudio.TestPlatform.Extensions.Trx.TestLogger, Version=15.0.0.0, Culture=neutral, PublicKeyToken=b03f5f7f11d50a3a' file path 'C:\Program Files\dotnet\sdk\7.0.101\Extensions\Microsoft.VisualStudio.TestPlatform.Extensions.Trx.TestLogger.dll'
TpTrace Verbose: 0 : 23032, 1, 2023/01/08, 19:36:04.138, 5488768236459, vstest.console.dll, TestPluginCache: Discovered the extensions using extension path ''.
TpTrace Verbose: 0 : 23032, 1, 2023/01/08, 19:36:04.138, 5488768237389, vstest.console.dll, TestPluginCache: Discoverers are ''.
TpTrace Verbose: 0 : 23032, 1, 2023/01/08, 19:36:04.138, 5488768237887, vstest.console.dll, TestPluginCache: Executors are ''.
TpTrace Verbose: 0 : 23032, 1, 2023/01/08, 19:36:04.138, 5488768238387, vstest.console.dll, TestPluginCache: Executors2 are ''.
TpTrace Verbose: 0 : 23032, 1, 2023/01/08, 19:36:04.138, 5488768238749, vstest.console.dll, TestPluginCache: Setting providers are ''.
TpTrace Verbose: 0 : 23032, 1, 2023/01/08, 19:36:04.138, 5488768239097, vstest.console.dll, TestPluginCache: Loggers are ''.
TpTrace Verbose: 0 : 23032, 1, 2023/01/08, 19:36:04.138, 5488768240788, vstest.console.dll, TestPluginCache: TestHosts are 'HostProvider://DefaultTestHost,HostProvider://DotnetTestHost'.
TpTrace Verbose: 0 : 23032, 1, 2023/01/08, 19:36:04.138, 5488768241328, vstest.console.dll, TestPluginCache: DataCollectors are ''.
TpTrace Information: 0 : 23032, 1, 2023/01/08, 19:36:04.148, 5488768341321, vstest.console.dll, RunTestsArgumentProcessor:Execute: Test run is starting.
TpTrace Verbose: 0 : 23032, 1, 2023/01/08, 19:36:04.148, 5488768342187, vstest.console.dll, RunTestsArgumentProcessor:Execute: Queuing Test run.
TpTrace Information: 0 : 23032, 1, 2023/01/08, 19:36:04.148, 5488768344332, vstest.console.dll, TestRequestManager.RunTests: run tests started.
TpTrace Information: 0 : 23032, 1, 2023/01/08, 19:36:04.149, 5488768354412, vstest.console.dll, AssemblyMetadataProvider.GetFrameworkName: Determined framework:'.NETCoreApp,Version=v5.0' for source: 'C:\Users\bobici\Source\Repos\vvs-zad1azma2\WhiteBox\bin\Debug\net5.0\fine-code-coverage\build-output\WhiteBox.dll'
TpTrace Information: 0 : 23032, 1, 2023/01/08, 19:36:04.149, 5488768355737, vstest.console.dll, Determined framework for all sources: .NETCoreApp,Version=v5.0
TpTrace Verbose: 0 : 23032, 1, 2023/01/08, 19:36:04.150, 5488768358838, vstest.console.dll, TestRequestManager.UpdateRunSettingsIfRequired: Default architecture: X64 IsDefaultTargetArchitecture: True, Current process architecture: X64 OperatingSystem: Windows.
TpTrace Information: 0 : 23032, 1, 2023/01/08, 19:36:04.151, 5488768373534, vstest.console.dll, AssemblyMetadataProvider.GetArchitecture: Determined architecture:AnyCPU info for assembly: C:\Users\bobici\Source\Repos\vvs-zad1azma2\WhiteBox\bin\Debug\net5.0\fine-code-coverage\build-output\WhiteBox.dll
TpTrace Information: 0 : 23032, 1, 2023/01/08, 19:36:04.151, 5488768373984, vstest.console.dll, Determined platform for source 'C:\Users\bobici\Source\Repos\vvs-zad1azma2\WhiteBox\bin\Debug\net5.0\fine-code-coverage\build-output\WhiteBox.dll' was AnyCPU and it will use the default plaform X64.
TpTrace Information: 0 : 23032, 1, 2023/01/08, 19:36:04.151, 5488768374355, vstest.console.dll, None of the sources provided any runnable platform, using the default platform: X64
TpTrace Information: 0 : 23032, 1, 2023/01/08, 19:36:04.151, 5488768375005, vstest.console.dll, Platform was updated to 'X64'.
TpTrace Information: 0 : 23032, 1, 2023/01/08, 19:36:04.155, 5488768407972, vstest.console.dll, InferRunSettingsHelper.IsTestSettingsEnabled: Unable to navigate to RunSettings/MSTest. Current node: RunSettings
TpTrace Information: 0 : 23032, 1, 2023/01/08, 19:36:04.155, 5488768413981, vstest.console.dll, AssemblyResolver.OnResolve: Microsoft.VisualStudio.TestPlatform.Fakes: Resolving assembly.
TpTrace Information: 0 : 23032, 1, 2023/01/08, 19:36:04.155, 5488768414453, vstest.console.dll, AssemblyResolver.OnResolve: Microsoft.VisualStudio.TestPlatform.Fakes: Searching in: 'C:\Program Files\dotnet\sdk\7.0.101\Extensions'.
TpTrace Information: 0 : 23032, 1, 2023/01/08, 19:36:04.155, 5488768415426, vstest.console.dll, AssemblyResolver.OnResolve: Microsoft.VisualStudio.TestPlatform.Fakes: Assembly path does not exist: 'C:\Program Files\dotnet\sdk\7.0.101\Extensions\Microsoft.VisualStudio.TestPlatform.Fakes.dll', returning.
TpTrace Information: 0 : 23032, 1, 2023/01/08, 19:36:04.155, 5488768416035, vstest.console.dll, AssemblyResolver.OnResolve: Microsoft.VisualStudio.TestPlatform.Fakes: Assembly path does not exist: 'C:\Program Files\dotnet\sdk\7.0.101\Extensions\Microsoft.VisualStudio.TestPlatform.Fakes.exe', returning.
TpTrace Information: 0 : 23032, 1, 2023/01/08, 19:36:04.156, 5488768416381, vstest.console.dll, AssemblyResolver.OnResolve: Microsoft.VisualStudio.TestPlatform.Fakes: Searching in: 'C:\Program Files\dotnet\sdk\7.0.101'.
TpTrace Information: 0 : 23032, 1, 2023/01/08, 19:36:04.156, 5488768416959, vstest.console.dll, AssemblyResolver.OnResolve: Microsoft.VisualStudio.TestPlatform.Fakes: Assembly path does not exist: 'C:\Program Files\dotnet\sdk\7.0.101\Microsoft.VisualStudio.TestPlatform.Fakes.dll', returning.
TpTrace Information: 0 : 23032, 1, 2023/01/08, 19:36:04.156, 5488768417503, vstest.console.dll, AssemblyResolver.OnResolve: Microsoft.VisualStudio.TestPlatform.Fakes: Assembly path does not exist: 'C:\Program Files\dotnet\sdk\7.0.101\Microsoft.VisualStudio.TestPlatform.Fakes.exe', returning.
TpTrace Information: 0 : 23032, 1, 2023/01/08, 19:36:04.156, 5488768417785, vstest.console.dll, AssemblyResolver.OnResolve: Microsoft.VisualStudio.TestPlatform.Fakes: Failed to load assembly.
TpTrace Information: 0 : 23032, 1, 2023/01/08, 19:36:04.156, 5488768419730, vstest.console.dll, Failed to load assembly Microsoft.VisualStudio.TestPlatform.Fakes, Version=17.0.0.0, Culture=neutral. Reason:System.IO.FileNotFoundException: Could not load file or assembly 'Microsoft.VisualStudio.TestPlatform.Fakes, Version=17.0.0.0, Culture=neutral, PublicKeyToken=null'. The system cannot find the file specified.
File name: 'Microsoft.VisualStudio.TestPlatform.Fakes, Version=17.0.0.0, Culture=neutral, PublicKeyToken=null'
   at System.Reflection.RuntimeAssembly.InternalLoad(AssemblyName assemblyName, StackCrawlMark& stackMark, AssemblyLoadContext assemblyLoadContext, RuntimeAssembly requestingAssembly, Boolean throwOnFileNotFound)
   at System.Reflection.Assembly.Load(AssemblyName assemblyRef)
   at Microsoft.VisualStudio.TestPlatform.Common.Utilities.FakesUtilities.LoadTestPlatformAssembly()
TpTrace Verbose: 0 : 23032, 1, 2023/01/08, 19:36:04.159, 5488768453311, vstest.console.dll, TestPluginCache.DiscoverTestExtensions: finding test extensions in assemblies ends with: TestLogger.dll TPluginInfo: Microsoft.VisualStudio.TestPlatform.Common.ExtensionFramework.Utilities.TestLoggerPluginInformation TExtension: Microsoft.VisualStudio.TestPlatform.ObjectModel.Client.ITestLogger
TpTrace Verbose: 0 : 23032, 1, 2023/01/08, 19:36:04.159, 5488768454289, vstest.console.dll, TestPluginCache.GetExtensionPaths: Filtered extension paths: 
TpTrace Verbose: 0 : 23032, 1, 2023/01/08, 19:36:04.159, 5488768454649, vstest.console.dll, TestPluginCache.GetExtensionPaths: Added default extension paths: C:\Program Files\dotnet\sdk\7.0.101\Extensions\Microsoft.Diagnostics.NETCore.Client.dll
C:\Program Files\dotnet\sdk\7.0.101\Extensions\Microsoft.TestPlatform.Extensions.BlameDataCollector.dll
C:\Program Files\dotnet\sdk\7.0.101\Extensions\Microsoft.TestPlatform.Extensions.EventLogCollector.dll
C:\Program Files\dotnet\sdk\7.0.101\Extensions\Microsoft.TestPlatform.TestHostRuntimeProvider.dll
C:\Program Files\dotnet\sdk\7.0.101\Extensions\Microsoft.VisualStudio.TestPlatform.Extensions.Html.TestLogger.dll
C:\Program Files\dotnet\sdk\7.0.101\Extensions\Microsoft.VisualStudio.TestPlatform.Extensions.Trx.TestLogger.dll
TpTrace Verbose: 0 : 23032, 1, 2023/01/08, 19:36:04.159, 5488768455087, vstest.console.dll, TestPluginCache.GetExtensionPaths: Added unfilterableExtensionPaths: 
TpTrace Information: 0 : 23032, 1, 2023/01/08, 19:36:04.160, 5488768456595, vstest.console.dll, AssemblyResolver.AddSearchDirectories: Adding more searchDirectories C:\Program Files\dotnet\sdk\7.0.101\Extensions,C:\Program Files\dotnet\sdk\7.0.101
TpTrace Verbose: 0 : 23032, 1, 2023/01/08, 19:36:04.160, 5488768457182, vstest.console.dll, TestPluginCache.DiscoverTestExtensions: Discovering the extensions using extension path.
TpTrace Verbose: 0 : 23032, 1, 2023/01/08, 19:36:04.160, 5488768457764, vstest.console.dll, TestPluginCache.GetExtensionPaths: Filtered extension paths: 
TpTrace Verbose: 0 : 23032, 1, 2023/01/08, 19:36:04.160, 5488768458214, vstest.console.dll, TestPluginCache.GetExtensionPaths: Added default extension paths: C:\Program Files\dotnet\sdk\7.0.101\Extensions\Microsoft.Diagnostics.NETCore.Client.dll
C:\Program Files\dotnet\sdk\7.0.101\Extensions\Microsoft.TestPlatform.Extensions.BlameDataCollector.dll
C:\Program Files\dotnet\sdk\7.0.101\Extensions\Microsoft.TestPlatform.Extensions.EventLogCollector.dll
C:\Program Files\dotnet\sdk\7.0.101\Extensions\Microsoft.TestPlatform.TestHostRuntimeProvider.dll
C:\Program Files\dotnet\sdk\7.0.101\Extensions\Microsoft.VisualStudio.TestPlatform.Extensions.Html.TestLogger.dll
C:\Program Files\dotnet\sdk\7.0.101\Extensions\Microsoft.VisualStudio.TestPlatform.Extensions.Trx.TestLogger.dll
TpTrace Verbose: 0 : 23032, 1, 2023/01/08, 19:36:04.160, 5488768458701, vstest.console.dll, TestPluginCache.GetExtensionPaths: Added unfilterableExtensionPaths: 
TpTrace Verbose: 0 : 23032, 1, 2023/01/08, 19:36:04.160, 5488768459251, vstest.console.dll, TestPluginCache.DiscoverTestExtensions: Discovering the extensions using allExtensionPaths: C:\Program Files\dotnet\sdk\7.0.101\Extensions\Microsoft.Diagnostics.NETCore.Client.dll
C:\Program Files\dotnet\sdk\7.0.101\Extensions\Microsoft.TestPlatform.Extensions.BlameDataCollector.dll
C:\Program Files\dotnet\sdk\7.0.101\Extensions\Microsoft.TestPlatform.Extensions.EventLogCollector.dll
C:\Program Files\dotnet\sdk\7.0.101\Extensions\Microsoft.TestPlatform.TestHostRuntimeProvider.dll
C:\Program Files\dotnet\sdk\7.0.101\Extensions\Microsoft.VisualStudio.TestPlatform.Extensions.Html.TestLogger.dll
C:\Program Files\dotnet\sdk\7.0.101\Extensions\Microsoft.VisualStudio.TestPlatform.Extensions.Trx.TestLogger.dll
TpTrace Information: 0 : 23032, 1, 2023/01/08, 19:36:04.160, 5488768459759, vstest.console.dll, AssemblyResolver.AddSearchDirectories: Adding more searchDirectories C:\Program Files\dotnet\sdk\7.0.101\Extensions,C:\Program Files\dotnet\sdk\7.0.101
TpTrace Information: 0 : 23032, 1, 2023/01/08, 19:36:04.160, 5488768460151, vstest.console.dll, AssemblyResolver.AddSearchDirectories: Adding more searchDirectories C:\Program Files\dotnet\sdk\7.0.101\Extensions,C:\Program Files\dotnet\sdk\7.0.101
TpTrace Information: 0 : 23032, 1, 2023/01/08, 19:36:04.160, 5488768460423, vstest.console.dll, AssemblyResolver.AddSearchDirectories: Adding more searchDirectories C:\Program Files\dotnet\sdk\7.0.101\Extensions,C:\Program Files\dotnet\sdk\7.0.101
TpTrace Information: 0 : 23032, 1, 2023/01/08, 19:36:04.160, 5488768460677, vstest.console.dll, AssemblyResolver.AddSearchDirectories: Adding more searchDirectories C:\Program Files\dotnet\sdk\7.0.101\Extensions,C:\Program Files\dotnet\sdk\7.0.101
TpTrace Information: 0 : 23032, 1, 2023/01/08, 19:36:04.160, 5488768461016, vstest.console.dll, AssemblyResolver.AddSearchDirectories: Adding more searchDirectories C:\Program Files\dotnet\sdk\7.0.101\Extensions,C:\Program Files\dotnet\sdk\7.0.101
TpTrace Information: 0 : 23032, 1, 2023/01/08, 19:36:04.160, 5488768461275, vstest.console.dll, AssemblyResolver.AddSearchDirectories: Adding more searchDirectories C:\Program Files\dotnet\sdk\7.0.101\Extensions,C:\Program Files\dotnet\sdk\7.0.101
TpTrace Verbose: 0 : 23032, 1, 2023/01/08, 19:36:04.160, 5488768462291, vstest.console.dll, MetadataReaderExtensionsHelper: Discovering extensions inside assembly 'Microsoft.Diagnostics.NETCore.Client, Version=0.2.6.42401, Culture=neutral, PublicKeyToken=31bf3856ad364e35' file path 'C:\Program Files\dotnet\sdk\7.0.101\Extensions\Microsoft.Diagnostics.NETCore.Client.dll'
TpTrace Information: 0 : 23032, 1, 2023/01/08, 19:36:04.161, 5488768470913, vstest.console.dll, AssemblyResolver.OnResolve: Microsoft.Bcl.AsyncInterfaces: Resolving assembly.
TpTrace Information: 0 : 23032, 1, 2023/01/08, 19:36:04.161, 5488768471812, vstest.console.dll, AssemblyResolver.OnResolve: Microsoft.Bcl.AsyncInterfaces: Resolved from cache.
TpTrace Verbose: 0 : 23032, 1, 2023/01/08, 19:36:04.161, 5488768472451, vstest.console.dll, CurrentDomainAssemblyResolve: Resolving assembly 'Microsoft.Bcl.AsyncInterfaces'.
TpTrace Information: 0 : 23032, 1, 2023/01/08, 19:36:04.161, 5488768473128, vstest.console.dll, AssemblyResolver.OnResolve: Microsoft.Bcl.AsyncInterfaces: Resolving assembly.
TpTrace Information: 0 : 23032, 1, 2023/01/08, 19:36:04.161, 5488768473568, vstest.console.dll, AssemblyResolver.OnResolve: Microsoft.Bcl.AsyncInterfaces: Resolved from cache.
TpTrace Verbose: 0 : 23032, 1, 2023/01/08, 19:36:04.161, 5488768474045, vstest.console.dll, CurrentDomainAssemblyResolve: Resolving assembly 'Microsoft.Bcl.AsyncInterfaces'.
TpTrace Verbose: 0 : 23032, 1, 2023/01/08, 19:36:04.161, 5488768474435, vstest.console.dll, CurrentDomainAssemblyResolve: Failed to resolve assembly 'Microsoft.Bcl.AsyncInterfaces'.
TpTrace Verbose: 0 : 23032, 1, 2023/01/08, 19:36:04.161, 5488768476109, vstest.console.dll, CurrentDomainAssemblyResolve: Failed to resolve assembly 'Microsoft.Bcl.AsyncInterfaces'.
TpTrace Warning: 0 : 23032, 1, 2023/01/08, 19:36:04.162, 5488768479897, vstest.console.dll, TestPluginDiscoverer: Failed to get types from assembly 'Microsoft.Diagnostics.NETCore.Client, Version=0.2.6.42401, Culture=neutral, PublicKeyToken=31bf3856ad364e35'. Error: System.Reflection.ReflectionTypeLoadException: Unable to load one or more of the requested types.
Could not load file or assembly 'Microsoft.Bcl.AsyncInterfaces, Version=1.0.0.0, Culture=neutral, PublicKeyToken=cc7b13ffcd2ddd51'. The system cannot find the file specified.
   at System.Reflection.RuntimeModule.GetTypes(RuntimeModule module)
   at System.Reflection.Assembly.GetTypes()
   at Microsoft.VisualStudio.TestPlatform.Common.ExtensionFramework.TestPluginDiscoverer.GetTestExtensionsFromAssembly[TPluginInfo,TExtension](Assembly assembly, Dictionary`2 pluginInfos, String filePath)
System.IO.FileNotFoundException: Could not load file or assembly 'Microsoft.Bcl.AsyncInterfaces, Version=1.0.0.0, Culture=neutral, PublicKeyToken=cc7b13ffcd2ddd51'. The system cannot find the file specified.
File name: 'Microsoft.Bcl.AsyncInterfaces, Version=1.0.0.0, Culture=neutral, PublicKeyToken=cc7b13ffcd2ddd51'
 ---> System.IO.FileNotFoundException: Could not load file or assembly 'Microsoft.Bcl.AsyncInterfaces, Culture=neutral, PublicKeyToken=null'. The system cannot find the file specified.
File name: 'Microsoft.Bcl.AsyncInterfaces, Culture=neutral, PublicKeyToken=null'
   at System.Reflection.RuntimeAssembly.InternalLoad(AssemblyName assemblyName, StackCrawlMark& stackMark, AssemblyLoadContext assemblyLoadContext, RuntimeAssembly requestingAssembly, Boolean throwOnFileNotFound)
   at System.Reflection.Assembly.Load(AssemblyName assemblyRef)
   at Microsoft.VisualStudio.TestPlatform.Common.ExtensionFramework.TestPluginCache.CurrentDomainAssemblyResolve(Object sender, AssemblyResolveEventArgs args)
   at System.Runtime.Loader.AssemblyLoadContext.GetFirstResolvedAssemblyFromResolvingEvent(AssemblyName assemblyName)
   at System.Runtime.Loader.AssemblyLoadContext.ResolveUsingEvent(AssemblyName assemblyName)
   at System.Runtime.Loader.AssemblyLoadContext.ResolveUsingResolvingEvent(IntPtr gchManagedAssemblyLoadContext, AssemblyName assemblyName)
TpTrace Warning: 0 : 23032, 1, 2023/01/08, 19:36:04.162, 5488768481793, vstest.console.dll, LoaderExceptions: System.IO.FileNotFoundException: Could not load file or assembly 'Microsoft.Bcl.AsyncInterfaces, Version=1.0.0.0, Culture=neutral, PublicKeyToken=cc7b13ffcd2ddd51'. The system cannot find the file specified.
File name: 'Microsoft.Bcl.AsyncInterfaces, Version=1.0.0.0, Culture=neutral, PublicKeyToken=cc7b13ffcd2ddd51'
 ---> System.IO.FileNotFoundException: Could not load file or assembly 'Microsoft.Bcl.AsyncInterfaces, Culture=neutral, PublicKeyToken=null'. The system cannot find the file specified.
File name: 'Microsoft.Bcl.AsyncInterfaces, Culture=neutral, PublicKeyToken=null'
   at System.Reflection.RuntimeAssembly.InternalLoad(AssemblyName assemblyName, StackCrawlMark& stackMark, AssemblyLoadContext assemblyLoadContext, RuntimeAssembly requestingAssembly, Boolean throwOnFileNotFound)
   at System.Reflection.Assembly.Load(AssemblyName assemblyRef)
   at Microsoft.VisualStudio.TestPlatform.Common.ExtensionFramework.TestPluginCache.CurrentDomainAssemblyResolve(Object sender, AssemblyResolveEventArgs args)
   at System.Runtime.Loader.AssemblyLoadContext.GetFirstResolvedAssemblyFromResolvingEvent(AssemblyName assemblyName)
   at System.Runtime.Loader.AssemblyLoadContext.ResolveUsingEvent(AssemblyName assemblyName)
   at System.Runtime.Loader.AssemblyLoadContext.ResolveUsingResolvingEvent(IntPtr gchManagedAssemblyLoadContext, AssemblyName assemblyName)
TpTrace Verbose: 0 : 23032, 1, 2023/01/08, 19:36:04.162, 5488768482812, vstest.console.dll, MetadataReaderExtensionsHelper: Discovering extensions inside assembly 'Microsoft.TestPlatform.Extensions.BlameDataCollector, Version=15.0.0.0, Culture=neutral, PublicKeyToken=b03f5f7f11d50a3a' file path 'C:\Program Files\dotnet\sdk\7.0.101\Extensions\Microsoft.TestPlatform.Extensions.BlameDataCollector.dll'
TpTrace Information: 0 : 23032, 1, 2023/01/08, 19:36:04.163, 5488768489509, vstest.console.dll, GetTestExtensionFromType: Register extension with identifier data 'logger://Microsoft/TestPlatform/Extensions/Blame/v1' and type 'Microsoft.TestPlatform.Extensions.BlameDataCollector.BlameLogger, Microsoft.TestPlatform.Extensions.BlameDataCollector, Version=15.0.0.0, Culture=neutral, PublicKeyToken=b03f5f7f11d50a3a' inside file 'C:\Program Files\dotnet\sdk\7.0.101\Extensions\Microsoft.TestPlatform.Extensions.BlameDataCollector.dll'
TpTrace Verbose: 0 : 23032, 1, 2023/01/08, 19:36:04.163, 5488768490128, vstest.console.dll, MetadataReaderExtensionsHelper: Discovering extensions inside assembly 'Microsoft.TestPlatform.Extensions.EventLogCollector, Version=15.0.0.0, Culture=neutral, PublicKeyToken=b03f5f7f11d50a3a' file path 'C:\Program Files\dotnet\sdk\7.0.101\Extensions\Microsoft.TestPlatform.Extensions.EventLogCollector.dll'
TpTrace Verbose: 0 : 23032, 1, 2023/01/08, 19:36:04.163, 5488768494363, vstest.console.dll, MetadataReaderExtensionsHelper: Discovering extensions inside assembly 'Microsoft.TestPlatform.TestHostRuntimeProvider, Version=15.0.0.0, Culture=neutral, PublicKeyToken=b03f5f7f11d50a3a' file path 'C:\Program Files\dotnet\sdk\7.0.101\Extensions\Microsoft.TestPlatform.TestHostRuntimeProvider.dll'
TpTrace Verbose: 0 : 23032, 1, 2023/01/08, 19:36:04.164, 5488768498992, vstest.console.dll, MetadataReaderExtensionsHelper: Discovering extensions inside assembly 'Microsoft.VisualStudio.TestPlatform.Extensions.Html.TestLogger, Version=15.0.0.0, Culture=neutral, PublicKeyToken=b03f5f7f11d50a3a' file path 'C:\Program Files\dotnet\sdk\7.0.101\Extensions\Microsoft.VisualStudio.TestPlatform.Extensions.Html.TestLogger.dll'
TpTrace Information: 0 : 23032, 1, 2023/01/08, 19:36:04.164, 5488768504115, vstest.console.dll, GetTestExtensionFromType: Register extension with identifier data 'logger://Microsoft/TestPlatform/HtmlLogger/v1' and type 'Microsoft.VisualStudio.TestPlatform.Extensions.HtmlLogger.HtmlLogger, Microsoft.VisualStudio.TestPlatform.Extensions.Html.TestLogger, Version=15.0.0.0, Culture=neutral, PublicKeyToken=b03f5f7f11d50a3a' inside file 'C:\Program Files\dotnet\sdk\7.0.101\Extensions\Microsoft.VisualStudio.TestPlatform.Extensions.Html.TestLogger.dll'
TpTrace Verbose: 0 : 23032, 1, 2023/01/08, 19:36:04.164, 5488768504643, vstest.console.dll, MetadataReaderExtensionsHelper: Discovering extensions inside assembly 'Microsoft.VisualStudio.TestPlatform.Extensions.Trx.TestLogger, Version=15.0.0.0, Culture=neutral, PublicKeyToken=b03f5f7f11d50a3a' file path 'C:\Program Files\dotnet\sdk\7.0.101\Extensions\Microsoft.VisualStudio.TestPlatform.Extensions.Trx.TestLogger.dll'
TpTrace Information: 0 : 23032, 1, 2023/01/08, 19:36:04.165, 5488768509638, vstest.console.dll, GetTestExtensionFromType: Register extension with identifier data 'logger://Microsoft/TestPlatform/TrxLogger/v1' and type 'Microsoft.VisualStudio.TestPlatform.Extensions.TrxLogger.TrxLogger, Microsoft.VisualStudio.TestPlatform.Extensions.Trx.TestLogger, Version=15.0.0.0, Culture=neutral, PublicKeyToken=b03f5f7f11d50a3a' inside file 'C:\Program Files\dotnet\sdk\7.0.101\Extensions\Microsoft.VisualStudio.TestPlatform.Extensions.Trx.TestLogger.dll'
TpTrace Verbose: 0 : 23032, 1, 2023/01/08, 19:36:04.165, 5488768510434, vstest.console.dll, TestPluginCache: Discovered the extensions using extension path ''.
TpTrace Verbose: 0 : 23032, 1, 2023/01/08, 19:36:04.165, 5488768510807, vstest.console.dll, TestPluginCache: Discoverers are ''.
TpTrace Verbose: 0 : 23032, 1, 2023/01/08, 19:36:04.165, 5488768511047, vstest.console.dll, TestPluginCache: Executors are ''.
TpTrace Verbose: 0 : 23032, 1, 2023/01/08, 19:36:04.165, 5488768511301, vstest.console.dll, TestPluginCache: Executors2 are ''.
TpTrace Verbose: 0 : 23032, 1, 2023/01/08, 19:36:04.165, 5488768511523, vstest.console.dll, TestPluginCache: Setting providers are ''.
TpTrace Verbose: 0 : 23032, 1, 2023/01/08, 19:36:04.165, 5488768512070, vstest.console.dll, TestPluginCache: Loggers are 'logger://Microsoft/TestPlatform/Extensions/Blame/v1,logger://Microsoft/TestPlatform/HtmlLogger/v1,logger://Microsoft/TestPlatform/TrxLogger/v1'.
TpTrace Verbose: 0 : 23032, 1, 2023/01/08, 19:36:04.165, 5488768512480, vstest.console.dll, TestPluginCache: TestHosts are 'HostProvider://DefaultTestHost,HostProvider://DotnetTestHost'.
TpTrace Verbose: 0 : 23032, 1, 2023/01/08, 19:36:04.165, 5488768512789, vstest.console.dll, TestPluginCache: DataCollectors are ''.
TpTrace Information: 0 : 23032, 1, 2023/01/08, 19:36:04.166, 5488768519597, vstest.console.dll, TestPluginManager.CreateTestExtension: Attempting to load test extension: Microsoft.TestPlatform.Extensions.BlameDataCollector.BlameLogger
TpTrace Verbose: 0 : 23032, 1, 2023/01/08, 19:36:04.173, 5488768593346, vstest.console.dll, TestEngine: Initializing Parallel Execution as MaxCpuCount is set to: 1
TpTrace Information: 0 : 23032, 1, 2023/01/08, 19:36:04.175, 5488768611830, vstest.console.dll, TestPluginManager.CreateTestExtension: Attempting to load test extension: Microsoft.VisualStudio.TestPlatform.CrossPlatEngine.Hosting.DefaultTestHostManager
TpTrace Information: 0 : 23032, 1, 2023/01/08, 19:36:04.176, 5488768624535, vstest.console.dll, TestPluginManager.CreateTestExtension: Attempting to load test extension: Microsoft.VisualStudio.TestPlatform.CrossPlatEngine.Hosting.DotnetTestHostManager
TpTrace Information: 0 : 23032, 1, 2023/01/08, 19:36:04.177, 5488768630229, vstest.console.dll, InferRunSettingsHelper.IsTestSettingsEnabled: Unable to navigate to RunSettings/MSTest. Current node: RunSettings
TpTrace Verbose: 0 : 23032, 1, 2023/01/08, 19:36:04.181, 5488768666251, vstest.console.dll, TestEngine.GetExecutionManager: Chosen execution manager 'Microsoft.VisualStudio.TestPlatform.CrossPlatEngine.Client.Parallel.ParallelProxyExecutionManager, Microsoft.TestPlatform.CrossPlatEngine, Version=15.0.0.0, Culture=neutral, PublicKeyToken=b03f5f7f11d50a3a' ParallelLevel '1'.
TpTrace Verbose: 0 : 23032, 1, 2023/01/08, 19:36:04.181, 5488768667499, vstest.console.dll, TestRunRequest.ExecuteAsync: Creating test run request.
TpTrace Verbose: 0 : 23032, 1, 2023/01/08, 19:36:04.181, 5488768669428, vstest.console.dll, TestRunRequest.ExecuteAsync: Starting.
TpTrace Information: 0 : 23032, 1, 2023/01/08, 19:36:04.181, 5488768671685, vstest.console.dll, TestRunRequest.ExecuteAsync: Starting run with settings:TestRunCriteria:
   KeepAlive=False,FrequencyOfRunStatsChangeEvent=10,RunStatsChangeEventTimeout=00:00:01.5000000,TestCaseFilter=,TestExecutorLauncher=
   Settingsxml=<RunSettings>
  <RunConfiguration>
    <ResultsDirectory>C:\Users\bobici\Source\Repos\vvs-zad1azma2\WhiteBox\bin\Debug\net5.0\fine-code-coverage\coverage-tool-output</ResultsDirectory>
    <TargetPlatform>X64</TargetPlatform>
    <TargetFrameworkVersion>.NETCoreApp,Version=v5.0</TargetFrameworkVersion>
    <DesignMode>False</DesignMode>
    <CollectSourceInformation>False</CollectSourceInformation>
  </RunConfiguration>
  <LoggerRunSettings>
    <Loggers>
      <Logger friendlyName="blame" enabled="True" />
      <Logger friendlyName="Console" uri="logger://microsoft/TestPlatform/ConsoleLogger/v1" assemblyQualifiedName="Microsoft.VisualStudio.TestPlatform.CommandLine.Internal.ConsoleLogger, vstest.console, Version=15.0.0.0, Culture=neutral, PublicKeyToken=b03f5f7f11d50a3a" codeBase="C:\Program Files\dotnet\sdk\7.0.101\vstest.console.dll" enabled="True" />
    </Loggers>
  </LoggerRunSettings>
  <DataCollectionRunSettings>
    <DataCollectors>
      <DataCollector friendlyName="blame" enabled="True">
        <Configuration>
          <ResultsDirectory>C:\Users\bobici\Source\Repos\vvs-zad1azma2\WhiteBox\bin\Debug\net5.0\fine-code-coverage\coverage-tool-output</ResultsDirectory>
        </Configuration>
      </DataCollector>
    </DataCollectors>
  </DataCollectionRunSettings>
</RunSettings>

TpTrace Verbose: 0 : 23032, 1, 2023/01/08, 19:36:04.181, 5488768672126, vstest.console.dll, TestRunRequest.ExecuteAsync: Wait for the first run request is over.
TpTrace Verbose: 0 : 23032, 1, 2023/01/08, 19:36:04.181, 5488768674332, vstest.console.dll, MulticastDelegateUtilities.SafeInvoke: TestRun.TestRunStart: Invoking callbacks was skipped because there are no subscribers.
TpTrace Verbose: 0 : 23032, 4, 2023/01/08, 19:36:04.182, 5488768676444, vstest.console.dll, MulticastDelegateUtilities.SafeInvoke: InternalTestLoggerEvents.SendTestRunStart: Invoking callback 1/1 for Microsoft.VisualStudio.TestPlatform.CommandLine.Internal.ConsoleLogger., took 0 ms.
TpTrace Verbose: 0 : 23032, 1, 2023/01/08, 19:36:04.182, 5488768685366, vstest.console.dll, ParallelProxyExecutionManager: Start execution. Total sources: 1
TpTrace Verbose: 0 : 23032, 1, 2023/01/08, 19:36:04.184, 5488768698805, vstest.console.dll, TestRequestSender is acting as server.
TpTrace Verbose: 0 : 23032, 1, 2023/01/08, 19:36:04.185, 5488768710009, vstest.console.dll, DataCollectionRequestSender.InitializeCommunication : Initialize communication. 
TpTrace Information: 0 : 23032, 1, 2023/01/08, 19:36:04.188, 5488768743328, vstest.console.dll, Listening on Endpoint : 127.0.0.1:55998
TpTrace Verbose: 0 : 23032, 1, 2023/01/08, 19:36:04.195, 5488768806295, vstest.console.dll, DotnetDataCollectionLauncher: Adding  --runtimeconfig "C:\Program Files\dotnet\sdk\7.0.101\datacollector.runtimeconfig.json" in args
TpTrace Verbose: 0 : 23032, 1, 2023/01/08, 19:36:04.195, 5488768807350, vstest.console.dll, DotnetDataCollectionLauncher: Adding  --depsfile "C:\Program Files\dotnet\sdk\7.0.101\datacollector.deps.json" in args
TpTrace Verbose: 0 : 23032, 1, 2023/01/08, 19:36:04.195, 5488768809669, vstest.console.dll, DotnetDataCollectionLauncher: Full path of dotnet.exe is C:\Program Files\dotnet\dotnet.exe
TpTrace Information: 0 : 23032, 1, 2023/01/08, 19:36:04.200, 5488768857721, vstest.console.dll, ProxyDataCollectionManager.Initialize: Launched datacollector processId: 23888 port: 55998
TpTrace Information: 0 : 23032, 1, 2023/01/08, 19:36:04.200, 5488768859458, vstest.console.dll, ProxyDataCollectionManager.Initialize: waiting for connection with timeout: 90 seconds
TpTrace Verbose: 0 : 23032, 1, 2023/01/08, 19:36:04.200, 5488768860413, vstest.console.dll, DataCollectionRequestSender.WaitForRequestHandlerConnection : Waiting for connection with timeout: 90000
TpTrace Information: 0 : 23032, 7, 2023/01/08, 19:36:04.340, 5488770265558, vstest.console.dll, Using the buffer size of 16384 bytes
TpTrace Verbose: 0 : 23032, 1, 2023/01/08, 19:36:04.340, 5488770266094, vstest.console.dll, SocketCommunicationManager.WaitForClientConnection took: 140 ms, with 90000 ms timeout, and finished with True.
TpTrace Information: 0 : 23032, 7, 2023/01/08, 19:36:04.341, 5488770267198, vstest.console.dll, Accepted Client request and set the flag
TpTrace Verbose: 0 : 23032, 1, 2023/01/08, 19:36:04.341, 5488770268578, vstest.console.dll, ProxyDataCollectionManager.InvokeDataCollectionServiceAction: Starting.
TpTrace Information: 0 : 23032, 1, 2023/01/08, 19:36:04.341, 5488770269612, vstest.console.dll, ProxyDataCollectionManager.BeforeTestRunStart: Get environment variable and port for datacollector processId: 23888 port: 55998
TpTrace Verbose: 0 : 23032, 1, 2023/01/08, 19:36:04.341, 5488770271037, vstest.console.dll, DataCollectionRequestSender.SendBeforeTestRunStartAndGetResult: Send BeforeTestRunStart message with settingsXml <RunSettings><RunConfiguration><ResultsDirectory>C:\Users\bobici\Source\Repos\vvs-zad1azma2\WhiteBox\bin\Debug\net5.0\fine-code-coverage\coverage-tool-output</ResultsDirectory><TargetPlatform>X64</TargetPlatform><TargetFrameworkVersion>.NETCoreApp,Version=v5.0</TargetFrameworkVersion><DesignMode>False</DesignMode><CollectSourceInformation>False</CollectSourceInformation><TestAdaptersPaths>C:\Program Files\dotnet\sdk\7.0.101\Extensions</TestAdaptersPaths></RunConfiguration><LoggerRunSettings><Loggers><Logger friendlyName="blame" enabled="True" /><Logger friendlyName="Console" uri="logger://microsoft/TestPlatform/ConsoleLogger/v1" assemblyQualifiedName="Microsoft.VisualStudio.TestPlatform.CommandLine.Internal.ConsoleLogger, vstest.console, Version=15.0.0.0, Culture=neutral, PublicKeyToken=b03f5f7f11d50a3a" codeBase="C:\Program Files\dotnet\sdk\7.0.101\vstest.console.dll" enabled="True" /></Loggers></LoggerRunSettings><DataCollectionRunSettings><DataCollectors><DataCollector friendlyName="blame" enabled="True"><Configuration><ResultsDirectory>C:\Users\bobici\Source\Repos\vvs-zad1azma2\WhiteBox\bin\Debug\net5.0\fine-code-coverage\coverage-tool-output</ResultsDirectory></Configuration></DataCollector></DataCollectors></DataCollectionRunSettings></RunSettings> and sources System.Collections.Generic.List`1[System.String]: 
TpTrace Verbose: 0 : 23032, 1, 2023/01/08, 19:36:04.410, 5488770963015, vstest.console.dll, DataCollectionRequestSender.SendBeforeTestRunStartAndGetResult: Received message: (DataCollection.SendMessage) -> {"MessageType":"DataCollection.SendMessage","Payload":{"FriendlyName":null,"Uri":null,"TestCaseId":"00000000-0000-0000-0000-000000000000","Message":"Logging DataCollector Diagnostics in file: C:\\Users\\bobici\\Source\\Repos\\vvs-zad1azma2\\WhiteBox\\bin\\Debug\\net5.0\\fine-code-coverage\\coverage-tool-output\\diagnostics.datacollector.23-01-08_19-36-04_19479_1.log","Level":0}}
TpTrace Verbose: 0 : 23032, 1, 2023/01/08, 19:36:04.555, 5488772415476, vstest.console.dll, DataCollectionRequestSender.SendBeforeTestRunStartAndGetResult: Received message: (DataCollection.BeforeTestRunStartResult) -> {"MessageType":"DataCollection.BeforeTestRunStartResult","Payload":{"EnvironmentVariables":{},"DataCollectionEventsPort":56000}}
TpTrace Information: 0 : 23032, 1, 2023/01/08, 19:36:04.560, 5488772458210, vstest.console.dll, ProxyDataCollectionManager.BeforeTestRunStart: SendBeforeTestRunStartAndGetResult successful, env variable from datacollector:   and testhost port: 56000
TpTrace Information: 0 : 23032, 1, 2023/01/08, 19:36:04.560, 5488772459157, vstest.console.dll, ProxyDataCollectionManager.InvokeDataCollectionServiceAction: Completed.
TpTrace Verbose: 0 : 23032, 1, 2023/01/08, 19:36:04.560, 5488772460442, vstest.console.dll, ProxyParallelExecutionManager: No sources available for execution.
TpTrace Verbose: 0 : 23032, 7, 2023/01/08, 19:36:04.560, 5488772460541, vstest.console.dll, ParallelProxyExecutionManager: Execution started. Started clients: 1
TpTrace Information: 0 : 23032, 1, 2023/01/08, 19:36:04.560, 5488772461639, vstest.console.dll, TestRunRequest.ExecuteAsync: Started.
TpTrace Verbose: 0 : 23032, 1, 2023/01/08, 19:36:04.560, 5488772462556, vstest.console.dll, TestRunRequest.WaitForCompletion: Waiting with timeout -1.
TpTrace Verbose: 0 : 23032, 7, 2023/01/08, 19:36:04.560, 5488772462781, vstest.console.dll, TestRunRequest:SendTestRunMessage: Starting.
TpTrace Verbose: 0 : 23032, 7, 2023/01/08, 19:36:04.560, 5488772463997, vstest.console.dll, MulticastDelegateUtilities.SafeInvoke: TestRun.LogMessages: Invoking callback 1/1 for Microsoft.VisualStudio.TestPlatform.CommandLine.TestRunResultAggregator., took 0 ms.
TpTrace Information: 0 : 23032, 7, 2023/01/08, 19:36:04.560, 5488772464365, vstest.console.dll, TestRunRequest:SendTestRunMessage: Completed.
TpTrace Verbose: 0 : 23032, 4, 2023/01/08, 19:36:04.560, 5488772465532, vstest.console.dll, MulticastDelegateUtilities.SafeInvoke: InternalTestLoggerEvents.SendTestRunMessage: Invoking callback 1/1 for Microsoft.VisualStudio.TestPlatform.CommandLine.Internal.ConsoleLogger., took 0 ms.
TpTrace Verbose: 0 : 23032, 7, 2023/01/08, 19:36:04.560, 5488772465819, vstest.console.dll, ProxyExecutionManager: Test host is always Lazy initialize.
TpTrace Verbose: 0 : 23032, 7, 2023/01/08, 19:36:04.561, 5488772467718, vstest.console.dll, TestRequestSender.InitializeCommunication: initialize communication. 
TpTrace Information: 0 : 23032, 7, 2023/01/08, 19:36:04.561, 5488772472405, vstest.console.dll, SocketServer.Start: Listening on endpoint : 127.0.0.1:56001
TpTrace Verbose: 0 : 23032, 7, 2023/01/08, 19:36:04.562, 5488772479350, vstest.console.dll, DotnetTestHostmanager.GetTestHostProcessStartInfo: Platform environment 'X64' target architecture 'X64' framework '.NETCoreApp,Version=v5.0' OS 'Windows'
TpTrace Verbose: 0 : 23032, 7, 2023/01/08, 19:36:04.562, 5488772481034, vstest.console.dll, DotnetTestHostmanager: Adding  --runtimeconfig "C:\Users\bobici\Source\Repos\vvs-zad1azma2\WhiteBox\bin\Debug\net5.0\fine-code-coverage\build-output\WhiteBox.runtimeconfig.json" in args
TpTrace Verbose: 0 : 23032, 7, 2023/01/08, 19:36:04.562, 5488772481910, vstest.console.dll, DotnetTestHostmanager: Adding  --depsfile "C:\Users\bobici\Source\Repos\vvs-zad1azma2\WhiteBox\bin\Debug\net5.0\fine-code-coverage\build-output\WhiteBox.deps.json" in args
TpTrace Verbose: 0 : 23032, 7, 2023/01/08, 19:36:04.562, 5488772483643, vstest.console.dll, DotnetTestHostmanager.IsWinOnArm: Current PROCESSOR_ARCHITECTURE from environment variable 'AMD64'
TpTrace Verbose: 0 : 23032, 7, 2023/01/08, 19:36:04.562, 5488772484369, vstest.console.dll, DotnetTestHostmanager.IsWinOnArm: Is Windows on ARM 'False'
TpTrace Verbose: 0 : 23032, 7, 2023/01/08, 19:36:04.562, 5488772485455, vstest.console.dll, DotnetTestHostManager: testhost.exe found at path: C:\Users\bobici\Source\Repos\vvs-zad1azma2\WhiteBox\bin\Debug\net5.0\fine-code-coverage\build-output\testhost.exe
TpTrace Verbose: 0 : 23032, 7, 2023/01/08, 19:36:04.562, 5488772485889, vstest.console.dll, DotnetTestHostmanager: Full path of host exe is C:\Users\bobici\Source\Repos\vvs-zad1azma2\WhiteBox\bin\Debug\net5.0\fine-code-coverage\build-output\testhost.exe
TpTrace Verbose: 0 : 23032, 7, 2023/01/08, 19:36:04.563, 5488772487024, vstest.console.dll, DotnetTestHostmanager.LaunchTestHostAsync: Found 'VSTEST_WINAPPHOST_DOTNET_ROOT' in env variables, value 'C:\Program Files\dotnet', forwarding to 'DOTNET_ROOT'
TpTrace Verbose: 0 : 23032, 7, 2023/01/08, 19:36:04.563, 5488772488727, vstest.console.dll, DotnetTestHostManager: Starting process 'C:\Users\bobici\Source\Repos\vvs-zad1azma2\WhiteBox\bin\Debug\net5.0\fine-code-coverage\build-output\testhost.exe' with command line ' --runtimeconfig "C:\Users\bobici\Source\Repos\vvs-zad1azma2\WhiteBox\bin\Debug\net5.0\fine-code-coverage\build-output\WhiteBox.runtimeconfig.json" --depsfile "C:\Users\bobici\Source\Repos\vvs-zad1azma2\WhiteBox\bin\Debug\net5.0\fine-code-coverage\build-output\WhiteBox.deps.json" --port 56001 --endpoint 127.0.0.1:056001 --role client --parentprocessid 23032 --diag "C:\Users\bobici\Source\Repos\vvs-zad1azma2\WhiteBox\bin\Debug\net5.0\fine-code-coverage\coverage-tool-output\diagnostics.host.23-01-08_19-36-04_56194_7.log" --tracelevel 4 --datacollectionport 56000 --telemetryoptedin false'
TpTrace Verbose: 0 : 23032, 7, 2023/01/08, 19:36:04.572, 5488772577982, vstest.console.dll, MulticastDelegateUtilities.SafeInvoke: HostProviderEvents.OnHostLaunched: Invoking callback 1/2 for Microsoft.VisualStudio.TestPlatform.CrossPlatEngine.Client.ProxyExecutionManagerWithDataCollection., took 2 ms.
TpTrace Verbose: 0 : 23032, 7, 2023/01/08, 19:36:04.572, 5488772583055, vstest.console.dll, Test Runtime launched
TpTrace Verbose: 0 : 23032, 7, 2023/01/08, 19:36:04.572, 5488772584534, vstest.console.dll, MulticastDelegateUtilities.SafeInvoke: HostProviderEvents.OnHostLaunched: Invoking callback 2/2 for Microsoft.VisualStudio.TestPlatform.CrossPlatEngine.Client.ProxyOperationManager., took 0 ms.
TpTrace Verbose: 0 : 23032, 7, 2023/01/08, 19:36:04.573, 5488772586899, vstest.console.dll, TestRequestSender.WaitForRequestHandlerConnection: waiting for connection with timeout: 90000.
TpTrace Verbose: 0 : 23032, 12, 2023/01/08, 19:36:04.757, 5488774430604, vstest.console.dll, MulticastDelegateUtilities.SafeInvoke: SocketServer: ClientConnected: Invoking callback 1/1 for Microsoft.VisualStudio.TestPlatform.CommunicationUtilities.TestRequestSender., took 0 ms.
TpTrace Verbose: 0 : 23032, 12, 2023/01/08, 19:36:04.757, 5488774431625, vstest.console.dll, SocketServer.OnClientConnected: Client connected for endPoint: 127.0.0.1:56001, starting MessageLoopAsync:
TpTrace Verbose: 0 : 23032, 7, 2023/01/08, 19:36:04.757, 5488774430743, vstest.console.dll, TestRequestSender.WaitForRequestHandlerConnection: waiting took 184 ms, with timeout 90000 ms, and result 0, which is success.
TpTrace Verbose: 0 : 23032, 12, 2023/01/08, 19:36:04.757, 5488774433163, vstest.console.dll, TcpClientExtensions.MessageLoopAsync: Polling on remoteEndPoint: 127.0.0.1:56002 localEndPoint: 127.0.0.1:56001
TpTrace Verbose: 0 : 23032, 7, 2023/01/08, 19:36:04.758, 5488774439907, vstest.console.dll, TestRequestSender.CheckVersionWithTestHost: Sending check version message: {"MessageType":"ProtocolVersion","Payload":7}
TpTrace Verbose: 0 : 23032, 12, 2023/01/08, 19:36:04.872, 5488775579355, vstest.console.dll, TcpClientExtensions.MessageLoopAsync: NotifyDataAvailable remoteEndPoint: 127.0.0.1:56002 localEndPoint: 127.0.0.1:56001
TpTrace Verbose: 0 : 23032, 12, 2023/01/08, 19:36:04.872, 5488775581269, vstest.console.dll, TestRequestSender.CheckVersionWithTestHost: onMessageReceived received message: (ProtocolVersion) -> {"MessageType":"ProtocolVersion","Payload":7}
TpTrace Verbose: 0 : 23032, 12, 2023/01/08, 19:36:04.873, 5488775586965, vstest.console.dll, MulticastDelegateUtilities.SafeInvoke: LengthPrefixCommunicationChannel: MessageReceived: Invoking callback 1/1 for Microsoft.VisualStudio.TestPlatform.CommunicationUtilities.TestRequestSender+<>c__DisplayClass26_0., took 0 ms.
TpTrace Verbose: 0 : 23032, 7, 2023/01/08, 19:36:04.873, 5488775587852, vstest.console.dll, TestPluginCache.GetExtensionPaths: Filtered extension paths: 
TpTrace Verbose: 0 : 23032, 12, 2023/01/08, 19:36:04.873, 5488775587986, vstest.console.dll, TcpClientExtensions.MessageLoopAsync: Polling on remoteEndPoint: 127.0.0.1:56002 localEndPoint: 127.0.0.1:56001
TpTrace Verbose: 0 : 23032, 7, 2023/01/08, 19:36:04.873, 5488775588457, vstest.console.dll, TestPluginCache.GetExtensionPaths: Added default extension paths: C:\Program Files\dotnet\sdk\7.0.101\Extensions\Microsoft.Diagnostics.NETCore.Client.dll
C:\Program Files\dotnet\sdk\7.0.101\Extensions\Microsoft.TestPlatform.Extensions.BlameDataCollector.dll
C:\Program Files\dotnet\sdk\7.0.101\Extensions\Microsoft.TestPlatform.Extensions.EventLogCollector.dll
C:\Program Files\dotnet\sdk\7.0.101\Extensions\Microsoft.TestPlatform.TestHostRuntimeProvider.dll
C:\Program Files\dotnet\sdk\7.0.101\Extensions\Microsoft.VisualStudio.TestPlatform.Extensions.Html.TestLogger.dll
C:\Program Files\dotnet\sdk\7.0.101\Extensions\Microsoft.VisualStudio.TestPlatform.Extensions.Trx.TestLogger.dll
TpTrace Verbose: 0 : 23032, 7, 2023/01/08, 19:36:04.873, 5488775589669, vstest.console.dll, TestPluginCache.GetExtensionPaths: Added unfilterableExtensionPaths: 
TpTrace Verbose: 0 : 23032, 7, 2023/01/08, 19:36:04.876, 5488775620583, vstest.console.dll, TestRequestSender.InitializeExecution: Sending initialize execution with message: {"Version":7,"MessageType":"TestExecution.Initialize","Payload":["C:\\Users\\bobici\\Source\\Repos\\vvs-zad1azma2\\WhiteBox\\bin\\Debug\\net5.0\\fine-code-coverage\\build-output\\Microsoft.VisualStudio.TestPlatform.MSTest.TestAdapter.dll"]}
TpTrace Warning: 0 : 23032, 7, 2023/01/08, 19:36:04.876, 5488775624618, vstest.console.dll, InferRunSettingsHelper.MakeRunsettingsCompatible: Removing the following settings: TargetPlatform from RunSettings file. To use those settings please move to latest version of Microsoft.NET.Test.Sdk
TpTrace Verbose: 0 : 23032, 12, 2023/01/08, 19:36:04.878, 5488775637661, vstest.console.dll, TcpClientExtensions.MessageLoopAsync: NotifyDataAvailable remoteEndPoint: 127.0.0.1:56002 localEndPoint: 127.0.0.1:56001
TpTrace Verbose: 0 : 23032, 12, 2023/01/08, 19:36:04.878, 5488775640962, vstest.console.dll, TestRequestSender.OnExecutionMessageReceived: Received message: {"Version":7,"MessageType":"TestSession.Message","Payload":{"MessageLevel":0,"Message":"Logging TestHost Diagnostics in file: C:\\Users\\bobici\\Source\\Repos\\vvs-zad1azma2\\WhiteBox\\bin\\Debug\\net5.0\\fine-code-coverage\\coverage-tool-output\\diagnostics.host.23-01-08_19-36-04_56194_7.log"}}
TpTrace Verbose: 0 : 23032, 12, 2023/01/08, 19:36:04.943, 5488776290405, vstest.console.dll, TestRunRequest:SendTestRunMessage: Starting.
TpTrace Verbose: 0 : 23032, 12, 2023/01/08, 19:36:04.943, 5488776292319, vstest.console.dll, MulticastDelegateUtilities.SafeInvoke: TestRun.LogMessages: Invoking callback 1/1 for Microsoft.VisualStudio.TestPlatform.CommandLine.TestRunResultAggregator., took 0 ms.
TpTrace Verbose: 0 : 23032, 4, 2023/01/08, 19:36:04.943, 5488776292719, vstest.console.dll, MulticastDelegateUtilities.SafeInvoke: InternalTestLoggerEvents.SendTestRunMessage: Invoking callback 1/1 for Microsoft.VisualStudio.TestPlatform.CommandLine.Internal.ConsoleLogger., took 0 ms.
TpTrace Information: 0 : 23032, 12, 2023/01/08, 19:36:04.943, 5488776292783, vstest.console.dll, TestRunRequest:SendTestRunMessage: Completed.
TpTrace Verbose: 0 : 23032, 12, 2023/01/08, 19:36:04.943, 5488776294699, vstest.console.dll, MulticastDelegateUtilities.SafeInvoke: LengthPrefixCommunicationChannel: MessageReceived: Invoking callback 1/1 for Microsoft.VisualStudio.TestPlatform.CommunicationUtilities.TestRequestSender+<>c__DisplayClass31_0., took 65 ms.
TpTrace Verbose: 0 : 23032, 12, 2023/01/08, 19:36:04.943, 5488776295203, vstest.console.dll, TcpClientExtensions.MessageLoopAsync: Polling on remoteEndPoint: 127.0.0.1:56002 localEndPoint: 127.0.0.1:56001
TpTrace Verbose: 0 : 23032, 7, 2023/01/08, 19:36:04.945, 5488776311718, vstest.console.dll, TestRequestSender.StartTestRun: Sending test run with message: {"Version":7,"MessageType":"TestExecution.StartWithSources","Payload":{"AdapterSourceMap":{"_none_":["C:\\Users\\bobici\\Source\\Repos\\vvs-zad1azma2\\WhiteBox\\bin\\Debug\\net5.0\\fine-code-coverage\\build-output\\WhiteBox.dll"]},"RunSettings":"<RunSettings>\r\n  <RunConfiguration>\r\n    <ResultsDirectory>C:\\Users\\bobici\\Source\\Repos\\vvs-zad1azma2\\WhiteBox\\bin\\Debug\\net5.0\\fine-code-coverage\\coverage-tool-output</ResultsDirectory>\r\n    <TargetFrameworkVersion>.NETCoreApp,Version=v5.0</TargetFrameworkVersion>\r\n    <DesignMode>False</DesignMode>\r\n    <CollectSourceInformation>False</CollectSourceInformation>\r\n  </RunConfiguration>\r\n  <LoggerRunSettings>\r\n    <Loggers>\r\n      <Logger friendlyName=\"blame\" enabled=\"True\" />\r\n      <Logger friendlyName=\"Console\" uri=\"logger://microsoft/TestPlatform/ConsoleLogger/v1\" assemblyQualifiedName=\"Microsoft.VisualStudio.TestPlatform.CommandLine.Internal.ConsoleLogger, vstest.console, Version=15.0.0.0, Culture=neutral, PublicKeyToken=b03f5f7f11d50a3a\" codeBase=\"C:\\Program Files\\dotnet\\sdk\\7.0.101\\vstest.console.dll\" enabled=\"True\" />\r\n    </Loggers>\r\n  </LoggerRunSettings>\r\n  <DataCollectionRunSettings>\r\n    <DataCollectors>\r\n      <DataCollector friendlyName=\"blame\" enabled=\"True\">\r\n        <Configuration>\r\n          <ResultsDirectory>C:\\Users\\bobici\\Source\\Repos\\vvs-zad1azma2\\WhiteBox\\bin\\Debug\\net5.0\\fine-code-coverage\\coverage-tool-output</ResultsDirectory>\r\n        </Configuration>\r\n      </DataCollector>\r\n    </DataCollectors>\r\n  </DataCollectionRunSettings>\r\n</RunSettings>","TestExecutionContext":{"FrequencyOfRunStatsChangeEvent":10,"RunStatsChangeEventTimeout":"00:00:01.5000000","InIsolation":false,"KeepAlive":false,"AreTestCaseLevelEventsRequired":false,"IsDebug":false,"TestCaseFilter":null,"FilterOptions":null},"Package":null}}
TpTrace Verbose: 0 : 23032, 12, 2023/01/08, 19:36:05.278, 5488779638385, vstest.console.dll, TcpClientExtensions.MessageLoopAsync: NotifyDataAvailable remoteEndPoint: 127.0.0.1:56002 localEndPoint: 127.0.0.1:56001
TpTrace Verbose: 0 : 23032, 12, 2023/01/08, 19:36:05.278, 5488779640386, vstest.console.dll, TestRequestSender.OnExecutionMessageReceived: Received message: {"Version":7,"MessageType":"TestExecution.Completed","Payload":{"TestRunCompleteArgs":{"TestRunStatistics":{"ExecutedTests":2,"Stats":{"Passed":2}},"IsCanceled":false,"IsAborted":false,"Error":null,"AttachmentSets":[],"InvokedDataCollectors":[],"ElapsedTimeInRunningTests":"00:00:00.1957652","Metrics":{},"DiscoveredExtensions":{"TestDiscoverers":["Microsoft.VisualStudio.TestPlatform.MSTest.TestAdapter.MSTestDiscoverer, Microsoft.VisualStudio.TestPlatform.MSTest.TestAdapter, Version=14.0.0.0, Culture=neutral, PublicKeyToken=b03f5f7f11d50a3a"],"TestExecutors":["executor://MSTestAdapter/v2"],"TestExecutors2":[],"TestSettingsProviders":[]}},"LastRunTests":{"NewTestResults":[{"TestCase":{"Id":"bcad68e0-02e5-5ee3-bd07-47e5d3a60195","FullyQualifiedName":"WhiteBox.UnitTest1.TestPut1","DisplayName":"TestPut1","ExecutorUri":"executor://MSTestAdapter/v2","Source":"C:\\Users\\bobici\\Source\\Repos\\vvs-zad1azma2\\WhiteBox\\bin\\Debug\\net5.0\\fine-code-coverage\\build-output\\WhiteBox.dll","CodeFilePath":null,"LineNumber":-1,"Properties":[{"Key":{"Id":"TestCase.ManagedType","Label":"ManagedType","Category":"","Description":"","Attributes":1,"ValueType":"System.String"},"Value":"WhiteBox.UnitTest1"},{"Key":{"Id":"TestCase.ManagedMethod","Label":"ManagedMethod","Category":"","Description":"","Attributes":1,"ValueType":"System.String"},"Value":"TestPut1"},{"Key":{"Id":"MSTestDiscoverer.TestClassName","Label":"ClassName","Category":"","Description":"","Attributes":1,"ValueType":"System.String"},"Value":"WhiteBox.UnitTest1"},{"Key":{"Id":"TestCase.Hierarchy","Label":"Hierarchy","Category":"","Description":"","Attributes":2,"ValueType":"System.String[]"},"Value":["WhiteBox","UnitTest1"]},{"Key":{"Id":"TestObject.Traits","Label":"Traits","Category":"","Description":"","Attributes":5,"ValueType":"System.Collections.Generic.KeyValuePair`2[[System.String],[System.String]][]"},"Value":[]}]},"Attachments":[],"Outcome":1,"ErrorMessage":null,"ErrorStackTrace":null,"DisplayName":"TestPut1","Messages":[],"ComputerName":null,"Duration":"00:00:00.0142923","StartTime":"2023-01-08T19:36:05.1864735+01:00","EndTime":"2023-01-08T19:36:05.2143934+01:00","Properties":[{"Key":{"Id":"ExecutionId","Label":"ExecutionId","Category":"","Description":"","Attributes":1,"ValueType":"System.Guid"},"Value":"00000000-0000-0000-0000-000000000000"},{"Key":{"Id":"ParentExecId","Label":"ParentExecId","Category":"","Description":"","Attributes":1,"ValueType":"System.Guid"},"Value":"00000000-0000-0000-0000-000000000000"},{"Key":{"Id":"InnerResultsCount","Label":"InnerResultsCount","Category":"","Description":"","Attributes":1,"ValueType":"System.Int32"},"Value":0}]},{"TestCase":{"Id":"536ddc99-6e85-8b7e-0268-75c1748467d7","FullyQualifiedName":"WhiteBox.UnitTest1.TestPut2","DisplayName":"TestPut2","ExecutorUri":"executor://MSTestAdapter/v2","Source":"C:\\Users\\bobici\\Source\\Repos\\vvs-zad1azma2\\WhiteBox\\bin\\Debug\\net5.0\\fine-code-coverage\\build-output\\WhiteBox.dll","CodeFilePath":null,"LineNumber":-1,"Properties":[{"Key":{"Id":"TestCase.ManagedType","Label":"ManagedType","Category":"","Description":"","Attributes":1,"ValueType":"System.String"},"Value":"WhiteBox.UnitTest1"},{"Key":{"Id":"TestCase.ManagedMethod","Label":"ManagedMethod","Category":"","Description":"","Attributes":1,"ValueType":"System.String"},"Value":"TestPut2"},{"Key":{"Id":"MSTestDiscoverer.TestClassName","Label":"ClassName","Category":"","Description":"","Attributes":1,"ValueType":"System.String"},"Value":"WhiteBox.UnitTest1"},{"Key":{"Id":"TestCase.Hierarchy","Label":"Hierarchy","Category":"","Description":"","Attributes":2,"ValueType":"System.String[]"},"Value":["WhiteBox","UnitTest1"]},{"Key":{"Id":"TestObject.Traits","Label":"Traits","Category":"","Description":"","Attributes":5,"ValueType":"System.Collections.Generic.KeyValuePair`2[[System.String],[System.String]][]"},"Value":[]}]},"Attachments":[],"Outcome":1,"ErrorMessage":null,"ErrorStackTrace":null,"DisplayName":"TestPut2","Messages":[],"ComputerName":null,"Duration":"00:00:00.0002041","StartTime":"2023-01-08T19:36:05.2385466+01:00","EndTime":"2023-01-08T19:36:05.2390736+01:00","Properties":[{"Key":{"Id":"ExecutionId","Label":"ExecutionId","Category":"","Description":"","Attributes":1,"ValueType":"System.Guid"},"Value":"00000000-0000-0000-0000-000000000000"},{"Key":{"Id":"ParentExecId","Label":"ParentExecId","Category":"","Description":"","Attributes":1,"ValueType":"System.Guid"},"Value":"00000000-0000-0000-0000-000000000000"},{"Key":{"Id":"InnerResultsCount","Label":"InnerResultsCount","Category":"","Description":"","Attributes":1,"ValueType":"System.Int32"},"Value":0}]}],"TestRunStatistics":{"ExecutedTests":2,"Stats":{"Passed":2}},"ActiveTests":[]},"RunAttachments":[],"ExecutorUris":["executor://mstestadapter/v2"]}}
TpTrace Verbose: 0 : 23032, 12, 2023/01/08, 19:36:05.278, 5488779642401, vstest.console.dll, TestRequestSender.EndSession: Sending end session.
TpTrace Verbose: 0 : 23032, 12, 2023/01/08, 19:36:05.278, 5488779643705, vstest.console.dll, ProxyOperationManager.Close: waiting for test host to exit for 100 ms
TpTrace Warning: 0 : 23032, 11, 2023/01/08, 19:36:05.294, 5488779800189, vstest.console.dll, TestHostManagerCallbacks.ErrorReceivedCallback Test host standard error line: 
TpTrace Verbose: 0 : 23032, 11, 2023/01/08, 19:36:05.299, 5488779851336, vstest.console.dll, TestHostProvider.ExitCallBack: Host exited starting callback.
TpTrace Information: 0 : 23032, 11, 2023/01/08, 19:36:05.299, 5488779852932, vstest.console.dll, TestHostManagerCallbacks.ExitCallBack: Testhost processId: 32920 exited with exitcode: 0 error: ''
TpTrace Verbose: 0 : 23032, 11, 2023/01/08, 19:36:05.299, 5488779853313, vstest.console.dll, DotnetTestHostManager.OnHostExited: invoking OnHostExited callback
TpTrace Verbose: 0 : 23032, 11, 2023/01/08, 19:36:05.299, 5488779853727, vstest.console.dll, CrossPlatEngine.TestHostManagerHostExited: calling on client process exit callback.
TpTrace Information: 0 : 23032, 11, 2023/01/08, 19:36:05.299, 5488779854108, vstest.console.dll, TestRequestSender.OnClientProcessExit: Test host process exited. Standard error: 
TpTrace Information: 0 : 23032, 11, 2023/01/08, 19:36:05.299, 5488779854414, vstest.console.dll, SocketServer.Stop: Stop server endPoint: 127.0.0.1:56001
TpTrace Information: 0 : 23032, 11, 2023/01/08, 19:36:05.299, 5488779854624, vstest.console.dll, SocketServer.Stop: Cancellation requested. Stopping message loop.
TpTrace Verbose: 0 : 23032, 11, 2023/01/08, 19:36:05.299, 5488779855674, vstest.console.dll, MulticastDelegateUtilities.SafeInvoke: HostProviderEvents.OnHostExited: Invoking callback 1/1 for Microsoft.VisualStudio.TestPlatform.CrossPlatEngine.Client.ProxyOperationManager., took 0 ms.
TpTrace Information: 0 : 23032, 12, 2023/01/08, 19:36:05.299, 5488779855754, vstest.console.dll, SocketServer.Stop: Stop server endPoint: 127.0.0.1:56001
TpTrace Information: 0 : 23032, 12, 2023/01/08, 19:36:05.300, 5488779856844, vstest.console.dll, SocketServer.Stop: Cancellation requested. Stopping message loop.
TpTrace Information: 0 : 23032, 12, 2023/01/08, 19:36:05.300, 5488779857242, vstest.console.dll, Closing the connection
TpTrace Verbose: 0 : 23032, 12, 2023/01/08, 19:36:05.300, 5488779859259, vstest.console.dll, ProxyDataCollectionManager.InvokeDataCollectionServiceAction: Starting.
TpTrace Information: 0 : 23032, 12, 2023/01/08, 19:36:05.300, 5488779859618, vstest.console.dll, ProxyDataCollectionManager.AfterTestRunEnd: Get attachment set and invoked data collectors processId: 23888 port: 55998
TpTrace Verbose: 0 : 23032, 12, 2023/01/08, 19:36:05.300, 5488779859990, vstest.console.dll, DataCollectionRequestSender.SendAfterTestRunStartAndGetResult: Send AfterTestRunEnd message with isCancelled: False
TpTrace Verbose: 0 : 23032, 12, 2023/01/08, 19:36:05.306, 5488779922921, vstest.console.dll, DataCollectionRequestSender.SendAfterTestRunStartAndGetResult: Received message: (DataCollection.AfterTestRunEndResult) -> {"MessageType":"DataCollection.AfterTestRunEndResult","Payload":{"AttachmentSets":[],"InvokedDataCollectors":[{"Uri":"datacollector://Microsoft/TestPlatform/Extensions/Blame/v1","FriendlyName":"Blame","AssemblyQualifiedName":"Microsoft.TestPlatform.Extensions.BlameDataCollector.BlameCollector, Microsoft.TestPlatform.Extensions.BlameDataCollector, Version=15.0.0.0, Culture=neutral, PublicKeyToken=b03f5f7f11d50a3a","FilePath":"C:\\Program Files\\dotnet\\sdk\\7.0.101\\Extensions\\Microsoft.TestPlatform.Extensions.BlameDataCollector.dll","HasAttachmentProcessor":false}],"Metrics":{}}}
TpTrace Warning: 0 : 23032, 9, 2023/01/08, 19:36:05.310, 5488779958464, vstest.console.dll, DataCollectionLauncher.ErrorReceivedCallback datacollector standard error line: 
TpTrace Information: 0 : 23032, 12, 2023/01/08, 19:36:05.312, 5488779983431, vstest.console.dll, ProxyDataCollectionManager.InvokeDataCollectionServiceAction: Completed.
TpTrace Information: 0 : 23032, 9, 2023/01/08, 19:36:05.316, 5488780016950, vstest.console.dll, DataCollectionLauncher.ExitCallBack: Data collector exited with exitcode: 0 error: ''
TpTrace Verbose: 0 : 23032, 12, 2023/01/08, 19:36:05.376, 5488780625444, vstest.console.dll, TestRunRequest:SendTestRunStatsChange: Starting.
TpTrace Verbose: 0 : 23032, 12, 2023/01/08, 19:36:05.378, 5488780640464, vstest.console.dll, MulticastDelegateUtilities.SafeInvoke: TestRun.RunStatsChanged: Invoking callbacks was skipped because there are no subscribers.
TpTrace Information: 0 : 23032, 12, 2023/01/08, 19:36:05.378, 5488780641360, vstest.console.dll, TestRunRequest:SendTestRunStatsChange: Completed.
TpTrace Verbose: 0 : 23032, 12, 2023/01/08, 19:36:05.379, 5488780646229, vstest.console.dll, ParallelProxyExecutionManager: HandlePartialRunComplete: Total completed clients = 1, Run complete = True, Run canceled: False.
TpTrace Verbose: 0 : 23032, 4, 2023/01/08, 19:36:05.379, 5488780653136, vstest.console.dll, MulticastDelegateUtilities.SafeInvoke: InternalTestLoggerEvents.SendTestResult: Invoking callback 1/1 for Microsoft.VisualStudio.TestPlatform.CommandLine.Internal.ConsoleLogger., took 2 ms.
TpTrace Verbose: 0 : 23032, 4, 2023/01/08, 19:36:05.379, 5488780655486, vstest.console.dll, MulticastDelegateUtilities.SafeInvoke: InternalTestLoggerEvents.SendTestResult: Invoking callback 1/1 for Microsoft.VisualStudio.TestPlatform.CommandLine.Internal.ConsoleLogger., took 0 ms.
TpTrace Verbose: 0 : 23032, 4, 2023/01/08, 19:36:05.387, 5488780726659, vstest.console.dll, MulticastDelegateUtilities.SafeInvoke: InternalTestLoggerEvents.SendTestRunComplete: Invoking callback 1/2 for Microsoft.TestPlatform.Extensions.BlameDataCollector.BlameLogger., took 0 ms.
TpTrace Verbose: 0 : 23032, 4, 2023/01/08, 19:36:05.391, 5488780772595, vstest.console.dll, MulticastDelegateUtilities.SafeInvoke: InternalTestLoggerEvents.SendTestRunComplete: Invoking callback 2/2 for Microsoft.VisualStudio.TestPlatform.CommandLine.Internal.ConsoleLogger., took 4 ms.
TpTrace Verbose: 0 : 23032, 12, 2023/01/08, 19:36:05.392, 5488780777435, vstest.console.dll, TestRunRequest:TestRunComplete: Starting. IsAborted:False IsCanceled:False.
TpTrace Verbose: 0 : 23032, 12, 2023/01/08, 19:36:05.393, 5488780790574, vstest.console.dll, TestLoggerManager.HandleTestRunComplete: Ignoring as the object is disposed.
TpTrace Verbose: 0 : 23032, 12, 2023/01/08, 19:36:05.393, 5488780793209, vstest.console.dll, MulticastDelegateUtilities.SafeInvoke: TestRun.TestRunComplete: Invoking callback 1/2 for Microsoft.VisualStudio.TestPlatform.CommandLine.TestRunResultAggregator., took 0 ms.
TpTrace Verbose: 0 : 23032, 12, 2023/01/08, 19:36:05.393, 5488780794447, vstest.console.dll, MulticastDelegateUtilities.SafeInvoke: TestRun.TestRunComplete: Invoking callback 2/2 for Microsoft.VisualStudio.TestPlatform.CommandLine.Processors.RunTestsArgumentExecutor+TestRunRequestEventsRegistrar., took 0 ms.
TpTrace Information: 0 : 23032, 12, 2023/01/08, 19:36:05.393, 5488780795573, vstest.console.dll, TestRunRequest:TestRunComplete: Completed.
TpTrace Verbose: 0 : 23032, 1, 2023/01/08, 19:36:05.393, 5488780795967, vstest.console.dll, TestRunRequest.Dispose: Starting.
TpTrace Verbose: 0 : 23032, 12, 2023/01/08, 19:36:05.393, 5488780796068, vstest.console.dll, TestRequestSender.SetOperationComplete: Setting operation complete.
TpTrace Information: 0 : 23032, 12, 2023/01/08, 19:36:05.394, 5488780796947, vstest.console.dll, SocketServer.Stop: Stop server endPoint: 127.0.0.1:56001
TpTrace Information: 0 : 23032, 12, 2023/01/08, 19:36:05.394, 5488780797189, vstest.console.dll, SocketServer.Stop: Cancellation requested. Stopping message loop.
TpTrace Information: 0 : 23032, 1, 2023/01/08, 19:36:05.394, 5488780796639, vstest.console.dll, TestRunRequest.Dispose: Completed.
TpTrace Information: 0 : 23032, 1, 2023/01/08, 19:36:05.394, 5488780797981, vstest.console.dll, TestRequestManager.RunTests: run tests completed.
TpTrace Verbose: 0 : 23032, 12, 2023/01/08, 19:36:05.394, 5488780797443, vstest.console.dll, MulticastDelegateUtilities.SafeInvoke: LengthPrefixCommunicationChannel: MessageReceived: Invoking callback 1/1 for Microsoft.VisualStudio.TestPlatform.CommunicationUtilities.TestRequestSender+<>c__DisplayClass31_0., took 115 ms.
TpTrace Information: 0 : 23032, 12, 2023/01/08, 19:36:05.394, 5488780798807, vstest.console.dll, SocketServer.PrivateStop: Stopping server endPoint: 127.0.0.1:56001 error: 
TpTrace Information: 0 : 23032, 1, 2023/01/08, 19:36:05.394, 5488780798943, vstest.console.dll, RunTestsArgumentProcessor:Execute: Test run is completed.
TpTrace Verbose: 0 : 23032, 1, 2023/01/08, 19:36:05.394, 5488780800849, vstest.console.dll, Executor.Execute: Exiting with exit code of 0
TpTrace Verbose: 0 : 23032, 12, 2023/01/08, 19:36:05.394, 5488780801961, vstest.console.dll, LengthPrefixCommunicationChannel.Dispose: Dispose reader and writer.
TpTrace Information: 0 : 23032, 12, 2023/01/08, 19:36:05.394, 5488780802522, vstest.console.dll, SocketServer.Stop: Raise disconnected event endPoint: 127.0.0.1:56001 error: 
TpTrace Verbose: 0 : 23032, 12, 2023/01/08, 19:36:05.394, 5488780803168, vstest.console.dll, TestRequestSender: OnTestRunAbort: Operation is already complete. Skip error message.
TpTrace Verbose: 0 : 23032, 12, 2023/01/08, 19:36:05.394, 5488780803479, vstest.console.dll, MulticastDelegateUtilities.SafeInvoke: SocketServer: ClientDisconnected: Invoking callback 1/1 for Microsoft.VisualStudio.TestPlatform.CommunicationUtilities.TestRequestSender., took 0 ms.
TpTrace Verbose: 0 : 23032, 12, 2023/01/08, 19:36:05.394, 5488780803725, vstest.console.dll, TcpClientExtensions.MessageLoopAsync: exiting MessageLoopAsync remoteEndPoint: 127.0.0.1:56002 localEndPoint: 127.0.0.1:56001
